[0.028s] Invoking command in '/home/amir/interbotix_ws/build/interbotix_tf_tools': CMAKE_PREFIX_PATH=${CMAKE_PREFIX_PATH}:/home/amir/interbotix_ws/install/my_interbotix_controller:/home/amir/interbotix_ws/install/interbotix_xs_modules:/home/amir/interbotix_ws/install/interbotix_perception_modules:/home/amir/interbotix_ws/install/interbotix_common_modules:/opt/ros/humble PS1=\[\e]0;\u@\h: \w\a\]${debian_chroot:+($debian_chroot)}\[\033[01;32m\]\u@\h\[\033[00m\]:\[\033[01;34m\]\w\[\033[00m\]\$ /usr/bin/cmake /home/amir/interbotix_ws/src/interbotix_ros_toolboxes/interbotix_common_toolbox/interbotix_tf_tools -DAMENT_CMAKE_SYMLINK_INSTALL=1 -DCMAKE_INSTALL_PREFIX=/home/amir/interbotix_ws/install/interbotix_tf_tools
[0.165s] -- The C compiler identification is GNU 11.4.0
[0.314s] -- The CXX compiler identification is GNU 11.4.0
[0.334s] -- Detecting C compiler ABI info
[0.509s] -- Detecting C compiler ABI info - done
[0.535s] -- Check for working C compiler: /usr/bin/cc - skipped
[0.536s] -- Detecting C compile features
[0.538s] -- Detecting C compile features - done
[0.547s] -- Detecting CXX compiler ABI info
[0.746s] -- Detecting CXX compiler ABI info - done
[0.770s] -- Check for working CXX compiler: /usr/bin/c++ - skipped
[0.772s] -- Detecting CXX compile features
[0.772s] -- Detecting CXX compile features - done
[0.780s] -- Found ament_cmake: 1.3.10 (/opt/ros/humble/share/ament_cmake/cmake)
[1.702s] -- Found Python3: /usr/bin/python3 (found version "3.10.12") found components: Interpreter 
[1.896s] -- Override CMake install command with custom implementation using symlinks instead of copying resources
[1.999s] -- Found geometry_msgs: 4.2.4 (/opt/ros/humble/share/geometry_msgs/cmake)
[2.132s] -- Found rosidl_generator_c: 3.1.5 (/opt/ros/humble/share/rosidl_generator_c/cmake)
[2.152s] -- Found rosidl_adapter: 3.1.5 (/opt/ros/humble/share/rosidl_adapter/cmake)
[2.181s] -- Found rosidl_generator_cpp: 3.1.5 (/opt/ros/humble/share/rosidl_generator_cpp/cmake)
[2.228s] -- Using all available rosidl_typesupport_c: rosidl_typesupport_fastrtps_c;rosidl_typesupport_introspection_c
[2.295s] -- Using all available rosidl_typesupport_cpp: rosidl_typesupport_fastrtps_cpp;rosidl_typesupport_introspection_cpp
[2.437s] -- Found rclcpp: 16.0.10 (/opt/ros/humble/share/rclcpp/cmake)
[2.574s] -- Found rmw_implementation_cmake: 6.1.2 (/opt/ros/humble/share/rmw_implementation_cmake/cmake)
[2.586s] -- Found rmw_fastrtps_cpp: 6.2.7 (/opt/ros/humble/share/rmw_fastrtps_cpp/cmake)
[2.873s] -- Found OpenSSL: /usr/lib/x86_64-linux-gnu/libcrypto.so (found version "3.0.2")  
[2.957s] -- Found FastRTPS: /opt/ros/humble/include  
[3.075s] -- Using RMW implementation 'rmw_fastrtps_cpp' as default
[3.104s] -- Looking for pthread.h
[3.283s] -- Looking for pthread.h - found
[3.283s] -- Performing Test CMAKE_HAVE_LIBC_PTHREAD
[3.467s] -- Performing Test CMAKE_HAVE_LIBC_PTHREAD - Success
[3.469s] -- Found Threads: TRUE  
[3.594s] -- Found rclcpp_components: 16.0.10 (/opt/ros/humble/share/rclcpp_components/cmake)
[3.677s] -- Found tf2_msgs: 0.25.8 (/opt/ros/humble/share/tf2_msgs/cmake)
[3.846s] -- Found tf2_ros: 0.25.8 (/opt/ros/humble/share/tf2_ros/cmake)
[3.972s] -- Found ament_lint_auto: 0.12.11 (/opt/ros/humble/share/ament_lint_auto/cmake)
[4.224s] -- Added test 'copyright' to check source files copyright and LICENSE
[4.230s] -- Added test 'cppcheck' to perform static code analysis on C / C++ code
[4.231s] -- Configured cppcheck include dirs: /home/amir/interbotix_ws/src/interbotix_ros_toolboxes/interbotix_common_toolbox/interbotix_tf_tools/include
[4.233s] -- Configured cppcheck exclude dirs and/or files: 
[4.236s] -- Added test 'cpplint' to check C / C++ code against the Google style
[4.236s] -- Configured cpplint exclude dirs and/or files: 
[4.241s] -- Added test 'flake8' to check Python code syntax and style conventions
[4.243s] -- Added test 'lint_cmake' to check CMake code style
[4.245s] -- Added test 'pep257' to check Python code against some of the docstring style conventions in PEP 257
[4.250s] -- Added test 'uncrustify' to check C / C++ code style
[4.250s] -- Configured uncrustify additional arguments: 
[4.256s] -- Added test 'xmllint' to check XML markup files
[4.260s] -- Configuring done
[4.294s] -- Generating done
[4.300s] -- Build files have been written to: /home/amir/interbotix_ws/build/interbotix_tf_tools
[4.326s] Invoked command in '/home/amir/interbotix_ws/build/interbotix_tf_tools' returned '0': CMAKE_PREFIX_PATH=${CMAKE_PREFIX_PATH}:/home/amir/interbotix_ws/install/my_interbotix_controller:/home/amir/interbotix_ws/install/interbotix_xs_modules:/home/amir/interbotix_ws/install/interbotix_perception_modules:/home/amir/interbotix_ws/install/interbotix_common_modules:/opt/ros/humble PS1=\[\e]0;\u@\h: \w\a\]${debian_chroot:+($debian_chroot)}\[\033[01;32m\]\u@\h\[\033[00m\]:\[\033[01;34m\]\w\[\033[00m\]\$ /usr/bin/cmake /home/amir/interbotix_ws/src/interbotix_ros_toolboxes/interbotix_common_toolbox/interbotix_tf_tools -DAMENT_CMAKE_SYMLINK_INSTALL=1 -DCMAKE_INSTALL_PREFIX=/home/amir/interbotix_ws/install/interbotix_tf_tools
[4.328s] Invoking command in '/home/amir/interbotix_ws/build/interbotix_tf_tools': CMAKE_PREFIX_PATH=${CMAKE_PREFIX_PATH}:/home/amir/interbotix_ws/install/my_interbotix_controller:/home/amir/interbotix_ws/install/interbotix_xs_modules:/home/amir/interbotix_ws/install/interbotix_perception_modules:/home/amir/interbotix_ws/install/interbotix_common_modules:/opt/ros/humble PS1=\[\e]0;\u@\h: \w\a\]${debian_chroot:+($debian_chroot)}\[\033[01;32m\]\u@\h\[\033[00m\]:\[\033[01;34m\]\w\[\033[00m\]\$ /usr/bin/cmake --build /home/amir/interbotix_ws/build/interbotix_tf_tools -- -j4 -l4
[4.458s] [ 50%] [32mBuilding CXX object CMakeFiles/tf_rebroadcaster.dir/src/tf_rebroadcaster.cpp.o[0m
[27.366s] [100%] [32m[1mLinking CXX shared library libtf_rebroadcaster.so[0m
[28.810s] [100%] Built target tf_rebroadcaster
[28.836s] Invoked command in '/home/amir/interbotix_ws/build/interbotix_tf_tools' returned '0': CMAKE_PREFIX_PATH=${CMAKE_PREFIX_PATH}:/home/amir/interbotix_ws/install/my_interbotix_controller:/home/amir/interbotix_ws/install/interbotix_xs_modules:/home/amir/interbotix_ws/install/interbotix_perception_modules:/home/amir/interbotix_ws/install/interbotix_common_modules:/opt/ros/humble PS1=\[\e]0;\u@\h: \w\a\]${debian_chroot:+($debian_chroot)}\[\033[01;32m\]\u@\h\[\033[00m\]:\[\033[01;34m\]\w\[\033[00m\]\$ /usr/bin/cmake --build /home/amir/interbotix_ws/build/interbotix_tf_tools -- -j4 -l4
[28.918s] Invoking command in '/home/amir/interbotix_ws/build/interbotix_tf_tools': CMAKE_PREFIX_PATH=${CMAKE_PREFIX_PATH}:/home/amir/interbotix_ws/install/my_interbotix_controller:/home/amir/interbotix_ws/install/interbotix_xs_modules:/home/amir/interbotix_ws/install/interbotix_perception_modules:/home/amir/interbotix_ws/install/interbotix_common_modules:/opt/ros/humble PS1=\[\e]0;\u@\h: \w\a\]${debian_chroot:+($debian_chroot)}\[\033[01;32m\]\u@\h\[\033[00m\]:\[\033[01;34m\]\w\[\033[00m\]\$ /usr/bin/cmake --install /home/amir/interbotix_ws/build/interbotix_tf_tools
[28.935s] -- Install configuration: ""
[28.936s] -- Execute custom install script
[28.941s] -- Symlinking: /home/amir/interbotix_ws/install/interbotix_tf_tools/lib/libtf_rebroadcaster.so
[28.962s] -- Symlinking: /home/amir/interbotix_ws/install/interbotix_tf_tools/lib/interbotix_tf_tools/static_trans_pub.py
[28.981s] -- Symlinking: /home/amir/interbotix_ws/install/interbotix_tf_tools/share/interbotix_tf_tools//config/tf_rebroadcaster.yaml
[29.001s] -- Symlinking: /home/amir/interbotix_ws/install/interbotix_tf_tools/share/interbotix_tf_tools//launch/static_transform_pub.launch.py
[29.021s] -- Symlinking: /home/amir/interbotix_ws/install/interbotix_tf_tools/share/interbotix_tf_tools//launch/tf_rebroadcaster.launch.py
[29.041s] -- Symlinking: /home/amir/interbotix_ws/install/interbotix_tf_tools/share/ament_index/resource_index/package_run_dependencies/interbotix_tf_tools
[29.063s] -- Symlinking: /home/amir/interbotix_ws/install/interbotix_tf_tools/share/ament_index/resource_index/parent_prefix_path/interbotix_tf_tools
[29.082s] -- Symlinking: /home/amir/interbotix_ws/install/interbotix_tf_tools/share/interbotix_tf_tools/environment/ament_prefix_path.sh
[29.104s] -- Symlinking: /home/amir/interbotix_ws/install/interbotix_tf_tools/share/interbotix_tf_tools/environment/ament_prefix_path.dsv
[29.124s] -- Symlinking: /home/amir/interbotix_ws/install/interbotix_tf_tools/share/interbotix_tf_tools/environment/path.sh
[29.145s] -- Symlinking: /home/amir/interbotix_ws/install/interbotix_tf_tools/share/interbotix_tf_tools/environment/path.dsv
[29.166s] -- Symlinking: /home/amir/interbotix_ws/install/interbotix_tf_tools/share/interbotix_tf_tools/local_setup.bash
[29.187s] -- Symlinking: /home/amir/interbotix_ws/install/interbotix_tf_tools/share/interbotix_tf_tools/local_setup.sh
[29.209s] -- Symlinking: /home/amir/interbotix_ws/install/interbotix_tf_tools/share/interbotix_tf_tools/local_setup.zsh
[29.229s] -- Symlinking: /home/amir/interbotix_ws/install/interbotix_tf_tools/share/interbotix_tf_tools/local_setup.dsv
[29.250s] -- Symlinking: /home/amir/interbotix_ws/install/interbotix_tf_tools/share/interbotix_tf_tools/package.dsv
[29.270s] -- Symlinking: /home/amir/interbotix_ws/install/interbotix_tf_tools/share/ament_index/resource_index/packages/interbotix_tf_tools
[29.291s] -- Symlinking: /home/amir/interbotix_ws/install/interbotix_tf_tools/share/ament_index/resource_index/rclcpp_components/interbotix_tf_tools
[29.311s] -- Symlinking: /home/amir/interbotix_ws/install/interbotix_tf_tools/share/interbotix_tf_tools/cmake/interbotix_tf_toolsConfig.cmake
[29.333s] -- Symlinking: /home/amir/interbotix_ws/install/interbotix_tf_tools/share/interbotix_tf_tools/cmake/interbotix_tf_toolsConfig-version.cmake
[29.351s] -- Symlinking: /home/amir/interbotix_ws/install/interbotix_tf_tools/share/interbotix_tf_tools/package.xml
[29.375s] Invoked command in '/home/amir/interbotix_ws/build/interbotix_tf_tools' returned '0': CMAKE_PREFIX_PATH=${CMAKE_PREFIX_PATH}:/home/amir/interbotix_ws/install/my_interbotix_controller:/home/amir/interbotix_ws/install/interbotix_xs_modules:/home/amir/interbotix_ws/install/interbotix_perception_modules:/home/amir/interbotix_ws/install/interbotix_common_modules:/opt/ros/humble PS1=\[\e]0;\u@\h: \w\a\]${debian_chroot:+($debian_chroot)}\[\033[01;32m\]\u@\h\[\033[00m\]:\[\033[01;34m\]\w\[\033[00m\]\$ /usr/bin/cmake --install /home/amir/interbotix_ws/build/interbotix_tf_tools
