[0.177s] DEBUG:colcon:Command line arguments: ['/usr/bin/colcon', 'build']
[0.177s] DEBUG:colcon:Parsed command line arguments: Namespace(log_base=None, log_level=None, verb_name='build', build_base='build', install_base='install', merge_install=False, symlink_install=False, test_result_base=None, continue_on_error=False, executor='parallel', parallel_workers=4, event_handlers=None, ignore_user_meta=False, metas=['./colcon.meta'], base_paths=['.'], packages_ignore=None, packages_ignore_regex=None, paths=None, packages_up_to=None, packages_up_to_regex=None, packages_above=None, packages_above_and_dependencies=None, packages_above_depth=None, packages_select_by_dep=None, packages_skip_by_dep=None, packages_skip_up_to=None, packages_select_build_failed=False, packages_skip_build_finished=False, packages_select_test_failures=False, packages_skip_test_passed=False, packages_select=None, packages_skip=None, packages_select_regex=None, packages_skip_regex=None, packages_start=None, packages_end=None, allow_overriding=[], cmake_args=None, cmake_target=None, cmake_target_skip_unavailable=False, cmake_clean_cache=False, cmake_clean_first=False, cmake_force_configure=False, ament_cmake_args=None, catkin_cmake_args=None, catkin_skip_building_tests=False, mixin_files=None, mixin=None, verb_parser=<colcon_mixin.mixin.mixin_argument.MixinArgumentDecorator object at 0x71353e3611e0>, verb_extension=<colcon_core.verb.build.BuildVerb object at 0x71353e360be0>, main=<bound method BuildVerb.main of <colcon_core.verb.build.BuildVerb object at 0x71353e360be0>>, mixin_verb=('build',))
[0.233s] Level 1:colcon.colcon_core.package_discovery:discover_packages(colcon_meta) check parameters
[0.233s] Level 1:colcon.colcon_core.package_discovery:discover_packages(recursive) check parameters
[0.233s] Level 1:colcon.colcon_core.package_discovery:discover_packages(ignore) check parameters
[0.233s] Level 1:colcon.colcon_core.package_discovery:discover_packages(path) check parameters
[0.233s] Level 1:colcon.colcon_core.package_discovery:discover_packages(colcon_meta) discover
[0.233s] Level 1:colcon.colcon_core.package_discovery:discover_packages(recursive) discover
[0.233s] INFO:colcon.colcon_core.package_discovery:Crawling recursively for packages in '/home/amir/camera_intel'
[0.234s] Level 1:colcon.colcon_core.package_identification:_identify(.) by extensions ['ignore', 'ignore_ament_install']
[0.234s] Level 1:colcon.colcon_core.package_identification:_identify(.) by extension 'ignore'
[0.234s] Level 1:colcon.colcon_core.package_identification:_identify(.) by extension 'ignore_ament_install'
[0.234s] Level 1:colcon.colcon_core.package_identification:_identify(.) by extensions ['colcon_pkg']
[0.234s] Level 1:colcon.colcon_core.package_identification:_identify(.) by extension 'colcon_pkg'
[0.234s] Level 1:colcon.colcon_core.package_identification:_identify(.) by extensions ['colcon_meta']
[0.234s] Level 1:colcon.colcon_core.package_identification:_identify(.) by extension 'colcon_meta'
[0.234s] Level 1:colcon.colcon_core.package_identification:_identify(.) by extensions ['ros']
[0.234s] Level 1:colcon.colcon_core.package_identification:_identify(.) by extension 'ros'
[0.257s] Level 1:colcon.colcon_core.package_identification:_identify(.) by extensions ['cmake', 'python']
[0.257s] Level 1:colcon.colcon_core.package_identification:_identify(.) by extension 'cmake'
[0.257s] Level 1:colcon.colcon_core.package_identification:_identify(.) by extension 'python'
[0.257s] Level 1:colcon.colcon_core.package_identification:_identify(.) by extensions ['python_setup_py']
[0.257s] Level 1:colcon.colcon_core.package_identification:_identify(.) by extension 'python_setup_py'
[0.258s] Level 1:colcon.colcon_core.package_identification:_identify(build) by extensions ['ignore', 'ignore_ament_install']
[0.258s] Level 1:colcon.colcon_core.package_identification:_identify(build) by extension 'ignore'
[0.258s] Level 1:colcon.colcon_core.package_identification:_identify(build) ignored
[0.258s] Level 1:colcon.colcon_core.package_identification:_identify(install) by extensions ['ignore', 'ignore_ament_install']
[0.258s] Level 1:colcon.colcon_core.package_identification:_identify(install) by extension 'ignore'
[0.258s] Level 1:colcon.colcon_core.package_identification:_identify(install) ignored
[0.258s] Level 1:colcon.colcon_core.package_identification:_identify(log) by extensions ['ignore', 'ignore_ament_install']
[0.258s] Level 1:colcon.colcon_core.package_identification:_identify(log) by extension 'ignore'
[0.258s] Level 1:colcon.colcon_core.package_identification:_identify(log) ignored
[0.259s] Level 1:colcon.colcon_core.package_identification:_identify(src) by extensions ['ignore', 'ignore_ament_install']
[0.259s] Level 1:colcon.colcon_core.package_identification:_identify(src) by extension 'ignore'
[0.259s] Level 1:colcon.colcon_core.package_identification:_identify(src) by extension 'ignore_ament_install'
[0.259s] Level 1:colcon.colcon_core.package_identification:_identify(src) by extensions ['colcon_pkg']
[0.259s] Level 1:colcon.colcon_core.package_identification:_identify(src) by extension 'colcon_pkg'
[0.259s] Level 1:colcon.colcon_core.package_identification:_identify(src) by extensions ['colcon_meta']
[0.259s] Level 1:colcon.colcon_core.package_identification:_identify(src) by extension 'colcon_meta'
[0.259s] Level 1:colcon.colcon_core.package_identification:_identify(src) by extensions ['ros']
[0.259s] Level 1:colcon.colcon_core.package_identification:_identify(src) by extension 'ros'
[0.259s] Level 1:colcon.colcon_core.package_identification:_identify(src) by extensions ['cmake', 'python']
[0.259s] Level 1:colcon.colcon_core.package_identification:_identify(src) by extension 'cmake'
[0.259s] Level 1:colcon.colcon_core.package_identification:_identify(src) by extension 'python'
[0.259s] Level 1:colcon.colcon_core.package_identification:_identify(src) by extensions ['python_setup_py']
[0.259s] Level 1:colcon.colcon_core.package_identification:_identify(src) by extension 'python_setup_py'
[0.260s] Level 1:colcon.colcon_core.package_identification:_identify(src/Dh) by extensions ['ignore', 'ignore_ament_install']
[0.260s] Level 1:colcon.colcon_core.package_identification:_identify(src/Dh) by extension 'ignore'
[0.260s] Level 1:colcon.colcon_core.package_identification:_identify(src/Dh) by extension 'ignore_ament_install'
[0.260s] Level 1:colcon.colcon_core.package_identification:_identify(src/Dh) by extensions ['colcon_pkg']
[0.260s] Level 1:colcon.colcon_core.package_identification:_identify(src/Dh) by extension 'colcon_pkg'
[0.260s] Level 1:colcon.colcon_core.package_identification:_identify(src/Dh) by extensions ['colcon_meta']
[0.260s] Level 1:colcon.colcon_core.package_identification:_identify(src/Dh) by extension 'colcon_meta'
[0.260s] Level 1:colcon.colcon_core.package_identification:_identify(src/Dh) by extensions ['ros']
[0.260s] Level 1:colcon.colcon_core.package_identification:_identify(src/Dh) by extension 'ros'
[0.260s] Level 1:colcon.colcon_core.package_identification:_identify(src/Dh) by extensions ['cmake', 'python']
[0.260s] Level 1:colcon.colcon_core.package_identification:_identify(src/Dh) by extension 'cmake'
[0.260s] Level 1:colcon.colcon_core.package_identification:_identify(src/Dh) by extension 'python'
[0.260s] Level 1:colcon.colcon_core.package_identification:_identify(src/Dh) by extensions ['python_setup_py']
[0.260s] Level 1:colcon.colcon_core.package_identification:_identify(src/Dh) by extension 'python_setup_py'
[0.261s] Level 1:colcon.colcon_core.package_identification:_identify(src/Dh/urdf_to_dh) by extensions ['ignore', 'ignore_ament_install']
[0.261s] Level 1:colcon.colcon_core.package_identification:_identify(src/Dh/urdf_to_dh) by extension 'ignore'
[0.261s] Level 1:colcon.colcon_core.package_identification:_identify(src/Dh/urdf_to_dh) by extension 'ignore_ament_install'
[0.261s] Level 1:colcon.colcon_core.package_identification:_identify(src/Dh/urdf_to_dh) by extensions ['colcon_pkg']
[0.261s] Level 1:colcon.colcon_core.package_identification:_identify(src/Dh/urdf_to_dh) by extension 'colcon_pkg'
[0.261s] Level 1:colcon.colcon_core.package_identification:_identify(src/Dh/urdf_to_dh) by extensions ['colcon_meta']
[0.261s] Level 1:colcon.colcon_core.package_identification:_identify(src/Dh/urdf_to_dh) by extension 'colcon_meta'
[0.261s] Level 1:colcon.colcon_core.package_identification:_identify(src/Dh/urdf_to_dh) by extensions ['ros']
[0.261s] Level 1:colcon.colcon_core.package_identification:_identify(src/Dh/urdf_to_dh) by extension 'ros'
[0.264s] DEBUG:colcon.colcon_core.package_identification:Package 'src/Dh/urdf_to_dh' with type 'ros.ament_python' and name 'urdf_to_dh'
[0.265s] Level 1:colcon.colcon_core.package_identification:_identify(src/camera_intel) by extensions ['ignore', 'ignore_ament_install']
[0.265s] Level 1:colcon.colcon_core.package_identification:_identify(src/camera_intel) by extension 'ignore'
[0.265s] Level 1:colcon.colcon_core.package_identification:_identify(src/camera_intel) by extension 'ignore_ament_install'
[0.265s] Level 1:colcon.colcon_core.package_identification:_identify(src/camera_intel) by extensions ['colcon_pkg']
[0.265s] Level 1:colcon.colcon_core.package_identification:_identify(src/camera_intel) by extension 'colcon_pkg'
[0.265s] Level 1:colcon.colcon_core.package_identification:_identify(src/camera_intel) by extensions ['colcon_meta']
[0.265s] Level 1:colcon.colcon_core.package_identification:_identify(src/camera_intel) by extension 'colcon_meta'
[0.265s] Level 1:colcon.colcon_core.package_identification:_identify(src/camera_intel) by extensions ['ros']
[0.265s] Level 1:colcon.colcon_core.package_identification:_identify(src/camera_intel) by extension 'ros'
[0.266s] DEBUG:colcon.colcon_core.package_identification:Package 'src/camera_intel' with type 'ros.ament_python' and name 'camera_intel'
[0.266s] Level 1:colcon.colcon_core.package_discovery:discover_packages(recursive) using defaults
[0.266s] Level 1:colcon.colcon_core.package_discovery:discover_packages(ignore) discover
[0.266s] Level 1:colcon.colcon_core.package_discovery:discover_packages(ignore) using defaults
[0.266s] Level 1:colcon.colcon_core.package_discovery:discover_packages(path) discover
[0.266s] Level 1:colcon.colcon_core.package_discovery:discover_packages(path) using defaults
[0.297s] Level 1:colcon.colcon_core.package_discovery:discover_packages(prefix_path) check parameters
[0.297s] Level 1:colcon.colcon_core.package_discovery:discover_packages(prefix_path) discover
[0.299s] WARNING:colcon.colcon_ros.prefix_path.ament:The path '/home/amir/interbotix_ws/install/realsense2_description' in the environment variable AMENT_PREFIX_PATH doesn't exist
[0.299s] WARNING:colcon.colcon_ros.prefix_path.ament:The path '/home/amir/interbotix_ws/install/realsense2_camera' in the environment variable AMENT_PREFIX_PATH doesn't exist
[0.299s] WARNING:colcon.colcon_ros.prefix_path.ament:The path '/home/amir/interbotix_ws/install/realsense2_camera_msgs' in the environment variable AMENT_PREFIX_PATH doesn't exist
[0.301s] WARNING:colcon.colcon_ros.prefix_path.catkin:The path '/home/amir/interbotix_ws/install/realsense2_description' in the environment variable CMAKE_PREFIX_PATH doesn't exist
[0.301s] WARNING:colcon.colcon_ros.prefix_path.catkin:The path '/home/amir/interbotix_ws/install/realsense2_camera' in the environment variable CMAKE_PREFIX_PATH doesn't exist
[0.301s] WARNING:colcon.colcon_ros.prefix_path.catkin:The path '/home/amir/interbotix_ws/install/realsense2_camera_msgs' in the environment variable CMAKE_PREFIX_PATH doesn't exist
[0.302s] DEBUG:colcon.colcon_installed_package_information.package_discovery:Found 2 installed packages in /home/amir/camera_intel/install
[0.304s] DEBUG:colcon.colcon_installed_package_information.package_discovery:Found 34 installed packages in /home/amir/interbotix_ws/install
[0.305s] DEBUG:colcon.colcon_installed_package_information.package_discovery:Found 1 installed packages in /home/amir/apriltag_ws/install
[0.308s] DEBUG:colcon.colcon_installed_package_information.package_discovery:Found 360 installed packages in /opt/ros/humble
[0.310s] Level 1:colcon.colcon_core.package_discovery:discover_packages(prefix_path) using defaults
[0.386s] Level 5:colcon.colcon_core.verb:set package 'camera_intel' build argument 'cmake_args' from command line to 'None'
[0.386s] Level 5:colcon.colcon_core.verb:set package 'camera_intel' build argument 'cmake_target' from command line to 'None'
[0.386s] Level 5:colcon.colcon_core.verb:set package 'camera_intel' build argument 'cmake_target_skip_unavailable' from command line to 'False'
[0.386s] Level 5:colcon.colcon_core.verb:set package 'camera_intel' build argument 'cmake_clean_cache' from command line to 'False'
[0.386s] Level 5:colcon.colcon_core.verb:set package 'camera_intel' build argument 'cmake_clean_first' from command line to 'False'
[0.386s] Level 5:colcon.colcon_core.verb:set package 'camera_intel' build argument 'cmake_force_configure' from command line to 'False'
[0.386s] Level 5:colcon.colcon_core.verb:set package 'camera_intel' build argument 'ament_cmake_args' from command line to 'None'
[0.386s] Level 5:colcon.colcon_core.verb:set package 'camera_intel' build argument 'catkin_cmake_args' from command line to 'None'
[0.386s] Level 5:colcon.colcon_core.verb:set package 'camera_intel' build argument 'catkin_skip_building_tests' from command line to 'False'
[0.386s] DEBUG:colcon.colcon_core.verb:Building package 'camera_intel' with the following arguments: {'ament_cmake_args': None, 'build_base': '/home/amir/camera_intel/build/camera_intel', 'catkin_cmake_args': None, 'catkin_skip_building_tests': False, 'cmake_args': None, 'cmake_clean_cache': False, 'cmake_clean_first': False, 'cmake_force_configure': False, 'cmake_target': None, 'cmake_target_skip_unavailable': False, 'install_base': '/home/amir/camera_intel/install/camera_intel', 'merge_install': False, 'path': '/home/amir/camera_intel/src/camera_intel', 'symlink_install': False, 'test_result_base': None}
[0.387s] Level 5:colcon.colcon_core.verb:set package 'urdf_to_dh' build argument 'cmake_args' from command line to 'None'
[0.387s] Level 5:colcon.colcon_core.verb:set package 'urdf_to_dh' build argument 'cmake_target' from command line to 'None'
[0.387s] Level 5:colcon.colcon_core.verb:set package 'urdf_to_dh' build argument 'cmake_target_skip_unavailable' from command line to 'False'
[0.387s] Level 5:colcon.colcon_core.verb:set package 'urdf_to_dh' build argument 'cmake_clean_cache' from command line to 'False'
[0.387s] Level 5:colcon.colcon_core.verb:set package 'urdf_to_dh' build argument 'cmake_clean_first' from command line to 'False'
[0.387s] Level 5:colcon.colcon_core.verb:set package 'urdf_to_dh' build argument 'cmake_force_configure' from command line to 'False'
[0.387s] Level 5:colcon.colcon_core.verb:set package 'urdf_to_dh' build argument 'ament_cmake_args' from command line to 'None'
[0.387s] Level 5:colcon.colcon_core.verb:set package 'urdf_to_dh' build argument 'catkin_cmake_args' from command line to 'None'
[0.387s] Level 5:colcon.colcon_core.verb:set package 'urdf_to_dh' build argument 'catkin_skip_building_tests' from command line to 'False'
[0.387s] DEBUG:colcon.colcon_core.verb:Building package 'urdf_to_dh' with the following arguments: {'ament_cmake_args': None, 'build_base': '/home/amir/camera_intel/build/urdf_to_dh', 'catkin_cmake_args': None, 'catkin_skip_building_tests': False, 'cmake_args': None, 'cmake_clean_cache': False, 'cmake_clean_first': False, 'cmake_force_configure': False, 'cmake_target': None, 'cmake_target_skip_unavailable': False, 'install_base': '/home/amir/camera_intel/install/urdf_to_dh', 'merge_install': False, 'path': '/home/amir/camera_intel/src/Dh/urdf_to_dh', 'symlink_install': False, 'test_result_base': None}
[0.387s] INFO:colcon.colcon_core.executor:Executing jobs using 'parallel' executor
[0.389s] DEBUG:colcon.colcon_parallel_executor.executor.parallel:run_until_complete
[0.389s] INFO:colcon.colcon_ros.task.ament_python.build:Building ROS package in '/home/amir/camera_intel/src/camera_intel' with build type 'ament_python'
[0.389s] Level 1:colcon.colcon_core.shell:create_environment_hook('camera_intel', 'ament_prefix_path')
[0.392s] INFO:colcon.colcon_core.plugin_system:Skipping extension 'colcon_core.shell.bat': Not used on non-Windows systems
[0.393s] INFO:colcon.colcon_core.shell:Creating environment hook '/home/amir/camera_intel/install/camera_intel/share/camera_intel/hook/ament_prefix_path.ps1'
[0.394s] INFO:colcon.colcon_core.shell:Creating environment descriptor '/home/amir/camera_intel/install/camera_intel/share/camera_intel/hook/ament_prefix_path.dsv'
[0.394s] INFO:colcon.colcon_core.shell:Creating environment hook '/home/amir/camera_intel/install/camera_intel/share/camera_intel/hook/ament_prefix_path.sh'
[0.396s] INFO:colcon.colcon_core.shell:Skip shell extension 'powershell' for command environment: Not usable outside of PowerShell
[0.396s] DEBUG:colcon.colcon_core.shell:Skip shell extension 'dsv' for command environment
[0.405s] INFO:colcon.colcon_ros.task.ament_python.build:Building ROS package in '/home/amir/camera_intel/src/Dh/urdf_to_dh' with build type 'ament_python'
[0.405s] Level 1:colcon.colcon_core.shell:create_environment_hook('urdf_to_dh', 'ament_prefix_path')
[0.406s] INFO:colcon.colcon_core.shell:Creating environment hook '/home/amir/camera_intel/install/urdf_to_dh/share/urdf_to_dh/hook/ament_prefix_path.ps1'
[0.407s] INFO:colcon.colcon_core.shell:Creating environment descriptor '/home/amir/camera_intel/install/urdf_to_dh/share/urdf_to_dh/hook/ament_prefix_path.dsv'
[0.407s] INFO:colcon.colcon_core.shell:Creating environment hook '/home/amir/camera_intel/install/urdf_to_dh/share/urdf_to_dh/hook/ament_prefix_path.sh'
[0.408s] INFO:colcon.colcon_core.shell:Skip shell extension 'powershell' for command environment: Not usable outside of PowerShell
[0.408s] DEBUG:colcon.colcon_core.shell:Skip shell extension 'dsv' for command environment
[0.762s] INFO:colcon.colcon_core.task.python.build:Building Python package in '/home/amir/camera_intel/src/camera_intel'
[0.763s] INFO:colcon.colcon_core.shell:Skip shell extension 'powershell' for command environment: Not usable outside of PowerShell
[0.763s] DEBUG:colcon.colcon_core.shell:Skip shell extension 'dsv' for command environment
[1.098s] INFO:colcon.colcon_core.task.python.build:Building Python package in '/home/amir/camera_intel/src/Dh/urdf_to_dh'
[1.098s] INFO:colcon.colcon_core.shell:Skip shell extension 'powershell' for command environment: Not usable outside of PowerShell
[1.098s] DEBUG:colcon.colcon_core.shell:Skip shell extension 'dsv' for command environment
[2.139s] DEBUG:colcon.colcon_core.event_handler.log_command:Invoking command in '/home/amir/camera_intel/src/camera_intel': PYTHONPATH=/home/amir/camera_intel/build/camera_intel/prefix_override:/usr/lib/python3/dist-packages/colcon_core/task/python/colcon_distutils_commands:/home/amir/camera_intel/install/camera_intel/lib/python3.10/site-packages:${PYTHONPATH} /usr/bin/python3 -W ignore:setup.py install is deprecated setup.py egg_info --egg-base ../../build/camera_intel build --build-base /home/amir/camera_intel/build/camera_intel/build install --record /home/amir/camera_intel/build/camera_intel/install.log --single-version-externally-managed install_data
[2.150s] DEBUG:colcon.colcon_core.event_handler.log_command:Invoking command in '/home/amir/camera_intel/src/Dh/urdf_to_dh': PYTHONPATH=/home/amir/camera_intel/build/urdf_to_dh/prefix_override:/usr/lib/python3/dist-packages/colcon_core/task/python/colcon_distutils_commands:/home/amir/camera_intel/install/urdf_to_dh/lib/python3.10/site-packages:${PYTHONPATH} /usr/bin/python3 -W ignore:setup.py install is deprecated setup.py egg_info --egg-base ../../../build/urdf_to_dh build --build-base /home/amir/camera_intel/build/urdf_to_dh/build install --record /home/amir/camera_intel/build/urdf_to_dh/install.log --install-scripts $base/lib/urdf_to_dh --single-version-externally-managed install_data
[3.065s] DEBUG:colcon.colcon_core.event_handler.log_command:Invoked command in '/home/amir/camera_intel/src/Dh/urdf_to_dh' returned '0': PYTHONPATH=/home/amir/camera_intel/build/urdf_to_dh/prefix_override:/usr/lib/python3/dist-packages/colcon_core/task/python/colcon_distutils_commands:/home/amir/camera_intel/install/urdf_to_dh/lib/python3.10/site-packages:${PYTHONPATH} /usr/bin/python3 -W ignore:setup.py install is deprecated setup.py egg_info --egg-base ../../../build/urdf_to_dh build --build-base /home/amir/camera_intel/build/urdf_to_dh/build install --record /home/amir/camera_intel/build/urdf_to_dh/install.log --install-scripts $base/lib/urdf_to_dh --single-version-externally-managed install_data
[3.068s] Level 1:colcon.colcon_core.environment:checking '/home/amir/camera_intel/install/urdf_to_dh' for CMake module files
[3.069s] Level 1:colcon.colcon_core.environment:checking '/home/amir/camera_intel/install/urdf_to_dh' for CMake config files
[3.070s] Level 1:colcon.colcon_core.environment:checking '/home/amir/camera_intel/install/urdf_to_dh/lib'
[3.070s] Level 1:colcon.colcon_core.environment:checking '/home/amir/camera_intel/install/urdf_to_dh/bin'
[3.070s] Level 1:colcon.colcon_core.environment:checking '/home/amir/camera_intel/install/urdf_to_dh/lib/pkgconfig/urdf_to_dh.pc'
[3.071s] Level 1:colcon.colcon_core.environment:checking '/home/amir/camera_intel/install/urdf_to_dh/lib/python3.10/site-packages'
[3.071s] Level 1:colcon.colcon_core.shell:create_environment_hook('urdf_to_dh', 'pythonpath')
[3.071s] INFO:colcon.colcon_core.shell:Creating environment hook '/home/amir/camera_intel/install/urdf_to_dh/share/urdf_to_dh/hook/pythonpath.ps1'
[3.072s] INFO:colcon.colcon_core.shell:Creating environment descriptor '/home/amir/camera_intel/install/urdf_to_dh/share/urdf_to_dh/hook/pythonpath.dsv'
[3.072s] INFO:colcon.colcon_core.shell:Creating environment hook '/home/amir/camera_intel/install/urdf_to_dh/share/urdf_to_dh/hook/pythonpath.sh'
[3.073s] Level 1:colcon.colcon_core.environment:checking '/home/amir/camera_intel/install/urdf_to_dh/bin'
[3.073s] Level 1:colcon.colcon_core.environment:create_environment_scripts_only(urdf_to_dh)
[3.074s] INFO:colcon.colcon_core.shell:Creating package script '/home/amir/camera_intel/install/urdf_to_dh/share/urdf_to_dh/package.ps1'
[3.075s] INFO:colcon.colcon_core.shell:Creating package descriptor '/home/amir/camera_intel/install/urdf_to_dh/share/urdf_to_dh/package.dsv'
[3.076s] INFO:colcon.colcon_core.shell:Creating package script '/home/amir/camera_intel/install/urdf_to_dh/share/urdf_to_dh/package.sh'
[3.077s] INFO:colcon.colcon_core.shell:Creating package script '/home/amir/camera_intel/install/urdf_to_dh/share/urdf_to_dh/package.bash'
[3.078s] INFO:colcon.colcon_core.shell:Creating package script '/home/amir/camera_intel/install/urdf_to_dh/share/urdf_to_dh/package.zsh'
[3.079s] Level 1:colcon.colcon_core.environment:create_file_with_runtime_dependencies(/home/amir/camera_intel/install/urdf_to_dh/share/colcon-core/packages/urdf_to_dh)
[3.082s] Level 1:colcon.colcon_core.environment:checking '/home/amir/camera_intel/install/camera_intel' for CMake module files
[3.083s] DEBUG:colcon.colcon_core.event_handler.log_command:Invoked command in '/home/amir/camera_intel/src/camera_intel' returned '0': PYTHONPATH=/home/amir/camera_intel/build/camera_intel/prefix_override:/usr/lib/python3/dist-packages/colcon_core/task/python/colcon_distutils_commands:/home/amir/camera_intel/install/camera_intel/lib/python3.10/site-packages:${PYTHONPATH} /usr/bin/python3 -W ignore:setup.py install is deprecated setup.py egg_info --egg-base ../../build/camera_intel build --build-base /home/amir/camera_intel/build/camera_intel/build install --record /home/amir/camera_intel/build/camera_intel/install.log --single-version-externally-managed install_data
[3.084s] Level 1:colcon.colcon_core.environment:checking '/home/amir/camera_intel/install/camera_intel' for CMake config files
[3.085s] Level 1:colcon.colcon_core.environment:checking '/home/amir/camera_intel/install/camera_intel/lib'
[3.085s] Level 1:colcon.colcon_core.environment:checking '/home/amir/camera_intel/install/camera_intel/bin'
[3.085s] Level 1:colcon.colcon_core.environment:checking '/home/amir/camera_intel/install/camera_intel/lib/pkgconfig/camera_intel.pc'
[3.086s] Level 1:colcon.colcon_core.environment:checking '/home/amir/camera_intel/install/camera_intel/lib/python3.10/site-packages'
[3.086s] Level 1:colcon.colcon_core.shell:create_environment_hook('camera_intel', 'pythonpath')
[3.086s] INFO:colcon.colcon_core.shell:Creating environment hook '/home/amir/camera_intel/install/camera_intel/share/camera_intel/hook/pythonpath.ps1'
[3.088s] INFO:colcon.colcon_core.shell:Creating environment descriptor '/home/amir/camera_intel/install/camera_intel/share/camera_intel/hook/pythonpath.dsv'
[3.088s] INFO:colcon.colcon_core.shell:Creating environment hook '/home/amir/camera_intel/install/camera_intel/share/camera_intel/hook/pythonpath.sh'
[3.089s] Level 1:colcon.colcon_core.environment:checking '/home/amir/camera_intel/install/camera_intel/bin'
[3.089s] Level 1:colcon.colcon_core.environment:create_environment_scripts_only(camera_intel)
[3.089s] INFO:colcon.colcon_core.shell:Creating package script '/home/amir/camera_intel/install/camera_intel/share/camera_intel/package.ps1'
[3.090s] INFO:colcon.colcon_core.shell:Creating package descriptor '/home/amir/camera_intel/install/camera_intel/share/camera_intel/package.dsv'
[3.091s] INFO:colcon.colcon_core.shell:Creating package script '/home/amir/camera_intel/install/camera_intel/share/camera_intel/package.sh'
[3.091s] INFO:colcon.colcon_core.shell:Creating package script '/home/amir/camera_intel/install/camera_intel/share/camera_intel/package.bash'
[3.092s] INFO:colcon.colcon_core.shell:Creating package script '/home/amir/camera_intel/install/camera_intel/share/camera_intel/package.zsh'
[3.092s] Level 1:colcon.colcon_core.environment:create_file_with_runtime_dependencies(/home/amir/camera_intel/install/camera_intel/share/colcon-core/packages/camera_intel)
[3.093s] DEBUG:colcon.colcon_parallel_executor.executor.parallel:closing loop
[3.093s] DEBUG:colcon.colcon_parallel_executor.executor.parallel:loop closed
[3.094s] DEBUG:colcon.colcon_parallel_executor.executor.parallel:run_until_complete finished with '0'
[3.094s] DEBUG:colcon.colcon_core.event_reactor:joining thread
[3.102s] INFO:colcon.colcon_core.plugin_system:Skipping extension 'colcon_notification.desktop_notification.terminal_notifier': Not used on non-Darwin systems
[3.102s] INFO:colcon.colcon_core.plugin_system:Skipping extension 'colcon_notification.desktop_notification.win32': Not used on non-Windows systems
[3.102s] INFO:colcon.colcon_notification.desktop_notification:Sending desktop notification using 'notify2'
[3.117s] DEBUG:colcon.colcon_core.event_reactor:joined thread
[3.118s] INFO:colcon.colcon_core.shell:Creating prefix script '/home/amir/camera_intel/install/local_setup.ps1'
[3.121s] INFO:colcon.colcon_core.shell:Creating prefix util module '/home/amir/camera_intel/install/_local_setup_util_ps1.py'
[3.125s] INFO:colcon.colcon_core.shell:Creating prefix chain script '/home/amir/camera_intel/install/setup.ps1'
[3.130s] INFO:colcon.colcon_core.shell:Creating prefix script '/home/amir/camera_intel/install/local_setup.sh'
[3.131s] INFO:colcon.colcon_core.shell:Creating prefix util module '/home/amir/camera_intel/install/_local_setup_util_sh.py'
[3.133s] INFO:colcon.colcon_core.shell:Creating prefix chain script '/home/amir/camera_intel/install/setup.sh'
[3.137s] INFO:colcon.colcon_core.shell:Creating prefix script '/home/amir/camera_intel/install/local_setup.bash'
[3.138s] INFO:colcon.colcon_core.shell:Creating prefix chain script '/home/amir/camera_intel/install/setup.bash'
[3.143s] INFO:colcon.colcon_core.shell:Creating prefix script '/home/amir/camera_intel/install/local_setup.zsh'
[3.143s] INFO:colcon.colcon_core.shell:Creating prefix chain script '/home/amir/camera_intel/install/setup.zsh'
