[0.204s] DEBUG:colcon:Command line arguments: ['/usr/bin/colcon', 'build']
[0.204s] DEBUG:colcon:Parsed command line arguments: Namespace(log_base=None, log_level=None, verb_name='build', build_base='build', install_base='install', merge_install=False, symlink_install=False, test_result_base=None, continue_on_error=False, executor='parallel', parallel_workers=4, event_handlers=None, ignore_user_meta=False, metas=['./colcon.meta'], base_paths=['.'], packages_ignore=None, packages_ignore_regex=None, paths=None, packages_up_to=None, packages_up_to_regex=None, packages_above=None, packages_above_and_dependencies=None, packages_above_depth=None, packages_select_by_dep=None, packages_skip_by_dep=None, packages_skip_up_to=None, packages_select_build_failed=False, packages_skip_build_finished=False, packages_select_test_failures=False, packages_skip_test_passed=False, packages_select=None, packages_skip=None, packages_select_regex=None, packages_skip_regex=None, packages_start=None, packages_end=None, allow_overriding=[], cmake_args=None, cmake_target=None, cmake_target_skip_unavailable=False, cmake_clean_cache=False, cmake_clean_first=False, cmake_force_configure=False, ament_cmake_args=None, catkin_cmake_args=None, catkin_skip_building_tests=False, mixin_files=None, mixin=None, verb_parser=<colcon_mixin.mixin.mixin_argument.MixinArgumentDecorator object at 0x7902af85d1e0>, verb_extension=<colcon_core.verb.build.BuildVerb object at 0x7902af85cbe0>, main=<bound method BuildVerb.main of <colcon_core.verb.build.BuildVerb object at 0x7902af85cbe0>>, mixin_verb=('build',))
[0.268s] Level 1:colcon.colcon_core.package_discovery:discover_packages(colcon_meta) check parameters
[0.268s] Level 1:colcon.colcon_core.package_discovery:discover_packages(recursive) check parameters
[0.268s] Level 1:colcon.colcon_core.package_discovery:discover_packages(ignore) check parameters
[0.269s] Level 1:colcon.colcon_core.package_discovery:discover_packages(path) check parameters
[0.269s] Level 1:colcon.colcon_core.package_discovery:discover_packages(colcon_meta) discover
[0.269s] Level 1:colcon.colcon_core.package_discovery:discover_packages(recursive) discover
[0.269s] INFO:colcon.colcon_core.package_discovery:Crawling recursively for packages in '/home/amir/camera_intel'
[0.269s] Level 1:colcon.colcon_core.package_identification:_identify(.) by extensions ['ignore', 'ignore_ament_install']
[0.269s] Level 1:colcon.colcon_core.package_identification:_identify(.) by extension 'ignore'
[0.269s] Level 1:colcon.colcon_core.package_identification:_identify(.) by extension 'ignore_ament_install'
[0.269s] Level 1:colcon.colcon_core.package_identification:_identify(.) by extensions ['colcon_pkg']
[0.269s] Level 1:colcon.colcon_core.package_identification:_identify(.) by extension 'colcon_pkg'
[0.269s] Level 1:colcon.colcon_core.package_identification:_identify(.) by extensions ['colcon_meta']
[0.269s] Level 1:colcon.colcon_core.package_identification:_identify(.) by extension 'colcon_meta'
[0.269s] Level 1:colcon.colcon_core.package_identification:_identify(.) by extensions ['ros']
[0.269s] Level 1:colcon.colcon_core.package_identification:_identify(.) by extension 'ros'
[0.296s] Level 1:colcon.colcon_core.package_identification:_identify(.) by extensions ['cmake', 'python']
[0.296s] Level 1:colcon.colcon_core.package_identification:_identify(.) by extension 'cmake'
[0.296s] Level 1:colcon.colcon_core.package_identification:_identify(.) by extension 'python'
[0.296s] Level 1:colcon.colcon_core.package_identification:_identify(.) by extensions ['python_setup_py']
[0.296s] Level 1:colcon.colcon_core.package_identification:_identify(.) by extension 'python_setup_py'
[0.296s] Level 1:colcon.colcon_core.package_identification:_identify(build) by extensions ['ignore', 'ignore_ament_install']
[0.296s] Level 1:colcon.colcon_core.package_identification:_identify(build) by extension 'ignore'
[0.296s] Level 1:colcon.colcon_core.package_identification:_identify(build) ignored
[0.296s] Level 1:colcon.colcon_core.package_identification:_identify(install) by extensions ['ignore', 'ignore_ament_install']
[0.297s] Level 1:colcon.colcon_core.package_identification:_identify(install) by extension 'ignore'
[0.297s] Level 1:colcon.colcon_core.package_identification:_identify(install) ignored
[0.297s] Level 1:colcon.colcon_core.package_identification:_identify(log) by extensions ['ignore', 'ignore_ament_install']
[0.297s] Level 1:colcon.colcon_core.package_identification:_identify(log) by extension 'ignore'
[0.297s] Level 1:colcon.colcon_core.package_identification:_identify(log) ignored
[0.297s] Level 1:colcon.colcon_core.package_identification:_identify(src) by extensions ['ignore', 'ignore_ament_install']
[0.297s] Level 1:colcon.colcon_core.package_identification:_identify(src) by extension 'ignore'
[0.297s] Level 1:colcon.colcon_core.package_identification:_identify(src) by extension 'ignore_ament_install'
[0.297s] Level 1:colcon.colcon_core.package_identification:_identify(src) by extensions ['colcon_pkg']
[0.297s] Level 1:colcon.colcon_core.package_identification:_identify(src) by extension 'colcon_pkg'
[0.297s] Level 1:colcon.colcon_core.package_identification:_identify(src) by extensions ['colcon_meta']
[0.298s] Level 1:colcon.colcon_core.package_identification:_identify(src) by extension 'colcon_meta'
[0.298s] Level 1:colcon.colcon_core.package_identification:_identify(src) by extensions ['ros']
[0.298s] Level 1:colcon.colcon_core.package_identification:_identify(src) by extension 'ros'
[0.298s] Level 1:colcon.colcon_core.package_identification:_identify(src) by extensions ['cmake', 'python']
[0.298s] Level 1:colcon.colcon_core.package_identification:_identify(src) by extension 'cmake'
[0.298s] Level 1:colcon.colcon_core.package_identification:_identify(src) by extension 'python'
[0.298s] Level 1:colcon.colcon_core.package_identification:_identify(src) by extensions ['python_setup_py']
[0.298s] Level 1:colcon.colcon_core.package_identification:_identify(src) by extension 'python_setup_py'
[0.298s] Level 1:colcon.colcon_core.package_identification:_identify(src/Dh) by extensions ['ignore', 'ignore_ament_install']
[0.298s] Level 1:colcon.colcon_core.package_identification:_identify(src/Dh) by extension 'ignore'
[0.298s] Level 1:colcon.colcon_core.package_identification:_identify(src/Dh) by extension 'ignore_ament_install'
[0.298s] Level 1:colcon.colcon_core.package_identification:_identify(src/Dh) by extensions ['colcon_pkg']
[0.298s] Level 1:colcon.colcon_core.package_identification:_identify(src/Dh) by extension 'colcon_pkg'
[0.299s] Level 1:colcon.colcon_core.package_identification:_identify(src/Dh) by extensions ['colcon_meta']
[0.299s] Level 1:colcon.colcon_core.package_identification:_identify(src/Dh) by extension 'colcon_meta'
[0.299s] Level 1:colcon.colcon_core.package_identification:_identify(src/Dh) by extensions ['ros']
[0.299s] Level 1:colcon.colcon_core.package_identification:_identify(src/Dh) by extension 'ros'
[0.299s] Level 1:colcon.colcon_core.package_identification:_identify(src/Dh) by extensions ['cmake', 'python']
[0.299s] Level 1:colcon.colcon_core.package_identification:_identify(src/Dh) by extension 'cmake'
[0.299s] Level 1:colcon.colcon_core.package_identification:_identify(src/Dh) by extension 'python'
[0.299s] Level 1:colcon.colcon_core.package_identification:_identify(src/Dh) by extensions ['python_setup_py']
[0.299s] Level 1:colcon.colcon_core.package_identification:_identify(src/Dh) by extension 'python_setup_py'
[0.299s] Level 1:colcon.colcon_core.package_identification:_identify(src/Dh/urdf_to_dh) by extensions ['ignore', 'ignore_ament_install']
[0.299s] Level 1:colcon.colcon_core.package_identification:_identify(src/Dh/urdf_to_dh) by extension 'ignore'
[0.299s] Level 1:colcon.colcon_core.package_identification:_identify(src/Dh/urdf_to_dh) by extension 'ignore_ament_install'
[0.299s] Level 1:colcon.colcon_core.package_identification:_identify(src/Dh/urdf_to_dh) by extensions ['colcon_pkg']
[0.300s] Level 1:colcon.colcon_core.package_identification:_identify(src/Dh/urdf_to_dh) by extension 'colcon_pkg'
[0.300s] Level 1:colcon.colcon_core.package_identification:_identify(src/Dh/urdf_to_dh) by extensions ['colcon_meta']
[0.300s] Level 1:colcon.colcon_core.package_identification:_identify(src/Dh/urdf_to_dh) by extension 'colcon_meta'
[0.300s] Level 1:colcon.colcon_core.package_identification:_identify(src/Dh/urdf_to_dh) by extensions ['ros']
[0.300s] Level 1:colcon.colcon_core.package_identification:_identify(src/Dh/urdf_to_dh) by extension 'ros'
[0.303s] DEBUG:colcon.colcon_core.package_identification:Package 'src/Dh/urdf_to_dh' with type 'ros.ament_python' and name 'urdf_to_dh'
[0.303s] Level 1:colcon.colcon_core.package_identification:_identify(src/camera_intel) by extensions ['ignore', 'ignore_ament_install']
[0.304s] Level 1:colcon.colcon_core.package_identification:_identify(src/camera_intel) by extension 'ignore'
[0.304s] Level 1:colcon.colcon_core.package_identification:_identify(src/camera_intel) by extension 'ignore_ament_install'
[0.304s] Level 1:colcon.colcon_core.package_identification:_identify(src/camera_intel) by extensions ['colcon_pkg']
[0.304s] Level 1:colcon.colcon_core.package_identification:_identify(src/camera_intel) by extension 'colcon_pkg'
[0.304s] Level 1:colcon.colcon_core.package_identification:_identify(src/camera_intel) by extensions ['colcon_meta']
[0.304s] Level 1:colcon.colcon_core.package_identification:_identify(src/camera_intel) by extension 'colcon_meta'
[0.304s] Level 1:colcon.colcon_core.package_identification:_identify(src/camera_intel) by extensions ['ros']
[0.304s] Level 1:colcon.colcon_core.package_identification:_identify(src/camera_intel) by extension 'ros'
[0.305s] DEBUG:colcon.colcon_core.package_identification:Package 'src/camera_intel' with type 'ros.ament_python' and name 'camera_intel'
[0.305s] Level 1:colcon.colcon_core.package_discovery:discover_packages(recursive) using defaults
[0.305s] Level 1:colcon.colcon_core.package_discovery:discover_packages(ignore) discover
[0.305s] Level 1:colcon.colcon_core.package_discovery:discover_packages(ignore) using defaults
[0.305s] Level 1:colcon.colcon_core.package_discovery:discover_packages(path) discover
[0.305s] Level 1:colcon.colcon_core.package_discovery:discover_packages(path) using defaults
[0.345s] Level 1:colcon.colcon_core.package_discovery:discover_packages(prefix_path) check parameters
[0.345s] Level 1:colcon.colcon_core.package_discovery:discover_packages(prefix_path) discover
[0.346s] WARNING:colcon.colcon_ros.prefix_path.ament:The path '/home/amir/interbotix_ws/install/realsense2_description' in the environment variable AMENT_PREFIX_PATH doesn't exist
[0.347s] WARNING:colcon.colcon_ros.prefix_path.ament:The path '/home/amir/interbotix_ws/install/realsense2_camera' in the environment variable AMENT_PREFIX_PATH doesn't exist
[0.347s] WARNING:colcon.colcon_ros.prefix_path.ament:The path '/home/amir/interbotix_ws/install/realsense2_camera_msgs' in the environment variable AMENT_PREFIX_PATH doesn't exist
[0.349s] WARNING:colcon.colcon_ros.prefix_path.catkin:The path '/home/amir/interbotix_ws/install/realsense2_description' in the environment variable CMAKE_PREFIX_PATH doesn't exist
[0.349s] WARNING:colcon.colcon_ros.prefix_path.catkin:The path '/home/amir/interbotix_ws/install/realsense2_camera' in the environment variable CMAKE_PREFIX_PATH doesn't exist
[0.350s] WARNING:colcon.colcon_ros.prefix_path.catkin:The path '/home/amir/interbotix_ws/install/realsense2_camera_msgs' in the environment variable CMAKE_PREFIX_PATH doesn't exist
[0.351s] DEBUG:colcon.colcon_installed_package_information.package_discovery:Found 2 installed packages in /home/amir/camera_intel/install
[0.353s] DEBUG:colcon.colcon_installed_package_information.package_discovery:Found 34 installed packages in /home/amir/interbotix_ws/install
[0.354s] DEBUG:colcon.colcon_installed_package_information.package_discovery:Found 1 installed packages in /home/amir/apriltag_ws/install
[0.356s] DEBUG:colcon.colcon_installed_package_information.package_discovery:Found 360 installed packages in /opt/ros/humble
[0.359s] Level 1:colcon.colcon_core.package_discovery:discover_packages(prefix_path) using defaults
[0.443s] Level 5:colcon.colcon_core.verb:set package 'camera_intel' build argument 'cmake_args' from command line to 'None'
[0.443s] Level 5:colcon.colcon_core.verb:set package 'camera_intel' build argument 'cmake_target' from command line to 'None'
[0.443s] Level 5:colcon.colcon_core.verb:set package 'camera_intel' build argument 'cmake_target_skip_unavailable' from command line to 'False'
[0.443s] Level 5:colcon.colcon_core.verb:set package 'camera_intel' build argument 'cmake_clean_cache' from command line to 'False'
[0.443s] Level 5:colcon.colcon_core.verb:set package 'camera_intel' build argument 'cmake_clean_first' from command line to 'False'
[0.443s] Level 5:colcon.colcon_core.verb:set package 'camera_intel' build argument 'cmake_force_configure' from command line to 'False'
[0.443s] Level 5:colcon.colcon_core.verb:set package 'camera_intel' build argument 'ament_cmake_args' from command line to 'None'
[0.443s] Level 5:colcon.colcon_core.verb:set package 'camera_intel' build argument 'catkin_cmake_args' from command line to 'None'
[0.443s] Level 5:colcon.colcon_core.verb:set package 'camera_intel' build argument 'catkin_skip_building_tests' from command line to 'False'
[0.443s] DEBUG:colcon.colcon_core.verb:Building package 'camera_intel' with the following arguments: {'ament_cmake_args': None, 'build_base': '/home/amir/camera_intel/build/camera_intel', 'catkin_cmake_args': None, 'catkin_skip_building_tests': False, 'cmake_args': None, 'cmake_clean_cache': False, 'cmake_clean_first': False, 'cmake_force_configure': False, 'cmake_target': None, 'cmake_target_skip_unavailable': False, 'install_base': '/home/amir/camera_intel/install/camera_intel', 'merge_install': False, 'path': '/home/amir/camera_intel/src/camera_intel', 'symlink_install': False, 'test_result_base': None}
[0.444s] Level 5:colcon.colcon_core.verb:set package 'urdf_to_dh' build argument 'cmake_args' from command line to 'None'
[0.444s] Level 5:colcon.colcon_core.verb:set package 'urdf_to_dh' build argument 'cmake_target' from command line to 'None'
[0.444s] Level 5:colcon.colcon_core.verb:set package 'urdf_to_dh' build argument 'cmake_target_skip_unavailable' from command line to 'False'
[0.444s] Level 5:colcon.colcon_core.verb:set package 'urdf_to_dh' build argument 'cmake_clean_cache' from command line to 'False'
[0.444s] Level 5:colcon.colcon_core.verb:set package 'urdf_to_dh' build argument 'cmake_clean_first' from command line to 'False'
[0.444s] Level 5:colcon.colcon_core.verb:set package 'urdf_to_dh' build argument 'cmake_force_configure' from command line to 'False'
[0.444s] Level 5:colcon.colcon_core.verb:set package 'urdf_to_dh' build argument 'ament_cmake_args' from command line to 'None'
[0.444s] Level 5:colcon.colcon_core.verb:set package 'urdf_to_dh' build argument 'catkin_cmake_args' from command line to 'None'
[0.444s] Level 5:colcon.colcon_core.verb:set package 'urdf_to_dh' build argument 'catkin_skip_building_tests' from command line to 'False'
[0.444s] DEBUG:colcon.colcon_core.verb:Building package 'urdf_to_dh' with the following arguments: {'ament_cmake_args': None, 'build_base': '/home/amir/camera_intel/build/urdf_to_dh', 'catkin_cmake_args': None, 'catkin_skip_building_tests': False, 'cmake_args': None, 'cmake_clean_cache': False, 'cmake_clean_first': False, 'cmake_force_configure': False, 'cmake_target': None, 'cmake_target_skip_unavailable': False, 'install_base': '/home/amir/camera_intel/install/urdf_to_dh', 'merge_install': False, 'path': '/home/amir/camera_intel/src/Dh/urdf_to_dh', 'symlink_install': False, 'test_result_base': None}
[0.445s] INFO:colcon.colcon_core.executor:Executing jobs using 'parallel' executor
[0.446s] DEBUG:colcon.colcon_parallel_executor.executor.parallel:run_until_complete
[0.446s] INFO:colcon.colcon_ros.task.ament_python.build:Building ROS package in '/home/amir/camera_intel/src/camera_intel' with build type 'ament_python'
[0.447s] Level 1:colcon.colcon_core.shell:create_environment_hook('camera_intel', 'ament_prefix_path')
[0.450s] INFO:colcon.colcon_core.plugin_system:Skipping extension 'colcon_core.shell.bat': Not used on non-Windows systems
[0.450s] INFO:colcon.colcon_core.shell:Creating environment hook '/home/amir/camera_intel/install/camera_intel/share/camera_intel/hook/ament_prefix_path.ps1'
[0.451s] INFO:colcon.colcon_core.shell:Creating environment descriptor '/home/amir/camera_intel/install/camera_intel/share/camera_intel/hook/ament_prefix_path.dsv'
[0.452s] INFO:colcon.colcon_core.shell:Creating environment hook '/home/amir/camera_intel/install/camera_intel/share/camera_intel/hook/ament_prefix_path.sh'
[0.453s] INFO:colcon.colcon_core.shell:Skip shell extension 'powershell' for command environment: Not usable outside of PowerShell
[0.453s] DEBUG:colcon.colcon_core.shell:Skip shell extension 'dsv' for command environment
[0.463s] INFO:colcon.colcon_ros.task.ament_python.build:Building ROS package in '/home/amir/camera_intel/src/Dh/urdf_to_dh' with build type 'ament_python'
[0.463s] Level 1:colcon.colcon_core.shell:create_environment_hook('urdf_to_dh', 'ament_prefix_path')
[0.463s] INFO:colcon.colcon_core.shell:Creating environment hook '/home/amir/camera_intel/install/urdf_to_dh/share/urdf_to_dh/hook/ament_prefix_path.ps1'
[0.464s] INFO:colcon.colcon_core.shell:Creating environment descriptor '/home/amir/camera_intel/install/urdf_to_dh/share/urdf_to_dh/hook/ament_prefix_path.dsv'
[0.465s] INFO:colcon.colcon_core.shell:Creating environment hook '/home/amir/camera_intel/install/urdf_to_dh/share/urdf_to_dh/hook/ament_prefix_path.sh'
[0.466s] INFO:colcon.colcon_core.shell:Skip shell extension 'powershell' for command environment: Not usable outside of PowerShell
[0.466s] DEBUG:colcon.colcon_core.shell:Skip shell extension 'dsv' for command environment
[0.887s] INFO:colcon.colcon_core.task.python.build:Building Python package in '/home/amir/camera_intel/src/camera_intel'
[0.888s] INFO:colcon.colcon_core.shell:Skip shell extension 'powershell' for command environment: Not usable outside of PowerShell
[0.888s] DEBUG:colcon.colcon_core.shell:Skip shell extension 'dsv' for command environment
[1.294s] INFO:colcon.colcon_core.task.python.build:Building Python package in '/home/amir/camera_intel/src/Dh/urdf_to_dh'
[1.295s] INFO:colcon.colcon_core.shell:Skip shell extension 'powershell' for command environment: Not usable outside of PowerShell
[1.295s] DEBUG:colcon.colcon_core.shell:Skip shell extension 'dsv' for command environment
[2.511s] DEBUG:colcon.colcon_core.event_handler.log_command:Invoking command in '/home/amir/camera_intel/src/camera_intel': PYTHONPATH=/home/amir/camera_intel/build/camera_intel/prefix_override:/usr/lib/python3/dist-packages/colcon_core/task/python/colcon_distutils_commands:/home/amir/camera_intel/install/camera_intel/lib/python3.10/site-packages:${PYTHONPATH} /usr/bin/python3 -W ignore:setup.py install is deprecated setup.py egg_info --egg-base ../../build/camera_intel build --build-base /home/amir/camera_intel/build/camera_intel/build install --record /home/amir/camera_intel/build/camera_intel/install.log --single-version-externally-managed install_data
[2.578s] DEBUG:colcon.colcon_core.event_handler.log_command:Invoking command in '/home/amir/camera_intel/src/Dh/urdf_to_dh': PYTHONPATH=/home/amir/camera_intel/build/urdf_to_dh/prefix_override:/usr/lib/python3/dist-packages/colcon_core/task/python/colcon_distutils_commands:/home/amir/camera_intel/install/urdf_to_dh/lib/python3.10/site-packages:${PYTHONPATH} /usr/bin/python3 -W ignore:setup.py install is deprecated setup.py egg_info --egg-base ../../../build/urdf_to_dh build --build-base /home/amir/camera_intel/build/urdf_to_dh/build install --record /home/amir/camera_intel/build/urdf_to_dh/install.log --install-scripts $base/lib/urdf_to_dh --single-version-externally-managed install_data
[3.674s] DEBUG:colcon.colcon_core.event_handler.log_command:Invoked command in '/home/amir/camera_intel/src/camera_intel' returned '0': PYTHONPATH=/home/amir/camera_intel/build/camera_intel/prefix_override:/usr/lib/python3/dist-packages/colcon_core/task/python/colcon_distutils_commands:/home/amir/camera_intel/install/camera_intel/lib/python3.10/site-packages:${PYTHONPATH} /usr/bin/python3 -W ignore:setup.py install is deprecated setup.py egg_info --egg-base ../../build/camera_intel build --build-base /home/amir/camera_intel/build/camera_intel/build install --record /home/amir/camera_intel/build/camera_intel/install.log --single-version-externally-managed install_data
[3.679s] Level 1:colcon.colcon_core.environment:checking '/home/amir/camera_intel/install/camera_intel' for CMake module files
[3.680s] Level 1:colcon.colcon_core.environment:checking '/home/amir/camera_intel/install/camera_intel' for CMake config files
[3.681s] Level 1:colcon.colcon_core.environment:checking '/home/amir/camera_intel/install/camera_intel/lib'
[3.682s] Level 1:colcon.colcon_core.environment:checking '/home/amir/camera_intel/install/camera_intel/bin'
[3.682s] Level 1:colcon.colcon_core.environment:checking '/home/amir/camera_intel/install/camera_intel/lib/pkgconfig/camera_intel.pc'
[3.683s] Level 1:colcon.colcon_core.environment:checking '/home/amir/camera_intel/install/camera_intel/lib/python3.10/site-packages'
[3.683s] Level 1:colcon.colcon_core.shell:create_environment_hook('camera_intel', 'pythonpath')
[3.683s] INFO:colcon.colcon_core.shell:Creating environment hook '/home/amir/camera_intel/install/camera_intel/share/camera_intel/hook/pythonpath.ps1'
[3.684s] INFO:colcon.colcon_core.shell:Creating environment descriptor '/home/amir/camera_intel/install/camera_intel/share/camera_intel/hook/pythonpath.dsv'
[3.685s] INFO:colcon.colcon_core.shell:Creating environment hook '/home/amir/camera_intel/install/camera_intel/share/camera_intel/hook/pythonpath.sh'
[3.687s] Level 1:colcon.colcon_core.environment:checking '/home/amir/camera_intel/install/camera_intel/bin'
[3.687s] Level 1:colcon.colcon_core.environment:create_environment_scripts_only(camera_intel)
[3.688s] INFO:colcon.colcon_core.shell:Creating package script '/home/amir/camera_intel/install/camera_intel/share/camera_intel/package.ps1'
[3.690s] INFO:colcon.colcon_core.shell:Creating package descriptor '/home/amir/camera_intel/install/camera_intel/share/camera_intel/package.dsv'
[3.692s] INFO:colcon.colcon_core.shell:Creating package script '/home/amir/camera_intel/install/camera_intel/share/camera_intel/package.sh'
[3.694s] INFO:colcon.colcon_core.shell:Creating package script '/home/amir/camera_intel/install/camera_intel/share/camera_intel/package.bash'
[3.696s] INFO:colcon.colcon_core.shell:Creating package script '/home/amir/camera_intel/install/camera_intel/share/camera_intel/package.zsh'
[3.698s] Level 1:colcon.colcon_core.environment:create_file_with_runtime_dependencies(/home/amir/camera_intel/install/camera_intel/share/colcon-core/packages/camera_intel)
[3.720s] Level 1:colcon.colcon_core.environment:checking '/home/amir/camera_intel/install/urdf_to_dh' for CMake module files
[3.721s] DEBUG:colcon.colcon_core.event_handler.log_command:Invoked command in '/home/amir/camera_intel/src/Dh/urdf_to_dh' returned '0': PYTHONPATH=/home/amir/camera_intel/build/urdf_to_dh/prefix_override:/usr/lib/python3/dist-packages/colcon_core/task/python/colcon_distutils_commands:/home/amir/camera_intel/install/urdf_to_dh/lib/python3.10/site-packages:${PYTHONPATH} /usr/bin/python3 -W ignore:setup.py install is deprecated setup.py egg_info --egg-base ../../../build/urdf_to_dh build --build-base /home/amir/camera_intel/build/urdf_to_dh/build install --record /home/amir/camera_intel/build/urdf_to_dh/install.log --install-scripts $base/lib/urdf_to_dh --single-version-externally-managed install_data
[3.722s] Level 1:colcon.colcon_core.environment:checking '/home/amir/camera_intel/install/urdf_to_dh' for CMake config files
[3.722s] Level 1:colcon.colcon_core.environment:checking '/home/amir/camera_intel/install/urdf_to_dh/lib'
[3.723s] Level 1:colcon.colcon_core.environment:checking '/home/amir/camera_intel/install/urdf_to_dh/bin'
[3.723s] Level 1:colcon.colcon_core.environment:checking '/home/amir/camera_intel/install/urdf_to_dh/lib/pkgconfig/urdf_to_dh.pc'
[3.723s] Level 1:colcon.colcon_core.environment:checking '/home/amir/camera_intel/install/urdf_to_dh/lib/python3.10/site-packages'
[3.723s] Level 1:colcon.colcon_core.shell:create_environment_hook('urdf_to_dh', 'pythonpath')
[3.723s] INFO:colcon.colcon_core.shell:Creating environment hook '/home/amir/camera_intel/install/urdf_to_dh/share/urdf_to_dh/hook/pythonpath.ps1'
[3.724s] INFO:colcon.colcon_core.shell:Creating environment descriptor '/home/amir/camera_intel/install/urdf_to_dh/share/urdf_to_dh/hook/pythonpath.dsv'
[3.725s] INFO:colcon.colcon_core.shell:Creating environment hook '/home/amir/camera_intel/install/urdf_to_dh/share/urdf_to_dh/hook/pythonpath.sh'
[3.726s] Level 1:colcon.colcon_core.environment:checking '/home/amir/camera_intel/install/urdf_to_dh/bin'
[3.726s] Level 1:colcon.colcon_core.environment:create_environment_scripts_only(urdf_to_dh)
[3.727s] INFO:colcon.colcon_core.shell:Creating package script '/home/amir/camera_intel/install/urdf_to_dh/share/urdf_to_dh/package.ps1'
[3.728s] INFO:colcon.colcon_core.shell:Creating package descriptor '/home/amir/camera_intel/install/urdf_to_dh/share/urdf_to_dh/package.dsv'
[3.729s] INFO:colcon.colcon_core.shell:Creating package script '/home/amir/camera_intel/install/urdf_to_dh/share/urdf_to_dh/package.sh'
[3.730s] INFO:colcon.colcon_core.shell:Creating package script '/home/amir/camera_intel/install/urdf_to_dh/share/urdf_to_dh/package.bash'
[3.731s] INFO:colcon.colcon_core.shell:Creating package script '/home/amir/camera_intel/install/urdf_to_dh/share/urdf_to_dh/package.zsh'
[3.732s] Level 1:colcon.colcon_core.environment:create_file_with_runtime_dependencies(/home/amir/camera_intel/install/urdf_to_dh/share/colcon-core/packages/urdf_to_dh)
[3.732s] DEBUG:colcon.colcon_parallel_executor.executor.parallel:closing loop
[3.733s] DEBUG:colcon.colcon_parallel_executor.executor.parallel:loop closed
[3.733s] DEBUG:colcon.colcon_parallel_executor.executor.parallel:run_until_complete finished with '0'
[3.733s] DEBUG:colcon.colcon_core.event_reactor:joining thread
[3.742s] INFO:colcon.colcon_core.plugin_system:Skipping extension 'colcon_notification.desktop_notification.terminal_notifier': Not used on non-Darwin systems
[3.743s] INFO:colcon.colcon_core.plugin_system:Skipping extension 'colcon_notification.desktop_notification.win32': Not used on non-Windows systems
[3.743s] INFO:colcon.colcon_notification.desktop_notification:Sending desktop notification using 'notify2'
[3.761s] DEBUG:colcon.colcon_core.event_reactor:joined thread
[3.762s] INFO:colcon.colcon_core.shell:Creating prefix script '/home/amir/camera_intel/install/local_setup.ps1'
[3.765s] INFO:colcon.colcon_core.shell:Creating prefix util module '/home/amir/camera_intel/install/_local_setup_util_ps1.py'
[3.768s] INFO:colcon.colcon_core.shell:Creating prefix chain script '/home/amir/camera_intel/install/setup.ps1'
[3.774s] INFO:colcon.colcon_core.shell:Creating prefix script '/home/amir/camera_intel/install/local_setup.sh'
[3.776s] INFO:colcon.colcon_core.shell:Creating prefix util module '/home/amir/camera_intel/install/_local_setup_util_sh.py'
[3.779s] INFO:colcon.colcon_core.shell:Creating prefix chain script '/home/amir/camera_intel/install/setup.sh'
[3.784s] INFO:colcon.colcon_core.shell:Creating prefix script '/home/amir/camera_intel/install/local_setup.bash'
[3.785s] INFO:colcon.colcon_core.shell:Creating prefix chain script '/home/amir/camera_intel/install/setup.bash'
[3.790s] INFO:colcon.colcon_core.shell:Creating prefix script '/home/amir/camera_intel/install/local_setup.zsh'
[3.791s] INFO:colcon.colcon_core.shell:Creating prefix chain script '/home/amir/camera_intel/install/setup.zsh'
