running egg_info
writing ../../build/camera_intel/camera_intel.egg-info/PKG-INFO
writing dependency_links to ../../build/camera_intel/camera_intel.egg-info/dependency_links.txt
writing entry points to ../../build/camera_intel/camera_intel.egg-info/entry_points.txt
writing requirements to ../../build/camera_intel/camera_intel.egg-info/requires.txt
writing top-level names to ../../build/camera_intel/camera_intel.egg-info/top_level.txt
reading manifest file '../../build/camera_intel/camera_intel.egg-info/SOURCES.txt'
writing manifest file '../../build/camera_intel/camera_intel.egg-info/SOURCES.txt'
running build
running build_py
copying camera_intel/intel_pub.py -> /home/amir/camera_intel/build/camera_intel/build/lib/camera_intel
running install
running install_lib
copying /home/amir/camera_intel/build/camera_intel/build/lib/camera_intel/intel_pub.py -> /home/amir/camera_intel/install/camera_intel/lib/python3.10/site-packages/camera_intel
byte-compiling /home/amir/camera_intel/install/camera_intel/lib/python3.10/site-packages/camera_intel/intel_pub.py to intel_pub.cpython-310.pyc
Sorry: IndentationError: expected an indented block after 'while' statement on line 49 (intel_pub.py, line 51)
running install_data
running install_egg_info
removing '/home/amir/camera_intel/install/camera_intel/lib/python3.10/site-packages/camera_intel-0.0.0-py3.10.egg-info' (and everything under it)
Copying ../../build/camera_intel/camera_intel.egg-info to /home/amir/camera_intel/install/camera_intel/lib/python3.10/site-packages/camera_intel-0.0.0-py3.10.egg-info
running install_scripts
Installing Depth_wcoordinate script to /home/amir/camera_intel/install/camera_intel/lib/camera_intel
Installing camera_publisher script to /home/amir/camera_intel/install/camera_intel/lib/camera_intel
Installing camera_subscriber script to /home/amir/camera_intel/install/camera_intel/lib/camera_intel
Installing intel_pub script to /home/amir/camera_intel/install/camera_intel/lib/camera_intel
Installing intel_sub script to /home/amir/camera_intel/install/camera_intel/lib/camera_intel
Installing real_time_test_publisher script to /home/amir/camera_intel/install/camera_intel/lib/camera_intel
Installing real_time_test_subscriber script to /home/amir/camera_intel/install/camera_intel/lib/camera_intel
writing list of installed files to '/home/amir/camera_intel/build/camera_intel/install.log'
