[0.023s] Invoking command in '/home/amir/interbotix_ws/build/realsense2_camera': CMAKE_PREFIX_PATH=${CMAKE_PREFIX_PATH}:/home/amir/interbotix_ws/install/interbotix_xs_modules:/home/amir/interbotix_ws/install/interbotix_perception_modules:/home/amir/interbotix_ws/install/interbotix_common_modules:/opt/ros/humble /usr/bin/cmake /home/amir/interbotix_ws/src/realsense-ros/realsense2_camera -DCMAKE_INSTALL_PREFIX=/home/amir/interbotix_ws/install/realsense2_camera
[0.122s] -- The C compiler identification is GNU 11.4.0
[0.216s] -- The CXX compiler identification is GNU 11.4.0
[0.228s] -- Detecting C compiler ABI info
[0.347s] -- Detecting C compiler ABI info - done
[0.358s] -- Check for working C compiler: /usr/bin/cc - skipped
[0.359s] -- Detecting C compile features
[0.360s] -- Detecting C compile features - done
[0.366s] -- Detecting CXX compiler ABI info
[0.502s] -- Detecting CXX compiler ABI info - done
[0.516s] -- Check for working CXX compiler: /usr/bin/c++ - skipped
[0.516s] -- Detecting CXX compile features
[0.517s] -- Detecting CXX compile features - done
[0.518s] -- Create Release Build.
[0.528s] -- Found ament_cmake: 1.3.10 (/opt/ros/humble/share/ament_cmake/cmake)
[1.155s] -- Found Python3: /usr/bin/python3 (found version "3.10.12") found components: Interpreter 
[1.391s] -- Found builtin_interfaces: 1.2.1 (/opt/ros/humble/share/builtin_interfaces/cmake)
[1.491s] -- Found rosidl_generator_c: 3.1.5 (/opt/ros/humble/share/rosidl_generator_c/cmake)
[1.510s] -- Found rosidl_adapter: 3.1.5 (/opt/ros/humble/share/rosidl_adapter/cmake)
[1.537s] -- Found rosidl_generator_cpp: 3.1.5 (/opt/ros/humble/share/rosidl_generator_cpp/cmake)
[1.572s] -- Using all available rosidl_typesupport_c: rosidl_typesupport_fastrtps_c;rosidl_typesupport_introspection_c
[1.619s] -- Using all available rosidl_typesupport_cpp: rosidl_typesupport_fastrtps_cpp;rosidl_typesupport_introspection_cpp
[1.669s] -- Found cv_bridge: 3.2.1 (/opt/ros/humble/share/cv_bridge/cmake)
[1.831s] -- Found image_transport: 3.1.9 (/opt/ros/humble/share/image_transport/cmake)
[1.981s] -- Found rmw_implementation_cmake: 6.1.2 (/opt/ros/humble/share/rmw_implementation_cmake/cmake)
[1.993s] -- Found rmw_fastrtps_cpp: 6.2.7 (/opt/ros/humble/share/rmw_fastrtps_cpp/cmake)
[2.190s] -- Found OpenSSL: /usr/lib/x86_64-linux-gnu/libcrypto.so (found version "3.0.2")  
[2.243s] -- Found FastRTPS: /opt/ros/humble/include  
[2.323s] -- Using RMW implementation 'rmw_fastrtps_cpp' as default
[2.354s] -- Looking for pthread.h
[2.473s] -- Looking for pthread.h - found
[2.474s] -- Performing Test CMAKE_HAVE_LIBC_PTHREAD
[2.596s] -- Performing Test CMAKE_HAVE_LIBC_PTHREAD - Success
[2.598s] -- Found Threads: TRUE  
[2.777s] -- Found rclcpp_components: 16.0.10 (/opt/ros/humble/share/rclcpp_components/cmake)
[2.836s] -- Found realsense2_camera_msgs: 4.55.1 (/opt/ros/humble/share/realsense2_camera_msgs/cmake)
[2.882s] -- Found nav_msgs: 4.2.4 (/opt/ros/humble/share/nav_msgs/cmake)
[2.927s] -- Found tf2_ros: 0.25.8 (/opt/ros/humble/share/tf2_ros/cmake)
[3.128s] -- Found diagnostic_updater: 4.0.0 (/opt/ros/humble/share/diagnostic_updater/cmake)
[3.188s] -- Found OpenCV: /usr (found version "4.5.4") found components: core 
[3.198s] -- Build for ROS2 Humble
[3.230s] -- Found ament_cmake_gtest: 1.3.10 (/opt/ros/humble/share/ament_cmake_gtest/cmake)
[3.241s] -- Found gtest sources under '/opt/ros/humble/src/gtest_vendor': C++ tests using 'Google Test' will be built
[3.259s] -- Found ament_cmake_pytest: 1.3.10 (/opt/ros/humble/share/ament_cmake_pytest/cmake)
[11.747s] -- rs_device_info:
[11.747s] -- No device detected. Is it plugged in?
[11.747s] 
[11.895s] -- Configuring done
[11.949s] -- Generating done
[11.954s] -- Build files have been written to: /home/amir/interbotix_ws/build/realsense2_camera
[11.973s] Invoked command in '/home/amir/interbotix_ws/build/realsense2_camera' returned '0': CMAKE_PREFIX_PATH=${CMAKE_PREFIX_PATH}:/home/amir/interbotix_ws/install/interbotix_xs_modules:/home/amir/interbotix_ws/install/interbotix_perception_modules:/home/amir/interbotix_ws/install/interbotix_common_modules:/opt/ros/humble /usr/bin/cmake /home/amir/interbotix_ws/src/realsense-ros/realsense2_camera -DCMAKE_INSTALL_PREFIX=/home/amir/interbotix_ws/install/realsense2_camera
[11.976s] Invoking command in '/home/amir/interbotix_ws/build/realsense2_camera': CMAKE_PREFIX_PATH=${CMAKE_PREFIX_PATH}:/home/amir/interbotix_ws/install/interbotix_xs_modules:/home/amir/interbotix_ws/install/interbotix_perception_modules:/home/amir/interbotix_ws/install/interbotix_common_modules:/opt/ros/humble /usr/bin/cmake --build /home/amir/interbotix_ws/build/realsense2_camera -- -j4 -l4
[12.085s] [  4%] [32mBuilding CXX object CMakeFiles/realsense2_camera_node.dir/rclcpp_components/node_main_realsense2_camera_node.cpp.o[0m
[12.085s] [  9%] [32mBuilding CXX object CMakeFiles/realsense2_camera.dir/src/realsense_node_factory.cpp.o[0m
[12.087s] [ 13%] [32mBuilding CXX object gtest/CMakeFiles/gtest.dir/src/gtest-all.cc.o[0m
[12.088s] [ 18%] [32mBuilding CXX object gtest/CMakeFiles/gtest_main.dir/src/gtest_main.cc.o[0m
[14.020s] [ 22%] [32m[1mLinking CXX static library libgtest_main.a[0m
[14.443s] [ 22%] Built target gtest_main
[14.470s] [ 27%] [32mBuilding CXX object CMakeFiles/realsense2_camera.dir/src/base_realsense_node.cpp.o[0m
[22.147s] [ 31%] [32m[1mLinking CXX executable realsense2_camera_node[0m
[22.480s] [ 31%] Built target realsense2_camera_node
[22.507s] [ 36%] [32mBuilding CXX object CMakeFiles/realsense2_camera.dir/src/parameters.cpp.o[0m
[32.192s] [ 40%] [32m[1mLinking CXX static library libgtest.a[0m
[32.353s] [ 40%] Built target gtest
[32.379s] [ 45%] [32mBuilding CXX object CMakeFiles/realsense2_camera.dir/src/rs_node_setup.cpp.o[0m
[40.077s] [ 50%] [32mBuilding CXX object CMakeFiles/gtest_template.dir/test/gtest_template.cpp.o[0m
[42.070s] [ 54%] [32m[1mLinking CXX executable gtest_template[0m
[42.291s] [ 54%] Built target gtest_template
[42.313s] [ 59%] [32mBuilding CXX object CMakeFiles/realsense2_camera.dir/src/ros_sensor.cpp.o[0m
[42.515s] [ 63%] [32mBuilding CXX object CMakeFiles/realsense2_camera.dir/src/ros_utils.cpp.o[0m
[51.689s] [ 68%] [32mBuilding CXX object CMakeFiles/realsense2_camera.dir/src/dynamic_params.cpp.o[0m
[52.552s] [ 72%] [32mBuilding CXX object CMakeFiles/realsense2_camera.dir/src/sensor_params.cpp.o[0m
[61.890s] [ 77%] [32mBuilding CXX object CMakeFiles/realsense2_camera.dir/src/named_filter.cpp.o[0m
[65.554s] [ 81%] [32mBuilding CXX object CMakeFiles/realsense2_camera.dir/src/profile_manager.cpp.o[0m
[66.570s] [ 86%] [32mBuilding CXX object CMakeFiles/realsense2_camera.dir/src/image_publisher.cpp.o[0m
[67.463s] [ 90%] [32mBuilding CXX object CMakeFiles/realsense2_camera.dir/src/tfs.cpp.o[0m
[88.389s] [ 95%] [32mBuilding CXX object CMakeFiles/realsense2_camera.dir/src/ros_param_backend.cpp.o[0m
[93.077s] [100%] [32m[1mLinking CXX shared library librealsense2_camera.so[0m
[93.891s] [100%] Built target realsense2_camera
[93.910s] Invoked command in '/home/amir/interbotix_ws/build/realsense2_camera' returned '0': CMAKE_PREFIX_PATH=${CMAKE_PREFIX_PATH}:/home/amir/interbotix_ws/install/interbotix_xs_modules:/home/amir/interbotix_ws/install/interbotix_perception_modules:/home/amir/interbotix_ws/install/interbotix_common_modules:/opt/ros/humble /usr/bin/cmake --build /home/amir/interbotix_ws/build/realsense2_camera -- -j4 -l4
[94.049s] Invoking command in '/home/amir/interbotix_ws/build/realsense2_camera': CMAKE_PREFIX_PATH=${CMAKE_PREFIX_PATH}:/home/amir/interbotix_ws/install/interbotix_xs_modules:/home/amir/interbotix_ws/install/interbotix_perception_modules:/home/amir/interbotix_ws/install/interbotix_common_modules:/opt/ros/humble /usr/bin/cmake --install /home/amir/interbotix_ws/build/realsense2_camera
[94.064s] -- Install configuration: "Release"
[94.064s] -- Installing: /home/amir/interbotix_ws/install/realsense2_camera/lib/realsense2_camera/realsense2_camera_node
[94.065s] -- Set runtime path of "/home/amir/interbotix_ws/install/realsense2_camera/lib/realsense2_camera/realsense2_camera_node" to ""
[94.065s] -- Installing: /home/amir/interbotix_ws/install/realsense2_camera/lib/librealsense2_camera.so
[94.069s] -- Set runtime path of "/home/amir/interbotix_ws/install/realsense2_camera/lib/librealsense2_camera.so" to ""
[94.069s] -- Installing: /home/amir/interbotix_ws/install/realsense2_camera/include
[94.069s] -- Installing: /home/amir/interbotix_ws/install/realsense2_camera/include/image_publisher.h
[94.070s] -- Installing: /home/amir/interbotix_ws/install/realsense2_camera/include/ros_utils.h
[94.070s] -- Installing: /home/amir/interbotix_ws/install/realsense2_camera/include/ros_param_backend.h
[94.070s] -- Installing: /home/amir/interbotix_ws/install/realsense2_camera/include/constants.h
[94.070s] -- Installing: /home/amir/interbotix_ws/install/realsense2_camera/include/named_filter.h
[94.070s] -- Installing: /home/amir/interbotix_ws/install/realsense2_camera/include/realsense_node_factory.h
[94.071s] -- Installing: /home/amir/interbotix_ws/install/realsense2_camera/include/ros_sensor.h
[94.071s] -- Installing: /home/amir/interbotix_ws/install/realsense2_camera/include/profile_manager.h
[94.071s] -- Installing: /home/amir/interbotix_ws/install/realsense2_camera/include/sensor_params.h
[94.071s] -- Installing: /home/amir/interbotix_ws/install/realsense2_camera/include/gl_window.h
[94.071s] -- Installing: /home/amir/interbotix_ws/install/realsense2_camera/include/dynamic_params.h
[94.071s] -- Installing: /home/amir/interbotix_ws/install/realsense2_camera/include/base_realsense_node.h
[94.071s] -- Installing: /home/amir/interbotix_ws/install/realsense2_camera/share/realsense2_camera/launch
[94.072s] -- Installing: /home/amir/interbotix_ws/install/realsense2_camera/share/realsense2_camera/launch/rs_launch.py
[94.072s] -- Installing: /home/amir/interbotix_ws/install/realsense2_camera/share/realsense2_camera/launch/default.rviz
[94.072s] -- Installing: /home/amir/interbotix_ws/install/realsense2_camera/share/realsense2_camera/launch/rs_multi_camera_launch.py
[94.072s] -- Installing: /home/amir/interbotix_ws/install/realsense2_camera/share/realsense2_camera/launch/rs_intra_process_demo_launch.py
[94.073s] -- Installing: /home/amir/interbotix_ws/install/realsense2_camera/share/realsense2_camera/examples
[94.073s] -- Installing: /home/amir/interbotix_ws/install/realsense2_camera/share/realsense2_camera/examples/dual_camera
[94.073s] -- Installing: /home/amir/interbotix_ws/install/realsense2_camera/share/realsense2_camera/examples/dual_camera/README.md
[94.073s] -- Installing: /home/amir/interbotix_ws/install/realsense2_camera/share/realsense2_camera/examples/dual_camera/rviz
[94.073s] -- Installing: /home/amir/interbotix_ws/install/realsense2_camera/share/realsense2_camera/examples/dual_camera/rviz/dual_camera_pointcloud.rviz
[94.074s] -- Installing: /home/amir/interbotix_ws/install/realsense2_camera/share/realsense2_camera/examples/dual_camera/rs_dual_camera_launch.py
[94.074s] -- Installing: /home/amir/interbotix_ws/install/realsense2_camera/share/realsense2_camera/examples/launch_from_rosbag
[94.074s] -- Installing: /home/amir/interbotix_ws/install/realsense2_camera/share/realsense2_camera/examples/launch_from_rosbag/README.md
[94.074s] -- Installing: /home/amir/interbotix_ws/install/realsense2_camera/share/realsense2_camera/examples/launch_from_rosbag/rs_launch_from_rosbag.py
[94.074s] -- Installing: /home/amir/interbotix_ws/install/realsense2_camera/share/realsense2_camera/examples/launch_params_from_file
[94.074s] -- Installing: /home/amir/interbotix_ws/install/realsense2_camera/share/realsense2_camera/examples/launch_params_from_file/README.md
[94.074s] -- Installing: /home/amir/interbotix_ws/install/realsense2_camera/share/realsense2_camera/examples/launch_params_from_file/rs_launch_get_params_from_yaml.py
[94.075s] -- Installing: /home/amir/interbotix_ws/install/realsense2_camera/share/realsense2_camera/examples/launch_params_from_file/config
[94.075s] -- Installing: /home/amir/interbotix_ws/install/realsense2_camera/share/realsense2_camera/examples/launch_params_from_file/config/config.yaml
[94.075s] -- Installing: /home/amir/interbotix_ws/install/realsense2_camera/share/realsense2_camera/examples/align_depth
[94.075s] -- Installing: /home/amir/interbotix_ws/install/realsense2_camera/share/realsense2_camera/examples/align_depth/README.md
[94.075s] -- Installing: /home/amir/interbotix_ws/install/realsense2_camera/share/realsense2_camera/examples/align_depth/rs_align_depth_launch.py
[94.076s] -- Installing: /home/amir/interbotix_ws/install/realsense2_camera/share/realsense2_camera/examples/pointcloud
[94.076s] -- Installing: /home/amir/interbotix_ws/install/realsense2_camera/share/realsense2_camera/examples/pointcloud/README.md
[94.076s] -- Installing: /home/amir/interbotix_ws/install/realsense2_camera/share/realsense2_camera/examples/pointcloud/rs_d455_pointcloud_launch.py
[94.076s] -- Installing: /home/amir/interbotix_ws/install/realsense2_camera/share/realsense2_camera/examples/pointcloud/rs_pointcloud_launch.py
[94.076s] -- Installing: /home/amir/interbotix_ws/install/realsense2_camera/share/realsense2_camera/examples/pointcloud/rviz
[94.076s] -- Installing: /home/amir/interbotix_ws/install/realsense2_camera/share/realsense2_camera/examples/pointcloud/rviz/urdf_pointcloud.rviz
[94.077s] -- Installing: /home/amir/interbotix_ws/install/realsense2_camera/share/realsense2_camera/examples/pointcloud/rviz/pointcloud.rviz
[94.077s] -- Installing: /home/amir/interbotix_ws/install/realsense2_camera/share/realsense2_camera/examples/pointcloud/rs_d405_pointcloud_launch.py
[94.077s] -- Installing: /home/amir/interbotix_ws/install/realsense2_camera/share/realsense2_camera/environment/library_path.sh
[94.077s] -- Installing: /home/amir/interbotix_ws/install/realsense2_camera/share/realsense2_camera/environment/library_path.dsv
[94.077s] -- Installing: /home/amir/interbotix_ws/install/realsense2_camera/share/ament_index/resource_index/package_run_dependencies/realsense2_camera
[94.078s] -- Installing: /home/amir/interbotix_ws/install/realsense2_camera/share/ament_index/resource_index/parent_prefix_path/realsense2_camera
[94.078s] -- Installing: /home/amir/interbotix_ws/install/realsense2_camera/share/realsense2_camera/environment/ament_prefix_path.sh
[94.078s] -- Installing: /home/amir/interbotix_ws/install/realsense2_camera/share/realsense2_camera/environment/ament_prefix_path.dsv
[94.078s] -- Installing: /home/amir/interbotix_ws/install/realsense2_camera/share/realsense2_camera/environment/path.sh
[94.079s] -- Installing: /home/amir/interbotix_ws/install/realsense2_camera/share/realsense2_camera/environment/path.dsv
[94.079s] -- Installing: /home/amir/interbotix_ws/install/realsense2_camera/share/realsense2_camera/local_setup.bash
[94.079s] -- Installing: /home/amir/interbotix_ws/install/realsense2_camera/share/realsense2_camera/local_setup.sh
[94.080s] -- Installing: /home/amir/interbotix_ws/install/realsense2_camera/share/realsense2_camera/local_setup.zsh
[94.080s] -- Installing: /home/amir/interbotix_ws/install/realsense2_camera/share/realsense2_camera/local_setup.dsv
[94.080s] -- Installing: /home/amir/interbotix_ws/install/realsense2_camera/share/realsense2_camera/package.dsv
[94.081s] -- Installing: /home/amir/interbotix_ws/install/realsense2_camera/share/ament_index/resource_index/packages/realsense2_camera
[94.081s] -- Installing: /home/amir/interbotix_ws/install/realsense2_camera/share/ament_index/resource_index/rclcpp_components/realsense2_camera
[94.081s] -- Installing: /home/amir/interbotix_ws/install/realsense2_camera/share/realsense2_camera/cmake/ament_cmake_export_include_directories-extras.cmake
[94.082s] -- Installing: /home/amir/interbotix_ws/install/realsense2_camera/share/realsense2_camera/cmake/ament_cmake_export_libraries-extras.cmake
[94.082s] -- Installing: /home/amir/interbotix_ws/install/realsense2_camera/share/realsense2_camera/cmake/ament_cmake_export_dependencies-extras.cmake
[94.082s] -- Installing: /home/amir/interbotix_ws/install/realsense2_camera/share/realsense2_camera/cmake/realsense2_cameraConfig.cmake
[94.082s] -- Installing: /home/amir/interbotix_ws/install/realsense2_camera/share/realsense2_camera/cmake/realsense2_cameraConfig-version.cmake
[94.083s] -- Installing: /home/amir/interbotix_ws/install/realsense2_camera/share/realsense2_camera/package.xml
[94.086s] Invoked command in '/home/amir/interbotix_ws/build/realsense2_camera' returned '0': CMAKE_PREFIX_PATH=${CMAKE_PREFIX_PATH}:/home/amir/interbotix_ws/install/interbotix_xs_modules:/home/amir/interbotix_ws/install/interbotix_perception_modules:/home/amir/interbotix_ws/install/interbotix_common_modules:/opt/ros/humble /usr/bin/cmake --install /home/amir/interbotix_ws/build/realsense2_camera
