[0.558s] Invoking command in '/home/amir/interbotix_ws/build/interbotix_common_sim': CMAKE_PREFIX_PATH=${CMAKE_PREFIX_PATH}:/home/amir/interbotix_ws/install/my_interbotix_controller:/home/amir/interbotix_ws/install/interbotix_xs_modules:/home/amir/interbotix_ws/install/interbotix_perception_modules:/home/amir/interbotix_ws/install/interbotix_common_modules:/opt/ros/humble PS1=\[\e]0;\u@\h: \w\a\]${debian_chroot:+($debian_chroot)}\[\033[01;32m\]\u@\h\[\033[00m\]:\[\033[01;34m\]\w\[\033[00m\]\$ /usr/bin/cmake /home/amir/interbotix_ws/src/interbotix_ros_toolboxes/interbotix_common_toolbox/interbotix_common_sim -DAMENT_CMAKE_SYMLINK_INSTALL=1 -DCMAKE_INSTALL_PREFIX=/home/amir/interbotix_ws/install/interbotix_common_sim
[0.736s] -- The C compiler identification is GNU 11.4.0
[0.910s] -- The CXX compiler identification is GNU 11.4.0
[0.935s] -- Detecting C compiler ABI info
[1.126s] -- Detecting C compiler ABI info - done
[1.156s] -- Check for working C compiler: /usr/bin/cc - skipped
[1.156s] -- Detecting C compile features
[1.157s] -- Detecting C compile features - done
[1.167s] -- Detecting CXX compiler ABI info
[1.416s] -- Detecting CXX compiler ABI info - done
[1.446s] -- Check for working CXX compiler: /usr/bin/c++ - skipped
[1.446s] -- Detecting CXX compile features
[1.447s] -- Detecting CXX compile features - done
[1.458s] -- Found ament_cmake: 1.3.10 (/opt/ros/humble/share/ament_cmake/cmake)
[2.489s] -- Found Python3: /usr/bin/python3 (found version "3.10.12") found components: Interpreter 
[2.653s] -- Override CMake install command with custom implementation using symlinks instead of copying resources
[2.726s] -- Found ament_lint_auto: 0.12.11 (/opt/ros/humble/share/ament_lint_auto/cmake)
[2.904s] -- Configuring done
[2.910s] -- Generating done
[2.913s] -- Build files have been written to: /home/amir/interbotix_ws/build/interbotix_common_sim
[2.921s] Invoked command in '/home/amir/interbotix_ws/build/interbotix_common_sim' returned '0': CMAKE_PREFIX_PATH=${CMAKE_PREFIX_PATH}:/home/amir/interbotix_ws/install/my_interbotix_controller:/home/amir/interbotix_ws/install/interbotix_xs_modules:/home/amir/interbotix_ws/install/interbotix_perception_modules:/home/amir/interbotix_ws/install/interbotix_common_modules:/opt/ros/humble PS1=\[\e]0;\u@\h: \w\a\]${debian_chroot:+($debian_chroot)}\[\033[01;32m\]\u@\h\[\033[00m\]:\[\033[01;34m\]\w\[\033[00m\]\$ /usr/bin/cmake /home/amir/interbotix_ws/src/interbotix_ros_toolboxes/interbotix_common_toolbox/interbotix_common_sim -DAMENT_CMAKE_SYMLINK_INSTALL=1 -DCMAKE_INSTALL_PREFIX=/home/amir/interbotix_ws/install/interbotix_common_sim
[2.927s] Invoking command in '/home/amir/interbotix_ws/build/interbotix_common_sim': CMAKE_PREFIX_PATH=${CMAKE_PREFIX_PATH}:/home/amir/interbotix_ws/install/my_interbotix_controller:/home/amir/interbotix_ws/install/interbotix_xs_modules:/home/amir/interbotix_ws/install/interbotix_perception_modules:/home/amir/interbotix_ws/install/interbotix_common_modules:/opt/ros/humble PS1=\[\e]0;\u@\h: \w\a\]${debian_chroot:+($debian_chroot)}\[\033[01;32m\]\u@\h\[\033[00m\]:\[\033[01;34m\]\w\[\033[00m\]\$ /usr/bin/cmake --build /home/amir/interbotix_ws/build/interbotix_common_sim -- -j4 -l4
[3.021s] Invoked command in '/home/amir/interbotix_ws/build/interbotix_common_sim' returned '0': CMAKE_PREFIX_PATH=${CMAKE_PREFIX_PATH}:/home/amir/interbotix_ws/install/my_interbotix_controller:/home/amir/interbotix_ws/install/interbotix_xs_modules:/home/amir/interbotix_ws/install/interbotix_perception_modules:/home/amir/interbotix_ws/install/interbotix_common_modules:/opt/ros/humble PS1=\[\e]0;\u@\h: \w\a\]${debian_chroot:+($debian_chroot)}\[\033[01;32m\]\u@\h\[\033[00m\]:\[\033[01;34m\]\w\[\033[00m\]\$ /usr/bin/cmake --build /home/amir/interbotix_ws/build/interbotix_common_sim -- -j4 -l4
[3.101s] Invoking command in '/home/amir/interbotix_ws/build/interbotix_common_sim': CMAKE_PREFIX_PATH=${CMAKE_PREFIX_PATH}:/home/amir/interbotix_ws/install/my_interbotix_controller:/home/amir/interbotix_ws/install/interbotix_xs_modules:/home/amir/interbotix_ws/install/interbotix_perception_modules:/home/amir/interbotix_ws/install/interbotix_common_modules:/opt/ros/humble PS1=\[\e]0;\u@\h: \w\a\]${debian_chroot:+($debian_chroot)}\[\033[01;32m\]\u@\h\[\033[00m\]:\[\033[01;34m\]\w\[\033[00m\]\$ /usr/bin/cmake --install /home/amir/interbotix_ws/build/interbotix_common_sim
[3.122s] -- Install configuration: ""
[3.122s] -- Execute custom install script
[3.124s] -- Symlinking: /home/amir/interbotix_ws/install/interbotix_common_sim/share/interbotix_common_sim/models/RealSenseD415/RealSenseD415.sdf
[3.144s] -- Symlinking: /home/amir/interbotix_ws/install/interbotix_common_sim/share/interbotix_common_sim/models/RealSenseD415/camera.stl
[3.164s] -- Symlinking: /home/amir/interbotix_ws/install/interbotix_common_sim/share/interbotix_common_sim/models/RealSenseD415/model.config
[3.184s] -- Symlinking: /home/amir/interbotix_ws/install/interbotix_common_sim/share/interbotix_common_sim/models/TrossenRoboticsOfficeBuilding/TrossenRoboticsOfficeBuilding.sdf
[3.205s] -- Symlinking: /home/amir/interbotix_ws/install/interbotix_common_sim/share/interbotix_common_sim/models/TrossenRoboticsOfficeBuilding/model.config
[3.228s] -- Symlinking: /home/amir/interbotix_ws/install/interbotix_common_sim/share/interbotix_common_sim/models/VisionKit/VisionKit.sdf
[3.248s] -- Symlinking: /home/amir/interbotix_ws/install/interbotix_common_sim/share/interbotix_common_sim/models/VisionKit/model.config
[3.269s] -- Symlinking: /home/amir/interbotix_ws/install/interbotix_common_sim/share/interbotix_common_sim/models/VisionKit/stand.stl
[3.289s] -- Symlinking: /home/amir/interbotix_ws/install/interbotix_common_sim/share/interbotix_common_sim/worlds/interbotix.world
[3.311s] -- Symlinking: /home/amir/interbotix_ws/install/interbotix_common_sim/share/interbotix_common_sim/worlds/vision_kit.world
[3.333s] -- Symlinking: /home/amir/interbotix_ws/install/interbotix_common_sim/share/interbotix_common_sim/media/interbotix_black.png
[3.355s] -- Symlinking: /home/amir/interbotix_ws/install/interbotix_common_sim/share/interbotix_common_sim/media/materials/scripts/interbotix_black.material
[3.374s] -- Symlinking: /home/amir/interbotix_ws/install/interbotix_common_sim/share/interbotix_common_sim/media/materials/scripts/interbotix_texture.gazebo
[3.396s] -- Symlinking: /home/amir/interbotix_ws/install/interbotix_common_sim/share/interbotix_common_sim/media/materials/textures/interbotix_black.png
[3.417s] -- Symlinking: /home/amir/interbotix_ws/install/interbotix_common_sim/share/ament_index/resource_index/package_run_dependencies/interbotix_common_sim
[3.441s] -- Symlinking: /home/amir/interbotix_ws/install/interbotix_common_sim/share/ament_index/resource_index/parent_prefix_path/interbotix_common_sim
[3.461s] -- Symlinking: /home/amir/interbotix_ws/install/interbotix_common_sim/share/interbotix_common_sim/environment/ament_prefix_path.sh
[3.483s] -- Symlinking: /home/amir/interbotix_ws/install/interbotix_common_sim/share/interbotix_common_sim/environment/ament_prefix_path.dsv
[3.502s] -- Symlinking: /home/amir/interbotix_ws/install/interbotix_common_sim/share/interbotix_common_sim/environment/path.sh
[3.528s] -- Symlinking: /home/amir/interbotix_ws/install/interbotix_common_sim/share/interbotix_common_sim/environment/path.dsv
[3.550s] -- Symlinking: /home/amir/interbotix_ws/install/interbotix_common_sim/share/interbotix_common_sim/local_setup.bash
[3.572s] -- Symlinking: /home/amir/interbotix_ws/install/interbotix_common_sim/share/interbotix_common_sim/local_setup.sh
[3.596s] -- Symlinking: /home/amir/interbotix_ws/install/interbotix_common_sim/share/interbotix_common_sim/local_setup.zsh
[3.643s] -- Symlinking: /home/amir/interbotix_ws/install/interbotix_common_sim/share/interbotix_common_sim/local_setup.dsv
[3.687s] -- Symlinking: /home/amir/interbotix_ws/install/interbotix_common_sim/share/interbotix_common_sim/package.dsv
[3.737s] -- Symlinking: /home/amir/interbotix_ws/install/interbotix_common_sim/share/ament_index/resource_index/packages/interbotix_common_sim
[3.798s] -- Symlinking: /home/amir/interbotix_ws/install/interbotix_common_sim/share/interbotix_common_sim/cmake/interbotix_common_simConfig.cmake
[3.855s] -- Symlinking: /home/amir/interbotix_ws/install/interbotix_common_sim/share/interbotix_common_sim/cmake/interbotix_common_simConfig-version.cmake
[3.903s] -- Symlinking: /home/amir/interbotix_ws/install/interbotix_common_sim/share/interbotix_common_sim/package.xml
[3.937s] Invoked command in '/home/amir/interbotix_ws/build/interbotix_common_sim' returned '0': CMAKE_PREFIX_PATH=${CMAKE_PREFIX_PATH}:/home/amir/interbotix_ws/install/my_interbotix_controller:/home/amir/interbotix_ws/install/interbotix_xs_modules:/home/amir/interbotix_ws/install/interbotix_perception_modules:/home/amir/interbotix_ws/install/interbotix_common_modules:/opt/ros/humble PS1=\[\e]0;\u@\h: \w\a\]${debian_chroot:+($debian_chroot)}\[\033[01;32m\]\u@\h\[\033[00m\]:\[\033[01;34m\]\w\[\033[00m\]\$ /usr/bin/cmake --install /home/amir/interbotix_ws/build/interbotix_common_sim
