[2.367s] Invoking command in '/home/amir/camera_intel/src/camera_intel': PYTHONPATH=/home/amir/camera_intel/build/camera_intel/prefix_override:/usr/lib/python3/dist-packages/colcon_core/task/python/colcon_distutils_commands:/home/amir/camera_intel/install/camera_intel/lib/python3.10/site-packages:${PYTHONPATH} /usr/bin/python3 -W ignore:setup.py install is deprecated setup.py egg_info --egg-base ../../build/camera_intel build --build-base /home/amir/camera_intel/build/camera_intel/build install --record /home/amir/camera_intel/build/camera_intel/install.log --single-version-externally-managed install_data
[2.895s] running egg_info
[2.935s] writing ../../build/camera_intel/camera_intel.egg-info/PKG-INFO
[2.935s] writing dependency_links to ../../build/camera_intel/camera_intel.egg-info/dependency_links.txt
[2.935s] writing entry points to ../../build/camera_intel/camera_intel.egg-info/entry_points.txt
[2.936s] writing requirements to ../../build/camera_intel/camera_intel.egg-info/requires.txt
[2.936s] writing top-level names to ../../build/camera_intel/camera_intel.egg-info/top_level.txt
[3.014s] reading manifest file '../../build/camera_intel/camera_intel.egg-info/SOURCES.txt'
[3.015s] writing manifest file '../../build/camera_intel/camera_intel.egg-info/SOURCES.txt'
[3.016s] running build
[3.016s] running build_py
[3.017s] copying camera_intel/intel_pub.py -> /home/amir/camera_intel/build/camera_intel/build/lib/camera_intel
[3.018s] running install
[3.030s] running install_lib
[3.071s] copying /home/amir/camera_intel/build/camera_intel/build/lib/camera_intel/intel_pub.py -> /home/amir/camera_intel/install/camera_intel/lib/python3.10/site-packages/camera_intel
[3.073s] byte-compiling /home/amir/camera_intel/install/camera_intel/lib/python3.10/site-packages/camera_intel/intel_pub.py to intel_pub.cpython-310.pyc
[3.074s] running install_data
[3.075s] running install_egg_info
[3.117s] removing '/home/amir/camera_intel/install/camera_intel/lib/python3.10/site-packages/camera_intel-0.0.0-py3.10.egg-info' (and everything under it)
[3.118s] Copying ../../build/camera_intel/camera_intel.egg-info to /home/amir/camera_intel/install/camera_intel/lib/python3.10/site-packages/camera_intel-0.0.0-py3.10.egg-info
[3.120s] running install_scripts
[3.498s] Installing Depth_wcoordinate script to /home/amir/camera_intel/install/camera_intel/lib/camera_intel
[3.498s] Installing camera_publisher script to /home/amir/camera_intel/install/camera_intel/lib/camera_intel
[3.498s] Installing camera_subscriber script to /home/amir/camera_intel/install/camera_intel/lib/camera_intel
[3.499s] Installing intel_pub script to /home/amir/camera_intel/install/camera_intel/lib/camera_intel
[3.499s] Installing intel_sub script to /home/amir/camera_intel/install/camera_intel/lib/camera_intel
[3.499s] Installing real_time_test_publisher script to /home/amir/camera_intel/install/camera_intel/lib/camera_intel
[3.500s] Installing real_time_test_subscriber script to /home/amir/camera_intel/install/camera_intel/lib/camera_intel
[3.501s] writing list of installed files to '/home/amir/camera_intel/build/camera_intel/install.log'
[3.554s] Invoked command in '/home/amir/camera_intel/src/camera_intel' returned '0': PYTHONPATH=/home/amir/camera_intel/build/camera_intel/prefix_override:/usr/lib/python3/dist-packages/colcon_core/task/python/colcon_distutils_commands:/home/amir/camera_intel/install/camera_intel/lib/python3.10/site-packages:${PYTHONPATH} /usr/bin/python3 -W ignore:setup.py install is deprecated setup.py egg_info --egg-base ../../build/camera_intel build --build-base /home/amir/camera_intel/build/camera_intel/build install --record /home/amir/camera_intel/build/camera_intel/install.log --single-version-externally-managed install_data
