[1.816s] Invoking command in '/home/amir/camera_intel/build/camera_intel': PYTHONPATH=/home/amir/camera_intel/build/camera_intel/prefix_override:/usr/lib/python3/dist-packages/colcon_core/task/python/colcon_distutils_commands:/home/amir/camera_intel/install/camera_intel/lib/python3.10/site-packages:${PYTHONPATH} /usr/bin/python3 -W ignore:setup.py install is deprecated setup.py develop --uninstall --editable --build-directory /home/amir/camera_intel/build/camera_intel/build
[2.319s] running develop
[2.323s] /home/amir/.local/lib/python3.10/site-packages/setuptools/command/easy_install.py:144: EasyInstallDeprecationWarning: easy_install command is deprecated. Use build and pip and other standards-based tools.
[2.323s]   warnings.warn(
[2.694s] Removing /home/amir/camera_intel/install/camera_intel/lib/python3.10/site-packages/camera-intel.egg-link (link to .)
[2.737s] Invoked command in '/home/amir/camera_intel/build/camera_intel' returned '0': PYTHONPATH=/home/amir/camera_intel/build/camera_intel/prefix_override:/usr/lib/python3/dist-packages/colcon_core/task/python/colcon_distutils_commands:/home/amir/camera_intel/install/camera_intel/lib/python3.10/site-packages:${PYTHONPATH} /usr/bin/python3 -W ignore:setup.py install is deprecated setup.py develop --uninstall --editable --build-directory /home/amir/camera_intel/build/camera_intel/build
[2.739s] Invoking command in '/home/amir/camera_intel/src/camera_intel': PYTHONPATH=/home/amir/camera_intel/build/camera_intel/prefix_override:/usr/lib/python3/dist-packages/colcon_core/task/python/colcon_distutils_commands:/home/amir/camera_intel/install/camera_intel/lib/python3.10/site-packages:${PYTHONPATH} /usr/bin/python3 -W ignore:setup.py install is deprecated setup.py egg_info --egg-base ../../build/camera_intel build --build-base /home/amir/camera_intel/build/camera_intel/build install --record /home/amir/camera_intel/build/camera_intel/install.log --single-version-externally-managed install_data --force
[3.125s] running egg_info
[3.152s] writing ../../build/camera_intel/camera_intel.egg-info/PKG-INFO
[3.152s] writing dependency_links to ../../build/camera_intel/camera_intel.egg-info/dependency_links.txt
[3.152s] writing entry points to ../../build/camera_intel/camera_intel.egg-info/entry_points.txt
[3.153s] writing requirements to ../../build/camera_intel/camera_intel.egg-info/requires.txt
[3.153s] writing top-level names to ../../build/camera_intel/camera_intel.egg-info/top_level.txt
[3.204s] reading manifest file '../../build/camera_intel/camera_intel.egg-info/SOURCES.txt'
[3.206s] writing manifest file '../../build/camera_intel/camera_intel.egg-info/SOURCES.txt'
[3.206s] running build
[3.206s] running build_py
[3.207s] creating /home/amir/camera_intel/build/camera_intel/build
[3.207s] creating /home/amir/camera_intel/build/camera_intel/build/lib
[3.207s] creating /home/amir/camera_intel/build/camera_intel/build/lib/camera_intel
[3.207s] copying camera_intel/__init__.py -> /home/amir/camera_intel/build/camera_intel/build/lib/camera_intel
[3.208s] copying camera_intel/intel_sub.py -> /home/amir/camera_intel/build/camera_intel/build/lib/camera_intel
[3.208s] copying camera_intel/intel_pub.py -> /home/amir/camera_intel/build/camera_intel/build/lib/camera_intel
[3.208s] copying camera_intel/camer_publisher.py -> /home/amir/camera_intel/build/camera_intel/build/lib/camera_intel
[3.208s] copying camera_intel/camer_subscriber.py -> /home/amir/camera_intel/build/camera_intel/build/lib/camera_intel
[3.209s] running install
[3.217s] running install_lib
[3.244s] creating /home/amir/camera_intel/install/camera_intel/lib/python3.10/site-packages/camera_intel
[3.244s] copying /home/amir/camera_intel/build/camera_intel/build/lib/camera_intel/__init__.py -> /home/amir/camera_intel/install/camera_intel/lib/python3.10/site-packages/camera_intel
[3.244s] copying /home/amir/camera_intel/build/camera_intel/build/lib/camera_intel/intel_sub.py -> /home/amir/camera_intel/install/camera_intel/lib/python3.10/site-packages/camera_intel
[3.245s] copying /home/amir/camera_intel/build/camera_intel/build/lib/camera_intel/intel_pub.py -> /home/amir/camera_intel/install/camera_intel/lib/python3.10/site-packages/camera_intel
[3.245s] copying /home/amir/camera_intel/build/camera_intel/build/lib/camera_intel/camer_publisher.py -> /home/amir/camera_intel/install/camera_intel/lib/python3.10/site-packages/camera_intel
[3.245s] copying /home/amir/camera_intel/build/camera_intel/build/lib/camera_intel/camer_subscriber.py -> /home/amir/camera_intel/install/camera_intel/lib/python3.10/site-packages/camera_intel
[3.246s] byte-compiling /home/amir/camera_intel/install/camera_intel/lib/python3.10/site-packages/camera_intel/__init__.py to __init__.cpython-310.pyc
[3.246s] byte-compiling /home/amir/camera_intel/install/camera_intel/lib/python3.10/site-packages/camera_intel/intel_sub.py to intel_sub.cpython-310.pyc
[3.247s] byte-compiling /home/amir/camera_intel/install/camera_intel/lib/python3.10/site-packages/camera_intel/intel_pub.py to intel_pub.cpython-310.pyc
[3.248s] byte-compiling /home/amir/camera_intel/install/camera_intel/lib/python3.10/site-packages/camera_intel/camer_publisher.py to camer_publisher.cpython-310.pyc
[3.249s] byte-compiling /home/amir/camera_intel/install/camera_intel/lib/python3.10/site-packages/camera_intel/camer_subscriber.py to camer_subscriber.cpython-310.pyc
[3.250s] running install_data
[3.250s] copying resource/camera_intel -> /home/amir/camera_intel/install/camera_intel/share/ament_index/resource_index/packages
[3.250s] copying package.xml -> /home/amir/camera_intel/install/camera_intel/share/camera_intel
[3.251s] running install_egg_info
[3.280s] Copying ../../build/camera_intel/camera_intel.egg-info to /home/amir/camera_intel/install/camera_intel/lib/python3.10/site-packages/camera_intel-0.0.0-py3.10.egg-info
[3.283s] running install_scripts
[3.555s] Installing camera_publisher script to /home/amir/camera_intel/install/camera_intel/lib/camera_intel
[3.556s] Installing camera_subscriber script to /home/amir/camera_intel/install/camera_intel/lib/camera_intel
[3.556s] Installing intel_pub script to /home/amir/camera_intel/install/camera_intel/lib/camera_intel
[3.556s] Installing intel_sub script to /home/amir/camera_intel/install/camera_intel/lib/camera_intel
[3.557s] writing list of installed files to '/home/amir/camera_intel/build/camera_intel/install.log'
[3.594s] Invoked command in '/home/amir/camera_intel/src/camera_intel' returned '0': PYTHONPATH=/home/amir/camera_intel/build/camera_intel/prefix_override:/usr/lib/python3/dist-packages/colcon_core/task/python/colcon_distutils_commands:/home/amir/camera_intel/install/camera_intel/lib/python3.10/site-packages:${PYTHONPATH} /usr/bin/python3 -W ignore:setup.py install is deprecated setup.py egg_info --egg-base ../../build/camera_intel build --build-base /home/amir/camera_intel/build/camera_intel/build install --record /home/amir/camera_intel/build/camera_intel/install.log --single-version-externally-managed install_data --force
