[0.041s] Invoking command in '/home/amir/interbotix_ws/build/interbotix_common_sim': CMAKE_PREFIX_PATH=${CMAKE_PREFIX_PATH}:/home/amir/camera_intel/install/camera_intel:/home/amir/interbotix_ws/install/interbotix_xs_modules:/home/amir/interbotix_ws/install/interbotix_perception_modules:/home/amir/interbotix_ws/install/interbotix_common_modules:/opt/ros/humble /usr/bin/cmake /home/amir/interbotix_ws/src/interbotix_ros_toolboxes/interbotix_common_toolbox/interbotix_common_sim -DCMAKE_INSTALL_PREFIX=/home/amir/interbotix_ws/install/interbotix_common_sim
[0.080s] -- Found ament_cmake: 1.3.10 (/opt/ros/humble/share/ament_cmake/cmake)
[0.501s] -- Override CMake install command with custom implementation using symlinks instead of copying resources
[0.530s] -- Found ament_lint_auto: 0.12.11 (/opt/ros/humble/share/ament_lint_auto/cmake)
[0.792s] -- Configuring done
[0.814s] -- Generating done
[0.820s] -- Build files have been written to: /home/amir/interbotix_ws/build/interbotix_common_sim
[0.840s] Invoked command in '/home/amir/interbotix_ws/build/interbotix_common_sim' returned '0': CMAKE_PREFIX_PATH=${CMAKE_PREFIX_PATH}:/home/amir/camera_intel/install/camera_intel:/home/amir/interbotix_ws/install/interbotix_xs_modules:/home/amir/interbotix_ws/install/interbotix_perception_modules:/home/amir/interbotix_ws/install/interbotix_common_modules:/opt/ros/humble /usr/bin/cmake /home/amir/interbotix_ws/src/interbotix_ros_toolboxes/interbotix_common_toolbox/interbotix_common_sim -DCMAKE_INSTALL_PREFIX=/home/amir/interbotix_ws/install/interbotix_common_sim
[0.842s] Invoking command in '/home/amir/interbotix_ws/build/interbotix_common_sim': CMAKE_PREFIX_PATH=${CMAKE_PREFIX_PATH}:/home/amir/camera_intel/install/camera_intel:/home/amir/interbotix_ws/install/interbotix_xs_modules:/home/amir/interbotix_ws/install/interbotix_perception_modules:/home/amir/interbotix_ws/install/interbotix_common_modules:/opt/ros/humble /usr/bin/cmake --build /home/amir/interbotix_ws/build/interbotix_common_sim -- -j4 -l4
[0.973s] Invoked command in '/home/amir/interbotix_ws/build/interbotix_common_sim' returned '0': CMAKE_PREFIX_PATH=${CMAKE_PREFIX_PATH}:/home/amir/camera_intel/install/camera_intel:/home/amir/interbotix_ws/install/interbotix_xs_modules:/home/amir/interbotix_ws/install/interbotix_perception_modules:/home/amir/interbotix_ws/install/interbotix_common_modules:/opt/ros/humble /usr/bin/cmake --build /home/amir/interbotix_ws/build/interbotix_common_sim -- -j4 -l4
[1.057s] Invoking command in '/home/amir/interbotix_ws/build/interbotix_common_sim': CMAKE_PREFIX_PATH=${CMAKE_PREFIX_PATH}:/home/amir/camera_intel/install/camera_intel:/home/amir/interbotix_ws/install/interbotix_xs_modules:/home/amir/interbotix_ws/install/interbotix_perception_modules:/home/amir/interbotix_ws/install/interbotix_common_modules:/opt/ros/humble /usr/bin/cmake --install /home/amir/interbotix_ws/build/interbotix_common_sim
[1.081s] -- Install configuration: ""
[1.084s] -- Execute custom install script
[1.085s] -- Up-to-date symlink: /home/amir/interbotix_ws/install/interbotix_common_sim/share/interbotix_common_sim/models/RealSenseD415/RealSenseD415.sdf
[1.085s] -- Up-to-date symlink: /home/amir/interbotix_ws/install/interbotix_common_sim/share/interbotix_common_sim/models/RealSenseD415/camera.stl
[1.086s] -- Up-to-date symlink: /home/amir/interbotix_ws/install/interbotix_common_sim/share/interbotix_common_sim/models/RealSenseD415/model.config
[1.087s] -- Up-to-date symlink: /home/amir/interbotix_ws/install/interbotix_common_sim/share/interbotix_common_sim/models/TrossenRoboticsOfficeBuilding/TrossenRoboticsOfficeBuilding.sdf
[1.088s] -- Up-to-date symlink: /home/amir/interbotix_ws/install/interbotix_common_sim/share/interbotix_common_sim/models/TrossenRoboticsOfficeBuilding/model.config
[1.089s] -- Up-to-date symlink: /home/amir/interbotix_ws/install/interbotix_common_sim/share/interbotix_common_sim/models/VisionKit/VisionKit.sdf
[1.090s] -- Up-to-date symlink: /home/amir/interbotix_ws/install/interbotix_common_sim/share/interbotix_common_sim/models/VisionKit/model.config
[1.092s] -- Up-to-date symlink: /home/amir/interbotix_ws/install/interbotix_common_sim/share/interbotix_common_sim/models/VisionKit/stand.stl
[1.093s] -- Up-to-date symlink: /home/amir/interbotix_ws/install/interbotix_common_sim/share/interbotix_common_sim/worlds/interbotix.world
[1.093s] -- Up-to-date symlink: /home/amir/interbotix_ws/install/interbotix_common_sim/share/interbotix_common_sim/worlds/vision_kit.world
[1.094s] -- Up-to-date symlink: /home/amir/interbotix_ws/install/interbotix_common_sim/share/interbotix_common_sim/media/interbotix_black.png
[1.095s] -- Up-to-date symlink: /home/amir/interbotix_ws/install/interbotix_common_sim/share/interbotix_common_sim/media/materials/scripts/interbotix_black.material
[1.096s] -- Up-to-date symlink: /home/amir/interbotix_ws/install/interbotix_common_sim/share/interbotix_common_sim/media/materials/scripts/interbotix_texture.gazebo
[1.097s] -- Up-to-date symlink: /home/amir/interbotix_ws/install/interbotix_common_sim/share/interbotix_common_sim/media/materials/textures/interbotix_black.png
[1.097s] -- Up-to-date symlink: /home/amir/interbotix_ws/install/interbotix_common_sim/share/ament_index/resource_index/package_run_dependencies/interbotix_common_sim
[1.098s] -- Up-to-date symlink: /home/amir/interbotix_ws/install/interbotix_common_sim/share/ament_index/resource_index/parent_prefix_path/interbotix_common_sim
[1.098s] -- Up-to-date symlink: /home/amir/interbotix_ws/install/interbotix_common_sim/share/interbotix_common_sim/environment/ament_prefix_path.sh
[1.100s] -- Up-to-date symlink: /home/amir/interbotix_ws/install/interbotix_common_sim/share/interbotix_common_sim/environment/ament_prefix_path.dsv
[1.101s] -- Up-to-date symlink: /home/amir/interbotix_ws/install/interbotix_common_sim/share/interbotix_common_sim/environment/path.sh
[1.101s] -- Up-to-date symlink: /home/amir/interbotix_ws/install/interbotix_common_sim/share/interbotix_common_sim/environment/path.dsv
[1.104s] -- Up-to-date symlink: /home/amir/interbotix_ws/install/interbotix_common_sim/share/interbotix_common_sim/local_setup.bash
[1.110s] -- Up-to-date symlink: /home/amir/interbotix_ws/install/interbotix_common_sim/share/interbotix_common_sim/local_setup.sh
[1.110s] -- Up-to-date symlink: /home/amir/interbotix_ws/install/interbotix_common_sim/share/interbotix_common_sim/local_setup.zsh
[1.111s] -- Up-to-date symlink: /home/amir/interbotix_ws/install/interbotix_common_sim/share/interbotix_common_sim/local_setup.dsv
[1.111s] -- Symlinking: /home/amir/interbotix_ws/install/interbotix_common_sim/share/interbotix_common_sim/package.dsv
[1.145s] -- Up-to-date symlink: /home/amir/interbotix_ws/install/interbotix_common_sim/share/ament_index/resource_index/packages/interbotix_common_sim
[1.146s] -- Up-to-date symlink: /home/amir/interbotix_ws/install/interbotix_common_sim/share/interbotix_common_sim/cmake/interbotix_common_simConfig.cmake
[1.147s] -- Up-to-date symlink: /home/amir/interbotix_ws/install/interbotix_common_sim/share/interbotix_common_sim/cmake/interbotix_common_simConfig-version.cmake
[1.151s] -- Up-to-date symlink: /home/amir/interbotix_ws/install/interbotix_common_sim/share/interbotix_common_sim/package.xml
[1.152s] Invoked command in '/home/amir/interbotix_ws/build/interbotix_common_sim' returned '0': CMAKE_PREFIX_PATH=${CMAKE_PREFIX_PATH}:/home/amir/camera_intel/install/camera_intel:/home/amir/interbotix_ws/install/interbotix_xs_modules:/home/amir/interbotix_ws/install/interbotix_perception_modules:/home/amir/interbotix_ws/install/interbotix_common_modules:/opt/ros/humble /usr/bin/cmake --install /home/amir/interbotix_ws/build/interbotix_common_sim
