[0.058s] Invoking command in '/home/amir/interbotix_ws/build/interbotix_xs_rviz': CMAKE_PREFIX_PATH=/home/amir/interbotix_ws/install/interbotix_xs_sdk:/home/amir/interbotix_ws/install/interbotix_xs_driver:/home/amir/interbotix_ws/install/interbotix_xs_msgs:/home/amir/interbotix_ws/install/dynamixel_workbench_toolbox:/home/amir/interbotix_ws/install/interbotix_ros_xsarms_examples:/home/amir/interbotix_ws/install/interbotix_xsarm_moveit_interface:/home/amir/interbotix_ws/install/interbotix_moveit_interface:/home/amir/interbotix_ws/install/moveit_visual_tools:/home/amir/interbotix_ws/install/interbotix_ros_xsarms:/home/amir/interbotix_ws/install/interbotix_xsarm_moveit:/home/amir/interbotix_ws/install/interbotix_xsarm_sim:/home/amir/interbotix_ws/install/interbotix_xsarm_ros_control:/home/amir/interbotix_ws/install/interbotix_xsarm_puppet:/home/amir/interbotix_ws/install/interbotix_xsarm_perception:/home/amir/interbotix_ws/install/interbotix_xsarm_joy:/home/amir/interbotix_ws/install/interbotix_xsarm_gravity_compensation:/home/amir/interbotix_ws/install/interbotix_xsarm_dual:/home/amir/interbotix_ws/install/interbotix_xsarm_control:/home/amir/interbotix_ws/install/interbotix_xsarm_descriptions:/home/amir/interbotix_ws/install/interbotix_xs_toolbox:/home/amir/interbotix_ws/install/interbotix_xs_rviz:/home/amir/interbotix_ws/install/interbotix_ros_xseries:/home/amir/interbotix_ws/install/interbotix_xs_ros_control:/home/amir/interbotix_ws/install/interbotix_perception_toolbox:/home/amir/interbotix_ws/install/interbotix_perception_pipelines:/home/amir/interbotix_ws/install/interbotix_common_toolbox:/home/amir/interbotix_ws/install/interbotix_gravity_compensation:/home/amir/interbotix_ws/install/interbotix_tf_tools:/home/amir/interbotix_ws/install/interbotix_perception_msgs:/home/amir/interbotix_ws/install/interbotix_moveit_interface_msgs:/home/amir/interbotix_ws/install/interbotix_common_sim:/home/amir/apriltag_ws/install/apriltag_ros:/home/amir/interbotix_ws/install/my_interbotix_controller:/home/amir/interbotix_ws/install/interbotix_xs_modules:/home/amir/interbotix_ws/install/interbotix_perception_modules:/home/amir/interbotix_ws/install/interbotix_common_modules:/opt/ros/humble LD_LIBRARY_PATH=/home/amir/interbotix_ws/install/interbotix_xs_driver/lib:/home/amir/interbotix_ws/install/interbotix_xs_msgs/lib:/home/amir/interbotix_ws/install/dynamixel_workbench_toolbox/lib:/home/amir/interbotix_ws/install/moveit_visual_tools/lib:/home/amir/interbotix_ws/install/interbotix_xs_rviz/lib:/home/amir/interbotix_ws/install/interbotix_xs_ros_control/lib:/home/amir/interbotix_ws/install/interbotix_tf_tools/lib:/home/amir/interbotix_ws/install/interbotix_perception_msgs/lib:/home/amir/interbotix_ws/install/interbotix_moveit_interface_msgs/lib:/home/amir/apriltag_ws/install/apriltag_ros/lib:/opt/ros/humble/opt/rviz_ogre_vendor/lib:/opt/ros/humble/lib/x86_64-linux-gnu:/opt/ros/humble/lib PS1=\[\e]0;\u@\h: \w\a\]${debian_chroot:+($debian_chroot)}\[\033[01;32m\]\u@\h\[\033[00m\]:\[\033[01;34m\]\w\[\033[00m\]\$ /usr/bin/cmake /home/amir/interbotix_ws/src/interbotix_ros_toolboxes/interbotix_xs_toolbox/interbotix_xs_rviz -DAMENT_CMAKE_SYMLINK_INSTALL=1 -DCMAKE_INSTALL_PREFIX=/home/amir/interbotix_ws/install/interbotix_xs_rviz
[0.200s] -- The C compiler identification is GNU 11.4.0
[0.345s] -- The CXX compiler identification is GNU 11.4.0
[0.364s] -- Detecting C compiler ABI info
[0.537s] -- Detecting C compiler ABI info - done
[0.565s] -- Check for working C compiler: /usr/bin/cc - skipped
[0.566s] -- Detecting C compile features
[0.568s] -- Detecting C compile features - done
[0.578s] -- Detecting CXX compiler ABI info
[0.779s] -- Detecting CXX compiler ABI info - done
[0.806s] -- Check for working CXX compiler: /usr/bin/c++ - skipped
[0.808s] -- Detecting CXX compile features
[0.809s] -- Detecting CXX compile features - done
[0.820s] -- Found ament_cmake: 1.3.10 (/opt/ros/humble/share/ament_cmake/cmake)
[1.746s] -- Found Python3: /usr/bin/python3 (found version "3.10.12") found components: Interpreter 
[1.916s] -- Override CMake install command with custom implementation using symlinks instead of copying resources
[2.027s] -- Found pluginlib: 5.1.0 (/opt/ros/humble/share/pluginlib/cmake)
[2.183s] -- Found rclcpp: 16.0.10 (/opt/ros/humble/share/rclcpp/cmake)
[2.284s] -- Found rosidl_generator_c: 3.1.5 (/opt/ros/humble/share/rosidl_generator_c/cmake)
[2.306s] -- Found rosidl_adapter: 3.1.5 (/opt/ros/humble/share/rosidl_adapter/cmake)
[2.331s] -- Found rosidl_generator_cpp: 3.1.5 (/opt/ros/humble/share/rosidl_generator_cpp/cmake)
[2.373s] -- Using all available rosidl_typesupport_c: rosidl_typesupport_fastrtps_c;rosidl_typesupport_introspection_c
[2.416s] -- Using all available rosidl_typesupport_cpp: rosidl_typesupport_fastrtps_cpp;rosidl_typesupport_introspection_cpp
[2.570s] -- Found rmw_implementation_cmake: 6.1.2 (/opt/ros/humble/share/rmw_implementation_cmake/cmake)
[2.582s] -- Found rmw_fastrtps_cpp: 6.2.7 (/opt/ros/humble/share/rmw_fastrtps_cpp/cmake)
[2.662s] -- Found TinyXML2 via Config file: TinyXML2_DIR-NOTFOUND
[2.804s] -- Found OpenSSL: /usr/lib/x86_64-linux-gnu/libcrypto.so (found version "3.0.2")  
[2.812s] -- Found TinyXML2 via Config file: TinyXML2_DIR-NOTFOUND
[2.847s] -- Found FastRTPS: /opt/ros/humble/include  
[2.856s] -- Found TinyXML2 via Config file: TinyXML2_DIR-NOTFOUND
[2.875s] -- Found TinyXML2 via Config file: TinyXML2_DIR-NOTFOUND
[2.905s] -- Using RMW implementation 'rmw_fastrtps_cpp' as default
[2.937s] -- Looking for pthread.h
[3.123s] -- Looking for pthread.h - found
[3.124s] -- Performing Test CMAKE_HAVE_LIBC_PTHREAD
[3.304s] -- Performing Test CMAKE_HAVE_LIBC_PTHREAD - Success
[3.307s] -- Found Threads: TRUE  
[3.489s] -- Found rviz_common: 11.2.13 (/opt/ros/humble/share/rviz_common/cmake)
[3.517s] -- Setting assimp_DIR to: '/opt/ros/humble/share/rviz_assimp_vendor/cmake/../../../opt/rviz_assimp_vendor/lib/cmake/assimp-4.1'
[3.548s] -- Setting OGRE_DIR to: '/opt/ros/humble/share/rviz_ogre_vendor/cmake/../../../opt/rviz_ogre_vendor/lib/OGRE/cmake'
[3.551s] -- Found OGRE
[3.551s] --   static     : OFF
[3.553s] --   components : HLMS;MeshLodGenerator;Overlay;Paging;Property;RTShaderSystem;Terrain;Volume
[3.554s] --   plugins    : Plugin_BSPSceneManager;Plugin_OctreeSceneManager;Plugin_PCZSceneManager;Plugin_ParticleFX;RenderSystem_GL;RenderSystem_GL3Plus;Codec_STBI
[3.554s] --   media      : /opt/ros/humble/opt/rviz_ogre_vendor/share/OGRE/Media
[3.554s] -- OGRE_LIBRARIES: OgreHLMS;OgreMeshLodGenerator;OgreOverlay;OgrePaging;OgreProperty;OgreRTShaderSystem;OgreTerrain;OgreVolume;OgreMain
[3.554s] -- OGRE_LIBRARY_DIRS: /opt/ros/humble/opt/rviz_ogre_vendor/lib
[3.554s] -- OGRE_PLUGINS: Plugin_BSPSceneManager;Plugin_OctreeSceneManager;Plugin_PCZSceneManager;Plugin_ParticleFX;RenderSystem_GL;RenderSystem_GL3Plus;Codec_STBI
[3.554s] -- OGRE_PLUGIN_DIR: /opt/ros/humble/opt/rviz_ogre_vendor/lib/OGRE
[3.555s] -- rviz_ogre_vendor::OgreOverlay for IMPORTED_LOCATION_RELEASE: /opt/ros/humble/opt/rviz_ogre_vendor/lib/libOgreOverlay.so
[3.555s] -- rviz_ogre_vendor::OgreOverlay for IMPORTED_LOCATION_DEBUG: /opt/ros/humble/opt/rviz_ogre_vendor/lib/libOgreOverlay.so
[3.555s] -- rviz_ogre_vendor::OgreMain for IMPORTED_LOCATION_RELEASE: /opt/ros/humble/opt/rviz_ogre_vendor/lib/libOgreMain.so
[3.555s] -- rviz_ogre_vendor::OgreMain for IMPORTED_LOCATION_DEBUG: /opt/ros/humble/opt/rviz_ogre_vendor/lib/libOgreMain.so
[3.644s] -- Found ZLIB: /usr/lib/x86_64-linux-gnu/libz.so (found version "1.2.11") 
[3.665s] -- Found OpenGL: /usr/lib/x86_64-linux-gnu/libOpenGL.so   
[4.003s] -- Found X11: /usr/include   
[4.005s] -- Looking for XOpenDisplay in /usr/lib/x86_64-linux-gnu/libX11.so;/usr/lib/x86_64-linux-gnu/libXext.so
[4.181s] -- Looking for XOpenDisplay in /usr/lib/x86_64-linux-gnu/libX11.so;/usr/lib/x86_64-linux-gnu/libXext.so - found
[4.182s] -- Looking for gethostbyname
[4.348s] -- Looking for gethostbyname - found
[4.349s] -- Looking for connect
[4.534s] -- Looking for connect - found
[4.535s] -- Looking for remove
[4.723s] -- Looking for remove - found
[4.724s] -- Looking for shmat
[4.903s] -- Looking for shmat - found
[4.906s] -- Looking for IceConnectionNumber in ICE
[5.088s] -- Looking for IceConnectionNumber in ICE - found
[5.360s] -- library: /usr/lib/x86_64-linux-gnu/libcurl.so
[5.573s] -- Found Eigen3: TRUE (found version "3.4.0") 
[5.573s] -- Ensuring Eigen3 include directory is part of orocos-kdl CMake target
[6.038s] -- Found interbotix_xs_msgs: 0.0.0 (/home/amir/interbotix_ws/install/interbotix_xs_msgs/share/interbotix_xs_msgs/cmake)
[6.217s] -- Found ament_lint_auto: 0.12.11 (/opt/ros/humble/share/ament_lint_auto/cmake)
[6.514s] -- Added test 'copyright' to check source files copyright and LICENSE
[6.522s] -- Added test 'cppcheck' to perform static code analysis on C / C++ code
[6.523s] -- Configured cppcheck include dirs: /home/amir/interbotix_ws/src/interbotix_ros_toolboxes/interbotix_xs_toolbox/interbotix_xs_rviz/include
[6.525s] -- Configured cppcheck exclude dirs and/or files: 
[6.531s] -- Added test 'cpplint' to check C / C++ code against the Google style
[6.531s] -- Configured cpplint exclude dirs and/or files: 
[6.537s] -- Added test 'lint_cmake' to check CMake code style
[6.542s] -- Added test 'uncrustify' to check C / C++ code style
[6.543s] -- Configured uncrustify additional arguments: 
[6.547s] -- Added test 'xmllint' to check XML markup files
[6.559s] -- Configuring done
[6.663s] -- Generating done
[6.670s] -- Build files have been written to: /home/amir/interbotix_ws/build/interbotix_xs_rviz
[6.718s] Invoked command in '/home/amir/interbotix_ws/build/interbotix_xs_rviz' returned '0': CMAKE_PREFIX_PATH=/home/amir/interbotix_ws/install/interbotix_xs_sdk:/home/amir/interbotix_ws/install/interbotix_xs_driver:/home/amir/interbotix_ws/install/interbotix_xs_msgs:/home/amir/interbotix_ws/install/dynamixel_workbench_toolbox:/home/amir/interbotix_ws/install/interbotix_ros_xsarms_examples:/home/amir/interbotix_ws/install/interbotix_xsarm_moveit_interface:/home/amir/interbotix_ws/install/interbotix_moveit_interface:/home/amir/interbotix_ws/install/moveit_visual_tools:/home/amir/interbotix_ws/install/interbotix_ros_xsarms:/home/amir/interbotix_ws/install/interbotix_xsarm_moveit:/home/amir/interbotix_ws/install/interbotix_xsarm_sim:/home/amir/interbotix_ws/install/interbotix_xsarm_ros_control:/home/amir/interbotix_ws/install/interbotix_xsarm_puppet:/home/amir/interbotix_ws/install/interbotix_xsarm_perception:/home/amir/interbotix_ws/install/interbotix_xsarm_joy:/home/amir/interbotix_ws/install/interbotix_xsarm_gravity_compensation:/home/amir/interbotix_ws/install/interbotix_xsarm_dual:/home/amir/interbotix_ws/install/interbotix_xsarm_control:/home/amir/interbotix_ws/install/interbotix_xsarm_descriptions:/home/amir/interbotix_ws/install/interbotix_xs_toolbox:/home/amir/interbotix_ws/install/interbotix_xs_rviz:/home/amir/interbotix_ws/install/interbotix_ros_xseries:/home/amir/interbotix_ws/install/interbotix_xs_ros_control:/home/amir/interbotix_ws/install/interbotix_perception_toolbox:/home/amir/interbotix_ws/install/interbotix_perception_pipelines:/home/amir/interbotix_ws/install/interbotix_common_toolbox:/home/amir/interbotix_ws/install/interbotix_gravity_compensation:/home/amir/interbotix_ws/install/interbotix_tf_tools:/home/amir/interbotix_ws/install/interbotix_perception_msgs:/home/amir/interbotix_ws/install/interbotix_moveit_interface_msgs:/home/amir/interbotix_ws/install/interbotix_common_sim:/home/amir/apriltag_ws/install/apriltag_ros:/home/amir/interbotix_ws/install/my_interbotix_controller:/home/amir/interbotix_ws/install/interbotix_xs_modules:/home/amir/interbotix_ws/install/interbotix_perception_modules:/home/amir/interbotix_ws/install/interbotix_common_modules:/opt/ros/humble LD_LIBRARY_PATH=/home/amir/interbotix_ws/install/interbotix_xs_driver/lib:/home/amir/interbotix_ws/install/interbotix_xs_msgs/lib:/home/amir/interbotix_ws/install/dynamixel_workbench_toolbox/lib:/home/amir/interbotix_ws/install/moveit_visual_tools/lib:/home/amir/interbotix_ws/install/interbotix_xs_rviz/lib:/home/amir/interbotix_ws/install/interbotix_xs_ros_control/lib:/home/amir/interbotix_ws/install/interbotix_tf_tools/lib:/home/amir/interbotix_ws/install/interbotix_perception_msgs/lib:/home/amir/interbotix_ws/install/interbotix_moveit_interface_msgs/lib:/home/amir/apriltag_ws/install/apriltag_ros/lib:/opt/ros/humble/opt/rviz_ogre_vendor/lib:/opt/ros/humble/lib/x86_64-linux-gnu:/opt/ros/humble/lib PS1=\[\e]0;\u@\h: \w\a\]${debian_chroot:+($debian_chroot)}\[\033[01;32m\]\u@\h\[\033[00m\]:\[\033[01;34m\]\w\[\033[00m\]\$ /usr/bin/cmake /home/amir/interbotix_ws/src/interbotix_ros_toolboxes/interbotix_xs_toolbox/interbotix_xs_rviz -DAMENT_CMAKE_SYMLINK_INSTALL=1 -DCMAKE_INSTALL_PREFIX=/home/amir/interbotix_ws/install/interbotix_xs_rviz
[6.719s] Invoking command in '/home/amir/interbotix_ws/build/interbotix_xs_rviz': CMAKE_PREFIX_PATH=/home/amir/interbotix_ws/install/interbotix_xs_sdk:/home/amir/interbotix_ws/install/interbotix_xs_driver:/home/amir/interbotix_ws/install/interbotix_xs_msgs:/home/amir/interbotix_ws/install/dynamixel_workbench_toolbox:/home/amir/interbotix_ws/install/interbotix_ros_xsarms_examples:/home/amir/interbotix_ws/install/interbotix_xsarm_moveit_interface:/home/amir/interbotix_ws/install/interbotix_moveit_interface:/home/amir/interbotix_ws/install/moveit_visual_tools:/home/amir/interbotix_ws/install/interbotix_ros_xsarms:/home/amir/interbotix_ws/install/interbotix_xsarm_moveit:/home/amir/interbotix_ws/install/interbotix_xsarm_sim:/home/amir/interbotix_ws/install/interbotix_xsarm_ros_control:/home/amir/interbotix_ws/install/interbotix_xsarm_puppet:/home/amir/interbotix_ws/install/interbotix_xsarm_perception:/home/amir/interbotix_ws/install/interbotix_xsarm_joy:/home/amir/interbotix_ws/install/interbotix_xsarm_gravity_compensation:/home/amir/interbotix_ws/install/interbotix_xsarm_dual:/home/amir/interbotix_ws/install/interbotix_xsarm_control:/home/amir/interbotix_ws/install/interbotix_xsarm_descriptions:/home/amir/interbotix_ws/install/interbotix_xs_toolbox:/home/amir/interbotix_ws/install/interbotix_xs_rviz:/home/amir/interbotix_ws/install/interbotix_ros_xseries:/home/amir/interbotix_ws/install/interbotix_xs_ros_control:/home/amir/interbotix_ws/install/interbotix_perception_toolbox:/home/amir/interbotix_ws/install/interbotix_perception_pipelines:/home/amir/interbotix_ws/install/interbotix_common_toolbox:/home/amir/interbotix_ws/install/interbotix_gravity_compensation:/home/amir/interbotix_ws/install/interbotix_tf_tools:/home/amir/interbotix_ws/install/interbotix_perception_msgs:/home/amir/interbotix_ws/install/interbotix_moveit_interface_msgs:/home/amir/interbotix_ws/install/interbotix_common_sim:/home/amir/apriltag_ws/install/apriltag_ros:/home/amir/interbotix_ws/install/my_interbotix_controller:/home/amir/interbotix_ws/install/interbotix_xs_modules:/home/amir/interbotix_ws/install/interbotix_perception_modules:/home/amir/interbotix_ws/install/interbotix_common_modules:/opt/ros/humble LD_LIBRARY_PATH=/home/amir/interbotix_ws/install/interbotix_xs_driver/lib:/home/amir/interbotix_ws/install/interbotix_xs_msgs/lib:/home/amir/interbotix_ws/install/dynamixel_workbench_toolbox/lib:/home/amir/interbotix_ws/install/moveit_visual_tools/lib:/home/amir/interbotix_ws/install/interbotix_xs_rviz/lib:/home/amir/interbotix_ws/install/interbotix_xs_ros_control/lib:/home/amir/interbotix_ws/install/interbotix_tf_tools/lib:/home/amir/interbotix_ws/install/interbotix_perception_msgs/lib:/home/amir/interbotix_ws/install/interbotix_moveit_interface_msgs/lib:/home/amir/apriltag_ws/install/apriltag_ros/lib:/opt/ros/humble/opt/rviz_ogre_vendor/lib:/opt/ros/humble/lib/x86_64-linux-gnu:/opt/ros/humble/lib PS1=\[\e]0;\u@\h: \w\a\]${debian_chroot:+($debian_chroot)}\[\033[01;32m\]\u@\h\[\033[00m\]:\[\033[01;34m\]\w\[\033[00m\]\$ /usr/bin/cmake --build /home/amir/interbotix_ws/build/interbotix_xs_rviz -- -j4 -l4
[6.882s] [ 20%] [34m[1mAutomatic MOC for target interbotix_xs_rviz[0m
[8.113s] [ 20%] Built target interbotix_xs_rviz_autogen
[8.139s] [ 40%] [34m[1mGenerating ui_interbotix_control_panel.h[0m
[8.237s] [ 60%] [32mBuilding CXX object CMakeFiles/interbotix_xs_rviz.dir/interbotix_xs_rviz_autogen/mocs_compilation.cpp.o[0m
[23.826s] [ 80%] [32mBuilding CXX object CMakeFiles/interbotix_xs_rviz.dir/src/interbotix_control_panel.cpp.o[0m
[53.444s] [100%] [32m[1mLinking CXX shared library libinterbotix_xs_rviz.so[0m
[57.262s] [100%] Built target interbotix_xs_rviz
[57.282s] Invoked command in '/home/amir/interbotix_ws/build/interbotix_xs_rviz' returned '0': CMAKE_PREFIX_PATH=/home/amir/interbotix_ws/install/interbotix_xs_sdk:/home/amir/interbotix_ws/install/interbotix_xs_driver:/home/amir/interbotix_ws/install/interbotix_xs_msgs:/home/amir/interbotix_ws/install/dynamixel_workbench_toolbox:/home/amir/interbotix_ws/install/interbotix_ros_xsarms_examples:/home/amir/interbotix_ws/install/interbotix_xsarm_moveit_interface:/home/amir/interbotix_ws/install/interbotix_moveit_interface:/home/amir/interbotix_ws/install/moveit_visual_tools:/home/amir/interbotix_ws/install/interbotix_ros_xsarms:/home/amir/interbotix_ws/install/interbotix_xsarm_moveit:/home/amir/interbotix_ws/install/interbotix_xsarm_sim:/home/amir/interbotix_ws/install/interbotix_xsarm_ros_control:/home/amir/interbotix_ws/install/interbotix_xsarm_puppet:/home/amir/interbotix_ws/install/interbotix_xsarm_perception:/home/amir/interbotix_ws/install/interbotix_xsarm_joy:/home/amir/interbotix_ws/install/interbotix_xsarm_gravity_compensation:/home/amir/interbotix_ws/install/interbotix_xsarm_dual:/home/amir/interbotix_ws/install/interbotix_xsarm_control:/home/amir/interbotix_ws/install/interbotix_xsarm_descriptions:/home/amir/interbotix_ws/install/interbotix_xs_toolbox:/home/amir/interbotix_ws/install/interbotix_xs_rviz:/home/amir/interbotix_ws/install/interbotix_ros_xseries:/home/amir/interbotix_ws/install/interbotix_xs_ros_control:/home/amir/interbotix_ws/install/interbotix_perception_toolbox:/home/amir/interbotix_ws/install/interbotix_perception_pipelines:/home/amir/interbotix_ws/install/interbotix_common_toolbox:/home/amir/interbotix_ws/install/interbotix_gravity_compensation:/home/amir/interbotix_ws/install/interbotix_tf_tools:/home/amir/interbotix_ws/install/interbotix_perception_msgs:/home/amir/interbotix_ws/install/interbotix_moveit_interface_msgs:/home/amir/interbotix_ws/install/interbotix_common_sim:/home/amir/apriltag_ws/install/apriltag_ros:/home/amir/interbotix_ws/install/my_interbotix_controller:/home/amir/interbotix_ws/install/interbotix_xs_modules:/home/amir/interbotix_ws/install/interbotix_perception_modules:/home/amir/interbotix_ws/install/interbotix_common_modules:/opt/ros/humble LD_LIBRARY_PATH=/home/amir/interbotix_ws/install/interbotix_xs_driver/lib:/home/amir/interbotix_ws/install/interbotix_xs_msgs/lib:/home/amir/interbotix_ws/install/dynamixel_workbench_toolbox/lib:/home/amir/interbotix_ws/install/moveit_visual_tools/lib:/home/amir/interbotix_ws/install/interbotix_xs_rviz/lib:/home/amir/interbotix_ws/install/interbotix_xs_ros_control/lib:/home/amir/interbotix_ws/install/interbotix_tf_tools/lib:/home/amir/interbotix_ws/install/interbotix_perception_msgs/lib:/home/amir/interbotix_ws/install/interbotix_moveit_interface_msgs/lib:/home/amir/apriltag_ws/install/apriltag_ros/lib:/opt/ros/humble/opt/rviz_ogre_vendor/lib:/opt/ros/humble/lib/x86_64-linux-gnu:/opt/ros/humble/lib PS1=\[\e]0;\u@\h: \w\a\]${debian_chroot:+($debian_chroot)}\[\033[01;32m\]\u@\h\[\033[00m\]:\[\033[01;34m\]\w\[\033[00m\]\$ /usr/bin/cmake --build /home/amir/interbotix_ws/build/interbotix_xs_rviz -- -j4 -l4
[57.347s] Invoking command in '/home/amir/interbotix_ws/build/interbotix_xs_rviz': CMAKE_PREFIX_PATH=/home/amir/interbotix_ws/install/interbotix_xs_sdk:/home/amir/interbotix_ws/install/interbotix_xs_driver:/home/amir/interbotix_ws/install/interbotix_xs_msgs:/home/amir/interbotix_ws/install/dynamixel_workbench_toolbox:/home/amir/interbotix_ws/install/interbotix_ros_xsarms_examples:/home/amir/interbotix_ws/install/interbotix_xsarm_moveit_interface:/home/amir/interbotix_ws/install/interbotix_moveit_interface:/home/amir/interbotix_ws/install/moveit_visual_tools:/home/amir/interbotix_ws/install/interbotix_ros_xsarms:/home/amir/interbotix_ws/install/interbotix_xsarm_moveit:/home/amir/interbotix_ws/install/interbotix_xsarm_sim:/home/amir/interbotix_ws/install/interbotix_xsarm_ros_control:/home/amir/interbotix_ws/install/interbotix_xsarm_puppet:/home/amir/interbotix_ws/install/interbotix_xsarm_perception:/home/amir/interbotix_ws/install/interbotix_xsarm_joy:/home/amir/interbotix_ws/install/interbotix_xsarm_gravity_compensation:/home/amir/interbotix_ws/install/interbotix_xsarm_dual:/home/amir/interbotix_ws/install/interbotix_xsarm_control:/home/amir/interbotix_ws/install/interbotix_xsarm_descriptions:/home/amir/interbotix_ws/install/interbotix_xs_toolbox:/home/amir/interbotix_ws/install/interbotix_xs_rviz:/home/amir/interbotix_ws/install/interbotix_ros_xseries:/home/amir/interbotix_ws/install/interbotix_xs_ros_control:/home/amir/interbotix_ws/install/interbotix_perception_toolbox:/home/amir/interbotix_ws/install/interbotix_perception_pipelines:/home/amir/interbotix_ws/install/interbotix_common_toolbox:/home/amir/interbotix_ws/install/interbotix_gravity_compensation:/home/amir/interbotix_ws/install/interbotix_tf_tools:/home/amir/interbotix_ws/install/interbotix_perception_msgs:/home/amir/interbotix_ws/install/interbotix_moveit_interface_msgs:/home/amir/interbotix_ws/install/interbotix_common_sim:/home/amir/apriltag_ws/install/apriltag_ros:/home/amir/interbotix_ws/install/my_interbotix_controller:/home/amir/interbotix_ws/install/interbotix_xs_modules:/home/amir/interbotix_ws/install/interbotix_perception_modules:/home/amir/interbotix_ws/install/interbotix_common_modules:/opt/ros/humble LD_LIBRARY_PATH=/home/amir/interbotix_ws/install/interbotix_xs_driver/lib:/home/amir/interbotix_ws/install/interbotix_xs_msgs/lib:/home/amir/interbotix_ws/install/dynamixel_workbench_toolbox/lib:/home/amir/interbotix_ws/install/moveit_visual_tools/lib:/home/amir/interbotix_ws/install/interbotix_xs_rviz/lib:/home/amir/interbotix_ws/install/interbotix_xs_ros_control/lib:/home/amir/interbotix_ws/install/interbotix_tf_tools/lib:/home/amir/interbotix_ws/install/interbotix_perception_msgs/lib:/home/amir/interbotix_ws/install/interbotix_moveit_interface_msgs/lib:/home/amir/apriltag_ws/install/apriltag_ros/lib:/opt/ros/humble/opt/rviz_ogre_vendor/lib:/opt/ros/humble/lib/x86_64-linux-gnu:/opt/ros/humble/lib PS1=\[\e]0;\u@\h: \w\a\]${debian_chroot:+($debian_chroot)}\[\033[01;32m\]\u@\h\[\033[00m\]:\[\033[01;34m\]\w\[\033[00m\]\$ /usr/bin/cmake --install /home/amir/interbotix_ws/build/interbotix_xs_rviz
[57.360s] -- Install configuration: ""
[57.361s] -- Execute custom install script
[57.362s] -- Symlinking: /home/amir/interbotix_ws/install/interbotix_xs_rviz/share/interbotix_xs_rviz//plugin_description.xml
[57.378s] -- Symlinking: /home/amir/interbotix_ws/install/interbotix_xs_rviz/include//interbotix_xs_rviz/interbotix_control_panel.hpp
[57.394s] -- Symlinking: /home/amir/interbotix_ws/install/interbotix_xs_rviz/include//interbotix_xs_rviz/xs_register_descriptions.hpp
[57.411s] -- Symlinking: /home/amir/interbotix_ws/install/interbotix_xs_rviz/share/interbotix_xs_rviz//icons/classes/Interbotix Control Panel.png
[57.427s] -- Symlinking: /home/amir/interbotix_ws/install/interbotix_xs_rviz/share/interbotix_xs_rviz/environment/library_path.sh
[57.443s] -- Symlinking: /home/amir/interbotix_ws/install/interbotix_xs_rviz/share/interbotix_xs_rviz/environment/library_path.dsv
[57.460s] -- Symlinking: /home/amir/interbotix_ws/install/interbotix_xs_rviz/share/ament_index/resource_index/package_run_dependencies/interbotix_xs_rviz
[57.483s] -- Symlinking: /home/amir/interbotix_ws/install/interbotix_xs_rviz/share/ament_index/resource_index/parent_prefix_path/interbotix_xs_rviz
[57.498s] -- Symlinking: /home/amir/interbotix_ws/install/interbotix_xs_rviz/share/interbotix_xs_rviz/environment/ament_prefix_path.sh
[57.513s] -- Symlinking: /home/amir/interbotix_ws/install/interbotix_xs_rviz/share/interbotix_xs_rviz/environment/ament_prefix_path.dsv
[57.528s] -- Symlinking: /home/amir/interbotix_ws/install/interbotix_xs_rviz/share/interbotix_xs_rviz/environment/path.sh
[57.543s] -- Symlinking: /home/amir/interbotix_ws/install/interbotix_xs_rviz/share/interbotix_xs_rviz/environment/path.dsv
[57.559s] -- Symlinking: /home/amir/interbotix_ws/install/interbotix_xs_rviz/share/interbotix_xs_rviz/local_setup.bash
[57.577s] -- Symlinking: /home/amir/interbotix_ws/install/interbotix_xs_rviz/share/interbotix_xs_rviz/local_setup.sh
[57.593s] -- Symlinking: /home/amir/interbotix_ws/install/interbotix_xs_rviz/share/interbotix_xs_rviz/local_setup.zsh
[57.608s] -- Symlinking: /home/amir/interbotix_ws/install/interbotix_xs_rviz/share/interbotix_xs_rviz/local_setup.dsv
[57.623s] -- Symlinking: /home/amir/interbotix_ws/install/interbotix_xs_rviz/share/interbotix_xs_rviz/package.dsv
[57.639s] -- Symlinking: /home/amir/interbotix_ws/install/interbotix_xs_rviz/share/ament_index/resource_index/packages/interbotix_xs_rviz
[57.655s] -- Symlinking: /home/amir/interbotix_ws/install/interbotix_xs_rviz/share/ament_index/resource_index/rviz_common__pluginlib__plugin/interbotix_xs_rviz
[57.671s] -- Symlinking: /home/amir/interbotix_ws/install/interbotix_xs_rviz/share/interbotix_xs_rviz/cmake/ament_cmake_export_targets-extras.cmake
[57.687s] -- Symlinking: /home/amir/interbotix_ws/install/interbotix_xs_rviz/share/interbotix_xs_rviz/cmake/ament_cmake_export_dependencies-extras.cmake
[57.703s] -- Symlinking: /home/amir/interbotix_ws/install/interbotix_xs_rviz/share/interbotix_xs_rviz/cmake/interbotix_xs_rvizConfig.cmake
[57.724s] -- Symlinking: /home/amir/interbotix_ws/install/interbotix_xs_rviz/share/interbotix_xs_rviz/cmake/interbotix_xs_rvizConfig-version.cmake
[57.747s] -- Symlinking: /home/amir/interbotix_ws/install/interbotix_xs_rviz/share/interbotix_xs_rviz/package.xml
[57.771s] -- Installing: /home/amir/interbotix_ws/install/interbotix_xs_rviz/lib/libinterbotix_xs_rviz.so
[57.783s] -- Set runtime path of "/home/amir/interbotix_ws/install/interbotix_xs_rviz/lib/libinterbotix_xs_rviz.so" to ""
[57.784s] -- Installing: /home/amir/interbotix_ws/install/interbotix_xs_rviz/share/interbotix_xs_rviz/cmake/interbotix_xs_rvizExport.cmake
[57.784s] -- Installing: /home/amir/interbotix_ws/install/interbotix_xs_rviz/share/interbotix_xs_rviz/cmake/interbotix_xs_rvizExport-noconfig.cmake
[57.789s] Invoked command in '/home/amir/interbotix_ws/build/interbotix_xs_rviz' returned '0': CMAKE_PREFIX_PATH=/home/amir/interbotix_ws/install/interbotix_xs_sdk:/home/amir/interbotix_ws/install/interbotix_xs_driver:/home/amir/interbotix_ws/install/interbotix_xs_msgs:/home/amir/interbotix_ws/install/dynamixel_workbench_toolbox:/home/amir/interbotix_ws/install/interbotix_ros_xsarms_examples:/home/amir/interbotix_ws/install/interbotix_xsarm_moveit_interface:/home/amir/interbotix_ws/install/interbotix_moveit_interface:/home/amir/interbotix_ws/install/moveit_visual_tools:/home/amir/interbotix_ws/install/interbotix_ros_xsarms:/home/amir/interbotix_ws/install/interbotix_xsarm_moveit:/home/amir/interbotix_ws/install/interbotix_xsarm_sim:/home/amir/interbotix_ws/install/interbotix_xsarm_ros_control:/home/amir/interbotix_ws/install/interbotix_xsarm_puppet:/home/amir/interbotix_ws/install/interbotix_xsarm_perception:/home/amir/interbotix_ws/install/interbotix_xsarm_joy:/home/amir/interbotix_ws/install/interbotix_xsarm_gravity_compensation:/home/amir/interbotix_ws/install/interbotix_xsarm_dual:/home/amir/interbotix_ws/install/interbotix_xsarm_control:/home/amir/interbotix_ws/install/interbotix_xsarm_descriptions:/home/amir/interbotix_ws/install/interbotix_xs_toolbox:/home/amir/interbotix_ws/install/interbotix_xs_rviz:/home/amir/interbotix_ws/install/interbotix_ros_xseries:/home/amir/interbotix_ws/install/interbotix_xs_ros_control:/home/amir/interbotix_ws/install/interbotix_perception_toolbox:/home/amir/interbotix_ws/install/interbotix_perception_pipelines:/home/amir/interbotix_ws/install/interbotix_common_toolbox:/home/amir/interbotix_ws/install/interbotix_gravity_compensation:/home/amir/interbotix_ws/install/interbotix_tf_tools:/home/amir/interbotix_ws/install/interbotix_perception_msgs:/home/amir/interbotix_ws/install/interbotix_moveit_interface_msgs:/home/amir/interbotix_ws/install/interbotix_common_sim:/home/amir/apriltag_ws/install/apriltag_ros:/home/amir/interbotix_ws/install/my_interbotix_controller:/home/amir/interbotix_ws/install/interbotix_xs_modules:/home/amir/interbotix_ws/install/interbotix_perception_modules:/home/amir/interbotix_ws/install/interbotix_common_modules:/opt/ros/humble LD_LIBRARY_PATH=/home/amir/interbotix_ws/install/interbotix_xs_driver/lib:/home/amir/interbotix_ws/install/interbotix_xs_msgs/lib:/home/amir/interbotix_ws/install/dynamixel_workbench_toolbox/lib:/home/amir/interbotix_ws/install/moveit_visual_tools/lib:/home/amir/interbotix_ws/install/interbotix_xs_rviz/lib:/home/amir/interbotix_ws/install/interbotix_xs_ros_control/lib:/home/amir/interbotix_ws/install/interbotix_tf_tools/lib:/home/amir/interbotix_ws/install/interbotix_perception_msgs/lib:/home/amir/interbotix_ws/install/interbotix_moveit_interface_msgs/lib:/home/amir/apriltag_ws/install/apriltag_ros/lib:/opt/ros/humble/opt/rviz_ogre_vendor/lib:/opt/ros/humble/lib/x86_64-linux-gnu:/opt/ros/humble/lib PS1=\[\e]0;\u@\h: \w\a\]${debian_chroot:+($debian_chroot)}\[\033[01;32m\]\u@\h\[\033[00m\]:\[\033[01;34m\]\w\[\033[00m\]\$ /usr/bin/cmake --install /home/amir/interbotix_ws/build/interbotix_xs_rviz
