[0.279s] DEBUG:colcon:Command line arguments: ['/usr/bin/colcon', 'build']
[0.279s] DEBUG:colcon:Parsed command line arguments: Namespace(log_base=None, log_level=None, verb_name='build', build_base='build', install_base='install', merge_install=False, symlink_install=False, test_result_base=None, continue_on_error=False, executor='parallel', parallel_workers=4, event_handlers=None, ignore_user_meta=False, metas=['./colcon.meta'], base_paths=['.'], packages_ignore=None, packages_ignore_regex=None, paths=None, packages_up_to=None, packages_up_to_regex=None, packages_above=None, packages_above_and_dependencies=None, packages_above_depth=None, packages_select_by_dep=None, packages_skip_by_dep=None, packages_skip_up_to=None, packages_select_build_failed=False, packages_skip_build_finished=False, packages_select_test_failures=False, packages_skip_test_passed=False, packages_select=None, packages_skip=None, packages_select_regex=None, packages_skip_regex=None, packages_start=None, packages_end=None, allow_overriding=[], cmake_args=None, cmake_target=None, cmake_target_skip_unavailable=False, cmake_clean_cache=False, cmake_clean_first=False, cmake_force_configure=False, ament_cmake_args=None, catkin_cmake_args=None, catkin_skip_building_tests=False, mixin_files=None, mixin=None, verb_parser=<colcon_mixin.mixin.mixin_argument.MixinArgumentDecorator object at 0x7bfc8fb58d00>, verb_extension=<colcon_core.verb.build.BuildVerb object at 0x7bfc8fb586a0>, main=<bound method BuildVerb.main of <colcon_core.verb.build.BuildVerb object at 0x7bfc8fb586a0>>, mixin_verb=('build',))
[0.349s] Level 1:colcon.colcon_core.package_discovery:discover_packages(colcon_meta) check parameters
[0.349s] Level 1:colcon.colcon_core.package_discovery:discover_packages(recursive) check parameters
[0.350s] Level 1:colcon.colcon_core.package_discovery:discover_packages(ignore) check parameters
[0.350s] Level 1:colcon.colcon_core.package_discovery:discover_packages(path) check parameters
[0.350s] Level 1:colcon.colcon_core.package_discovery:discover_packages(colcon_meta) discover
[0.350s] Level 1:colcon.colcon_core.package_discovery:discover_packages(recursive) discover
[0.350s] INFO:colcon.colcon_core.package_discovery:Crawling recursively for packages in '/home/amir/camera_intel'
[0.350s] Level 1:colcon.colcon_core.package_identification:_identify(.) by extensions ['ignore', 'ignore_ament_install']
[0.350s] Level 1:colcon.colcon_core.package_identification:_identify(.) by extension 'ignore'
[0.350s] Level 1:colcon.colcon_core.package_identification:_identify(.) by extension 'ignore_ament_install'
[0.351s] Level 1:colcon.colcon_core.package_identification:_identify(.) by extensions ['colcon_pkg']
[0.351s] Level 1:colcon.colcon_core.package_identification:_identify(.) by extension 'colcon_pkg'
[0.351s] Level 1:colcon.colcon_core.package_identification:_identify(.) by extensions ['colcon_meta']
[0.351s] Level 1:colcon.colcon_core.package_identification:_identify(.) by extension 'colcon_meta'
[0.351s] Level 1:colcon.colcon_core.package_identification:_identify(.) by extensions ['ros']
[0.351s] Level 1:colcon.colcon_core.package_identification:_identify(.) by extension 'ros'
[0.378s] Level 1:colcon.colcon_core.package_identification:_identify(.) by extensions ['cmake', 'python']
[0.378s] Level 1:colcon.colcon_core.package_identification:_identify(.) by extension 'cmake'
[0.379s] Level 1:colcon.colcon_core.package_identification:_identify(.) by extension 'python'
[0.379s] Level 1:colcon.colcon_core.package_identification:_identify(.) by extensions ['python_setup_py']
[0.379s] Level 1:colcon.colcon_core.package_identification:_identify(.) by extension 'python_setup_py'
[0.379s] Level 1:colcon.colcon_core.package_identification:_identify(build) by extensions ['ignore', 'ignore_ament_install']
[0.379s] Level 1:colcon.colcon_core.package_identification:_identify(build) by extension 'ignore'
[0.379s] Level 1:colcon.colcon_core.package_identification:_identify(build) ignored
[0.379s] Level 1:colcon.colcon_core.package_identification:_identify(install) by extensions ['ignore', 'ignore_ament_install']
[0.380s] Level 1:colcon.colcon_core.package_identification:_identify(install) by extension 'ignore'
[0.380s] Level 1:colcon.colcon_core.package_identification:_identify(install) ignored
[0.380s] Level 1:colcon.colcon_core.package_identification:_identify(log) by extensions ['ignore', 'ignore_ament_install']
[0.380s] Level 1:colcon.colcon_core.package_identification:_identify(log) by extension 'ignore'
[0.380s] Level 1:colcon.colcon_core.package_identification:_identify(log) ignored
[0.380s] Level 1:colcon.colcon_core.package_identification:_identify(src) by extensions ['ignore', 'ignore_ament_install']
[0.380s] Level 1:colcon.colcon_core.package_identification:_identify(src) by extension 'ignore'
[0.381s] Level 1:colcon.colcon_core.package_identification:_identify(src) by extension 'ignore_ament_install'
[0.381s] Level 1:colcon.colcon_core.package_identification:_identify(src) by extensions ['colcon_pkg']
[0.381s] Level 1:colcon.colcon_core.package_identification:_identify(src) by extension 'colcon_pkg'
[0.381s] Level 1:colcon.colcon_core.package_identification:_identify(src) by extensions ['colcon_meta']
[0.381s] Level 1:colcon.colcon_core.package_identification:_identify(src) by extension 'colcon_meta'
[0.381s] Level 1:colcon.colcon_core.package_identification:_identify(src) by extensions ['ros']
[0.381s] Level 1:colcon.colcon_core.package_identification:_identify(src) by extension 'ros'
[0.381s] Level 1:colcon.colcon_core.package_identification:_identify(src) by extensions ['cmake', 'python']
[0.381s] Level 1:colcon.colcon_core.package_identification:_identify(src) by extension 'cmake'
[0.381s] Level 1:colcon.colcon_core.package_identification:_identify(src) by extension 'python'
[0.381s] Level 1:colcon.colcon_core.package_identification:_identify(src) by extensions ['python_setup_py']
[0.381s] Level 1:colcon.colcon_core.package_identification:_identify(src) by extension 'python_setup_py'
[0.381s] Level 1:colcon.colcon_core.package_identification:_identify(src/Dh) by extensions ['ignore', 'ignore_ament_install']
[0.382s] Level 1:colcon.colcon_core.package_identification:_identify(src/Dh) by extension 'ignore'
[0.382s] Level 1:colcon.colcon_core.package_identification:_identify(src/Dh) by extension 'ignore_ament_install'
[0.382s] Level 1:colcon.colcon_core.package_identification:_identify(src/Dh) by extensions ['colcon_pkg']
[0.382s] Level 1:colcon.colcon_core.package_identification:_identify(src/Dh) by extension 'colcon_pkg'
[0.382s] Level 1:colcon.colcon_core.package_identification:_identify(src/Dh) by extensions ['colcon_meta']
[0.382s] Level 1:colcon.colcon_core.package_identification:_identify(src/Dh) by extension 'colcon_meta'
[0.382s] Level 1:colcon.colcon_core.package_identification:_identify(src/Dh) by extensions ['ros']
[0.382s] Level 1:colcon.colcon_core.package_identification:_identify(src/Dh) by extension 'ros'
[0.382s] Level 1:colcon.colcon_core.package_identification:_identify(src/Dh) by extensions ['cmake', 'python']
[0.382s] Level 1:colcon.colcon_core.package_identification:_identify(src/Dh) by extension 'cmake'
[0.382s] Level 1:colcon.colcon_core.package_identification:_identify(src/Dh) by extension 'python'
[0.382s] Level 1:colcon.colcon_core.package_identification:_identify(src/Dh) by extensions ['python_setup_py']
[0.382s] Level 1:colcon.colcon_core.package_identification:_identify(src/Dh) by extension 'python_setup_py'
[0.382s] Level 1:colcon.colcon_core.package_identification:_identify(src/Dh/urdf_to_dh) by extensions ['ignore', 'ignore_ament_install']
[0.383s] Level 1:colcon.colcon_core.package_identification:_identify(src/Dh/urdf_to_dh) by extension 'ignore'
[0.383s] Level 1:colcon.colcon_core.package_identification:_identify(src/Dh/urdf_to_dh) by extension 'ignore_ament_install'
[0.383s] Level 1:colcon.colcon_core.package_identification:_identify(src/Dh/urdf_to_dh) by extensions ['colcon_pkg']
[0.383s] Level 1:colcon.colcon_core.package_identification:_identify(src/Dh/urdf_to_dh) by extension 'colcon_pkg'
[0.383s] Level 1:colcon.colcon_core.package_identification:_identify(src/Dh/urdf_to_dh) by extensions ['colcon_meta']
[0.383s] Level 1:colcon.colcon_core.package_identification:_identify(src/Dh/urdf_to_dh) by extension 'colcon_meta'
[0.383s] Level 1:colcon.colcon_core.package_identification:_identify(src/Dh/urdf_to_dh) by extensions ['ros']
[0.383s] Level 1:colcon.colcon_core.package_identification:_identify(src/Dh/urdf_to_dh) by extension 'ros'
[0.387s] DEBUG:colcon.colcon_core.package_identification:Package 'src/Dh/urdf_to_dh' with type 'ros.ament_python' and name 'urdf_to_dh'
[0.387s] Level 1:colcon.colcon_core.package_identification:_identify(src/camera_intel) by extensions ['ignore', 'ignore_ament_install']
[0.387s] Level 1:colcon.colcon_core.package_identification:_identify(src/camera_intel) by extension 'ignore'
[0.388s] Level 1:colcon.colcon_core.package_identification:_identify(src/camera_intel) by extension 'ignore_ament_install'
[0.388s] Level 1:colcon.colcon_core.package_identification:_identify(src/camera_intel) by extensions ['colcon_pkg']
[0.388s] Level 1:colcon.colcon_core.package_identification:_identify(src/camera_intel) by extension 'colcon_pkg'
[0.388s] Level 1:colcon.colcon_core.package_identification:_identify(src/camera_intel) by extensions ['colcon_meta']
[0.388s] Level 1:colcon.colcon_core.package_identification:_identify(src/camera_intel) by extension 'colcon_meta'
[0.388s] Level 1:colcon.colcon_core.package_identification:_identify(src/camera_intel) by extensions ['ros']
[0.388s] Level 1:colcon.colcon_core.package_identification:_identify(src/camera_intel) by extension 'ros'
[0.389s] DEBUG:colcon.colcon_core.package_identification:Package 'src/camera_intel' with type 'ros.ament_python' and name 'camera_intel'
[0.389s] Level 1:colcon.colcon_core.package_discovery:discover_packages(recursive) using defaults
[0.390s] Level 1:colcon.colcon_core.package_discovery:discover_packages(ignore) discover
[0.390s] Level 1:colcon.colcon_core.package_discovery:discover_packages(ignore) using defaults
[0.390s] Level 1:colcon.colcon_core.package_discovery:discover_packages(path) discover
[0.390s] Level 1:colcon.colcon_core.package_discovery:discover_packages(path) using defaults
[0.430s] Level 1:colcon.colcon_core.package_discovery:discover_packages(prefix_path) check parameters
[0.430s] Level 1:colcon.colcon_core.package_discovery:discover_packages(prefix_path) discover
[0.439s] DEBUG:colcon.colcon_installed_package_information.package_discovery:Found 37 installed packages in /home/amir/interbotix_ws/install
[0.439s] DEBUG:colcon.colcon_installed_package_information.package_discovery:Found 1 installed packages in /home/amir/camera_intel/install
[0.440s] DEBUG:colcon.colcon_installed_package_information.package_discovery:Found 1 installed packages in /home/amir/apriltag_ws/install
[0.443s] DEBUG:colcon.colcon_installed_package_information.package_discovery:Found 358 installed packages in /opt/ros/humble
[0.446s] Level 1:colcon.colcon_core.package_discovery:discover_packages(prefix_path) using defaults
[0.536s] Level 5:colcon.colcon_core.verb:set package 'camera_intel' build argument 'cmake_args' from command line to 'None'
[0.536s] Level 5:colcon.colcon_core.verb:set package 'camera_intel' build argument 'cmake_target' from command line to 'None'
[0.536s] Level 5:colcon.colcon_core.verb:set package 'camera_intel' build argument 'cmake_target_skip_unavailable' from command line to 'False'
[0.536s] Level 5:colcon.colcon_core.verb:set package 'camera_intel' build argument 'cmake_clean_cache' from command line to 'False'
[0.536s] Level 5:colcon.colcon_core.verb:set package 'camera_intel' build argument 'cmake_clean_first' from command line to 'False'
[0.536s] Level 5:colcon.colcon_core.verb:set package 'camera_intel' build argument 'cmake_force_configure' from command line to 'False'
[0.536s] Level 5:colcon.colcon_core.verb:set package 'camera_intel' build argument 'ament_cmake_args' from command line to 'None'
[0.536s] Level 5:colcon.colcon_core.verb:set package 'camera_intel' build argument 'catkin_cmake_args' from command line to 'None'
[0.536s] Level 5:colcon.colcon_core.verb:set package 'camera_intel' build argument 'catkin_skip_building_tests' from command line to 'False'
[0.536s] DEBUG:colcon.colcon_core.verb:Building package 'camera_intel' with the following arguments: {'ament_cmake_args': None, 'build_base': '/home/amir/camera_intel/build/camera_intel', 'catkin_cmake_args': None, 'catkin_skip_building_tests': False, 'cmake_args': None, 'cmake_clean_cache': False, 'cmake_clean_first': False, 'cmake_force_configure': False, 'cmake_target': None, 'cmake_target_skip_unavailable': False, 'install_base': '/home/amir/camera_intel/install/camera_intel', 'merge_install': False, 'path': '/home/amir/camera_intel/src/camera_intel', 'symlink_install': False, 'test_result_base': None}
[0.537s] Level 5:colcon.colcon_core.verb:set package 'urdf_to_dh' build argument 'cmake_args' from command line to 'None'
[0.537s] Level 5:colcon.colcon_core.verb:set package 'urdf_to_dh' build argument 'cmake_target' from command line to 'None'
[0.537s] Level 5:colcon.colcon_core.verb:set package 'urdf_to_dh' build argument 'cmake_target_skip_unavailable' from command line to 'False'
[0.537s] Level 5:colcon.colcon_core.verb:set package 'urdf_to_dh' build argument 'cmake_clean_cache' from command line to 'False'
[0.537s] Level 5:colcon.colcon_core.verb:set package 'urdf_to_dh' build argument 'cmake_clean_first' from command line to 'False'
[0.537s] Level 5:colcon.colcon_core.verb:set package 'urdf_to_dh' build argument 'cmake_force_configure' from command line to 'False'
[0.537s] Level 5:colcon.colcon_core.verb:set package 'urdf_to_dh' build argument 'ament_cmake_args' from command line to 'None'
[0.537s] Level 5:colcon.colcon_core.verb:set package 'urdf_to_dh' build argument 'catkin_cmake_args' from command line to 'None'
[0.537s] Level 5:colcon.colcon_core.verb:set package 'urdf_to_dh' build argument 'catkin_skip_building_tests' from command line to 'False'
[0.537s] DEBUG:colcon.colcon_core.verb:Building package 'urdf_to_dh' with the following arguments: {'ament_cmake_args': None, 'build_base': '/home/amir/camera_intel/build/urdf_to_dh', 'catkin_cmake_args': None, 'catkin_skip_building_tests': False, 'cmake_args': None, 'cmake_clean_cache': False, 'cmake_clean_first': False, 'cmake_force_configure': False, 'cmake_target': None, 'cmake_target_skip_unavailable': False, 'install_base': '/home/amir/camera_intel/install/urdf_to_dh', 'merge_install': False, 'path': '/home/amir/camera_intel/src/Dh/urdf_to_dh', 'symlink_install': False, 'test_result_base': None}
[0.537s] INFO:colcon.colcon_core.executor:Executing jobs using 'parallel' executor
[0.539s] DEBUG:colcon.colcon_parallel_executor.executor.parallel:run_until_complete
[0.539s] INFO:colcon.colcon_ros.task.ament_python.build:Building ROS package in '/home/amir/camera_intel/src/camera_intel' with build type 'ament_python'
[0.540s] Level 1:colcon.colcon_core.shell:create_environment_hook('camera_intel', 'ament_prefix_path')
[0.547s] INFO:colcon.colcon_core.plugin_system:Skipping extension 'colcon_core.shell.bat': Not used on non-Windows systems
[0.547s] INFO:colcon.colcon_core.shell:Creating environment hook '/home/amir/camera_intel/install/camera_intel/share/camera_intel/hook/ament_prefix_path.ps1'
[0.548s] INFO:colcon.colcon_core.shell:Creating environment descriptor '/home/amir/camera_intel/install/camera_intel/share/camera_intel/hook/ament_prefix_path.dsv'
[0.550s] INFO:colcon.colcon_core.shell:Creating environment hook '/home/amir/camera_intel/install/camera_intel/share/camera_intel/hook/ament_prefix_path.sh'
[0.552s] INFO:colcon.colcon_core.shell:Skip shell extension 'powershell' for command environment: Not usable outside of PowerShell
[0.552s] DEBUG:colcon.colcon_core.shell:Skip shell extension 'dsv' for command environment
[0.562s] INFO:colcon.colcon_ros.task.ament_python.build:Building ROS package in '/home/amir/camera_intel/src/Dh/urdf_to_dh' with build type 'ament_python'
[0.563s] Level 1:colcon.colcon_core.shell:create_environment_hook('urdf_to_dh', 'ament_prefix_path')
[0.563s] INFO:colcon.colcon_core.shell:Creating environment hook '/home/amir/camera_intel/install/urdf_to_dh/share/urdf_to_dh/hook/ament_prefix_path.ps1'
[0.564s] INFO:colcon.colcon_core.shell:Creating environment descriptor '/home/amir/camera_intel/install/urdf_to_dh/share/urdf_to_dh/hook/ament_prefix_path.dsv'
[0.565s] INFO:colcon.colcon_core.shell:Creating environment hook '/home/amir/camera_intel/install/urdf_to_dh/share/urdf_to_dh/hook/ament_prefix_path.sh'
[0.566s] INFO:colcon.colcon_core.shell:Skip shell extension 'powershell' for command environment: Not usable outside of PowerShell
[0.567s] DEBUG:colcon.colcon_core.shell:Skip shell extension 'dsv' for command environment
[0.963s] INFO:colcon.colcon_core.task.python.build:Building Python package in '/home/amir/camera_intel/src/camera_intel'
[0.963s] INFO:colcon.colcon_core.shell:Skip shell extension 'powershell' for command environment: Not usable outside of PowerShell
[0.963s] DEBUG:colcon.colcon_core.shell:Skip shell extension 'dsv' for command environment
[1.348s] INFO:colcon.colcon_core.task.python.build:Building Python package in '/home/amir/camera_intel/src/Dh/urdf_to_dh'
[1.348s] INFO:colcon.colcon_core.shell:Skip shell extension 'powershell' for command environment: Not usable outside of PowerShell
[1.348s] DEBUG:colcon.colcon_core.shell:Skip shell extension 'dsv' for command environment
[2.735s] DEBUG:colcon.colcon_core.event_handler.log_command:Invoking command in '/home/amir/camera_intel/src/Dh/urdf_to_dh': PYTHONPATH=/home/amir/camera_intel/build/urdf_to_dh/prefix_override:/usr/lib/python3/dist-packages/colcon_core/task/python/colcon_distutils_commands:/home/amir/camera_intel/install/urdf_to_dh/lib/python3.10/site-packages:${PYTHONPATH} /usr/bin/python3 -W ignore:setup.py install is deprecated setup.py egg_info --egg-base ../../../build/urdf_to_dh build --build-base /home/amir/camera_intel/build/urdf_to_dh/build install --record /home/amir/camera_intel/build/urdf_to_dh/install.log --install-scripts $base/lib/urdf_to_dh --single-version-externally-managed install_data
[2.745s] DEBUG:colcon.colcon_core.event_handler.log_command:Invoking command in '/home/amir/camera_intel/src/camera_intel': PYTHONPATH=/home/amir/camera_intel/build/camera_intel/prefix_override:/usr/lib/python3/dist-packages/colcon_core/task/python/colcon_distutils_commands:/home/amir/camera_intel/install/camera_intel/lib/python3.10/site-packages:${PYTHONPATH} /usr/bin/python3 -W ignore:setup.py install is deprecated setup.py egg_info --egg-base ../../build/camera_intel build --build-base /home/amir/camera_intel/build/camera_intel/build install --record /home/amir/camera_intel/build/camera_intel/install.log --single-version-externally-managed install_data
[3.802s] DEBUG:colcon.colcon_core.event_handler.log_command:Invoked command in '/home/amir/camera_intel/src/Dh/urdf_to_dh' returned '0': PYTHONPATH=/home/amir/camera_intel/build/urdf_to_dh/prefix_override:/usr/lib/python3/dist-packages/colcon_core/task/python/colcon_distutils_commands:/home/amir/camera_intel/install/urdf_to_dh/lib/python3.10/site-packages:${PYTHONPATH} /usr/bin/python3 -W ignore:setup.py install is deprecated setup.py egg_info --egg-base ../../../build/urdf_to_dh build --build-base /home/amir/camera_intel/build/urdf_to_dh/build install --record /home/amir/camera_intel/build/urdf_to_dh/install.log --install-scripts $base/lib/urdf_to_dh --single-version-externally-managed install_data
[3.813s] Level 1:colcon.colcon_core.environment:checking '/home/amir/camera_intel/install/urdf_to_dh' for CMake module files
[3.814s] Level 1:colcon.colcon_core.environment:checking '/home/amir/camera_intel/install/urdf_to_dh' for CMake config files
[3.815s] Level 1:colcon.colcon_core.environment:checking '/home/amir/camera_intel/install/urdf_to_dh/lib'
[3.816s] Level 1:colcon.colcon_core.environment:checking '/home/amir/camera_intel/install/urdf_to_dh/bin'
[3.816s] Level 1:colcon.colcon_core.environment:checking '/home/amir/camera_intel/install/urdf_to_dh/lib/pkgconfig/urdf_to_dh.pc'
[3.816s] Level 1:colcon.colcon_core.environment:checking '/home/amir/camera_intel/install/urdf_to_dh/lib/python3.10/site-packages'
[3.817s] Level 1:colcon.colcon_core.shell:create_environment_hook('urdf_to_dh', 'pythonpath')
[3.817s] INFO:colcon.colcon_core.shell:Creating environment hook '/home/amir/camera_intel/install/urdf_to_dh/share/urdf_to_dh/hook/pythonpath.ps1'
[3.818s] INFO:colcon.colcon_core.shell:Creating environment descriptor '/home/amir/camera_intel/install/urdf_to_dh/share/urdf_to_dh/hook/pythonpath.dsv'
[3.819s] INFO:colcon.colcon_core.shell:Creating environment hook '/home/amir/camera_intel/install/urdf_to_dh/share/urdf_to_dh/hook/pythonpath.sh'
[3.820s] Level 1:colcon.colcon_core.environment:checking '/home/amir/camera_intel/install/urdf_to_dh/bin'
[3.820s] Level 1:colcon.colcon_core.environment:create_environment_scripts_only(urdf_to_dh)
[3.821s] INFO:colcon.colcon_core.shell:Creating package script '/home/amir/camera_intel/install/urdf_to_dh/share/urdf_to_dh/package.ps1'
[3.822s] INFO:colcon.colcon_core.shell:Creating package descriptor '/home/amir/camera_intel/install/urdf_to_dh/share/urdf_to_dh/package.dsv'
[3.823s] INFO:colcon.colcon_core.shell:Creating package script '/home/amir/camera_intel/install/urdf_to_dh/share/urdf_to_dh/package.sh'
[3.824s] INFO:colcon.colcon_core.shell:Creating package script '/home/amir/camera_intel/install/urdf_to_dh/share/urdf_to_dh/package.bash'
[3.826s] INFO:colcon.colcon_core.shell:Creating package script '/home/amir/camera_intel/install/urdf_to_dh/share/urdf_to_dh/package.zsh'
[3.828s] Level 1:colcon.colcon_core.environment:create_file_with_runtime_dependencies(/home/amir/camera_intel/install/urdf_to_dh/share/colcon-core/packages/urdf_to_dh)
[3.881s] Level 1:colcon.colcon_core.environment:checking '/home/amir/camera_intel/install/camera_intel' for CMake module files
[3.882s] DEBUG:colcon.colcon_core.event_handler.log_command:Invoked command in '/home/amir/camera_intel/src/camera_intel' returned '0': PYTHONPATH=/home/amir/camera_intel/build/camera_intel/prefix_override:/usr/lib/python3/dist-packages/colcon_core/task/python/colcon_distutils_commands:/home/amir/camera_intel/install/camera_intel/lib/python3.10/site-packages:${PYTHONPATH} /usr/bin/python3 -W ignore:setup.py install is deprecated setup.py egg_info --egg-base ../../build/camera_intel build --build-base /home/amir/camera_intel/build/camera_intel/build install --record /home/amir/camera_intel/build/camera_intel/install.log --single-version-externally-managed install_data
[3.883s] Level 1:colcon.colcon_core.environment:checking '/home/amir/camera_intel/install/camera_intel' for CMake config files
[3.883s] Level 1:colcon.colcon_core.environment:checking '/home/amir/camera_intel/install/camera_intel/lib'
[3.884s] Level 1:colcon.colcon_core.environment:checking '/home/amir/camera_intel/install/camera_intel/bin'
[3.884s] Level 1:colcon.colcon_core.environment:checking '/home/amir/camera_intel/install/camera_intel/lib/pkgconfig/camera_intel.pc'
[3.884s] Level 1:colcon.colcon_core.environment:checking '/home/amir/camera_intel/install/camera_intel/lib/python3.10/site-packages'
[3.884s] Level 1:colcon.colcon_core.shell:create_environment_hook('camera_intel', 'pythonpath')
[3.884s] INFO:colcon.colcon_core.shell:Creating environment hook '/home/amir/camera_intel/install/camera_intel/share/camera_intel/hook/pythonpath.ps1'
[3.885s] INFO:colcon.colcon_core.shell:Creating environment descriptor '/home/amir/camera_intel/install/camera_intel/share/camera_intel/hook/pythonpath.dsv'
[3.886s] INFO:colcon.colcon_core.shell:Creating environment hook '/home/amir/camera_intel/install/camera_intel/share/camera_intel/hook/pythonpath.sh'
[3.886s] Level 1:colcon.colcon_core.environment:checking '/home/amir/camera_intel/install/camera_intel/bin'
[3.886s] Level 1:colcon.colcon_core.environment:create_environment_scripts_only(camera_intel)
[3.887s] INFO:colcon.colcon_core.shell:Creating package script '/home/amir/camera_intel/install/camera_intel/share/camera_intel/package.ps1'
[3.888s] INFO:colcon.colcon_core.shell:Creating package descriptor '/home/amir/camera_intel/install/camera_intel/share/camera_intel/package.dsv'
[3.889s] INFO:colcon.colcon_core.shell:Creating package script '/home/amir/camera_intel/install/camera_intel/share/camera_intel/package.sh'
[3.890s] INFO:colcon.colcon_core.shell:Creating package script '/home/amir/camera_intel/install/camera_intel/share/camera_intel/package.bash'
[3.890s] INFO:colcon.colcon_core.shell:Creating package script '/home/amir/camera_intel/install/camera_intel/share/camera_intel/package.zsh'
[3.891s] Level 1:colcon.colcon_core.environment:create_file_with_runtime_dependencies(/home/amir/camera_intel/install/camera_intel/share/colcon-core/packages/camera_intel)
[3.891s] DEBUG:colcon.colcon_parallel_executor.executor.parallel:closing loop
[3.892s] DEBUG:colcon.colcon_parallel_executor.executor.parallel:loop closed
[3.892s] DEBUG:colcon.colcon_parallel_executor.executor.parallel:run_until_complete finished with '0'
[3.892s] DEBUG:colcon.colcon_core.event_reactor:joining thread
[3.901s] INFO:colcon.colcon_core.plugin_system:Skipping extension 'colcon_notification.desktop_notification.terminal_notifier': Not used on non-Darwin systems
[3.901s] INFO:colcon.colcon_core.plugin_system:Skipping extension 'colcon_notification.desktop_notification.win32': Not used on non-Windows systems
[3.901s] INFO:colcon.colcon_notification.desktop_notification:Sending desktop notification using 'notify2'
[3.928s] DEBUG:colcon.colcon_core.event_reactor:joined thread
[3.928s] INFO:colcon.colcon_core.shell:Creating prefix script '/home/amir/camera_intel/install/local_setup.ps1'
[3.930s] INFO:colcon.colcon_core.shell:Creating prefix util module '/home/amir/camera_intel/install/_local_setup_util_ps1.py'
[3.934s] INFO:colcon.colcon_core.shell:Creating prefix chain script '/home/amir/camera_intel/install/setup.ps1'
[3.940s] INFO:colcon.colcon_core.shell:Creating prefix script '/home/amir/camera_intel/install/local_setup.sh'
[3.941s] INFO:colcon.colcon_core.shell:Creating prefix util module '/home/amir/camera_intel/install/_local_setup_util_sh.py'
[3.943s] INFO:colcon.colcon_core.shell:Creating prefix chain script '/home/amir/camera_intel/install/setup.sh'
[3.950s] INFO:colcon.colcon_core.shell:Creating prefix script '/home/amir/camera_intel/install/local_setup.bash'
[3.951s] INFO:colcon.colcon_core.shell:Creating prefix chain script '/home/amir/camera_intel/install/setup.bash'
[3.957s] INFO:colcon.colcon_core.shell:Creating prefix script '/home/amir/camera_intel/install/local_setup.zsh'
[3.959s] INFO:colcon.colcon_core.shell:Creating prefix chain script '/home/amir/camera_intel/install/setup.zsh'
