[1.404s] Invoking command in '/home/amir/camera_intel/src/camera_intel': PYTHONPATH=/home/amir/camera_intel/build/camera_intel/prefix_override:/usr/lib/python3/dist-packages/colcon_core/task/python/colcon_distutils_commands:/home/amir/camera_intel/install/camera_intel/lib/python3.10/site-packages:${PYTHONPATH} /usr/bin/python3 -W ignore:setup.py install is deprecated setup.py egg_info --egg-base ../../build/camera_intel build --build-base /home/amir/camera_intel/build/camera_intel/build install --record /home/amir/camera_intel/build/camera_intel/install.log --single-version-externally-managed install_data
[1.871s] running egg_info
[1.899s] writing ../../build/camera_intel/camera_intel.egg-info/PKG-INFO
[1.899s] writing dependency_links to ../../build/camera_intel/camera_intel.egg-info/dependency_links.txt
[1.900s] writing entry points to ../../build/camera_intel/camera_intel.egg-info/entry_points.txt
[1.900s] writing requirements to ../../build/camera_intel/camera_intel.egg-info/requires.txt
[1.901s] writing top-level names to ../../build/camera_intel/camera_intel.egg-info/top_level.txt
[1.960s] reading manifest file '../../build/camera_intel/camera_intel.egg-info/SOURCES.txt'
[1.961s] writing manifest file '../../build/camera_intel/camera_intel.egg-info/SOURCES.txt'
[1.961s] running build
[1.961s] running build_py
[1.962s] copying camera_intel/camera_publisher.py -> /home/amir/camera_intel/build/camera_intel/build/lib/camera_intel
[1.963s] running install
[1.972s] running install_lib
[2.002s] copying /home/amir/camera_intel/build/camera_intel/build/lib/camera_intel/camera_publisher.py -> /home/amir/camera_intel/install/camera_intel/lib/python3.10/site-packages/camera_intel
[2.003s] byte-compiling /home/amir/camera_intel/install/camera_intel/lib/python3.10/site-packages/camera_intel/camera_publisher.py to camera_publisher.cpython-310.pyc
[2.006s] running install_data
[2.006s] running install_egg_info
[2.044s] removing '/home/amir/camera_intel/install/camera_intel/lib/python3.10/site-packages/camera_intel-0.0.0-py3.10.egg-info' (and everything under it)
[2.044s] Copying ../../build/camera_intel/camera_intel.egg-info to /home/amir/camera_intel/install/camera_intel/lib/python3.10/site-packages/camera_intel-0.0.0-py3.10.egg-info
[2.046s] running install_scripts
[2.339s] Installing camera_publisher script to /home/amir/camera_intel/install/camera_intel/lib/camera_intel
[2.339s] Installing camera_subscriber script to /home/amir/camera_intel/install/camera_intel/lib/camera_intel
[2.339s] Installing intel_pub script to /home/amir/camera_intel/install/camera_intel/lib/camera_intel
[2.340s] Installing intel_sub script to /home/amir/camera_intel/install/camera_intel/lib/camera_intel
[2.340s] Installing real_time_test_publisher script to /home/amir/camera_intel/install/camera_intel/lib/camera_intel
[2.340s] Installing real_time_test_subscriber script to /home/amir/camera_intel/install/camera_intel/lib/camera_intel
[2.341s] writing list of installed files to '/home/amir/camera_intel/build/camera_intel/install.log'
[2.379s] Invoked command in '/home/amir/camera_intel/src/camera_intel' returned '0': PYTHONPATH=/home/amir/camera_intel/build/camera_intel/prefix_override:/usr/lib/python3/dist-packages/colcon_core/task/python/colcon_distutils_commands:/home/amir/camera_intel/install/camera_intel/lib/python3.10/site-packages:${PYTHONPATH} /usr/bin/python3 -W ignore:setup.py install is deprecated setup.py egg_info --egg-base ../../build/camera_intel build --build-base /home/amir/camera_intel/build/camera_intel/build install --record /home/amir/camera_intel/build/camera_intel/install.log --single-version-externally-managed install_data
