[0.069s] Invoking command in '/home/amir/interbotix_ws/build/interbotix_moveit_interface_msgs': CMAKE_PREFIX_PATH=${CMAKE_PREFIX_PATH}:/home/amir/camera_intel/install/camera_intel:/home/amir/interbotix_ws/install/interbotix_xs_modules:/home/amir/interbotix_ws/install/interbotix_perception_modules:/home/amir/interbotix_ws/install/interbotix_common_modules:/opt/ros/humble /usr/bin/cmake --build /home/amir/interbotix_ws/build/interbotix_moveit_interface_msgs -- -j4 -l4
[0.240s] [  3%] Built target interbotix_moveit_interface_msgs__cpp
[0.251s] [ 12%] Built target interbotix_moveit_interface_msgs__rosidl_generator_c
[0.297s] [ 12%] Built target ament_cmake_python_symlink_interbotix_moveit_interface_msgs
[0.345s] [ 22%] Built target interbotix_moveit_interface_msgs__rosidl_typesupport_cpp
[0.361s] [ 32%] Built target interbotix_moveit_interface_msgs__rosidl_typesupport_fastrtps_cpp
[0.384s] [ 41%] Built target interbotix_moveit_interface_msgs__rosidl_typesupport_introspection_cpp
[0.418s] [ 51%] Built target interbotix_moveit_interface_msgs__rosidl_typesupport_fastrtps_c
[0.447s] [ 61%] Built target interbotix_moveit_interface_msgs__rosidl_typesupport_c
[0.453s] [ 70%] Built target interbotix_moveit_interface_msgs__rosidl_typesupport_introspection_c
[0.539s] [ 70%] Built target interbotix_moveit_interface_msgs
[0.622s] [ 74%] Built target interbotix_moveit_interface_msgs__py
[0.686s] [ 80%] Built target interbotix_moveit_interface_msgs__rosidl_generator_py
[0.799s] [ 87%] Built target interbotix_moveit_interface_msgs__rosidl_typesupport_c__pyext
[0.804s] [ 93%] Built target interbotix_moveit_interface_msgs__rosidl_typesupport_fastrtps_c__pyext
[0.807s] [100%] Built target interbotix_moveit_interface_msgs__rosidl_typesupport_introspection_c__pyext
[1.066s] running egg_info
[1.094s] writing interbotix_moveit_interface_msgs.egg-info/PKG-INFO
[1.095s] writing dependency_links to interbotix_moveit_interface_msgs.egg-info/dependency_links.txt
[1.095s] writing top-level names to interbotix_moveit_interface_msgs.egg-info/top_level.txt
[1.176s] reading manifest file 'interbotix_moveit_interface_msgs.egg-info/SOURCES.txt'
[1.177s] writing manifest file 'interbotix_moveit_interface_msgs.egg-info/SOURCES.txt'
[1.219s] [100%] Built target ament_cmake_python_build_interbotix_moveit_interface_msgs_egg
[1.289s] Invoked command in '/home/amir/interbotix_ws/build/interbotix_moveit_interface_msgs' returned '0': CMAKE_PREFIX_PATH=${CMAKE_PREFIX_PATH}:/home/amir/camera_intel/install/camera_intel:/home/amir/interbotix_ws/install/interbotix_xs_modules:/home/amir/interbotix_ws/install/interbotix_perception_modules:/home/amir/interbotix_ws/install/interbotix_common_modules:/opt/ros/humble /usr/bin/cmake --build /home/amir/interbotix_ws/build/interbotix_moveit_interface_msgs -- -j4 -l4
[1.478s] Invoking command in '/home/amir/interbotix_ws/build/interbotix_moveit_interface_msgs': CMAKE_PREFIX_PATH=${CMAKE_PREFIX_PATH}:/home/amir/camera_intel/install/camera_intel:/home/amir/interbotix_ws/install/interbotix_xs_modules:/home/amir/interbotix_ws/install/interbotix_perception_modules:/home/amir/interbotix_ws/install/interbotix_common_modules:/opt/ros/humble /usr/bin/cmake --install /home/amir/interbotix_ws/build/interbotix_moveit_interface_msgs
[1.496s] -- Install configuration: ""
[1.499s] -- Execute custom install script
[1.499s] -- Up-to-date symlink: /home/amir/interbotix_ws/install/interbotix_moveit_interface_msgs/share/ament_index/resource_index/rosidl_interfaces/interbotix_moveit_interface_msgs
[1.499s] -- Up-to-date symlink: /home/amir/interbotix_ws/install/interbotix_moveit_interface_msgs/include/interbotix_moveit_interface_msgs/interbotix_moveit_interface_msgs/msg/rosidl_generator_c__visibility_control.h
[1.500s] -- Up-to-date symlink: /home/amir/interbotix_ws/install/interbotix_moveit_interface_msgs/include/interbotix_moveit_interface_msgs/interbotix_moveit_interface_msgs/srv/detail/move_it_plan__functions.h
[1.501s] -- Up-to-date symlink: /home/amir/interbotix_ws/install/interbotix_moveit_interface_msgs/include/interbotix_moveit_interface_msgs/interbotix_moveit_interface_msgs/srv/detail/move_it_plan__struct.h
[1.501s] -- Up-to-date symlink: /home/amir/interbotix_ws/install/interbotix_moveit_interface_msgs/include/interbotix_moveit_interface_msgs/interbotix_moveit_interface_msgs/srv/detail/move_it_plan__type_support.h
[1.501s] -- Up-to-date symlink: /home/amir/interbotix_ws/install/interbotix_moveit_interface_msgs/include/interbotix_moveit_interface_msgs/interbotix_moveit_interface_msgs/srv/move_it_plan.h
[1.502s] -- Up-to-date symlink: /home/amir/interbotix_ws/install/interbotix_moveit_interface_msgs/share/interbotix_moveit_interface_msgs/environment/library_path.sh
[1.505s] -- Up-to-date symlink: /home/amir/interbotix_ws/install/interbotix_moveit_interface_msgs/share/interbotix_moveit_interface_msgs/environment/library_path.dsv
[1.505s] -- Up-to-date symlink: /home/amir/interbotix_ws/install/interbotix_moveit_interface_msgs/include/interbotix_moveit_interface_msgs/interbotix_moveit_interface_msgs/msg/rosidl_typesupport_fastrtps_c__visibility_control.h
[1.505s] -- Up-to-date symlink: /home/amir/interbotix_ws/install/interbotix_moveit_interface_msgs/include/interbotix_moveit_interface_msgs/interbotix_moveit_interface_msgs/srv/detail/move_it_plan__rosidl_typesupport_fastrtps_c.h
[1.506s] -- Up-to-date symlink: /home/amir/interbotix_ws/install/interbotix_moveit_interface_msgs/include/interbotix_moveit_interface_msgs/interbotix_moveit_interface_msgs/msg/rosidl_typesupport_introspection_c__visibility_control.h
[1.507s] -- Up-to-date symlink: /home/amir/interbotix_ws/install/interbotix_moveit_interface_msgs/include/interbotix_moveit_interface_msgs/interbotix_moveit_interface_msgs/srv/detail/move_it_plan__rosidl_typesupport_introspection_c.h
[1.508s] -- Up-to-date symlink: /home/amir/interbotix_ws/install/interbotix_moveit_interface_msgs/include/interbotix_moveit_interface_msgs/interbotix_moveit_interface_msgs/srv/detail/move_it_plan__builder.hpp
[1.508s] -- Up-to-date symlink: /home/amir/interbotix_ws/install/interbotix_moveit_interface_msgs/include/interbotix_moveit_interface_msgs/interbotix_moveit_interface_msgs/srv/detail/move_it_plan__struct.hpp
[1.509s] -- Up-to-date symlink: /home/amir/interbotix_ws/install/interbotix_moveit_interface_msgs/include/interbotix_moveit_interface_msgs/interbotix_moveit_interface_msgs/srv/detail/move_it_plan__traits.hpp
[1.509s] -- Up-to-date symlink: /home/amir/interbotix_ws/install/interbotix_moveit_interface_msgs/include/interbotix_moveit_interface_msgs/interbotix_moveit_interface_msgs/srv/move_it_plan.hpp
[1.511s] -- Up-to-date symlink: /home/amir/interbotix_ws/install/interbotix_moveit_interface_msgs/include/interbotix_moveit_interface_msgs/interbotix_moveit_interface_msgs/msg/rosidl_typesupport_fastrtps_cpp__visibility_control.h
[1.513s] -- Up-to-date symlink: /home/amir/interbotix_ws/install/interbotix_moveit_interface_msgs/include/interbotix_moveit_interface_msgs/interbotix_moveit_interface_msgs/srv/detail/move_it_plan__rosidl_typesupport_fastrtps_cpp.hpp
[1.513s] -- Up-to-date symlink: /home/amir/interbotix_ws/install/interbotix_moveit_interface_msgs/include/interbotix_moveit_interface_msgs/interbotix_moveit_interface_msgs/srv/detail/move_it_plan__rosidl_typesupport_introspection_cpp.hpp
[1.514s] -- Up-to-date symlink: /home/amir/interbotix_ws/install/interbotix_moveit_interface_msgs/share/interbotix_moveit_interface_msgs/environment/pythonpath.sh
[1.514s] -- Up-to-date symlink: /home/amir/interbotix_ws/install/interbotix_moveit_interface_msgs/share/interbotix_moveit_interface_msgs/environment/pythonpath.dsv
[1.515s] -- Up-to-date symlink: /home/amir/interbotix_ws/install/interbotix_moveit_interface_msgs/local/lib/python3.10/dist-packages/interbotix_moveit_interface_msgs-0.0.0-py3.10.egg-info/PKG-INFO
[1.517s] -- Up-to-date symlink: /home/amir/interbotix_ws/install/interbotix_moveit_interface_msgs/local/lib/python3.10/dist-packages/interbotix_moveit_interface_msgs-0.0.0-py3.10.egg-info/SOURCES.txt
[1.518s] -- Up-to-date symlink: /home/amir/interbotix_ws/install/interbotix_moveit_interface_msgs/local/lib/python3.10/dist-packages/interbotix_moveit_interface_msgs-0.0.0-py3.10.egg-info/dependency_links.txt
[1.518s] -- Up-to-date symlink: /home/amir/interbotix_ws/install/interbotix_moveit_interface_msgs/local/lib/python3.10/dist-packages/interbotix_moveit_interface_msgs-0.0.0-py3.10.egg-info/top_level.txt
[1.518s] -- Up-to-date symlink: /home/amir/interbotix_ws/install/interbotix_moveit_interface_msgs/local/lib/python3.10/dist-packages/interbotix_moveit_interface_msgs/__init__.py
[1.519s] -- Up-to-date symlink: /home/amir/interbotix_ws/install/interbotix_moveit_interface_msgs/local/lib/python3.10/dist-packages/interbotix_moveit_interface_msgs/_interbotix_moveit_interface_msgs_s.ep.rosidl_typesupport_c.c
[1.519s] -- Up-to-date symlink: /home/amir/interbotix_ws/install/interbotix_moveit_interface_msgs/local/lib/python3.10/dist-packages/interbotix_moveit_interface_msgs/_interbotix_moveit_interface_msgs_s.ep.rosidl_typesupport_fastrtps_c.c
[1.519s] -- Up-to-date symlink: /home/amir/interbotix_ws/install/interbotix_moveit_interface_msgs/local/lib/python3.10/dist-packages/interbotix_moveit_interface_msgs/_interbotix_moveit_interface_msgs_s.ep.rosidl_typesupport_introspection_c.c
[1.520s] -- Up-to-date symlink: /home/amir/interbotix_ws/install/interbotix_moveit_interface_msgs/local/lib/python3.10/dist-packages/interbotix_moveit_interface_msgs/interbotix_moveit_interface_msgs_s__rosidl_typesupport_c.cpython-310-x86_64-linux-gnu.so
[1.520s] -- Up-to-date symlink: /home/amir/interbotix_ws/install/interbotix_moveit_interface_msgs/local/lib/python3.10/dist-packages/interbotix_moveit_interface_msgs/interbotix_moveit_interface_msgs_s__rosidl_typesupport_fastrtps_c.cpython-310-x86_64-linux-gnu.so
[1.521s] -- Up-to-date symlink: /home/amir/interbotix_ws/install/interbotix_moveit_interface_msgs/local/lib/python3.10/dist-packages/interbotix_moveit_interface_msgs/interbotix_moveit_interface_msgs_s__rosidl_typesupport_introspection_c.cpython-310-x86_64-linux-gnu.so
[1.523s] -- Up-to-date symlink: /home/amir/interbotix_ws/install/interbotix_moveit_interface_msgs/local/lib/python3.10/dist-packages/interbotix_moveit_interface_msgs/libinterbotix_moveit_interface_msgs__rosidl_generator_py.so
[1.523s] -- Up-to-date symlink: /home/amir/interbotix_ws/install/interbotix_moveit_interface_msgs/local/lib/python3.10/dist-packages/interbotix_moveit_interface_msgs/srv/__init__.py
[1.523s] -- Up-to-date symlink: /home/amir/interbotix_ws/install/interbotix_moveit_interface_msgs/local/lib/python3.10/dist-packages/interbotix_moveit_interface_msgs/srv/_move_it_plan.py
[1.524s] -- Up-to-date symlink: /home/amir/interbotix_ws/install/interbotix_moveit_interface_msgs/local/lib/python3.10/dist-packages/interbotix_moveit_interface_msgs/srv/_move_it_plan_s.c
[1.524s] -- Up-to-date symlink: /home/amir/interbotix_ws/install/interbotix_moveit_interface_msgs/local/lib/python3.10/dist-packages/interbotix_moveit_interface_msgs/interbotix_moveit_interface_msgs_s__rosidl_typesupport_fastrtps_c.cpython-310-x86_64-linux-gnu.so
[1.526s] -- Up-to-date symlink: /home/amir/interbotix_ws/install/interbotix_moveit_interface_msgs/local/lib/python3.10/dist-packages/interbotix_moveit_interface_msgs/interbotix_moveit_interface_msgs_s__rosidl_typesupport_introspection_c.cpython-310-x86_64-linux-gnu.so
[1.526s] -- Up-to-date symlink: /home/amir/interbotix_ws/install/interbotix_moveit_interface_msgs/local/lib/python3.10/dist-packages/interbotix_moveit_interface_msgs/interbotix_moveit_interface_msgs_s__rosidl_typesupport_c.cpython-310-x86_64-linux-gnu.so
[1.527s] -- Up-to-date symlink: /home/amir/interbotix_ws/install/interbotix_moveit_interface_msgs/share/interbotix_moveit_interface_msgs/srv/MoveItPlan.idl
[1.527s] -- Up-to-date symlink: /home/amir/interbotix_ws/install/interbotix_moveit_interface_msgs/share/interbotix_moveit_interface_msgs/srv/MoveItPlan.srv
[1.527s] -- Up-to-date symlink: /home/amir/interbotix_ws/install/interbotix_moveit_interface_msgs/share/interbotix_moveit_interface_msgs/srv/MoveItPlan_Request.msg
[1.527s] -- Up-to-date symlink: /home/amir/interbotix_ws/install/interbotix_moveit_interface_msgs/share/interbotix_moveit_interface_msgs/srv/MoveItPlan_Response.msg
[1.527s] -- Up-to-date symlink: /home/amir/interbotix_ws/install/interbotix_moveit_interface_msgs/share/ament_index/resource_index/package_run_dependencies/interbotix_moveit_interface_msgs
[1.529s] -- Up-to-date symlink: /home/amir/interbotix_ws/install/interbotix_moveit_interface_msgs/share/ament_index/resource_index/parent_prefix_path/interbotix_moveit_interface_msgs
[1.529s] -- Up-to-date symlink: /home/amir/interbotix_ws/install/interbotix_moveit_interface_msgs/share/interbotix_moveit_interface_msgs/environment/ament_prefix_path.sh
[1.529s] -- Up-to-date symlink: /home/amir/interbotix_ws/install/interbotix_moveit_interface_msgs/share/interbotix_moveit_interface_msgs/environment/ament_prefix_path.dsv
[1.530s] -- Up-to-date symlink: /home/amir/interbotix_ws/install/interbotix_moveit_interface_msgs/share/interbotix_moveit_interface_msgs/environment/path.sh
[1.530s] -- Up-to-date symlink: /home/amir/interbotix_ws/install/interbotix_moveit_interface_msgs/share/interbotix_moveit_interface_msgs/environment/path.dsv
[1.532s] -- Up-to-date symlink: /home/amir/interbotix_ws/install/interbotix_moveit_interface_msgs/share/interbotix_moveit_interface_msgs/local_setup.bash
[1.532s] -- Up-to-date symlink: /home/amir/interbotix_ws/install/interbotix_moveit_interface_msgs/share/interbotix_moveit_interface_msgs/local_setup.sh
[1.532s] -- Up-to-date symlink: /home/amir/interbotix_ws/install/interbotix_moveit_interface_msgs/share/interbotix_moveit_interface_msgs/local_setup.zsh
[1.532s] -- Up-to-date symlink: /home/amir/interbotix_ws/install/interbotix_moveit_interface_msgs/share/interbotix_moveit_interface_msgs/local_setup.dsv
[1.537s] -- Symlinking: /home/amir/interbotix_ws/install/interbotix_moveit_interface_msgs/share/interbotix_moveit_interface_msgs/package.dsv
[1.555s] -- Up-to-date symlink: /home/amir/interbotix_ws/install/interbotix_moveit_interface_msgs/share/ament_index/resource_index/packages/interbotix_moveit_interface_msgs
[1.556s] -- Up-to-date symlink: /home/amir/interbotix_ws/install/interbotix_moveit_interface_msgs/share/interbotix_moveit_interface_msgs/cmake/rosidl_cmake-extras.cmake
[1.556s] -- Up-to-date symlink: /home/amir/interbotix_ws/install/interbotix_moveit_interface_msgs/share/interbotix_moveit_interface_msgs/cmake/ament_cmake_export_dependencies-extras.cmake
[1.557s] -- Up-to-date symlink: /home/amir/interbotix_ws/install/interbotix_moveit_interface_msgs/share/interbotix_moveit_interface_msgs/cmake/ament_cmake_export_include_directories-extras.cmake
[1.558s] -- Up-to-date symlink: /home/amir/interbotix_ws/install/interbotix_moveit_interface_msgs/share/interbotix_moveit_interface_msgs/cmake/ament_cmake_export_libraries-extras.cmake
[1.563s] -- Up-to-date symlink: /home/amir/interbotix_ws/install/interbotix_moveit_interface_msgs/share/interbotix_moveit_interface_msgs/cmake/ament_cmake_export_targets-extras.cmake
[1.563s] -- Up-to-date symlink: /home/amir/interbotix_ws/install/interbotix_moveit_interface_msgs/share/interbotix_moveit_interface_msgs/cmake/rosidl_cmake_export_typesupport_targets-extras.cmake
[1.563s] -- Up-to-date symlink: /home/amir/interbotix_ws/install/interbotix_moveit_interface_msgs/share/interbotix_moveit_interface_msgs/cmake/rosidl_cmake_export_typesupport_libraries-extras.cmake
[1.564s] -- Up-to-date symlink: /home/amir/interbotix_ws/install/interbotix_moveit_interface_msgs/share/interbotix_moveit_interface_msgs/cmake/interbotix_moveit_interface_msgsConfig.cmake
[1.564s] -- Up-to-date symlink: /home/amir/interbotix_ws/install/interbotix_moveit_interface_msgs/share/interbotix_moveit_interface_msgs/cmake/interbotix_moveit_interface_msgsConfig-version.cmake
[1.564s] -- Up-to-date symlink: /home/amir/interbotix_ws/install/interbotix_moveit_interface_msgs/share/interbotix_moveit_interface_msgs/package.xml
[1.564s] -- Up-to-date: /home/amir/interbotix_ws/install/interbotix_moveit_interface_msgs/lib/libinterbotix_moveit_interface_msgs__rosidl_generator_c.so
[1.565s] -- Up-to-date: /home/amir/interbotix_ws/install/interbotix_moveit_interface_msgs/lib/libinterbotix_moveit_interface_msgs__rosidl_typesupport_fastrtps_c.so
[1.566s] -- Up-to-date: /home/amir/interbotix_ws/install/interbotix_moveit_interface_msgs/lib/libinterbotix_moveit_interface_msgs__rosidl_typesupport_introspection_c.so
[1.566s] -- Up-to-date: /home/amir/interbotix_ws/install/interbotix_moveit_interface_msgs/lib/libinterbotix_moveit_interface_msgs__rosidl_typesupport_c.so
[1.568s] -- Up-to-date: /home/amir/interbotix_ws/install/interbotix_moveit_interface_msgs/lib/libinterbotix_moveit_interface_msgs__rosidl_typesupport_fastrtps_cpp.so
[1.568s] -- Up-to-date: /home/amir/interbotix_ws/install/interbotix_moveit_interface_msgs/lib/libinterbotix_moveit_interface_msgs__rosidl_typesupport_introspection_cpp.so
[1.568s] -- Up-to-date: /home/amir/interbotix_ws/install/interbotix_moveit_interface_msgs/lib/libinterbotix_moveit_interface_msgs__rosidl_typesupport_cpp.so
[1.676s] Listing '/home/amir/interbotix_ws/install/interbotix_moveit_interface_msgs/local/lib/python3.10/dist-packages/interbotix_moveit_interface_msgs'...
[1.676s] Listing '/home/amir/interbotix_ws/install/interbotix_moveit_interface_msgs/local/lib/python3.10/dist-packages/interbotix_moveit_interface_msgs/srv'...
[1.686s] -- Up-to-date: /home/amir/interbotix_ws/install/interbotix_moveit_interface_msgs/lib/libinterbotix_moveit_interface_msgs__rosidl_generator_py.so
[1.686s] -- Up-to-date: /home/amir/interbotix_ws/install/interbotix_moveit_interface_msgs/share/interbotix_moveit_interface_msgs/cmake/export_interbotix_moveit_interface_msgs__rosidl_generator_cExport.cmake
[1.687s] -- Up-to-date: /home/amir/interbotix_ws/install/interbotix_moveit_interface_msgs/share/interbotix_moveit_interface_msgs/cmake/export_interbotix_moveit_interface_msgs__rosidl_generator_cExport-noconfig.cmake
[1.690s] -- Up-to-date: /home/amir/interbotix_ws/install/interbotix_moveit_interface_msgs/share/interbotix_moveit_interface_msgs/cmake/export_interbotix_moveit_interface_msgs__rosidl_typesupport_fastrtps_cExport.cmake
[1.690s] -- Up-to-date: /home/amir/interbotix_ws/install/interbotix_moveit_interface_msgs/share/interbotix_moveit_interface_msgs/cmake/export_interbotix_moveit_interface_msgs__rosidl_typesupport_fastrtps_cExport-noconfig.cmake
[1.690s] -- Up-to-date: /home/amir/interbotix_ws/install/interbotix_moveit_interface_msgs/share/interbotix_moveit_interface_msgs/cmake/interbotix_moveit_interface_msgs__rosidl_typesupport_introspection_cExport.cmake
[1.690s] -- Up-to-date: /home/amir/interbotix_ws/install/interbotix_moveit_interface_msgs/share/interbotix_moveit_interface_msgs/cmake/interbotix_moveit_interface_msgs__rosidl_typesupport_introspection_cExport-noconfig.cmake
[1.691s] -- Up-to-date: /home/amir/interbotix_ws/install/interbotix_moveit_interface_msgs/share/interbotix_moveit_interface_msgs/cmake/interbotix_moveit_interface_msgs__rosidl_typesupport_cExport.cmake
[1.691s] -- Up-to-date: /home/amir/interbotix_ws/install/interbotix_moveit_interface_msgs/share/interbotix_moveit_interface_msgs/cmake/interbotix_moveit_interface_msgs__rosidl_typesupport_cExport-noconfig.cmake
[1.691s] -- Up-to-date: /home/amir/interbotix_ws/install/interbotix_moveit_interface_msgs/share/interbotix_moveit_interface_msgs/cmake/export_interbotix_moveit_interface_msgs__rosidl_generator_cppExport.cmake
[1.691s] -- Up-to-date: /home/amir/interbotix_ws/install/interbotix_moveit_interface_msgs/share/interbotix_moveit_interface_msgs/cmake/export_interbotix_moveit_interface_msgs__rosidl_typesupport_fastrtps_cppExport.cmake
[1.691s] -- Up-to-date: /home/amir/interbotix_ws/install/interbotix_moveit_interface_msgs/share/interbotix_moveit_interface_msgs/cmake/export_interbotix_moveit_interface_msgs__rosidl_typesupport_fastrtps_cppExport-noconfig.cmake
[1.691s] -- Up-to-date: /home/amir/interbotix_ws/install/interbotix_moveit_interface_msgs/share/interbotix_moveit_interface_msgs/cmake/interbotix_moveit_interface_msgs__rosidl_typesupport_introspection_cppExport.cmake
[1.691s] -- Up-to-date: /home/amir/interbotix_ws/install/interbotix_moveit_interface_msgs/share/interbotix_moveit_interface_msgs/cmake/interbotix_moveit_interface_msgs__rosidl_typesupport_introspection_cppExport-noconfig.cmake
[1.692s] -- Up-to-date: /home/amir/interbotix_ws/install/interbotix_moveit_interface_msgs/share/interbotix_moveit_interface_msgs/cmake/interbotix_moveit_interface_msgs__rosidl_typesupport_cppExport.cmake
[1.692s] -- Up-to-date: /home/amir/interbotix_ws/install/interbotix_moveit_interface_msgs/share/interbotix_moveit_interface_msgs/cmake/interbotix_moveit_interface_msgs__rosidl_typesupport_cppExport-noconfig.cmake
[1.692s] -- Up-to-date: /home/amir/interbotix_ws/install/interbotix_moveit_interface_msgs/share/interbotix_moveit_interface_msgs/cmake/export_interbotix_moveit_interface_msgs__rosidl_generator_pyExport.cmake
[1.692s] -- Up-to-date: /home/amir/interbotix_ws/install/interbotix_moveit_interface_msgs/share/interbotix_moveit_interface_msgs/cmake/export_interbotix_moveit_interface_msgs__rosidl_generator_pyExport-noconfig.cmake
[1.698s] Invoked command in '/home/amir/interbotix_ws/build/interbotix_moveit_interface_msgs' returned '0': CMAKE_PREFIX_PATH=${CMAKE_PREFIX_PATH}:/home/amir/camera_intel/install/camera_intel:/home/amir/interbotix_ws/install/interbotix_xs_modules:/home/amir/interbotix_ws/install/interbotix_perception_modules:/home/amir/interbotix_ws/install/interbotix_common_modules:/opt/ros/humble /usr/bin/cmake --install /home/amir/interbotix_ws/build/interbotix_moveit_interface_msgs
