[0.048s] Invoking command in '/home/amir/interbotix_ws/build/interbotix_tf_tools': CMAKE_PREFIX_PATH=${CMAKE_PREFIX_PATH}:/home/amir/interbotix_ws/install/interbotix_perception_modules:/home/amir/interbotix_ws/install/interbotix_xs_modules:/home/amir/interbotix_ws/install/interbotix_common_modules:/home/amir/camera_intel/install/camera_intel:/opt/ros/humble /usr/bin/cmake --build /home/amir/interbotix_ws/build/interbotix_tf_tools -- -j4 -l4
[0.223s] [100%] Built target tf_rebroadcaster
[0.310s] Invoked command in '/home/amir/interbotix_ws/build/interbotix_tf_tools' returned '0': CMAKE_PREFIX_PATH=${CMAKE_PREFIX_PATH}:/home/amir/interbotix_ws/install/interbotix_perception_modules:/home/amir/interbotix_ws/install/interbotix_xs_modules:/home/amir/interbotix_ws/install/interbotix_common_modules:/home/amir/camera_intel/install/camera_intel:/opt/ros/humble /usr/bin/cmake --build /home/amir/interbotix_ws/build/interbotix_tf_tools -- -j4 -l4
[0.449s] Invoking command in '/home/amir/interbotix_ws/build/interbotix_tf_tools': CMAKE_PREFIX_PATH=${CMAKE_PREFIX_PATH}:/home/amir/interbotix_ws/install/interbotix_perception_modules:/home/amir/interbotix_ws/install/interbotix_xs_modules:/home/amir/interbotix_ws/install/interbotix_common_modules:/home/amir/camera_intel/install/camera_intel:/opt/ros/humble /usr/bin/cmake --install /home/amir/interbotix_ws/build/interbotix_tf_tools
[0.501s] -- Install configuration: ""
[0.501s] -- Execute custom install script
[0.505s] -- Up-to-date symlink: /home/amir/interbotix_ws/install/interbotix_tf_tools/lib/libtf_rebroadcaster.so
[0.508s] -- Up-to-date symlink: /home/amir/interbotix_ws/install/interbotix_tf_tools/lib/interbotix_tf_tools/static_trans_pub.py
[0.509s] -- Up-to-date symlink: /home/amir/interbotix_ws/install/interbotix_tf_tools/share/interbotix_tf_tools//config/tf_rebroadcaster.yaml
[0.512s] -- Up-to-date symlink: /home/amir/interbotix_ws/install/interbotix_tf_tools/share/interbotix_tf_tools//launch/static_transform_pub.launch.py
[0.512s] -- Up-to-date symlink: /home/amir/interbotix_ws/install/interbotix_tf_tools/share/interbotix_tf_tools//launch/tf_rebroadcaster.launch.py
[0.513s] -- Up-to-date symlink: /home/amir/interbotix_ws/install/interbotix_tf_tools/share/ament_index/resource_index/package_run_dependencies/interbotix_tf_tools
[0.515s] -- Up-to-date symlink: /home/amir/interbotix_ws/install/interbotix_tf_tools/share/ament_index/resource_index/parent_prefix_path/interbotix_tf_tools
[0.517s] -- Up-to-date symlink: /home/amir/interbotix_ws/install/interbotix_tf_tools/share/interbotix_tf_tools/environment/ament_prefix_path.sh
[0.518s] -- Up-to-date symlink: /home/amir/interbotix_ws/install/interbotix_tf_tools/share/interbotix_tf_tools/environment/ament_prefix_path.dsv
[0.520s] -- Up-to-date symlink: /home/amir/interbotix_ws/install/interbotix_tf_tools/share/interbotix_tf_tools/environment/path.sh
[0.522s] -- Up-to-date symlink: /home/amir/interbotix_ws/install/interbotix_tf_tools/share/interbotix_tf_tools/environment/path.dsv
[0.524s] -- Up-to-date symlink: /home/amir/interbotix_ws/install/interbotix_tf_tools/share/interbotix_tf_tools/local_setup.bash
[0.525s] -- Up-to-date symlink: /home/amir/interbotix_ws/install/interbotix_tf_tools/share/interbotix_tf_tools/local_setup.sh
[0.525s] -- Up-to-date symlink: /home/amir/interbotix_ws/install/interbotix_tf_tools/share/interbotix_tf_tools/local_setup.zsh
[0.526s] -- Up-to-date symlink: /home/amir/interbotix_ws/install/interbotix_tf_tools/share/interbotix_tf_tools/local_setup.dsv
[0.527s] -- Symlinking: /home/amir/interbotix_ws/install/interbotix_tf_tools/share/interbotix_tf_tools/package.dsv
[0.569s] -- Up-to-date symlink: /home/amir/interbotix_ws/install/interbotix_tf_tools/share/ament_index/resource_index/packages/interbotix_tf_tools
[0.570s] -- Up-to-date symlink: /home/amir/interbotix_ws/install/interbotix_tf_tools/share/ament_index/resource_index/rclcpp_components/interbotix_tf_tools
[0.571s] -- Up-to-date symlink: /home/amir/interbotix_ws/install/interbotix_tf_tools/share/interbotix_tf_tools/cmake/interbotix_tf_toolsConfig.cmake
[0.572s] -- Up-to-date symlink: /home/amir/interbotix_ws/install/interbotix_tf_tools/share/interbotix_tf_tools/cmake/interbotix_tf_toolsConfig-version.cmake
[0.572s] -- Up-to-date symlink: /home/amir/interbotix_ws/install/interbotix_tf_tools/share/interbotix_tf_tools/package.xml
[0.578s] Invoked command in '/home/amir/interbotix_ws/build/interbotix_tf_tools' returned '0': CMAKE_PREFIX_PATH=${CMAKE_PREFIX_PATH}:/home/amir/interbotix_ws/install/interbotix_perception_modules:/home/amir/interbotix_ws/install/interbotix_xs_modules:/home/amir/interbotix_ws/install/interbotix_common_modules:/home/amir/camera_intel/install/camera_intel:/opt/ros/humble /usr/bin/cmake --install /home/amir/interbotix_ws/build/interbotix_tf_tools
