[2.845s] Invoking command in '/home/amir/interbotix_ws/build/interbotix_common_modules': PYTHONPATH=/home/amir/interbotix_ws/build/interbotix_common_modules/prefix_override:/usr/lib/python3/dist-packages/colcon_core/task/python/colcon_distutils_commands:/home/amir/interbotix_ws/install/interbotix_common_modules/lib/python3.10/site-packages:${PYTHONPATH} /usr/bin/python3 -W ignore:setup.py install is deprecated setup.py develop --uninstall --editable --build-directory /home/amir/interbotix_ws/build/interbotix_common_modules/build
[3.897s] running develop
[3.899s] /home/amir/.local/lib/python3.10/site-packages/setuptools/command/easy_install.py:144: EasyInstallDeprecationWarning: easy_install command is deprecated. Use build and pip and other standards-based tools.
[3.899s]   warnings.warn(
[4.686s] Removing /home/amir/interbotix_ws/install/interbotix_common_modules/lib/python3.10/site-packages/interbotix-common-modules.egg-link (link to .)
[4.768s] Invoked command in '/home/amir/interbotix_ws/build/interbotix_common_modules' returned '0': PYTHONPATH=/home/amir/interbotix_ws/build/interbotix_common_modules/prefix_override:/usr/lib/python3/dist-packages/colcon_core/task/python/colcon_distutils_commands:/home/amir/interbotix_ws/install/interbotix_common_modules/lib/python3.10/site-packages:${PYTHONPATH} /usr/bin/python3 -W ignore:setup.py install is deprecated setup.py develop --uninstall --editable --build-directory /home/amir/interbotix_ws/build/interbotix_common_modules/build
[4.774s] Invoking command in '/home/amir/interbotix_ws/src/interbotix_ros_toolboxes/interbotix_common_toolbox/interbotix_common_modules': PYTHONPATH=/home/amir/interbotix_ws/build/interbotix_common_modules/prefix_override:/usr/lib/python3/dist-packages/colcon_core/task/python/colcon_distutils_commands:/home/amir/interbotix_ws/install/interbotix_common_modules/lib/python3.10/site-packages:${PYTHONPATH} /usr/bin/python3 -W ignore:setup.py install is deprecated setup.py egg_info --egg-base ../../../../build/interbotix_common_modules build --build-base /home/amir/interbotix_ws/build/interbotix_common_modules/build install --record /home/amir/interbotix_ws/build/interbotix_common_modules/install.log --single-version-externally-managed install_data --force
[5.686s] running egg_info
[5.758s] writing ../../../../build/interbotix_common_modules/interbotix_common_modules.egg-info/PKG-INFO
[5.759s] writing dependency_links to ../../../../build/interbotix_common_modules/interbotix_common_modules.egg-info/dependency_links.txt
[5.762s] writing requirements to ../../../../build/interbotix_common_modules/interbotix_common_modules.egg-info/requires.txt
[5.763s] writing top-level names to ../../../../build/interbotix_common_modules/interbotix_common_modules.egg-info/top_level.txt
[5.898s] reading manifest file '../../../../build/interbotix_common_modules/interbotix_common_modules.egg-info/SOURCES.txt'
[5.902s] writing manifest file '../../../../build/interbotix_common_modules/interbotix_common_modules.egg-info/SOURCES.txt'
[5.903s] running build
[5.904s] running build_py
[5.904s] creating /home/amir/interbotix_ws/build/interbotix_common_modules/build
[5.904s] creating /home/amir/interbotix_ws/build/interbotix_common_modules/build/lib
[5.904s] creating /home/amir/interbotix_ws/build/interbotix_common_modules/build/lib/interbotix_common_modules
[5.904s] copying interbotix_common_modules/__init__.py -> /home/amir/interbotix_ws/build/interbotix_common_modules/build/lib/interbotix_common_modules
[5.904s] creating /home/amir/interbotix_ws/build/interbotix_common_modules/build/lib/interbotix_common_modules/launch
[5.905s] copying interbotix_common_modules/launch/__init__.py -> /home/amir/interbotix_ws/build/interbotix_common_modules/build/lib/interbotix_common_modules/launch
[5.905s] copying interbotix_common_modules/launch/or_condition.py -> /home/amir/interbotix_ws/build/interbotix_common_modules/build/lib/interbotix_common_modules/launch
[5.909s] copying interbotix_common_modules/launch/and_condition.py -> /home/amir/interbotix_ws/build/interbotix_common_modules/build/lib/interbotix_common_modules/launch
[5.911s] creating /home/amir/interbotix_ws/build/interbotix_common_modules/build/lib/interbotix_common_modules/py_common
[5.913s] copying interbotix_common_modules/py_common/__init__.py -> /home/amir/interbotix_ws/build/interbotix_common_modules/build/lib/interbotix_common_modules/py_common
[5.916s] copying interbotix_common_modules/py_common/params.py -> /home/amir/interbotix_ws/build/interbotix_common_modules/build/lib/interbotix_common_modules/py_common
[5.916s] creating /home/amir/interbotix_ws/build/interbotix_common_modules/build/lib/interbotix_common_modules/angle_manipulation
[5.919s] copying interbotix_common_modules/angle_manipulation/__init__.py -> /home/amir/interbotix_ws/build/interbotix_common_modules/build/lib/interbotix_common_modules/angle_manipulation
[5.919s] copying interbotix_common_modules/angle_manipulation/angle_manipulation.py -> /home/amir/interbotix_ws/build/interbotix_common_modules/build/lib/interbotix_common_modules/angle_manipulation
[5.919s] creating /home/amir/interbotix_ws/build/interbotix_common_modules/build/lib/interbotix_common_modules/common_robot
[5.919s] copying interbotix_common_modules/common_robot/__init__.py -> /home/amir/interbotix_ws/build/interbotix_common_modules/build/lib/interbotix_common_modules/common_robot
[5.920s] copying interbotix_common_modules/common_robot/exceptions.py -> /home/amir/interbotix_ws/build/interbotix_common_modules/build/lib/interbotix_common_modules/common_robot
[5.922s] copying interbotix_common_modules/common_robot/robot.py -> /home/amir/interbotix_ws/build/interbotix_common_modules/build/lib/interbotix_common_modules/common_robot
[5.923s] running install
[5.943s] running install_lib
[5.999s] creating /home/amir/interbotix_ws/install/interbotix_common_modules/lib/python3.10/site-packages/interbotix_common_modules
[6.000s] creating /home/amir/interbotix_ws/install/interbotix_common_modules/lib/python3.10/site-packages/interbotix_common_modules/launch
[6.001s] copying /home/amir/interbotix_ws/build/interbotix_common_modules/build/lib/interbotix_common_modules/launch/__init__.py -> /home/amir/interbotix_ws/install/interbotix_common_modules/lib/python3.10/site-packages/interbotix_common_modules/launch
[6.001s] copying /home/amir/interbotix_ws/build/interbotix_common_modules/build/lib/interbotix_common_modules/launch/or_condition.py -> /home/amir/interbotix_ws/install/interbotix_common_modules/lib/python3.10/site-packages/interbotix_common_modules/launch
[6.002s] copying /home/amir/interbotix_ws/build/interbotix_common_modules/build/lib/interbotix_common_modules/launch/and_condition.py -> /home/amir/interbotix_ws/install/interbotix_common_modules/lib/python3.10/site-packages/interbotix_common_modules/launch
[6.002s] copying /home/amir/interbotix_ws/build/interbotix_common_modules/build/lib/interbotix_common_modules/__init__.py -> /home/amir/interbotix_ws/install/interbotix_common_modules/lib/python3.10/site-packages/interbotix_common_modules
[6.002s] creating /home/amir/interbotix_ws/install/interbotix_common_modules/lib/python3.10/site-packages/interbotix_common_modules/py_common
[6.003s] copying /home/amir/interbotix_ws/build/interbotix_common_modules/build/lib/interbotix_common_modules/py_common/__init__.py -> /home/amir/interbotix_ws/install/interbotix_common_modules/lib/python3.10/site-packages/interbotix_common_modules/py_common
[6.003s] copying /home/amir/interbotix_ws/build/interbotix_common_modules/build/lib/interbotix_common_modules/py_common/params.py -> /home/amir/interbotix_ws/install/interbotix_common_modules/lib/python3.10/site-packages/interbotix_common_modules/py_common
[6.003s] creating /home/amir/interbotix_ws/install/interbotix_common_modules/lib/python3.10/site-packages/interbotix_common_modules/angle_manipulation
[6.004s] copying /home/amir/interbotix_ws/build/interbotix_common_modules/build/lib/interbotix_common_modules/angle_manipulation/__init__.py -> /home/amir/interbotix_ws/install/interbotix_common_modules/lib/python3.10/site-packages/interbotix_common_modules/angle_manipulation
[6.004s] copying /home/amir/interbotix_ws/build/interbotix_common_modules/build/lib/interbotix_common_modules/angle_manipulation/angle_manipulation.py -> /home/amir/interbotix_ws/install/interbotix_common_modules/lib/python3.10/site-packages/interbotix_common_modules/angle_manipulation
[6.004s] creating /home/amir/interbotix_ws/install/interbotix_common_modules/lib/python3.10/site-packages/interbotix_common_modules/common_robot
[6.004s] copying /home/amir/interbotix_ws/build/interbotix_common_modules/build/lib/interbotix_common_modules/common_robot/__init__.py -> /home/amir/interbotix_ws/install/interbotix_common_modules/lib/python3.10/site-packages/interbotix_common_modules/common_robot
[6.004s] copying /home/amir/interbotix_ws/build/interbotix_common_modules/build/lib/interbotix_common_modules/common_robot/exceptions.py -> /home/amir/interbotix_ws/install/interbotix_common_modules/lib/python3.10/site-packages/interbotix_common_modules/common_robot
[6.004s] copying /home/amir/interbotix_ws/build/interbotix_common_modules/build/lib/interbotix_common_modules/common_robot/robot.py -> /home/amir/interbotix_ws/install/interbotix_common_modules/lib/python3.10/site-packages/interbotix_common_modules/common_robot
[6.006s] byte-compiling /home/amir/interbotix_ws/install/interbotix_common_modules/lib/python3.10/site-packages/interbotix_common_modules/launch/__init__.py to __init__.cpython-310.pyc
[6.006s] byte-compiling /home/amir/interbotix_ws/install/interbotix_common_modules/lib/python3.10/site-packages/interbotix_common_modules/launch/or_condition.py to or_condition.cpython-310.pyc
[6.007s] byte-compiling /home/amir/interbotix_ws/install/interbotix_common_modules/lib/python3.10/site-packages/interbotix_common_modules/launch/and_condition.py to and_condition.cpython-310.pyc
[6.007s] byte-compiling /home/amir/interbotix_ws/install/interbotix_common_modules/lib/python3.10/site-packages/interbotix_common_modules/__init__.py to __init__.cpython-310.pyc
[6.007s] byte-compiling /home/amir/interbotix_ws/install/interbotix_common_modules/lib/python3.10/site-packages/interbotix_common_modules/py_common/__init__.py to __init__.cpython-310.pyc
[6.008s] byte-compiling /home/amir/interbotix_ws/install/interbotix_common_modules/lib/python3.10/site-packages/interbotix_common_modules/py_common/params.py to params.cpython-310.pyc
[6.009s] byte-compiling /home/amir/interbotix_ws/install/interbotix_common_modules/lib/python3.10/site-packages/interbotix_common_modules/angle_manipulation/__init__.py to __init__.cpython-310.pyc
[6.010s] byte-compiling /home/amir/interbotix_ws/install/interbotix_common_modules/lib/python3.10/site-packages/interbotix_common_modules/angle_manipulation/angle_manipulation.py to angle_manipulation.cpython-310.pyc
[6.012s] byte-compiling /home/amir/interbotix_ws/install/interbotix_common_modules/lib/python3.10/site-packages/interbotix_common_modules/common_robot/__init__.py to __init__.cpython-310.pyc
[6.013s] byte-compiling /home/amir/interbotix_ws/install/interbotix_common_modules/lib/python3.10/site-packages/interbotix_common_modules/common_robot/exceptions.py to exceptions.cpython-310.pyc
[6.013s] byte-compiling /home/amir/interbotix_ws/install/interbotix_common_modules/lib/python3.10/site-packages/interbotix_common_modules/common_robot/robot.py to robot.cpython-310.pyc
[6.017s] running install_data
[6.020s] copying resource/interbotix_common_modules -> /home/amir/interbotix_ws/install/interbotix_common_modules/share/ament_index/resource_index/packages
[6.020s] copying package.xml -> /home/amir/interbotix_ws/install/interbotix_common_modules/share/interbotix_common_modules
[6.020s] running install_egg_info
[6.085s] Copying ../../../../build/interbotix_common_modules/interbotix_common_modules.egg-info to /home/amir/interbotix_ws/install/interbotix_common_modules/lib/python3.10/site-packages/interbotix_common_modules-0.0.0-py3.10.egg-info
[6.089s] running install_scripts
[6.821s] writing list of installed files to '/home/amir/interbotix_ws/build/interbotix_common_modules/install.log'
[6.910s] Invoked command in '/home/amir/interbotix_ws/src/interbotix_ros_toolboxes/interbotix_common_toolbox/interbotix_common_modules' returned '0': PYTHONPATH=/home/amir/interbotix_ws/build/interbotix_common_modules/prefix_override:/usr/lib/python3/dist-packages/colcon_core/task/python/colcon_distutils_commands:/home/amir/interbotix_ws/install/interbotix_common_modules/lib/python3.10/site-packages:${PYTHONPATH} /usr/bin/python3 -W ignore:setup.py install is deprecated setup.py egg_info --egg-base ../../../../build/interbotix_common_modules build --build-base /home/amir/interbotix_ws/build/interbotix_common_modules/build install --record /home/amir/interbotix_ws/build/interbotix_common_modules/install.log --single-version-externally-managed install_data --force
