[0.039s] Invoking command in '/home/amir/interbotix_ws/build/interbotix_moveit_interface': CMAKE_PREFIX_PATH=/home/amir/interbotix_ws/install/moveit_visual_tools:/home/amir/interbotix_ws/install/interbotix_moveit_interface_msgs:/home/amir/interbotix_ws/install/interbotix_ros_xsarms_examples:/home/amir/interbotix_ws/install/interbotix_xsarm_moveit_interface:/home/amir/interbotix_ws/install/interbotix_moveit_interface:/home/amir/interbotix_ws/install/interbotix_ros_xsarms:/home/amir/interbotix_ws/install/interbotix_xsarm_moveit:/home/amir/interbotix_ws/install/interbotix_xsarm_sim:/home/amir/interbotix_ws/install/interbotix_xsarm_ros_control:/home/amir/interbotix_ws/install/interbotix_xsarm_puppet:/home/amir/interbotix_ws/install/interbotix_xsarm_perception:/home/amir/interbotix_ws/install/interbotix_xsarm_joy:/home/amir/interbotix_ws/install/interbotix_xsarm_gravity_compensation:/home/amir/interbotix_ws/install/interbotix_xsarm_dual:/home/amir/interbotix_ws/install/interbotix_xsarm_control:/home/amir/interbotix_ws/install/interbotix_xsarm_descriptions:/home/amir/interbotix_ws/install/interbotix_xs_toolbox:/home/amir/interbotix_ws/install/interbotix_xs_rviz:/home/amir/interbotix_ws/install/interbotix_ros_xseries:/home/amir/interbotix_ws/install/interbotix_xs_sdk:/home/amir/interbotix_ws/install/interbotix_xs_ros_control:/home/amir/interbotix_ws/install/interbotix_perception_toolbox:/home/amir/interbotix_ws/install/interbotix_perception_pipelines:/home/amir/interbotix_ws/install/interbotix_common_toolbox:/home/amir/interbotix_ws/install/interbotix_gravity_compensation:/home/amir/interbotix_ws/install/interbotix_xs_msgs:/home/amir/interbotix_ws/install/interbotix_xs_driver:/home/amir/interbotix_ws/install/interbotix_tf_tools:/home/amir/interbotix_ws/install/interbotix_perception_msgs:/home/amir/interbotix_ws/install/interbotix_common_sim:/home/amir/interbotix_ws/install/dynamixel_workbench_toolbox:/home/amir/apriltag_ws/install/apriltag_ros:/home/amir/interbotix_ws/install/my_interbotix_controller:/home/amir/interbotix_ws/install/interbotix_xs_modules:/home/amir/interbotix_ws/install/interbotix_perception_modules:/home/amir/interbotix_ws/install/interbotix_common_modules:/opt/ros/humble LD_LIBRARY_PATH=/home/amir/interbotix_ws/install/moveit_visual_tools/lib:/home/amir/interbotix_ws/install/interbotix_moveit_interface_msgs/lib:/home/amir/interbotix_ws/install/interbotix_xs_rviz/lib:/home/amir/interbotix_ws/install/interbotix_xs_ros_control/lib:/home/amir/interbotix_ws/install/interbotix_xs_msgs/lib:/home/amir/interbotix_ws/install/interbotix_xs_driver/lib:/home/amir/interbotix_ws/install/interbotix_tf_tools/lib:/home/amir/interbotix_ws/install/interbotix_perception_msgs/lib:/home/amir/interbotix_ws/install/dynamixel_workbench_toolbox/lib:/home/amir/apriltag_ws/install/apriltag_ros/lib:/opt/ros/humble/opt/rviz_ogre_vendor/lib:/opt/ros/humble/lib/x86_64-linux-gnu:/opt/ros/humble/lib PS1=\[\e]0;\u@\h: \w\a\]${debian_chroot:+($debian_chroot)}\[\033[01;32m\]\u@\h\[\033[00m\]:\[\033[01;34m\]\w\[\033[00m\]\$ /usr/bin/cmake /home/amir/interbotix_ws/src/interbotix_ros_toolboxes/interbotix_common_toolbox/interbotix_moveit_interface -DAMENT_CMAKE_SYMLINK_INSTALL=1 -DCMAKE_INSTALL_PREFIX=/home/amir/interbotix_ws/install/interbotix_moveit_interface
[0.202s] -- The C compiler identification is GNU 11.4.0
[0.371s] -- The CXX compiler identification is GNU 11.4.0
[0.397s] -- Detecting C compiler ABI info
[0.608s] -- Detecting C compiler ABI info - done
[0.639s] -- Check for working C compiler: /usr/bin/cc - skipped
[0.639s] -- Detecting C compile features
[0.642s] -- Detecting C compile features - done
[0.651s] -- Detecting CXX compiler ABI info
[0.909s] -- Detecting CXX compiler ABI info - done
[0.939s] -- Check for working CXX compiler: /usr/bin/c++ - skipped
[0.942s] -- Detecting CXX compile features
[0.942s] -- Detecting CXX compile features - done
[0.954s] -- Found ament_cmake: 1.3.10 (/opt/ros/humble/share/ament_cmake/cmake)
[1.978s] -- Found Python3: /usr/bin/python3 (found version "3.10.12") found components: Interpreter 
[2.153s] -- Override CMake install command with custom implementation using symlinks instead of copying resources
[2.254s] -- Found interbotix_moveit_interface_msgs: 0.0.0 (/home/amir/interbotix_ws/install/interbotix_moveit_interface_msgs/share/interbotix_moveit_interface_msgs/cmake)
[2.377s] -- Found rosidl_generator_c: 3.1.5 (/opt/ros/humble/share/rosidl_generator_c/cmake)
[2.398s] -- Found rosidl_adapter: 3.1.5 (/opt/ros/humble/share/rosidl_adapter/cmake)
[2.427s] -- Found rosidl_generator_cpp: 3.1.5 (/opt/ros/humble/share/rosidl_generator_cpp/cmake)
[2.471s] -- Using all available rosidl_typesupport_c: rosidl_typesupport_fastrtps_c;rosidl_typesupport_introspection_c
[2.537s] -- Using all available rosidl_typesupport_cpp: rosidl_typesupport_fastrtps_cpp;rosidl_typesupport_introspection_cpp
[2.716s] -- Found moveit_msgs: 2.2.1 (/opt/ros/humble/share/moveit_msgs/cmake)
[3.165s] -- Found moveit_ros_planning_interface: 2.5.5 (/opt/ros/humble/share/moveit_ros_planning_interface/cmake)
[3.650s] -- Found Boost: /usr/lib/x86_64-linux-gnu/cmake/Boost-1.74.0/BoostConfig.cmake (found version "1.74.0") found components: date_time filesystem program_options system thread 
[3.724s] -- Found Boost: /usr/lib/x86_64-linux-gnu/cmake/Boost-1.74.0/BoostConfig.cmake (found version "1.74.0") found components: chrono date_time filesystem iostreams program_options regex serialization system thread 
[3.778s] -- Found parameter_traits: 0.3.8 (/opt/ros/humble/share/parameter_traits/cmake)
[3.925s] -- Found rmw_implementation_cmake: 6.1.2 (/opt/ros/humble/share/rmw_implementation_cmake/cmake)
[3.939s] -- Found rmw_fastrtps_cpp: 6.2.7 (/opt/ros/humble/share/rmw_fastrtps_cpp/cmake)
[4.213s] -- Found OpenSSL: /usr/lib/x86_64-linux-gnu/libcrypto.so (found version "3.0.2")  
[4.318s] -- Found FastRTPS: /opt/ros/humble/include  
[4.432s] -- Using RMW implementation 'rmw_fastrtps_cpp' as default
[4.463s] -- Found Threads: TRUE  
[4.641s] -- Found rclcpp_lifecycle: 16.0.10 (/opt/ros/humble/share/rclcpp_lifecycle/cmake)
[4.721s] -- Found Boost: /usr/lib/x86_64-linux-gnu/cmake/Boost-1.74.0/BoostConfig.cmake (found version "1.74.0") found components: filesystem 
[5.014s] -- library: /usr/lib/x86_64-linux-gnu/libcurl.so
[5.139s] -- Found Eigen3: TRUE (found version "3.4.0") 
[5.140s] -- Ensuring Eigen3 include directory is part of orocos-kdl CMake target
[5.720s] -- Found Boost: /usr/lib/x86_64-linux-gnu/cmake/Boost-1.74.0/BoostConfig.cmake (found version "1.74.0") found components: system filesystem date_time program_options thread chrono 
[5.848s] -- Found Boost: /usr/lib/x86_64-linux-gnu/cmake/Boost-1.74.0/BoostConfig.cmake (found version "1.74.0") found components: thread system filesystem regex date_time program_options 
[5.931s] -- Found Boost: /usr/lib/x86_64-linux-gnu/cmake/Boost-1.74.0/BoostConfig.cmake (found version "1.74.0") found components: system filesystem date_time program_options thread 
[6.047s] -- Found moveit_visual_tools: 4.1.0 (/home/amir/interbotix_ws/install/moveit_visual_tools/share/moveit_visual_tools/cmake)
[6.253s] -- Setting assimp_DIR to: '/opt/ros/humble/share/rviz_assimp_vendor/cmake/../../../opt/rviz_assimp_vendor/lib/cmake/assimp-4.1'
[6.280s] -- Setting OGRE_DIR to: '/opt/ros/humble/share/rviz_ogre_vendor/cmake/../../../opt/rviz_ogre_vendor/lib/OGRE/cmake'
[6.283s] -- Found OGRE
[6.284s] --   static     : OFF
[6.284s] --   components : HLMS;MeshLodGenerator;Overlay;Paging;Property;RTShaderSystem;Terrain;Volume
[6.284s] --   plugins    : Plugin_BSPSceneManager;Plugin_OctreeSceneManager;Plugin_PCZSceneManager;Plugin_ParticleFX;RenderSystem_GL;RenderSystem_GL3Plus;Codec_STBI
[6.287s] --   media      : /opt/ros/humble/opt/rviz_ogre_vendor/share/OGRE/Media
[6.287s] -- OGRE_LIBRARIES: OgreHLMS;OgreMeshLodGenerator;OgreOverlay;OgrePaging;OgreProperty;OgreRTShaderSystem;OgreTerrain;OgreVolume;OgreMain
[6.287s] -- OGRE_LIBRARY_DIRS: /opt/ros/humble/opt/rviz_ogre_vendor/lib
[6.287s] -- OGRE_PLUGINS: Plugin_BSPSceneManager;Plugin_OctreeSceneManager;Plugin_PCZSceneManager;Plugin_ParticleFX;RenderSystem_GL;RenderSystem_GL3Plus;Codec_STBI
[6.287s] -- OGRE_PLUGIN_DIR: /opt/ros/humble/opt/rviz_ogre_vendor/lib/OGRE
[6.288s] -- rviz_ogre_vendor::OgreOverlay for IMPORTED_LOCATION_RELEASE: /opt/ros/humble/opt/rviz_ogre_vendor/lib/libOgreOverlay.so
[6.288s] -- rviz_ogre_vendor::OgreOverlay for IMPORTED_LOCATION_DEBUG: /opt/ros/humble/opt/rviz_ogre_vendor/lib/libOgreOverlay.so
[6.288s] -- rviz_ogre_vendor::OgreMain for IMPORTED_LOCATION_RELEASE: /opt/ros/humble/opt/rviz_ogre_vendor/lib/libOgreMain.so
[6.288s] -- rviz_ogre_vendor::OgreMain for IMPORTED_LOCATION_DEBUG: /opt/ros/humble/opt/rviz_ogre_vendor/lib/libOgreMain.so
[6.369s] -- Found ZLIB: /usr/lib/x86_64-linux-gnu/libz.so (found version "1.2.11") 
[6.390s] -- Found OpenGL: /usr/lib/x86_64-linux-gnu/libOpenGL.so   
[6.769s] -- Found X11: /usr/include   
[6.769s] -- Looking for XOpenDisplay in /usr/lib/x86_64-linux-gnu/libX11.so;/usr/lib/x86_64-linux-gnu/libXext.so
[7.001s] -- Looking for XOpenDisplay in /usr/lib/x86_64-linux-gnu/libX11.so;/usr/lib/x86_64-linux-gnu/libXext.so - found
[7.002s] -- Looking for gethostbyname
[7.216s] -- Looking for gethostbyname - found
[7.217s] -- Looking for connect
[7.392s] -- Looking for connect - found
[7.393s] -- Looking for remove
[7.564s] -- Looking for remove - found
[7.565s] -- Looking for shmat
[7.736s] -- Looking for shmat - found
[7.736s] -- Looking for IceConnectionNumber in ICE
[7.938s] -- Looking for IceConnectionNumber in ICE - found
[8.336s] -- Found ament_lint_auto: 0.12.11 (/opt/ros/humble/share/ament_lint_auto/cmake)
[8.618s] -- Added test 'copyright' to check source files copyright and LICENSE
[8.623s] -- Added test 'cppcheck' to perform static code analysis on C / C++ code
[8.624s] -- Configured cppcheck include dirs: /home/amir/interbotix_ws/src/interbotix_ros_toolboxes/interbotix_common_toolbox/interbotix_moveit_interface/include
[8.627s] -- Configured cppcheck exclude dirs and/or files: 
[8.629s] -- Added test 'cpplint' to check C / C++ code against the Google style
[8.629s] -- Configured cpplint exclude dirs and/or files: 
[8.632s] -- Added test 'lint_cmake' to check CMake code style
[8.639s] -- Added test 'uncrustify' to check C / C++ code style
[8.640s] -- Configured uncrustify additional arguments: 
[8.644s] -- Added test 'xmllint' to check XML markup files
[8.650s] -- Configuring done
[8.779s] -- Generating done
[8.787s] -- Build files have been written to: /home/amir/interbotix_ws/build/interbotix_moveit_interface
[8.827s] Invoked command in '/home/amir/interbotix_ws/build/interbotix_moveit_interface' returned '0': CMAKE_PREFIX_PATH=/home/amir/interbotix_ws/install/moveit_visual_tools:/home/amir/interbotix_ws/install/interbotix_moveit_interface_msgs:/home/amir/interbotix_ws/install/interbotix_ros_xsarms_examples:/home/amir/interbotix_ws/install/interbotix_xsarm_moveit_interface:/home/amir/interbotix_ws/install/interbotix_moveit_interface:/home/amir/interbotix_ws/install/interbotix_ros_xsarms:/home/amir/interbotix_ws/install/interbotix_xsarm_moveit:/home/amir/interbotix_ws/install/interbotix_xsarm_sim:/home/amir/interbotix_ws/install/interbotix_xsarm_ros_control:/home/amir/interbotix_ws/install/interbotix_xsarm_puppet:/home/amir/interbotix_ws/install/interbotix_xsarm_perception:/home/amir/interbotix_ws/install/interbotix_xsarm_joy:/home/amir/interbotix_ws/install/interbotix_xsarm_gravity_compensation:/home/amir/interbotix_ws/install/interbotix_xsarm_dual:/home/amir/interbotix_ws/install/interbotix_xsarm_control:/home/amir/interbotix_ws/install/interbotix_xsarm_descriptions:/home/amir/interbotix_ws/install/interbotix_xs_toolbox:/home/amir/interbotix_ws/install/interbotix_xs_rviz:/home/amir/interbotix_ws/install/interbotix_ros_xseries:/home/amir/interbotix_ws/install/interbotix_xs_sdk:/home/amir/interbotix_ws/install/interbotix_xs_ros_control:/home/amir/interbotix_ws/install/interbotix_perception_toolbox:/home/amir/interbotix_ws/install/interbotix_perception_pipelines:/home/amir/interbotix_ws/install/interbotix_common_toolbox:/home/amir/interbotix_ws/install/interbotix_gravity_compensation:/home/amir/interbotix_ws/install/interbotix_xs_msgs:/home/amir/interbotix_ws/install/interbotix_xs_driver:/home/amir/interbotix_ws/install/interbotix_tf_tools:/home/amir/interbotix_ws/install/interbotix_perception_msgs:/home/amir/interbotix_ws/install/interbotix_common_sim:/home/amir/interbotix_ws/install/dynamixel_workbench_toolbox:/home/amir/apriltag_ws/install/apriltag_ros:/home/amir/interbotix_ws/install/my_interbotix_controller:/home/amir/interbotix_ws/install/interbotix_xs_modules:/home/amir/interbotix_ws/install/interbotix_perception_modules:/home/amir/interbotix_ws/install/interbotix_common_modules:/opt/ros/humble LD_LIBRARY_PATH=/home/amir/interbotix_ws/install/moveit_visual_tools/lib:/home/amir/interbotix_ws/install/interbotix_moveit_interface_msgs/lib:/home/amir/interbotix_ws/install/interbotix_xs_rviz/lib:/home/amir/interbotix_ws/install/interbotix_xs_ros_control/lib:/home/amir/interbotix_ws/install/interbotix_xs_msgs/lib:/home/amir/interbotix_ws/install/interbotix_xs_driver/lib:/home/amir/interbotix_ws/install/interbotix_tf_tools/lib:/home/amir/interbotix_ws/install/interbotix_perception_msgs/lib:/home/amir/interbotix_ws/install/dynamixel_workbench_toolbox/lib:/home/amir/apriltag_ws/install/apriltag_ros/lib:/opt/ros/humble/opt/rviz_ogre_vendor/lib:/opt/ros/humble/lib/x86_64-linux-gnu:/opt/ros/humble/lib PS1=\[\e]0;\u@\h: \w\a\]${debian_chroot:+($debian_chroot)}\[\033[01;32m\]\u@\h\[\033[00m\]:\[\033[01;34m\]\w\[\033[00m\]\$ /usr/bin/cmake /home/amir/interbotix_ws/src/interbotix_ros_toolboxes/interbotix_common_toolbox/interbotix_moveit_interface -DAMENT_CMAKE_SYMLINK_INSTALL=1 -DCMAKE_INSTALL_PREFIX=/home/amir/interbotix_ws/install/interbotix_moveit_interface
[8.829s] Invoking command in '/home/amir/interbotix_ws/build/interbotix_moveit_interface': CMAKE_PREFIX_PATH=/home/amir/interbotix_ws/install/moveit_visual_tools:/home/amir/interbotix_ws/install/interbotix_moveit_interface_msgs:/home/amir/interbotix_ws/install/interbotix_ros_xsarms_examples:/home/amir/interbotix_ws/install/interbotix_xsarm_moveit_interface:/home/amir/interbotix_ws/install/interbotix_moveit_interface:/home/amir/interbotix_ws/install/interbotix_ros_xsarms:/home/amir/interbotix_ws/install/interbotix_xsarm_moveit:/home/amir/interbotix_ws/install/interbotix_xsarm_sim:/home/amir/interbotix_ws/install/interbotix_xsarm_ros_control:/home/amir/interbotix_ws/install/interbotix_xsarm_puppet:/home/amir/interbotix_ws/install/interbotix_xsarm_perception:/home/amir/interbotix_ws/install/interbotix_xsarm_joy:/home/amir/interbotix_ws/install/interbotix_xsarm_gravity_compensation:/home/amir/interbotix_ws/install/interbotix_xsarm_dual:/home/amir/interbotix_ws/install/interbotix_xsarm_control:/home/amir/interbotix_ws/install/interbotix_xsarm_descriptions:/home/amir/interbotix_ws/install/interbotix_xs_toolbox:/home/amir/interbotix_ws/install/interbotix_xs_rviz:/home/amir/interbotix_ws/install/interbotix_ros_xseries:/home/amir/interbotix_ws/install/interbotix_xs_sdk:/home/amir/interbotix_ws/install/interbotix_xs_ros_control:/home/amir/interbotix_ws/install/interbotix_perception_toolbox:/home/amir/interbotix_ws/install/interbotix_perception_pipelines:/home/amir/interbotix_ws/install/interbotix_common_toolbox:/home/amir/interbotix_ws/install/interbotix_gravity_compensation:/home/amir/interbotix_ws/install/interbotix_xs_msgs:/home/amir/interbotix_ws/install/interbotix_xs_driver:/home/amir/interbotix_ws/install/interbotix_tf_tools:/home/amir/interbotix_ws/install/interbotix_perception_msgs:/home/amir/interbotix_ws/install/interbotix_common_sim:/home/amir/interbotix_ws/install/dynamixel_workbench_toolbox:/home/amir/apriltag_ws/install/apriltag_ros:/home/amir/interbotix_ws/install/my_interbotix_controller:/home/amir/interbotix_ws/install/interbotix_xs_modules:/home/amir/interbotix_ws/install/interbotix_perception_modules:/home/amir/interbotix_ws/install/interbotix_common_modules:/opt/ros/humble LD_LIBRARY_PATH=/home/amir/interbotix_ws/install/moveit_visual_tools/lib:/home/amir/interbotix_ws/install/interbotix_moveit_interface_msgs/lib:/home/amir/interbotix_ws/install/interbotix_xs_rviz/lib:/home/amir/interbotix_ws/install/interbotix_xs_ros_control/lib:/home/amir/interbotix_ws/install/interbotix_xs_msgs/lib:/home/amir/interbotix_ws/install/interbotix_xs_driver/lib:/home/amir/interbotix_ws/install/interbotix_tf_tools/lib:/home/amir/interbotix_ws/install/interbotix_perception_msgs/lib:/home/amir/interbotix_ws/install/dynamixel_workbench_toolbox/lib:/home/amir/apriltag_ws/install/apriltag_ros/lib:/opt/ros/humble/opt/rviz_ogre_vendor/lib:/opt/ros/humble/lib/x86_64-linux-gnu:/opt/ros/humble/lib PS1=\[\e]0;\u@\h: \w\a\]${debian_chroot:+($debian_chroot)}\[\033[01;32m\]\u@\h\[\033[00m\]:\[\033[01;34m\]\w\[\033[00m\]\$ /usr/bin/cmake --build /home/amir/interbotix_ws/build/interbotix_moveit_interface -- -j4 -l4
[8.991s] [ 33%] [32mBuilding CXX object CMakeFiles/moveit_interface.dir/src/moveit_interface.cpp.o[0m
[36.635s] [ 66%] [32mBuilding CXX object CMakeFiles/moveit_interface.dir/src/moveit_interface_obj.cpp.o[0m
[70.533s] [100%] [32m[1mLinking CXX executable moveit_interface[0m
[72.303s] [100%] Built target moveit_interface
[72.329s] Invoked command in '/home/amir/interbotix_ws/build/interbotix_moveit_interface' returned '0': CMAKE_PREFIX_PATH=/home/amir/interbotix_ws/install/moveit_visual_tools:/home/amir/interbotix_ws/install/interbotix_moveit_interface_msgs:/home/amir/interbotix_ws/install/interbotix_ros_xsarms_examples:/home/amir/interbotix_ws/install/interbotix_xsarm_moveit_interface:/home/amir/interbotix_ws/install/interbotix_moveit_interface:/home/amir/interbotix_ws/install/interbotix_ros_xsarms:/home/amir/interbotix_ws/install/interbotix_xsarm_moveit:/home/amir/interbotix_ws/install/interbotix_xsarm_sim:/home/amir/interbotix_ws/install/interbotix_xsarm_ros_control:/home/amir/interbotix_ws/install/interbotix_xsarm_puppet:/home/amir/interbotix_ws/install/interbotix_xsarm_perception:/home/amir/interbotix_ws/install/interbotix_xsarm_joy:/home/amir/interbotix_ws/install/interbotix_xsarm_gravity_compensation:/home/amir/interbotix_ws/install/interbotix_xsarm_dual:/home/amir/interbotix_ws/install/interbotix_xsarm_control:/home/amir/interbotix_ws/install/interbotix_xsarm_descriptions:/home/amir/interbotix_ws/install/interbotix_xs_toolbox:/home/amir/interbotix_ws/install/interbotix_xs_rviz:/home/amir/interbotix_ws/install/interbotix_ros_xseries:/home/amir/interbotix_ws/install/interbotix_xs_sdk:/home/amir/interbotix_ws/install/interbotix_xs_ros_control:/home/amir/interbotix_ws/install/interbotix_perception_toolbox:/home/amir/interbotix_ws/install/interbotix_perception_pipelines:/home/amir/interbotix_ws/install/interbotix_common_toolbox:/home/amir/interbotix_ws/install/interbotix_gravity_compensation:/home/amir/interbotix_ws/install/interbotix_xs_msgs:/home/amir/interbotix_ws/install/interbotix_xs_driver:/home/amir/interbotix_ws/install/interbotix_tf_tools:/home/amir/interbotix_ws/install/interbotix_perception_msgs:/home/amir/interbotix_ws/install/interbotix_common_sim:/home/amir/interbotix_ws/install/dynamixel_workbench_toolbox:/home/amir/apriltag_ws/install/apriltag_ros:/home/amir/interbotix_ws/install/my_interbotix_controller:/home/amir/interbotix_ws/install/interbotix_xs_modules:/home/amir/interbotix_ws/install/interbotix_perception_modules:/home/amir/interbotix_ws/install/interbotix_common_modules:/opt/ros/humble LD_LIBRARY_PATH=/home/amir/interbotix_ws/install/moveit_visual_tools/lib:/home/amir/interbotix_ws/install/interbotix_moveit_interface_msgs/lib:/home/amir/interbotix_ws/install/interbotix_xs_rviz/lib:/home/amir/interbotix_ws/install/interbotix_xs_ros_control/lib:/home/amir/interbotix_ws/install/interbotix_xs_msgs/lib:/home/amir/interbotix_ws/install/interbotix_xs_driver/lib:/home/amir/interbotix_ws/install/interbotix_tf_tools/lib:/home/amir/interbotix_ws/install/interbotix_perception_msgs/lib:/home/amir/interbotix_ws/install/dynamixel_workbench_toolbox/lib:/home/amir/apriltag_ws/install/apriltag_ros/lib:/opt/ros/humble/opt/rviz_ogre_vendor/lib:/opt/ros/humble/lib/x86_64-linux-gnu:/opt/ros/humble/lib PS1=\[\e]0;\u@\h: \w\a\]${debian_chroot:+($debian_chroot)}\[\033[01;32m\]\u@\h\[\033[00m\]:\[\033[01;34m\]\w\[\033[00m\]\$ /usr/bin/cmake --build /home/amir/interbotix_ws/build/interbotix_moveit_interface -- -j4 -l4
[72.419s] Invoking command in '/home/amir/interbotix_ws/build/interbotix_moveit_interface': CMAKE_PREFIX_PATH=/home/amir/interbotix_ws/install/moveit_visual_tools:/home/amir/interbotix_ws/install/interbotix_moveit_interface_msgs:/home/amir/interbotix_ws/install/interbotix_ros_xsarms_examples:/home/amir/interbotix_ws/install/interbotix_xsarm_moveit_interface:/home/amir/interbotix_ws/install/interbotix_moveit_interface:/home/amir/interbotix_ws/install/interbotix_ros_xsarms:/home/amir/interbotix_ws/install/interbotix_xsarm_moveit:/home/amir/interbotix_ws/install/interbotix_xsarm_sim:/home/amir/interbotix_ws/install/interbotix_xsarm_ros_control:/home/amir/interbotix_ws/install/interbotix_xsarm_puppet:/home/amir/interbotix_ws/install/interbotix_xsarm_perception:/home/amir/interbotix_ws/install/interbotix_xsarm_joy:/home/amir/interbotix_ws/install/interbotix_xsarm_gravity_compensation:/home/amir/interbotix_ws/install/interbotix_xsarm_dual:/home/amir/interbotix_ws/install/interbotix_xsarm_control:/home/amir/interbotix_ws/install/interbotix_xsarm_descriptions:/home/amir/interbotix_ws/install/interbotix_xs_toolbox:/home/amir/interbotix_ws/install/interbotix_xs_rviz:/home/amir/interbotix_ws/install/interbotix_ros_xseries:/home/amir/interbotix_ws/install/interbotix_xs_sdk:/home/amir/interbotix_ws/install/interbotix_xs_ros_control:/home/amir/interbotix_ws/install/interbotix_perception_toolbox:/home/amir/interbotix_ws/install/interbotix_perception_pipelines:/home/amir/interbotix_ws/install/interbotix_common_toolbox:/home/amir/interbotix_ws/install/interbotix_gravity_compensation:/home/amir/interbotix_ws/install/interbotix_xs_msgs:/home/amir/interbotix_ws/install/interbotix_xs_driver:/home/amir/interbotix_ws/install/interbotix_tf_tools:/home/amir/interbotix_ws/install/interbotix_perception_msgs:/home/amir/interbotix_ws/install/interbotix_common_sim:/home/amir/interbotix_ws/install/dynamixel_workbench_toolbox:/home/amir/apriltag_ws/install/apriltag_ros:/home/amir/interbotix_ws/install/my_interbotix_controller:/home/amir/interbotix_ws/install/interbotix_xs_modules:/home/amir/interbotix_ws/install/interbotix_perception_modules:/home/amir/interbotix_ws/install/interbotix_common_modules:/opt/ros/humble LD_LIBRARY_PATH=/home/amir/interbotix_ws/install/moveit_visual_tools/lib:/home/amir/interbotix_ws/install/interbotix_moveit_interface_msgs/lib:/home/amir/interbotix_ws/install/interbotix_xs_rviz/lib:/home/amir/interbotix_ws/install/interbotix_xs_ros_control/lib:/home/amir/interbotix_ws/install/interbotix_xs_msgs/lib:/home/amir/interbotix_ws/install/interbotix_xs_driver/lib:/home/amir/interbotix_ws/install/interbotix_tf_tools/lib:/home/amir/interbotix_ws/install/interbotix_perception_msgs/lib:/home/amir/interbotix_ws/install/dynamixel_workbench_toolbox/lib:/home/amir/apriltag_ws/install/apriltag_ros/lib:/opt/ros/humble/opt/rviz_ogre_vendor/lib:/opt/ros/humble/lib/x86_64-linux-gnu:/opt/ros/humble/lib PS1=\[\e]0;\u@\h: \w\a\]${debian_chroot:+($debian_chroot)}\[\033[01;32m\]\u@\h\[\033[00m\]:\[\033[01;34m\]\w\[\033[00m\]\$ /usr/bin/cmake --install /home/amir/interbotix_ws/build/interbotix_moveit_interface
[72.445s] -- Install configuration: ""
[72.446s] -- Execute custom install script
[72.447s] -- Symlinking: /home/amir/interbotix_ws/install/interbotix_moveit_interface/lib/interbotix_moveit_interface/moveit_interface
[72.471s] -- Symlinking: /home/amir/interbotix_ws/install/interbotix_moveit_interface/lib/interbotix_moveit_interface/moveit_interface_gui
[72.493s] -- Symlinking: /home/amir/interbotix_ws/install/interbotix_moveit_interface/share/ament_index/resource_index/package_run_dependencies/interbotix_moveit_interface
[72.516s] -- Symlinking: /home/amir/interbotix_ws/install/interbotix_moveit_interface/share/ament_index/resource_index/parent_prefix_path/interbotix_moveit_interface
[72.539s] -- Symlinking: /home/amir/interbotix_ws/install/interbotix_moveit_interface/share/interbotix_moveit_interface/environment/ament_prefix_path.sh
[72.559s] -- Symlinking: /home/amir/interbotix_ws/install/interbotix_moveit_interface/share/interbotix_moveit_interface/environment/ament_prefix_path.dsv
[72.581s] -- Symlinking: /home/amir/interbotix_ws/install/interbotix_moveit_interface/share/interbotix_moveit_interface/environment/path.sh
[72.602s] -- Symlinking: /home/amir/interbotix_ws/install/interbotix_moveit_interface/share/interbotix_moveit_interface/environment/path.dsv
[72.624s] -- Symlinking: /home/amir/interbotix_ws/install/interbotix_moveit_interface/share/interbotix_moveit_interface/local_setup.bash
[72.649s] -- Symlinking: /home/amir/interbotix_ws/install/interbotix_moveit_interface/share/interbotix_moveit_interface/local_setup.sh
[72.668s] -- Symlinking: /home/amir/interbotix_ws/install/interbotix_moveit_interface/share/interbotix_moveit_interface/local_setup.zsh
[72.688s] -- Symlinking: /home/amir/interbotix_ws/install/interbotix_moveit_interface/share/interbotix_moveit_interface/local_setup.dsv
[72.710s] -- Symlinking: /home/amir/interbotix_ws/install/interbotix_moveit_interface/share/interbotix_moveit_interface/package.dsv
[72.731s] -- Symlinking: /home/amir/interbotix_ws/install/interbotix_moveit_interface/share/ament_index/resource_index/packages/interbotix_moveit_interface
[72.754s] -- Symlinking: /home/amir/interbotix_ws/install/interbotix_moveit_interface/share/interbotix_moveit_interface/cmake/interbotix_moveit_interfaceConfig.cmake
[72.776s] -- Symlinking: /home/amir/interbotix_ws/install/interbotix_moveit_interface/share/interbotix_moveit_interface/cmake/interbotix_moveit_interfaceConfig-version.cmake
[72.799s] -- Symlinking: /home/amir/interbotix_ws/install/interbotix_moveit_interface/share/interbotix_moveit_interface/package.xml
[72.825s] Invoked command in '/home/amir/interbotix_ws/build/interbotix_moveit_interface' returned '0': CMAKE_PREFIX_PATH=/home/amir/interbotix_ws/install/moveit_visual_tools:/home/amir/interbotix_ws/install/interbotix_moveit_interface_msgs:/home/amir/interbotix_ws/install/interbotix_ros_xsarms_examples:/home/amir/interbotix_ws/install/interbotix_xsarm_moveit_interface:/home/amir/interbotix_ws/install/interbotix_moveit_interface:/home/amir/interbotix_ws/install/interbotix_ros_xsarms:/home/amir/interbotix_ws/install/interbotix_xsarm_moveit:/home/amir/interbotix_ws/install/interbotix_xsarm_sim:/home/amir/interbotix_ws/install/interbotix_xsarm_ros_control:/home/amir/interbotix_ws/install/interbotix_xsarm_puppet:/home/amir/interbotix_ws/install/interbotix_xsarm_perception:/home/amir/interbotix_ws/install/interbotix_xsarm_joy:/home/amir/interbotix_ws/install/interbotix_xsarm_gravity_compensation:/home/amir/interbotix_ws/install/interbotix_xsarm_dual:/home/amir/interbotix_ws/install/interbotix_xsarm_control:/home/amir/interbotix_ws/install/interbotix_xsarm_descriptions:/home/amir/interbotix_ws/install/interbotix_xs_toolbox:/home/amir/interbotix_ws/install/interbotix_xs_rviz:/home/amir/interbotix_ws/install/interbotix_ros_xseries:/home/amir/interbotix_ws/install/interbotix_xs_sdk:/home/amir/interbotix_ws/install/interbotix_xs_ros_control:/home/amir/interbotix_ws/install/interbotix_perception_toolbox:/home/amir/interbotix_ws/install/interbotix_perception_pipelines:/home/amir/interbotix_ws/install/interbotix_common_toolbox:/home/amir/interbotix_ws/install/interbotix_gravity_compensation:/home/amir/interbotix_ws/install/interbotix_xs_msgs:/home/amir/interbotix_ws/install/interbotix_xs_driver:/home/amir/interbotix_ws/install/interbotix_tf_tools:/home/amir/interbotix_ws/install/interbotix_perception_msgs:/home/amir/interbotix_ws/install/interbotix_common_sim:/home/amir/interbotix_ws/install/dynamixel_workbench_toolbox:/home/amir/apriltag_ws/install/apriltag_ros:/home/amir/interbotix_ws/install/my_interbotix_controller:/home/amir/interbotix_ws/install/interbotix_xs_modules:/home/amir/interbotix_ws/install/interbotix_perception_modules:/home/amir/interbotix_ws/install/interbotix_common_modules:/opt/ros/humble LD_LIBRARY_PATH=/home/amir/interbotix_ws/install/moveit_visual_tools/lib:/home/amir/interbotix_ws/install/interbotix_moveit_interface_msgs/lib:/home/amir/interbotix_ws/install/interbotix_xs_rviz/lib:/home/amir/interbotix_ws/install/interbotix_xs_ros_control/lib:/home/amir/interbotix_ws/install/interbotix_xs_msgs/lib:/home/amir/interbotix_ws/install/interbotix_xs_driver/lib:/home/amir/interbotix_ws/install/interbotix_tf_tools/lib:/home/amir/interbotix_ws/install/interbotix_perception_msgs/lib:/home/amir/interbotix_ws/install/dynamixel_workbench_toolbox/lib:/home/amir/apriltag_ws/install/apriltag_ros/lib:/opt/ros/humble/opt/rviz_ogre_vendor/lib:/opt/ros/humble/lib/x86_64-linux-gnu:/opt/ros/humble/lib PS1=\[\e]0;\u@\h: \w\a\]${debian_chroot:+($debian_chroot)}\[\033[01;32m\]\u@\h\[\033[00m\]:\[\033[01;34m\]\w\[\033[00m\]\$ /usr/bin/cmake --install /home/amir/interbotix_ws/build/interbotix_moveit_interface
