[0.046s] Invoking command in '/home/amir/interbotix_ws/build/interbotix_perception_msgs': CMAKE_PREFIX_PATH=${CMAKE_PREFIX_PATH}:/home/amir/camera_intel/install/camera_intel:/home/amir/interbotix_ws/install/interbotix_xs_modules:/home/amir/interbotix_ws/install/interbotix_perception_modules:/home/amir/interbotix_ws/install/interbotix_common_modules:/opt/ros/humble /usr/bin/cmake /home/amir/interbotix_ws/src/interbotix_ros_toolboxes/interbotix_perception_toolbox/interbotix_perception_msgs -DCMAKE_INSTALL_PREFIX=/home/amir/interbotix_ws/install/interbotix_perception_msgs
[0.089s] -- Found rosidl_default_generators: 1.2.0 (/opt/ros/humble/share/rosidl_default_generators/cmake)
[0.089s] -- Found ament_cmake_core: 1.3.10 (/opt/ros/humble/share/ament_cmake_core/cmake)
[0.524s] -- Override CMake install command with custom implementation using symlinks instead of copying resources
[0.572s] -- Using all available rosidl_typesupport_c: rosidl_typesupport_fastrtps_c;rosidl_typesupport_introspection_c
[0.598s] -- Found rosidl_adapter: 3.1.5 (/opt/ros/humble/share/rosidl_adapter/cmake)
[0.834s] -- Using all available rosidl_typesupport_cpp: rosidl_typesupport_fastrtps_cpp;rosidl_typesupport_introspection_cpp
[0.959s] -- Found std_msgs: 4.2.4 (/opt/ros/humble/share/std_msgs/cmake)
[1.049s] -- Found geometry_msgs: 4.2.4 (/opt/ros/humble/share/geometry_msgs/cmake)
[1.091s] -- Found sensor_msgs: 4.2.4 (/opt/ros/humble/share/sensor_msgs/cmake)
[2.734s] -- Found ament_cmake_ros: 0.10.0 (/opt/ros/humble/share/ament_cmake_ros/cmake)
[4.369s] -- Using all available rosidl_typesupport_c: rosidl_typesupport_fastrtps_c;rosidl_typesupport_introspection_c
[6.159s] -- Using all available rosidl_typesupport_cpp: rosidl_typesupport_fastrtps_cpp;rosidl_typesupport_introspection_cpp
[6.321s] -- Found python_cmake_module: 0.10.0 (/opt/ros/humble/share/python_cmake_module/cmake)
[6.471s] -- Using PYTHON_EXECUTABLE: /usr/bin/python3
[6.471s] -- Using PYTHON_INCLUDE_DIRS: /usr/local/include/python3.10
[6.471s] -- Using PYTHON_LIBRARIES: /usr/lib/x86_64-linux-gnu/libpython3.10.so
[7.502s] -- Using numpy include directory: /usr/lib/python3/dist-packages/numpy/core/include
[7.679s] -- Found ament_lint_auto: 0.12.11 (/opt/ros/humble/share/ament_lint_auto/cmake)
[7.767s] -- Configuring done
[8.046s] -- Generating done
[8.060s] -- Build files have been written to: /home/amir/interbotix_ws/build/interbotix_perception_msgs
[8.105s] Invoked command in '/home/amir/interbotix_ws/build/interbotix_perception_msgs' returned '0': CMAKE_PREFIX_PATH=${CMAKE_PREFIX_PATH}:/home/amir/camera_intel/install/camera_intel:/home/amir/interbotix_ws/install/interbotix_xs_modules:/home/amir/interbotix_ws/install/interbotix_perception_modules:/home/amir/interbotix_ws/install/interbotix_common_modules:/opt/ros/humble /usr/bin/cmake /home/amir/interbotix_ws/src/interbotix_ros_toolboxes/interbotix_perception_toolbox/interbotix_perception_msgs -DCMAKE_INSTALL_PREFIX=/home/amir/interbotix_ws/install/interbotix_perception_msgs
[8.106s] Invoking command in '/home/amir/interbotix_ws/build/interbotix_perception_msgs': CMAKE_PREFIX_PATH=${CMAKE_PREFIX_PATH}:/home/amir/camera_intel/install/camera_intel:/home/amir/interbotix_ws/install/interbotix_xs_modules:/home/amir/interbotix_ws/install/interbotix_perception_modules:/home/amir/interbotix_ws/install/interbotix_common_modules:/opt/ros/humble /usr/bin/cmake --build /home/amir/interbotix_ws/build/interbotix_perception_msgs -- -j4 -l4
[8.321s] [35m[1mConsolidate compiler generated dependencies of target interbotix_perception_msgs__rosidl_generator_c[0m
[8.401s] [ 10%] Built target interbotix_perception_msgs__rosidl_generator_c
[8.404s] [ 12%] Built target interbotix_perception_msgs__cpp
[8.434s] [ 12%] Built target ament_cmake_python_symlink_interbotix_perception_msgs
[8.466s] [35m[1mConsolidate compiler generated dependencies of target interbotix_perception_msgs__rosidl_typesupport_fastrtps_c[0m
[8.485s] [35m[1mConsolidate compiler generated dependencies of target interbotix_perception_msgs__rosidl_typesupport_introspection_c[0m
[8.523s] [35m[1mConsolidate compiler generated dependencies of target interbotix_perception_msgs__rosidl_typesupport_c[0m
[8.567s] [ 23%] Built target interbotix_perception_msgs__rosidl_typesupport_introspection_c
[8.569s] [ 34%] Built target interbotix_perception_msgs__rosidl_typesupport_fastrtps_c
[8.594s] [ 45%] Built target interbotix_perception_msgs__rosidl_typesupport_c
[8.643s] [35m[1mConsolidate compiler generated dependencies of target interbotix_perception_msgs__rosidl_typesupport_introspection_cpp[0m
[8.682s] [35m[1mConsolidate compiler generated dependencies of target interbotix_perception_msgs__rosidl_typesupport_fastrtps_cpp[0m
[8.743s] [ 56%] Built target interbotix_perception_msgs__rosidl_typesupport_introspection_cpp
[8.793s] [ 67%] Built target interbotix_perception_msgs__rosidl_typesupport_fastrtps_cpp
[8.837s] [35m[1mConsolidate compiler generated dependencies of target interbotix_perception_msgs__rosidl_typesupport_cpp[0m
[8.938s] [ 78%] Built target interbotix_perception_msgs__rosidl_typesupport_cpp
[9.059s] [ 78%] Built target interbotix_perception_msgs
[9.186s] [ 80%] Built target interbotix_perception_msgs__py
[9.228s] [35m[1mConsolidate compiler generated dependencies of target interbotix_perception_msgs__rosidl_generator_py[0m
[9.308s] [ 89%] Built target interbotix_perception_msgs__rosidl_generator_py
[9.381s] [35m[1mConsolidate compiler generated dependencies of target interbotix_perception_msgs__rosidl_typesupport_fastrtps_c__pyext[0m
[9.469s] [ 92%] Built target interbotix_perception_msgs__rosidl_typesupport_fastrtps_c__pyext
[9.541s] [35m[1mConsolidate compiler generated dependencies of target interbotix_perception_msgs__rosidl_typesupport_c__pyext[0m
[9.622s] [ 96%] Built target interbotix_perception_msgs__rosidl_typesupport_c__pyext
[9.684s] [35m[1mConsolidate compiler generated dependencies of target interbotix_perception_msgs__rosidl_typesupport_introspection_c__pyext[0m
[9.747s] [100%] Built target interbotix_perception_msgs__rosidl_typesupport_introspection_c__pyext
[10.038s] running egg_info
[10.153s] writing interbotix_perception_msgs.egg-info/PKG-INFO
[10.153s] writing dependency_links to interbotix_perception_msgs.egg-info/dependency_links.txt
[10.157s] writing top-level names to interbotix_perception_msgs.egg-info/top_level.txt
[10.326s] reading manifest file 'interbotix_perception_msgs.egg-info/SOURCES.txt'
[10.331s] writing manifest file 'interbotix_perception_msgs.egg-info/SOURCES.txt'
[10.462s] [100%] Built target ament_cmake_python_build_interbotix_perception_msgs_egg
[10.516s] Invoked command in '/home/amir/interbotix_ws/build/interbotix_perception_msgs' returned '0': CMAKE_PREFIX_PATH=${CMAKE_PREFIX_PATH}:/home/amir/camera_intel/install/camera_intel:/home/amir/interbotix_ws/install/interbotix_xs_modules:/home/amir/interbotix_ws/install/interbotix_perception_modules:/home/amir/interbotix_ws/install/interbotix_common_modules:/opt/ros/humble /usr/bin/cmake --build /home/amir/interbotix_ws/build/interbotix_perception_msgs -- -j4 -l4
[11.220s] Invoking command in '/home/amir/interbotix_ws/build/interbotix_perception_msgs': CMAKE_PREFIX_PATH=${CMAKE_PREFIX_PATH}:/home/amir/camera_intel/install/camera_intel:/home/amir/interbotix_ws/install/interbotix_xs_modules:/home/amir/interbotix_ws/install/interbotix_perception_modules:/home/amir/interbotix_ws/install/interbotix_common_modules:/opt/ros/humble /usr/bin/cmake --install /home/amir/interbotix_ws/build/interbotix_perception_msgs
[11.266s] -- Install configuration: ""
[11.269s] -- Execute custom install script
[11.271s] -- Up-to-date symlink: /home/amir/interbotix_ws/install/interbotix_perception_msgs/share/ament_index/resource_index/rosidl_interfaces/interbotix_perception_msgs
[11.274s] -- Up-to-date symlink: /home/amir/interbotix_ws/install/interbotix_perception_msgs/include/interbotix_perception_msgs/interbotix_perception_msgs/msg/cluster_info.h
[11.276s] -- Up-to-date symlink: /home/amir/interbotix_ws/install/interbotix_perception_msgs/include/interbotix_perception_msgs/interbotix_perception_msgs/msg/detail/cluster_info__functions.h
[11.276s] -- Up-to-date symlink: /home/amir/interbotix_ws/install/interbotix_perception_msgs/include/interbotix_perception_msgs/interbotix_perception_msgs/msg/detail/cluster_info__struct.h
[11.277s] -- Up-to-date symlink: /home/amir/interbotix_ws/install/interbotix_perception_msgs/include/interbotix_perception_msgs/interbotix_perception_msgs/msg/detail/cluster_info__type_support.h
[11.279s] -- Up-to-date symlink: /home/amir/interbotix_ws/install/interbotix_perception_msgs/include/interbotix_perception_msgs/interbotix_perception_msgs/msg/rosidl_generator_c__visibility_control.h
[11.279s] -- Up-to-date symlink: /home/amir/interbotix_ws/install/interbotix_perception_msgs/include/interbotix_perception_msgs/interbotix_perception_msgs/srv/cluster_info_array.h
[11.281s] -- Up-to-date symlink: /home/amir/interbotix_ws/install/interbotix_perception_msgs/include/interbotix_perception_msgs/interbotix_perception_msgs/srv/detail/cluster_info_array__functions.h
[11.281s] -- Up-to-date symlink: /home/amir/interbotix_ws/install/interbotix_perception_msgs/include/interbotix_perception_msgs/interbotix_perception_msgs/srv/detail/cluster_info_array__struct.h
[11.281s] -- Up-to-date symlink: /home/amir/interbotix_ws/install/interbotix_perception_msgs/include/interbotix_perception_msgs/interbotix_perception_msgs/srv/detail/cluster_info_array__type_support.h
[11.282s] -- Up-to-date symlink: /home/amir/interbotix_ws/install/interbotix_perception_msgs/include/interbotix_perception_msgs/interbotix_perception_msgs/srv/detail/filter_params__functions.h
[11.303s] -- Up-to-date symlink: /home/amir/interbotix_ws/install/interbotix_perception_msgs/include/interbotix_perception_msgs/interbotix_perception_msgs/srv/detail/filter_params__struct.h
[11.303s] -- Up-to-date symlink: /home/amir/interbotix_ws/install/interbotix_perception_msgs/include/interbotix_perception_msgs/interbotix_perception_msgs/srv/detail/filter_params__type_support.h
[11.303s] -- Up-to-date symlink: /home/amir/interbotix_ws/install/interbotix_perception_msgs/include/interbotix_perception_msgs/interbotix_perception_msgs/srv/detail/snap_picture__functions.h
[11.303s] -- Up-to-date symlink: /home/amir/interbotix_ws/install/interbotix_perception_msgs/include/interbotix_perception_msgs/interbotix_perception_msgs/srv/detail/snap_picture__struct.h
[11.303s] -- Up-to-date symlink: /home/amir/interbotix_ws/install/interbotix_perception_msgs/include/interbotix_perception_msgs/interbotix_perception_msgs/srv/detail/snap_picture__type_support.h
[11.308s] -- Up-to-date symlink: /home/amir/interbotix_ws/install/interbotix_perception_msgs/include/interbotix_perception_msgs/interbotix_perception_msgs/srv/filter_params.h
[11.308s] -- Up-to-date symlink: /home/amir/interbotix_ws/install/interbotix_perception_msgs/include/interbotix_perception_msgs/interbotix_perception_msgs/srv/snap_picture.h
[11.309s] -- Up-to-date symlink: /home/amir/interbotix_ws/install/interbotix_perception_msgs/share/interbotix_perception_msgs/environment/library_path.sh
[11.310s] -- Up-to-date symlink: /home/amir/interbotix_ws/install/interbotix_perception_msgs/share/interbotix_perception_msgs/environment/library_path.dsv
[11.314s] -- Up-to-date symlink: /home/amir/interbotix_ws/install/interbotix_perception_msgs/include/interbotix_perception_msgs/interbotix_perception_msgs/msg/detail/cluster_info__rosidl_typesupport_fastrtps_c.h
[11.315s] -- Up-to-date symlink: /home/amir/interbotix_ws/install/interbotix_perception_msgs/include/interbotix_perception_msgs/interbotix_perception_msgs/msg/rosidl_typesupport_fastrtps_c__visibility_control.h
[11.315s] -- Up-to-date symlink: /home/amir/interbotix_ws/install/interbotix_perception_msgs/include/interbotix_perception_msgs/interbotix_perception_msgs/srv/detail/cluster_info_array__rosidl_typesupport_fastrtps_c.h
[11.315s] -- Up-to-date symlink: /home/amir/interbotix_ws/install/interbotix_perception_msgs/include/interbotix_perception_msgs/interbotix_perception_msgs/srv/detail/filter_params__rosidl_typesupport_fastrtps_c.h
[11.317s] -- Up-to-date symlink: /home/amir/interbotix_ws/install/interbotix_perception_msgs/include/interbotix_perception_msgs/interbotix_perception_msgs/srv/detail/snap_picture__rosidl_typesupport_fastrtps_c.h
[11.318s] -- Up-to-date symlink: /home/amir/interbotix_ws/install/interbotix_perception_msgs/include/interbotix_perception_msgs/interbotix_perception_msgs/msg/detail/cluster_info__rosidl_typesupport_introspection_c.h
[11.319s] -- Up-to-date symlink: /home/amir/interbotix_ws/install/interbotix_perception_msgs/include/interbotix_perception_msgs/interbotix_perception_msgs/msg/rosidl_typesupport_introspection_c__visibility_control.h
[11.320s] -- Up-to-date symlink: /home/amir/interbotix_ws/install/interbotix_perception_msgs/include/interbotix_perception_msgs/interbotix_perception_msgs/srv/detail/cluster_info_array__rosidl_typesupport_introspection_c.h
[11.320s] -- Up-to-date symlink: /home/amir/interbotix_ws/install/interbotix_perception_msgs/include/interbotix_perception_msgs/interbotix_perception_msgs/srv/detail/filter_params__rosidl_typesupport_introspection_c.h
[11.320s] -- Up-to-date symlink: /home/amir/interbotix_ws/install/interbotix_perception_msgs/include/interbotix_perception_msgs/interbotix_perception_msgs/srv/detail/snap_picture__rosidl_typesupport_introspection_c.h
[11.320s] -- Up-to-date symlink: /home/amir/interbotix_ws/install/interbotix_perception_msgs/include/interbotix_perception_msgs/interbotix_perception_msgs/msg/cluster_info.hpp
[11.320s] -- Up-to-date symlink: /home/amir/interbotix_ws/install/interbotix_perception_msgs/include/interbotix_perception_msgs/interbotix_perception_msgs/msg/detail/cluster_info__builder.hpp
[11.321s] -- Up-to-date symlink: /home/amir/interbotix_ws/install/interbotix_perception_msgs/include/interbotix_perception_msgs/interbotix_perception_msgs/msg/detail/cluster_info__struct.hpp
[11.321s] -- Up-to-date symlink: /home/amir/interbotix_ws/install/interbotix_perception_msgs/include/interbotix_perception_msgs/interbotix_perception_msgs/msg/detail/cluster_info__traits.hpp
[11.321s] -- Up-to-date symlink: /home/amir/interbotix_ws/install/interbotix_perception_msgs/include/interbotix_perception_msgs/interbotix_perception_msgs/srv/cluster_info_array.hpp
[11.326s] -- Up-to-date symlink: /home/amir/interbotix_ws/install/interbotix_perception_msgs/include/interbotix_perception_msgs/interbotix_perception_msgs/srv/detail/cluster_info_array__builder.hpp
[11.326s] -- Up-to-date symlink: /home/amir/interbotix_ws/install/interbotix_perception_msgs/include/interbotix_perception_msgs/interbotix_perception_msgs/srv/detail/cluster_info_array__struct.hpp
[11.326s] -- Up-to-date symlink: /home/amir/interbotix_ws/install/interbotix_perception_msgs/include/interbotix_perception_msgs/interbotix_perception_msgs/srv/detail/cluster_info_array__traits.hpp
[11.328s] -- Up-to-date symlink: /home/amir/interbotix_ws/install/interbotix_perception_msgs/include/interbotix_perception_msgs/interbotix_perception_msgs/srv/detail/filter_params__builder.hpp
[11.328s] -- Up-to-date symlink: /home/amir/interbotix_ws/install/interbotix_perception_msgs/include/interbotix_perception_msgs/interbotix_perception_msgs/srv/detail/filter_params__struct.hpp
[11.329s] -- Up-to-date symlink: /home/amir/interbotix_ws/install/interbotix_perception_msgs/include/interbotix_perception_msgs/interbotix_perception_msgs/srv/detail/filter_params__traits.hpp
[11.329s] -- Up-to-date symlink: /home/amir/interbotix_ws/install/interbotix_perception_msgs/include/interbotix_perception_msgs/interbotix_perception_msgs/srv/detail/snap_picture__builder.hpp
[11.332s] -- Up-to-date symlink: /home/amir/interbotix_ws/install/interbotix_perception_msgs/include/interbotix_perception_msgs/interbotix_perception_msgs/srv/detail/snap_picture__struct.hpp
[11.332s] -- Up-to-date symlink: /home/amir/interbotix_ws/install/interbotix_perception_msgs/include/interbotix_perception_msgs/interbotix_perception_msgs/srv/detail/snap_picture__traits.hpp
[11.332s] -- Up-to-date symlink: /home/amir/interbotix_ws/install/interbotix_perception_msgs/include/interbotix_perception_msgs/interbotix_perception_msgs/srv/filter_params.hpp
[11.332s] -- Up-to-date symlink: /home/amir/interbotix_ws/install/interbotix_perception_msgs/include/interbotix_perception_msgs/interbotix_perception_msgs/srv/snap_picture.hpp
[11.332s] -- Up-to-date symlink: /home/amir/interbotix_ws/install/interbotix_perception_msgs/include/interbotix_perception_msgs/interbotix_perception_msgs/msg/detail/cluster_info__rosidl_typesupport_fastrtps_cpp.hpp
[11.332s] -- Up-to-date symlink: /home/amir/interbotix_ws/install/interbotix_perception_msgs/include/interbotix_perception_msgs/interbotix_perception_msgs/msg/rosidl_typesupport_fastrtps_cpp__visibility_control.h
[11.333s] -- Up-to-date symlink: /home/amir/interbotix_ws/install/interbotix_perception_msgs/include/interbotix_perception_msgs/interbotix_perception_msgs/srv/detail/cluster_info_array__rosidl_typesupport_fastrtps_cpp.hpp
[11.333s] -- Up-to-date symlink: /home/amir/interbotix_ws/install/interbotix_perception_msgs/include/interbotix_perception_msgs/interbotix_perception_msgs/srv/detail/filter_params__rosidl_typesupport_fastrtps_cpp.hpp
[11.333s] -- Up-to-date symlink: /home/amir/interbotix_ws/install/interbotix_perception_msgs/include/interbotix_perception_msgs/interbotix_perception_msgs/srv/detail/snap_picture__rosidl_typesupport_fastrtps_cpp.hpp
[11.341s] -- Up-to-date symlink: /home/amir/interbotix_ws/install/interbotix_perception_msgs/include/interbotix_perception_msgs/interbotix_perception_msgs/msg/detail/cluster_info__rosidl_typesupport_introspection_cpp.hpp
[11.341s] -- Up-to-date symlink: /home/amir/interbotix_ws/install/interbotix_perception_msgs/include/interbotix_perception_msgs/interbotix_perception_msgs/srv/detail/cluster_info_array__rosidl_typesupport_introspection_cpp.hpp
[11.341s] -- Up-to-date symlink: /home/amir/interbotix_ws/install/interbotix_perception_msgs/include/interbotix_perception_msgs/interbotix_perception_msgs/srv/detail/filter_params__rosidl_typesupport_introspection_cpp.hpp
[11.341s] -- Up-to-date symlink: /home/amir/interbotix_ws/install/interbotix_perception_msgs/include/interbotix_perception_msgs/interbotix_perception_msgs/srv/detail/snap_picture__rosidl_typesupport_introspection_cpp.hpp
[11.344s] -- Up-to-date symlink: /home/amir/interbotix_ws/install/interbotix_perception_msgs/share/interbotix_perception_msgs/environment/pythonpath.sh
[11.344s] -- Up-to-date symlink: /home/amir/interbotix_ws/install/interbotix_perception_msgs/share/interbotix_perception_msgs/environment/pythonpath.dsv
[11.345s] -- Up-to-date symlink: /home/amir/interbotix_ws/install/interbotix_perception_msgs/local/lib/python3.10/dist-packages/interbotix_perception_msgs-0.0.0-py3.10.egg-info/PKG-INFO
[11.348s] -- Up-to-date symlink: /home/amir/interbotix_ws/install/interbotix_perception_msgs/local/lib/python3.10/dist-packages/interbotix_perception_msgs-0.0.0-py3.10.egg-info/SOURCES.txt
[11.348s] -- Up-to-date symlink: /home/amir/interbotix_ws/install/interbotix_perception_msgs/local/lib/python3.10/dist-packages/interbotix_perception_msgs-0.0.0-py3.10.egg-info/dependency_links.txt
[11.349s] -- Up-to-date symlink: /home/amir/interbotix_ws/install/interbotix_perception_msgs/local/lib/python3.10/dist-packages/interbotix_perception_msgs-0.0.0-py3.10.egg-info/top_level.txt
[11.350s] -- Up-to-date symlink: /home/amir/interbotix_ws/install/interbotix_perception_msgs/local/lib/python3.10/dist-packages/interbotix_perception_msgs/__init__.py
[11.354s] -- Up-to-date symlink: /home/amir/interbotix_ws/install/interbotix_perception_msgs/local/lib/python3.10/dist-packages/interbotix_perception_msgs/_interbotix_perception_msgs_s.ep.rosidl_typesupport_c.c
[11.358s] -- Up-to-date symlink: /home/amir/interbotix_ws/install/interbotix_perception_msgs/local/lib/python3.10/dist-packages/interbotix_perception_msgs/_interbotix_perception_msgs_s.ep.rosidl_typesupport_fastrtps_c.c
[11.359s] -- Up-to-date symlink: /home/amir/interbotix_ws/install/interbotix_perception_msgs/local/lib/python3.10/dist-packages/interbotix_perception_msgs/_interbotix_perception_msgs_s.ep.rosidl_typesupport_introspection_c.c
[11.359s] -- Up-to-date symlink: /home/amir/interbotix_ws/install/interbotix_perception_msgs/local/lib/python3.10/dist-packages/interbotix_perception_msgs/interbotix_perception_msgs_s__rosidl_typesupport_c.cpython-310-x86_64-linux-gnu.so
[11.359s] -- Up-to-date symlink: /home/amir/interbotix_ws/install/interbotix_perception_msgs/local/lib/python3.10/dist-packages/interbotix_perception_msgs/interbotix_perception_msgs_s__rosidl_typesupport_fastrtps_c.cpython-310-x86_64-linux-gnu.so
[11.359s] -- Up-to-date symlink: /home/amir/interbotix_ws/install/interbotix_perception_msgs/local/lib/python3.10/dist-packages/interbotix_perception_msgs/interbotix_perception_msgs_s__rosidl_typesupport_introspection_c.cpython-310-x86_64-linux-gnu.so
[11.359s] -- Up-to-date symlink: /home/amir/interbotix_ws/install/interbotix_perception_msgs/local/lib/python3.10/dist-packages/interbotix_perception_msgs/libinterbotix_perception_msgs__rosidl_generator_py.so
[11.363s] -- Up-to-date symlink: /home/amir/interbotix_ws/install/interbotix_perception_msgs/local/lib/python3.10/dist-packages/interbotix_perception_msgs/msg/__init__.py
[11.363s] -- Up-to-date symlink: /home/amir/interbotix_ws/install/interbotix_perception_msgs/local/lib/python3.10/dist-packages/interbotix_perception_msgs/msg/_cluster_info.py
[11.364s] -- Up-to-date symlink: /home/amir/interbotix_ws/install/interbotix_perception_msgs/local/lib/python3.10/dist-packages/interbotix_perception_msgs/msg/_cluster_info_s.c
[11.364s] -- Up-to-date symlink: /home/amir/interbotix_ws/install/interbotix_perception_msgs/local/lib/python3.10/dist-packages/interbotix_perception_msgs/srv/__init__.py
[11.372s] -- Up-to-date symlink: /home/amir/interbotix_ws/install/interbotix_perception_msgs/local/lib/python3.10/dist-packages/interbotix_perception_msgs/srv/_cluster_info_array.py
[11.372s] -- Up-to-date symlink: /home/amir/interbotix_ws/install/interbotix_perception_msgs/local/lib/python3.10/dist-packages/interbotix_perception_msgs/srv/_cluster_info_array_s.c
[11.372s] -- Up-to-date symlink: /home/amir/interbotix_ws/install/interbotix_perception_msgs/local/lib/python3.10/dist-packages/interbotix_perception_msgs/srv/_filter_params.py
[11.378s] -- Up-to-date symlink: /home/amir/interbotix_ws/install/interbotix_perception_msgs/local/lib/python3.10/dist-packages/interbotix_perception_msgs/srv/_filter_params_s.c
[11.378s] -- Up-to-date symlink: /home/amir/interbotix_ws/install/interbotix_perception_msgs/local/lib/python3.10/dist-packages/interbotix_perception_msgs/srv/_snap_picture.py
[11.378s] -- Up-to-date symlink: /home/amir/interbotix_ws/install/interbotix_perception_msgs/local/lib/python3.10/dist-packages/interbotix_perception_msgs/srv/_snap_picture_s.c
[11.378s] -- Up-to-date symlink: /home/amir/interbotix_ws/install/interbotix_perception_msgs/local/lib/python3.10/dist-packages/interbotix_perception_msgs/interbotix_perception_msgs_s__rosidl_typesupport_fastrtps_c.cpython-310-x86_64-linux-gnu.so
[11.378s] -- Up-to-date symlink: /home/amir/interbotix_ws/install/interbotix_perception_msgs/local/lib/python3.10/dist-packages/interbotix_perception_msgs/interbotix_perception_msgs_s__rosidl_typesupport_introspection_c.cpython-310-x86_64-linux-gnu.so
[11.379s] -- Up-to-date symlink: /home/amir/interbotix_ws/install/interbotix_perception_msgs/local/lib/python3.10/dist-packages/interbotix_perception_msgs/interbotix_perception_msgs_s__rosidl_typesupport_c.cpython-310-x86_64-linux-gnu.so
[11.379s] -- Up-to-date symlink: /home/amir/interbotix_ws/install/interbotix_perception_msgs/share/interbotix_perception_msgs/msg/ClusterInfo.idl
[11.386s] -- Up-to-date symlink: /home/amir/interbotix_ws/install/interbotix_perception_msgs/share/interbotix_perception_msgs/srv/ClusterInfoArray.idl
[11.386s] -- Up-to-date symlink: /home/amir/interbotix_ws/install/interbotix_perception_msgs/share/interbotix_perception_msgs/srv/FilterParams.idl
[11.386s] -- Up-to-date symlink: /home/amir/interbotix_ws/install/interbotix_perception_msgs/share/interbotix_perception_msgs/srv/SnapPicture.idl
[11.386s] -- Up-to-date symlink: /home/amir/interbotix_ws/install/interbotix_perception_msgs/share/interbotix_perception_msgs/msg/ClusterInfo.msg
[11.388s] -- Up-to-date symlink: /home/amir/interbotix_ws/install/interbotix_perception_msgs/share/interbotix_perception_msgs/srv/ClusterInfoArray.srv
[11.388s] -- Up-to-date symlink: /home/amir/interbotix_ws/install/interbotix_perception_msgs/share/interbotix_perception_msgs/srv/ClusterInfoArray_Request.msg
[11.388s] -- Up-to-date symlink: /home/amir/interbotix_ws/install/interbotix_perception_msgs/share/interbotix_perception_msgs/srv/ClusterInfoArray_Response.msg
[11.393s] -- Up-to-date symlink: /home/amir/interbotix_ws/install/interbotix_perception_msgs/share/interbotix_perception_msgs/srv/FilterParams.srv
[11.393s] -- Up-to-date symlink: /home/amir/interbotix_ws/install/interbotix_perception_msgs/share/interbotix_perception_msgs/srv/FilterParams_Request.msg
[11.406s] -- Up-to-date symlink: /home/amir/interbotix_ws/install/interbotix_perception_msgs/share/interbotix_perception_msgs/srv/FilterParams_Response.msg
[11.407s] -- Up-to-date symlink: /home/amir/interbotix_ws/install/interbotix_perception_msgs/share/interbotix_perception_msgs/srv/SnapPicture.srv
[11.407s] -- Up-to-date symlink: /home/amir/interbotix_ws/install/interbotix_perception_msgs/share/interbotix_perception_msgs/srv/SnapPicture_Request.msg
[11.407s] -- Up-to-date symlink: /home/amir/interbotix_ws/install/interbotix_perception_msgs/share/interbotix_perception_msgs/srv/SnapPicture_Response.msg
[11.407s] -- Up-to-date symlink: /home/amir/interbotix_ws/install/interbotix_perception_msgs/share/ament_index/resource_index/package_run_dependencies/interbotix_perception_msgs
[11.407s] -- Up-to-date symlink: /home/amir/interbotix_ws/install/interbotix_perception_msgs/share/ament_index/resource_index/parent_prefix_path/interbotix_perception_msgs
[11.407s] -- Up-to-date symlink: /home/amir/interbotix_ws/install/interbotix_perception_msgs/share/interbotix_perception_msgs/environment/ament_prefix_path.sh
[11.407s] -- Up-to-date symlink: /home/amir/interbotix_ws/install/interbotix_perception_msgs/share/interbotix_perception_msgs/environment/ament_prefix_path.dsv
[11.420s] -- Up-to-date symlink: /home/amir/interbotix_ws/install/interbotix_perception_msgs/share/interbotix_perception_msgs/environment/path.sh
[11.420s] -- Up-to-date symlink: /home/amir/interbotix_ws/install/interbotix_perception_msgs/share/interbotix_perception_msgs/environment/path.dsv
[11.424s] -- Up-to-date symlink: /home/amir/interbotix_ws/install/interbotix_perception_msgs/share/interbotix_perception_msgs/local_setup.bash
[11.424s] -- Up-to-date symlink: /home/amir/interbotix_ws/install/interbotix_perception_msgs/share/interbotix_perception_msgs/local_setup.sh
[11.424s] -- Up-to-date symlink: /home/amir/interbotix_ws/install/interbotix_perception_msgs/share/interbotix_perception_msgs/local_setup.zsh
[11.425s] -- Up-to-date symlink: /home/amir/interbotix_ws/install/interbotix_perception_msgs/share/interbotix_perception_msgs/local_setup.dsv
[11.425s] -- Symlinking: /home/amir/interbotix_ws/install/interbotix_perception_msgs/share/interbotix_perception_msgs/package.dsv
[11.462s] -- Up-to-date symlink: /home/amir/interbotix_ws/install/interbotix_perception_msgs/share/ament_index/resource_index/packages/interbotix_perception_msgs
[11.462s] -- Up-to-date symlink: /home/amir/interbotix_ws/install/interbotix_perception_msgs/share/interbotix_perception_msgs/cmake/rosidl_cmake-extras.cmake
[11.463s] -- Up-to-date symlink: /home/amir/interbotix_ws/install/interbotix_perception_msgs/share/interbotix_perception_msgs/cmake/ament_cmake_export_dependencies-extras.cmake
[11.467s] -- Up-to-date symlink: /home/amir/interbotix_ws/install/interbotix_perception_msgs/share/interbotix_perception_msgs/cmake/ament_cmake_export_include_directories-extras.cmake
[11.469s] -- Up-to-date symlink: /home/amir/interbotix_ws/install/interbotix_perception_msgs/share/interbotix_perception_msgs/cmake/ament_cmake_export_libraries-extras.cmake
[11.470s] -- Up-to-date symlink: /home/amir/interbotix_ws/install/interbotix_perception_msgs/share/interbotix_perception_msgs/cmake/ament_cmake_export_targets-extras.cmake
[11.471s] -- Up-to-date symlink: /home/amir/interbotix_ws/install/interbotix_perception_msgs/share/interbotix_perception_msgs/cmake/rosidl_cmake_export_typesupport_targets-extras.cmake
[11.471s] -- Up-to-date symlink: /home/amir/interbotix_ws/install/interbotix_perception_msgs/share/interbotix_perception_msgs/cmake/rosidl_cmake_export_typesupport_libraries-extras.cmake
[11.474s] -- Up-to-date symlink: /home/amir/interbotix_ws/install/interbotix_perception_msgs/share/interbotix_perception_msgs/cmake/interbotix_perception_msgsConfig.cmake
[11.475s] -- Up-to-date symlink: /home/amir/interbotix_ws/install/interbotix_perception_msgs/share/interbotix_perception_msgs/cmake/interbotix_perception_msgsConfig-version.cmake
[11.475s] -- Up-to-date symlink: /home/amir/interbotix_ws/install/interbotix_perception_msgs/share/interbotix_perception_msgs/package.xml
[11.479s] -- Up-to-date: /home/amir/interbotix_ws/install/interbotix_perception_msgs/lib/libinterbotix_perception_msgs__rosidl_generator_c.so
[11.482s] -- Up-to-date: /home/amir/interbotix_ws/install/interbotix_perception_msgs/lib/libinterbotix_perception_msgs__rosidl_typesupport_fastrtps_c.so
[11.486s] -- Up-to-date: /home/amir/interbotix_ws/install/interbotix_perception_msgs/lib/libinterbotix_perception_msgs__rosidl_typesupport_introspection_c.so
[11.493s] -- Up-to-date: /home/amir/interbotix_ws/install/interbotix_perception_msgs/lib/libinterbotix_perception_msgs__rosidl_typesupport_c.so
[11.497s] -- Up-to-date: /home/amir/interbotix_ws/install/interbotix_perception_msgs/lib/libinterbotix_perception_msgs__rosidl_typesupport_fastrtps_cpp.so
[11.500s] -- Up-to-date: /home/amir/interbotix_ws/install/interbotix_perception_msgs/lib/libinterbotix_perception_msgs__rosidl_typesupport_introspection_cpp.so
[11.502s] -- Up-to-date: /home/amir/interbotix_ws/install/interbotix_perception_msgs/lib/libinterbotix_perception_msgs__rosidl_typesupport_cpp.so
[11.642s] Listing '/home/amir/interbotix_ws/install/interbotix_perception_msgs/local/lib/python3.10/dist-packages/interbotix_perception_msgs'...
[11.642s] Compiling '/home/amir/interbotix_ws/install/interbotix_perception_msgs/local/lib/python3.10/dist-packages/interbotix_perception_msgs/__init__.py'...
[11.642s] Listing '/home/amir/interbotix_ws/install/interbotix_perception_msgs/local/lib/python3.10/dist-packages/interbotix_perception_msgs/msg'...
[11.643s] Listing '/home/amir/interbotix_ws/install/interbotix_perception_msgs/local/lib/python3.10/dist-packages/interbotix_perception_msgs/srv'...
[11.679s] -- Up-to-date: /home/amir/interbotix_ws/install/interbotix_perception_msgs/lib/libinterbotix_perception_msgs__rosidl_generator_py.so
[11.679s] -- Up-to-date: /home/amir/interbotix_ws/install/interbotix_perception_msgs/share/interbotix_perception_msgs/cmake/export_interbotix_perception_msgs__rosidl_generator_cExport.cmake
[11.680s] -- Up-to-date: /home/amir/interbotix_ws/install/interbotix_perception_msgs/share/interbotix_perception_msgs/cmake/export_interbotix_perception_msgs__rosidl_generator_cExport-noconfig.cmake
[11.680s] -- Up-to-date: /home/amir/interbotix_ws/install/interbotix_perception_msgs/share/interbotix_perception_msgs/cmake/export_interbotix_perception_msgs__rosidl_typesupport_fastrtps_cExport.cmake
[11.680s] -- Up-to-date: /home/amir/interbotix_ws/install/interbotix_perception_msgs/share/interbotix_perception_msgs/cmake/export_interbotix_perception_msgs__rosidl_typesupport_fastrtps_cExport-noconfig.cmake
[11.680s] -- Up-to-date: /home/amir/interbotix_ws/install/interbotix_perception_msgs/share/interbotix_perception_msgs/cmake/interbotix_perception_msgs__rosidl_typesupport_introspection_cExport.cmake
[11.687s] -- Up-to-date: /home/amir/interbotix_ws/install/interbotix_perception_msgs/share/interbotix_perception_msgs/cmake/interbotix_perception_msgs__rosidl_typesupport_introspection_cExport-noconfig.cmake
[11.687s] -- Up-to-date: /home/amir/interbotix_ws/install/interbotix_perception_msgs/share/interbotix_perception_msgs/cmake/interbotix_perception_msgs__rosidl_typesupport_cExport.cmake
[11.688s] -- Up-to-date: /home/amir/interbotix_ws/install/interbotix_perception_msgs/share/interbotix_perception_msgs/cmake/interbotix_perception_msgs__rosidl_typesupport_cExport-noconfig.cmake
[11.688s] -- Up-to-date: /home/amir/interbotix_ws/install/interbotix_perception_msgs/share/interbotix_perception_msgs/cmake/export_interbotix_perception_msgs__rosidl_generator_cppExport.cmake
[11.688s] -- Up-to-date: /home/amir/interbotix_ws/install/interbotix_perception_msgs/share/interbotix_perception_msgs/cmake/export_interbotix_perception_msgs__rosidl_typesupport_fastrtps_cppExport.cmake
[11.688s] -- Up-to-date: /home/amir/interbotix_ws/install/interbotix_perception_msgs/share/interbotix_perception_msgs/cmake/export_interbotix_perception_msgs__rosidl_typesupport_fastrtps_cppExport-noconfig.cmake
[11.688s] -- Up-to-date: /home/amir/interbotix_ws/install/interbotix_perception_msgs/share/interbotix_perception_msgs/cmake/interbotix_perception_msgs__rosidl_typesupport_introspection_cppExport.cmake
[11.689s] -- Up-to-date: /home/amir/interbotix_ws/install/interbotix_perception_msgs/share/interbotix_perception_msgs/cmake/interbotix_perception_msgs__rosidl_typesupport_introspection_cppExport-noconfig.cmake
[11.689s] -- Up-to-date: /home/amir/interbotix_ws/install/interbotix_perception_msgs/share/interbotix_perception_msgs/cmake/interbotix_perception_msgs__rosidl_typesupport_cppExport.cmake
[11.689s] -- Up-to-date: /home/amir/interbotix_ws/install/interbotix_perception_msgs/share/interbotix_perception_msgs/cmake/interbotix_perception_msgs__rosidl_typesupport_cppExport-noconfig.cmake
[11.690s] -- Up-to-date: /home/amir/interbotix_ws/install/interbotix_perception_msgs/share/interbotix_perception_msgs/cmake/export_interbotix_perception_msgs__rosidl_generator_pyExport.cmake
[11.690s] -- Up-to-date: /home/amir/interbotix_ws/install/interbotix_perception_msgs/share/interbotix_perception_msgs/cmake/export_interbotix_perception_msgs__rosidl_generator_pyExport-noconfig.cmake
[11.703s] Invoked command in '/home/amir/interbotix_ws/build/interbotix_perception_msgs' returned '0': CMAKE_PREFIX_PATH=${CMAKE_PREFIX_PATH}:/home/amir/camera_intel/install/camera_intel:/home/amir/interbotix_ws/install/interbotix_xs_modules:/home/amir/interbotix_ws/install/interbotix_perception_modules:/home/amir/interbotix_ws/install/interbotix_common_modules:/opt/ros/humble /usr/bin/cmake --install /home/amir/interbotix_ws/build/interbotix_perception_msgs
