running egg_info
creating ../../../build/urdf_to_dh/urdf_to_dh.egg-info
writing ../../../build/urdf_to_dh/urdf_to_dh.egg-info/PKG-INFO
writing dependency_links to ../../../build/urdf_to_dh/urdf_to_dh.egg-info/dependency_links.txt
writing entry points to ../../../build/urdf_to_dh/urdf_to_dh.egg-info/entry_points.txt
writing requirements to ../../../build/urdf_to_dh/urdf_to_dh.egg-info/requires.txt
writing top-level names to ../../../build/urdf_to_dh/urdf_to_dh.egg-info/top_level.txt
writing manifest file '../../../build/urdf_to_dh/urdf_to_dh.egg-info/SOURCES.txt'
reading manifest file '../../../build/urdf_to_dh/urdf_to_dh.egg-info/SOURCES.txt'
adding license file 'LICENSE'
writing manifest file '../../../build/urdf_to_dh/urdf_to_dh.egg-info/SOURCES.txt'
running build
running build_py
creating /home/amir/camera_intel/build/urdf_to_dh/build
creating /home/amir/camera_intel/build/urdf_to_dh/build/lib
creating /home/amir/camera_intel/build/urdf_to_dh/build/lib/urdf_to_dh
copying urdf_to_dh/__init__.py -> /home/amir/camera_intel/build/urdf_to_dh/build/lib/urdf_to_dh
copying urdf_to_dh/kinematics_helpers.py -> /home/amir/camera_intel/build/urdf_to_dh/build/lib/urdf_to_dh
copying urdf_to_dh/urdf_helpers.py -> /home/amir/camera_intel/build/urdf_to_dh/build/lib/urdf_to_dh
copying urdf_to_dh/generate_dh.py -> /home/amir/camera_intel/build/urdf_to_dh/build/lib/urdf_to_dh
copying urdf_to_dh/generate_dh_test.py -> /home/amir/camera_intel/build/urdf_to_dh/build/lib/urdf_to_dh
copying urdf_to_dh/maker_helpers.py -> /home/amir/camera_intel/build/urdf_to_dh/build/lib/urdf_to_dh
copying urdf_to_dh/geometry_helpers.py -> /home/amir/camera_intel/build/urdf_to_dh/build/lib/urdf_to_dh
running install
running install_lib
creating /home/amir/camera_intel/install/urdf_to_dh/lib/python3.10/site-packages/urdf_to_dh
copying /home/amir/camera_intel/build/urdf_to_dh/build/lib/urdf_to_dh/__init__.py -> /home/amir/camera_intel/install/urdf_to_dh/lib/python3.10/site-packages/urdf_to_dh
copying /home/amir/camera_intel/build/urdf_to_dh/build/lib/urdf_to_dh/kinematics_helpers.py -> /home/amir/camera_intel/install/urdf_to_dh/lib/python3.10/site-packages/urdf_to_dh
copying /home/amir/camera_intel/build/urdf_to_dh/build/lib/urdf_to_dh/urdf_helpers.py -> /home/amir/camera_intel/install/urdf_to_dh/lib/python3.10/site-packages/urdf_to_dh
copying /home/amir/camera_intel/build/urdf_to_dh/build/lib/urdf_to_dh/generate_dh.py -> /home/amir/camera_intel/install/urdf_to_dh/lib/python3.10/site-packages/urdf_to_dh
copying /home/amir/camera_intel/build/urdf_to_dh/build/lib/urdf_to_dh/generate_dh_test.py -> /home/amir/camera_intel/install/urdf_to_dh/lib/python3.10/site-packages/urdf_to_dh
copying /home/amir/camera_intel/build/urdf_to_dh/build/lib/urdf_to_dh/maker_helpers.py -> /home/amir/camera_intel/install/urdf_to_dh/lib/python3.10/site-packages/urdf_to_dh
copying /home/amir/camera_intel/build/urdf_to_dh/build/lib/urdf_to_dh/geometry_helpers.py -> /home/amir/camera_intel/install/urdf_to_dh/lib/python3.10/site-packages/urdf_to_dh
byte-compiling /home/amir/camera_intel/install/urdf_to_dh/lib/python3.10/site-packages/urdf_to_dh/__init__.py to __init__.cpython-310.pyc
byte-compiling /home/amir/camera_intel/install/urdf_to_dh/lib/python3.10/site-packages/urdf_to_dh/kinematics_helpers.py to kinematics_helpers.cpython-310.pyc
byte-compiling /home/amir/camera_intel/install/urdf_to_dh/lib/python3.10/site-packages/urdf_to_dh/urdf_helpers.py to urdf_helpers.cpython-310.pyc
byte-compiling /home/amir/camera_intel/install/urdf_to_dh/lib/python3.10/site-packages/urdf_to_dh/generate_dh.py to generate_dh.cpython-310.pyc
byte-compiling /home/amir/camera_intel/install/urdf_to_dh/lib/python3.10/site-packages/urdf_to_dh/generate_dh_test.py to generate_dh_test.cpython-310.pyc
byte-compiling /home/amir/camera_intel/install/urdf_to_dh/lib/python3.10/site-packages/urdf_to_dh/maker_helpers.py to maker_helpers.cpython-310.pyc
byte-compiling /home/amir/camera_intel/install/urdf_to_dh/lib/python3.10/site-packages/urdf_to_dh/geometry_helpers.py to geometry_helpers.cpython-310.pyc
running install_data
creating /home/amir/camera_intel/install/urdf_to_dh/share/ament_index
creating /home/amir/camera_intel/install/urdf_to_dh/share/ament_index/resource_index
creating /home/amir/camera_intel/install/urdf_to_dh/share/ament_index/resource_index/packages
copying resource/urdf_to_dh -> /home/amir/camera_intel/install/urdf_to_dh/share/ament_index/resource_index/packages
copying package.xml -> /home/amir/camera_intel/install/urdf_to_dh/share/urdf_to_dh
creating /home/amir/camera_intel/install/urdf_to_dh/share/urdf_to_dh/launch
copying launch/viz_random_urdf.launch.py -> /home/amir/camera_intel/install/urdf_to_dh/share/urdf_to_dh/launch
copying launch/random_urdf.rviz -> /home/amir/camera_intel/install/urdf_to_dh/share/urdf_to_dh/launch
creating /home/amir/camera_intel/install/urdf_to_dh/share/urdf_to_dh/urdf
copying urdf/random.urdf -> /home/amir/camera_intel/install/urdf_to_dh/share/urdf_to_dh/urdf
running install_egg_info
Copying ../../../build/urdf_to_dh/urdf_to_dh.egg-info to /home/amir/camera_intel/install/urdf_to_dh/lib/python3.10/site-packages/urdf_to_dh-0.0.1-py3.10.egg-info
running install_scripts
Installing generate_dh script to /home/amir/camera_intel/install/urdf_to_dh/lib/urdf_to_dh
writing list of installed files to '/home/amir/camera_intel/build/urdf_to_dh/install.log'
