[2.171s] Invoking command in '/home/amir/camera_intel/src/Dh/urdf_to_dh': PYTHONPATH=/home/amir/camera_intel/build/urdf_to_dh/prefix_override:/usr/lib/python3/dist-packages/colcon_core/task/python/colcon_distutils_commands:/home/amir/camera_intel/install/urdf_to_dh/lib/python3.10/site-packages:${PYTHONPATH} /usr/bin/python3 -W ignore:setup.py install is deprecated setup.py egg_info --egg-base ../../../build/urdf_to_dh build --build-base /home/amir/camera_intel/build/urdf_to_dh/build install --record /home/amir/camera_intel/build/urdf_to_dh/install.log --install-scripts $base/lib/urdf_to_dh --single-version-externally-managed install_data
[2.420s] /home/amir/.local/lib/python3.10/site-packages/setuptools/dist.py:788: UserWarning: Usage of dash-separated 'script-dir' will not be supported in future versions. Please use the underscore name 'script_dir' instead
[2.420s]   warnings.warn(
[2.643s] running egg_info
[2.644s] creating ../../../build/urdf_to_dh/urdf_to_dh.egg-info
[2.677s] writing ../../../build/urdf_to_dh/urdf_to_dh.egg-info/PKG-INFO
[2.678s] writing dependency_links to ../../../build/urdf_to_dh/urdf_to_dh.egg-info/dependency_links.txt
[2.678s] writing entry points to ../../../build/urdf_to_dh/urdf_to_dh.egg-info/entry_points.txt
[2.679s] writing requirements to ../../../build/urdf_to_dh/urdf_to_dh.egg-info/requires.txt
[2.679s] writing top-level names to ../../../build/urdf_to_dh/urdf_to_dh.egg-info/top_level.txt
[2.679s] writing manifest file '../../../build/urdf_to_dh/urdf_to_dh.egg-info/SOURCES.txt'
[2.746s] reading manifest file '../../../build/urdf_to_dh/urdf_to_dh.egg-info/SOURCES.txt'
[2.747s] adding license file 'LICENSE'
[2.748s] writing manifest file '../../../build/urdf_to_dh/urdf_to_dh.egg-info/SOURCES.txt'
[2.748s] running build
[2.749s] running build_py
[2.749s] creating /home/amir/camera_intel/build/urdf_to_dh/build
[2.749s] creating /home/amir/camera_intel/build/urdf_to_dh/build/lib
[2.749s] creating /home/amir/camera_intel/build/urdf_to_dh/build/lib/urdf_to_dh
[2.750s] copying urdf_to_dh/__init__.py -> /home/amir/camera_intel/build/urdf_to_dh/build/lib/urdf_to_dh
[2.750s] copying urdf_to_dh/kinematics_helpers.py -> /home/amir/camera_intel/build/urdf_to_dh/build/lib/urdf_to_dh
[2.750s] copying urdf_to_dh/urdf_helpers.py -> /home/amir/camera_intel/build/urdf_to_dh/build/lib/urdf_to_dh
[2.750s] copying urdf_to_dh/generate_dh.py -> /home/amir/camera_intel/build/urdf_to_dh/build/lib/urdf_to_dh
[2.751s] copying urdf_to_dh/generate_dh_test.py -> /home/amir/camera_intel/build/urdf_to_dh/build/lib/urdf_to_dh
[2.751s] copying urdf_to_dh/maker_helpers.py -> /home/amir/camera_intel/build/urdf_to_dh/build/lib/urdf_to_dh
[2.751s] copying urdf_to_dh/geometry_helpers.py -> /home/amir/camera_intel/build/urdf_to_dh/build/lib/urdf_to_dh
[2.752s] running install
[2.763s] running install_lib
[2.799s] creating /home/amir/camera_intel/install/urdf_to_dh/lib/python3.10/site-packages/urdf_to_dh
[2.800s] copying /home/amir/camera_intel/build/urdf_to_dh/build/lib/urdf_to_dh/__init__.py -> /home/amir/camera_intel/install/urdf_to_dh/lib/python3.10/site-packages/urdf_to_dh
[2.800s] copying /home/amir/camera_intel/build/urdf_to_dh/build/lib/urdf_to_dh/kinematics_helpers.py -> /home/amir/camera_intel/install/urdf_to_dh/lib/python3.10/site-packages/urdf_to_dh
[2.800s] copying /home/amir/camera_intel/build/urdf_to_dh/build/lib/urdf_to_dh/urdf_helpers.py -> /home/amir/camera_intel/install/urdf_to_dh/lib/python3.10/site-packages/urdf_to_dh
[2.801s] copying /home/amir/camera_intel/build/urdf_to_dh/build/lib/urdf_to_dh/generate_dh.py -> /home/amir/camera_intel/install/urdf_to_dh/lib/python3.10/site-packages/urdf_to_dh
[2.801s] copying /home/amir/camera_intel/build/urdf_to_dh/build/lib/urdf_to_dh/generate_dh_test.py -> /home/amir/camera_intel/install/urdf_to_dh/lib/python3.10/site-packages/urdf_to_dh
[2.801s] copying /home/amir/camera_intel/build/urdf_to_dh/build/lib/urdf_to_dh/maker_helpers.py -> /home/amir/camera_intel/install/urdf_to_dh/lib/python3.10/site-packages/urdf_to_dh
[2.801s] copying /home/amir/camera_intel/build/urdf_to_dh/build/lib/urdf_to_dh/geometry_helpers.py -> /home/amir/camera_intel/install/urdf_to_dh/lib/python3.10/site-packages/urdf_to_dh
[2.803s] byte-compiling /home/amir/camera_intel/install/urdf_to_dh/lib/python3.10/site-packages/urdf_to_dh/__init__.py to __init__.cpython-310.pyc
[2.804s] byte-compiling /home/amir/camera_intel/install/urdf_to_dh/lib/python3.10/site-packages/urdf_to_dh/kinematics_helpers.py to kinematics_helpers.cpython-310.pyc
[2.805s] byte-compiling /home/amir/camera_intel/install/urdf_to_dh/lib/python3.10/site-packages/urdf_to_dh/urdf_helpers.py to urdf_helpers.cpython-310.pyc
[2.806s] byte-compiling /home/amir/camera_intel/install/urdf_to_dh/lib/python3.10/site-packages/urdf_to_dh/generate_dh.py to generate_dh.cpython-310.pyc
[2.810s] byte-compiling /home/amir/camera_intel/install/urdf_to_dh/lib/python3.10/site-packages/urdf_to_dh/generate_dh_test.py to generate_dh_test.cpython-310.pyc
[2.810s] byte-compiling /home/amir/camera_intel/install/urdf_to_dh/lib/python3.10/site-packages/urdf_to_dh/maker_helpers.py to maker_helpers.cpython-310.pyc
[2.811s] byte-compiling /home/amir/camera_intel/install/urdf_to_dh/lib/python3.10/site-packages/urdf_to_dh/geometry_helpers.py to geometry_helpers.cpython-310.pyc
[2.812s] running install_data
[2.813s] creating /home/amir/camera_intel/install/urdf_to_dh/share/ament_index
[2.814s] creating /home/amir/camera_intel/install/urdf_to_dh/share/ament_index/resource_index
[2.814s] creating /home/amir/camera_intel/install/urdf_to_dh/share/ament_index/resource_index/packages
[2.814s] copying resource/urdf_to_dh -> /home/amir/camera_intel/install/urdf_to_dh/share/ament_index/resource_index/packages
[2.814s] copying package.xml -> /home/amir/camera_intel/install/urdf_to_dh/share/urdf_to_dh
[2.815s] creating /home/amir/camera_intel/install/urdf_to_dh/share/urdf_to_dh/launch
[2.815s] copying launch/viz_random_urdf.launch.py -> /home/amir/camera_intel/install/urdf_to_dh/share/urdf_to_dh/launch
[2.815s] copying launch/random_urdf.rviz -> /home/amir/camera_intel/install/urdf_to_dh/share/urdf_to_dh/launch
[2.816s] creating /home/amir/camera_intel/install/urdf_to_dh/share/urdf_to_dh/urdf
[2.816s] copying urdf/random.urdf -> /home/amir/camera_intel/install/urdf_to_dh/share/urdf_to_dh/urdf
[2.816s] running install_egg_info
[2.852s] Copying ../../../build/urdf_to_dh/urdf_to_dh.egg-info to /home/amir/camera_intel/install/urdf_to_dh/lib/python3.10/site-packages/urdf_to_dh-0.0.1-py3.10.egg-info
[2.854s] running install_scripts
[3.189s] Installing generate_dh script to /home/amir/camera_intel/install/urdf_to_dh/lib/urdf_to_dh
[3.190s] writing list of installed files to '/home/amir/camera_intel/build/urdf_to_dh/install.log'
[3.238s] Invoked command in '/home/amir/camera_intel/src/Dh/urdf_to_dh' returned '0': PYTHONPATH=/home/amir/camera_intel/build/urdf_to_dh/prefix_override:/usr/lib/python3/dist-packages/colcon_core/task/python/colcon_distutils_commands:/home/amir/camera_intel/install/urdf_to_dh/lib/python3.10/site-packages:${PYTHONPATH} /usr/bin/python3 -W ignore:setup.py install is deprecated setup.py egg_info --egg-base ../../../build/urdf_to_dh build --build-base /home/amir/camera_intel/build/urdf_to_dh/build install --record /home/amir/camera_intel/build/urdf_to_dh/install.log --install-scripts $base/lib/urdf_to_dh --single-version-externally-managed install_data
