[0.034s] Invoking command in '/home/amir/interbotix_ws/build/moveit_visual_tools': CMAKE_PREFIX_PATH=${CMAKE_PREFIX_PATH}:/home/amir/camera_intel/install/camera_intel:/home/amir/interbotix_ws/install/interbotix_xs_modules:/home/amir/interbotix_ws/install/interbotix_perception_modules:/home/amir/interbotix_ws/install/interbotix_common_modules:/opt/ros/humble /usr/bin/cmake /home/amir/interbotix_ws/src/moveit_visual_tools -DCMAKE_INSTALL_PREFIX=/home/amir/interbotix_ws/install/moveit_visual_tools
[0.070s] -- Found moveit_common: 2.5.5 (/opt/ros/humble/share/moveit_common/cmake)
[0.073s] -- Found ament_cmake: 1.3.10 (/opt/ros/humble/share/ament_cmake/cmake)
[0.444s] -- Override CMake install command with custom implementation using symlinks instead of copying resources
[0.646s] [0mmoveit_visual_tools: You did not request a specific build type: Choosing 'Release' for maximum performance[0m
[0.668s] -- Found Boost: /usr/lib/x86_64-linux-gnu/cmake/Boost-1.74.0/BoostConfig.cmake (found version "1.74.0") found components: system 
[0.675s] -- Found geometry_msgs: 4.2.4 (/opt/ros/humble/share/geometry_msgs/cmake)
[0.745s] -- Found rosidl_generator_c: 3.1.5 (/opt/ros/humble/share/rosidl_generator_c/cmake)
[0.752s] -- Found rosidl_adapter: 3.1.5 (/opt/ros/humble/share/rosidl_adapter/cmake)
[0.766s] -- Found rosidl_generator_cpp: 3.1.5 (/opt/ros/humble/share/rosidl_generator_cpp/cmake)
[0.795s] -- Using all available rosidl_typesupport_c: rosidl_typesupport_fastrtps_c;rosidl_typesupport_introspection_c
[0.835s] -- Using all available rosidl_typesupport_cpp: rosidl_typesupport_fastrtps_cpp;rosidl_typesupport_introspection_cpp
[0.947s] -- Found graph_msgs: 0.2.0 (/opt/ros/humble/share/graph_msgs/cmake)
[0.999s] -- Found moveit_core: 2.5.5 (/opt/ros/humble/share/moveit_core/cmake)
[1.042s] -- Found Boost: /usr/lib/x86_64-linux-gnu/cmake/Boost-1.74.0/BoostConfig.cmake (found version "1.74.0") found components: chrono date_time filesystem iostreams program_options regex serialization system thread 
[1.068s] -- Found parameter_traits: 0.3.8 (/opt/ros/humble/share/parameter_traits/cmake)
[1.146s] -- Found rmw_implementation_cmake: 6.1.2 (/opt/ros/humble/share/rmw_implementation_cmake/cmake)
[1.150s] -- Found rmw_fastrtps_cpp: 6.2.7 (/opt/ros/humble/share/rmw_fastrtps_cpp/cmake)
[1.435s] -- Using RMW implementation 'rmw_fastrtps_cpp' as default
[1.560s] -- Found rclcpp_lifecycle: 16.0.10 (/opt/ros/humble/share/rclcpp_lifecycle/cmake)
[1.621s] -- Found Boost: /usr/lib/x86_64-linux-gnu/cmake/Boost-1.74.0/BoostConfig.cmake (found version "1.74.0") found components: filesystem 
[1.720s] -- library: /usr/lib/x86_64-linux-gnu/libcurl.so
[1.905s] -- Ensuring Eigen3 include directory is part of orocos-kdl CMake target
[2.602s] -- Found moveit_ros_planning: 2.5.5 (/opt/ros/humble/share/moveit_ros_planning/cmake)
[2.617s] -- Found Boost: /usr/lib/x86_64-linux-gnu/cmake/Boost-1.74.0/BoostConfig.cmake (found version "1.74.0") found components: system filesystem date_time program_options thread chrono 
[2.696s] -- Found rviz_visual_tools: 4.1.4 (/opt/ros/humble/share/rviz_visual_tools/cmake)
[2.775s] -- Setting assimp_DIR to: '/opt/ros/humble/share/rviz_assimp_vendor/cmake/../../../opt/rviz_assimp_vendor/lib/cmake/assimp-4.1'
[2.799s] -- Setting OGRE_DIR to: '/opt/ros/humble/share/rviz_ogre_vendor/cmake/../../../opt/rviz_ogre_vendor/lib/OGRE/cmake'
[2.806s] -- Found OGRE
[2.806s] --   static     : OFF
[2.807s] --   components : HLMS;MeshLodGenerator;Overlay;Paging;Property;RTShaderSystem;Terrain;Volume
[2.807s] --   plugins    : Plugin_BSPSceneManager;Plugin_OctreeSceneManager;Plugin_PCZSceneManager;Plugin_ParticleFX;RenderSystem_GL;RenderSystem_GL3Plus;Codec_STBI
[2.807s] --   media      : /opt/ros/humble/opt/rviz_ogre_vendor/share/OGRE/Media
[2.808s] -- OGRE_LIBRARIES: OgreHLMS;OgreMeshLodGenerator;OgreOverlay;OgrePaging;OgreProperty;OgreRTShaderSystem;OgreTerrain;OgreVolume;OgreMain
[2.808s] -- OGRE_LIBRARY_DIRS: /opt/ros/humble/opt/rviz_ogre_vendor/lib
[2.809s] -- OGRE_PLUGINS: Plugin_BSPSceneManager;Plugin_OctreeSceneManager;Plugin_PCZSceneManager;Plugin_ParticleFX;RenderSystem_GL;RenderSystem_GL3Plus;Codec_STBI
[2.809s] -- OGRE_PLUGIN_DIR: /opt/ros/humble/opt/rviz_ogre_vendor/lib/OGRE
[2.810s] -- rviz_ogre_vendor::OgreOverlay for IMPORTED_LOCATION_RELEASE: /opt/ros/humble/opt/rviz_ogre_vendor/lib/libOgreOverlay.so
[2.810s] -- rviz_ogre_vendor::OgreOverlay for IMPORTED_LOCATION_DEBUG: /opt/ros/humble/opt/rviz_ogre_vendor/lib/libOgreOverlay.so
[2.811s] -- rviz_ogre_vendor::OgreMain for IMPORTED_LOCATION_RELEASE: /opt/ros/humble/opt/rviz_ogre_vendor/lib/libOgreMain.so
[2.811s] -- rviz_ogre_vendor::OgreMain for IMPORTED_LOCATION_DEBUG: /opt/ros/humble/opt/rviz_ogre_vendor/lib/libOgreMain.so
[3.291s] -- Found ament_lint_auto: 0.12.11 (/opt/ros/humble/share/ament_lint_auto/cmake)
[3.314s] -- Added test 'copyright' to check source files copyright and LICENSE
[3.319s] -- Added test 'flake8' to check Python code syntax and style conventions
[3.320s] -- Added test 'lint_cmake' to check CMake code style
[3.322s] -- Added test 'pep257' to check Python code against some of the docstring style conventions in PEP 257
[3.327s] -- Added test 'xmllint' to check XML markup files
[3.335s] -- Configuring done
[3.526s] -- Generating done
[3.535s] -- Build files have been written to: /home/amir/interbotix_ws/build/moveit_visual_tools
[3.568s] Invoked command in '/home/amir/interbotix_ws/build/moveit_visual_tools' returned '0': CMAKE_PREFIX_PATH=${CMAKE_PREFIX_PATH}:/home/amir/camera_intel/install/camera_intel:/home/amir/interbotix_ws/install/interbotix_xs_modules:/home/amir/interbotix_ws/install/interbotix_perception_modules:/home/amir/interbotix_ws/install/interbotix_common_modules:/opt/ros/humble /usr/bin/cmake /home/amir/interbotix_ws/src/moveit_visual_tools -DCMAKE_INSTALL_PREFIX=/home/amir/interbotix_ws/install/moveit_visual_tools
[3.575s] Invoking command in '/home/amir/interbotix_ws/build/moveit_visual_tools': CMAKE_PREFIX_PATH=${CMAKE_PREFIX_PATH}:/home/amir/camera_intel/install/camera_intel:/home/amir/interbotix_ws/install/interbotix_xs_modules:/home/amir/interbotix_ws/install/interbotix_perception_modules:/home/amir/interbotix_ws/install/interbotix_common_modules:/opt/ros/humble /usr/bin/cmake --build /home/amir/interbotix_ws/build/moveit_visual_tools -- -j4 -l4
[3.702s] [35m[1mConsolidate compiler generated dependencies of target moveit_visual_tools[0m
[3.834s] [ 66%] Built target moveit_visual_tools
[3.867s] [35m[1mConsolidate compiler generated dependencies of target moveit_visual_tools_demo[0m
[3.942s] [100%] Built target moveit_visual_tools_demo
[3.969s] Invoked command in '/home/amir/interbotix_ws/build/moveit_visual_tools' returned '0': CMAKE_PREFIX_PATH=${CMAKE_PREFIX_PATH}:/home/amir/camera_intel/install/camera_intel:/home/amir/interbotix_ws/install/interbotix_xs_modules:/home/amir/interbotix_ws/install/interbotix_perception_modules:/home/amir/interbotix_ws/install/interbotix_common_modules:/opt/ros/humble /usr/bin/cmake --build /home/amir/interbotix_ws/build/moveit_visual_tools -- -j4 -l4
[4.068s] Invoking command in '/home/amir/interbotix_ws/build/moveit_visual_tools': CMAKE_PREFIX_PATH=${CMAKE_PREFIX_PATH}:/home/amir/camera_intel/install/camera_intel:/home/amir/interbotix_ws/install/interbotix_xs_modules:/home/amir/interbotix_ws/install/interbotix_perception_modules:/home/amir/interbotix_ws/install/interbotix_common_modules:/opt/ros/humble /usr/bin/cmake --install /home/amir/interbotix_ws/build/moveit_visual_tools
[4.084s] -- Install configuration: "Release"
[4.085s] -- Execute custom install script
[4.087s] -- Up-to-date symlink: /home/amir/interbotix_ws/install/moveit_visual_tools/share/moveit_visual_tools/environment/library_path.sh
[4.088s] -- Up-to-date symlink: /home/amir/interbotix_ws/install/moveit_visual_tools/share/moveit_visual_tools/environment/library_path.dsv
[4.090s] -- Up-to-date symlink: /home/amir/interbotix_ws/install/moveit_visual_tools/lib/moveit_visual_tools/moveit_visual_tools_demo
[4.090s] -- Up-to-date symlink: /home/amir/interbotix_ws/install/moveit_visual_tools/include/moveit_visual_tools/imarker_end_effector.h
[4.091s] -- Up-to-date symlink: /home/amir/interbotix_ws/install/moveit_visual_tools/include/moveit_visual_tools/imarker_robot_state.h
[4.093s] -- Up-to-date symlink: /home/amir/interbotix_ws/install/moveit_visual_tools/include/moveit_visual_tools/moveit_visual_tools.h
[4.093s] -- Up-to-date symlink: /home/amir/interbotix_ws/install/moveit_visual_tools/share/moveit_visual_tools/launch/demo.rviz
[4.094s] -- Up-to-date symlink: /home/amir/interbotix_ws/install/moveit_visual_tools/share/moveit_visual_tools/launch/demo_rviz.launch.py
[4.095s] -- Up-to-date symlink: /home/amir/interbotix_ws/install/moveit_visual_tools/share/moveit_visual_tools/resources/demo.png
[4.096s] -- Up-to-date symlink: /home/amir/interbotix_ws/install/moveit_visual_tools/share/moveit_visual_tools/resources/demo_mesh.stl
[4.096s] -- Up-to-date symlink: /home/amir/interbotix_ws/install/moveit_visual_tools/share/moveit_visual_tools/resources/rrbot.srdf
[4.097s] -- Up-to-date symlink: /home/amir/interbotix_ws/install/moveit_visual_tools/share/moveit_visual_tools/resources/rrbot.urdf
[4.098s] -- Up-to-date symlink: /home/amir/interbotix_ws/install/moveit_visual_tools/share/moveit_visual_tools/resources/screenshot.png
[4.098s] -- Up-to-date symlink: /home/amir/interbotix_ws/install/moveit_visual_tools/share/ament_index/resource_index/package_run_dependencies/moveit_visual_tools
[4.100s] -- Up-to-date symlink: /home/amir/interbotix_ws/install/moveit_visual_tools/share/ament_index/resource_index/parent_prefix_path/moveit_visual_tools
[4.100s] -- Up-to-date symlink: /home/amir/interbotix_ws/install/moveit_visual_tools/share/moveit_visual_tools/environment/ament_prefix_path.sh
[4.101s] -- Up-to-date symlink: /home/amir/interbotix_ws/install/moveit_visual_tools/share/moveit_visual_tools/environment/ament_prefix_path.dsv
[4.102s] -- Up-to-date symlink: /home/amir/interbotix_ws/install/moveit_visual_tools/share/moveit_visual_tools/environment/path.sh
[4.103s] -- Up-to-date symlink: /home/amir/interbotix_ws/install/moveit_visual_tools/share/moveit_visual_tools/environment/path.dsv
[4.104s] -- Up-to-date symlink: /home/amir/interbotix_ws/install/moveit_visual_tools/share/moveit_visual_tools/local_setup.bash
[4.105s] -- Up-to-date symlink: /home/amir/interbotix_ws/install/moveit_visual_tools/share/moveit_visual_tools/local_setup.sh
[4.105s] -- Up-to-date symlink: /home/amir/interbotix_ws/install/moveit_visual_tools/share/moveit_visual_tools/local_setup.zsh
[4.106s] -- Up-to-date symlink: /home/amir/interbotix_ws/install/moveit_visual_tools/share/moveit_visual_tools/local_setup.dsv
[4.107s] -- Symlinking: /home/amir/interbotix_ws/install/moveit_visual_tools/share/moveit_visual_tools/package.dsv
[4.127s] -- Up-to-date symlink: /home/amir/interbotix_ws/install/moveit_visual_tools/share/ament_index/resource_index/packages/moveit_visual_tools
[4.128s] -- Up-to-date symlink: /home/amir/interbotix_ws/install/moveit_visual_tools/share/moveit_visual_tools/cmake/ament_cmake_export_targets-extras.cmake
[4.129s] -- Up-to-date symlink: /home/amir/interbotix_ws/install/moveit_visual_tools/share/moveit_visual_tools/cmake/ament_cmake_export_dependencies-extras.cmake
[4.130s] -- Up-to-date symlink: /home/amir/interbotix_ws/install/moveit_visual_tools/share/moveit_visual_tools/cmake/moveit_visual_toolsConfig.cmake
[4.131s] -- Up-to-date symlink: /home/amir/interbotix_ws/install/moveit_visual_tools/share/moveit_visual_tools/cmake/moveit_visual_toolsConfig-version.cmake
[4.131s] -- Up-to-date symlink: /home/amir/interbotix_ws/install/moveit_visual_tools/share/moveit_visual_tools/package.xml
[4.135s] -- Up-to-date: /home/amir/interbotix_ws/install/moveit_visual_tools/lib/libmoveit_visual_tools.so
[4.135s] -- Up-to-date: /home/amir/interbotix_ws/install/moveit_visual_tools/share/moveit_visual_tools/cmake/export_moveit_visual_toolsExport.cmake
[4.142s] -- Up-to-date: /home/amir/interbotix_ws/install/moveit_visual_tools/share/moveit_visual_tools/cmake/export_moveit_visual_toolsExport-release.cmake
[4.143s] Invoked command in '/home/amir/interbotix_ws/build/moveit_visual_tools' returned '0': CMAKE_PREFIX_PATH=${CMAKE_PREFIX_PATH}:/home/amir/camera_intel/install/camera_intel:/home/amir/interbotix_ws/install/interbotix_xs_modules:/home/amir/interbotix_ws/install/interbotix_perception_modules:/home/amir/interbotix_ws/install/interbotix_common_modules:/opt/ros/humble /usr/bin/cmake --install /home/amir/interbotix_ws/build/moveit_visual_tools
