[0.051s] Invoking command in '/home/amir/interbotix_ws/build/interbotix_xs_ros_control': CMAKE_PREFIX_PATH=/home/amir/interbotix_ws/install/interbotix_xs_msgs:/home/amir/interbotix_ws/install/interbotix_ros_xsarms_examples:/home/amir/interbotix_ws/install/interbotix_xsarm_moveit_interface:/home/amir/interbotix_ws/install/interbotix_moveit_interface:/home/amir/interbotix_ws/install/moveit_visual_tools:/home/amir/interbotix_ws/install/interbotix_ros_xsarms:/home/amir/interbotix_ws/install/interbotix_xsarm_moveit:/home/amir/interbotix_ws/install/interbotix_xsarm_sim:/home/amir/interbotix_ws/install/interbotix_xsarm_ros_control:/home/amir/interbotix_ws/install/interbotix_xsarm_puppet:/home/amir/interbotix_ws/install/interbotix_xsarm_perception:/home/amir/interbotix_ws/install/interbotix_xsarm_joy:/home/amir/interbotix_ws/install/interbotix_xsarm_gravity_compensation:/home/amir/interbotix_ws/install/interbotix_xsarm_dual:/home/amir/interbotix_ws/install/interbotix_xsarm_control:/home/amir/interbotix_ws/install/interbotix_xsarm_descriptions:/home/amir/interbotix_ws/install/interbotix_xs_toolbox:/home/amir/interbotix_ws/install/interbotix_xs_rviz:/home/amir/interbotix_ws/install/interbotix_ros_xseries:/home/amir/interbotix_ws/install/interbotix_xs_sdk:/home/amir/interbotix_ws/install/interbotix_xs_ros_control:/home/amir/interbotix_ws/install/interbotix_perception_toolbox:/home/amir/interbotix_ws/install/interbotix_perception_pipelines:/home/amir/interbotix_ws/install/interbotix_common_toolbox:/home/amir/interbotix_ws/install/interbotix_gravity_compensation:/home/amir/interbotix_ws/install/interbotix_xs_driver:/home/amir/interbotix_ws/install/interbotix_tf_tools:/home/amir/interbotix_ws/install/interbotix_perception_msgs:/home/amir/interbotix_ws/install/interbotix_moveit_interface_msgs:/home/amir/interbotix_ws/install/interbotix_common_sim:/home/amir/interbotix_ws/install/dynamixel_workbench_toolbox:/home/amir/apriltag_ws/install/apriltag_ros:/home/amir/interbotix_ws/install/my_interbotix_controller:/home/amir/interbotix_ws/install/interbotix_xs_modules:/home/amir/interbotix_ws/install/interbotix_perception_modules:/home/amir/interbotix_ws/install/interbotix_common_modules:/opt/ros/humble LD_LIBRARY_PATH=/home/amir/interbotix_ws/install/interbotix_xs_msgs/lib:/home/amir/interbotix_ws/install/moveit_visual_tools/lib:/home/amir/interbotix_ws/install/interbotix_xs_rviz/lib:/home/amir/interbotix_ws/install/interbotix_xs_ros_control/lib:/home/amir/interbotix_ws/install/interbotix_xs_driver/lib:/home/amir/interbotix_ws/install/interbotix_tf_tools/lib:/home/amir/interbotix_ws/install/interbotix_perception_msgs/lib:/home/amir/interbotix_ws/install/interbotix_moveit_interface_msgs/lib:/home/amir/interbotix_ws/install/dynamixel_workbench_toolbox/lib:/home/amir/apriltag_ws/install/apriltag_ros/lib:/opt/ros/humble/opt/rviz_ogre_vendor/lib:/opt/ros/humble/lib/x86_64-linux-gnu:/opt/ros/humble/lib PS1=\[\e]0;\u@\h: \w\a\]${debian_chroot:+($debian_chroot)}\[\033[01;32m\]\u@\h\[\033[00m\]:\[\033[01;34m\]\w\[\033[00m\]\$ /usr/bin/cmake /home/amir/interbotix_ws/src/interbotix_ros_toolboxes/interbotix_xs_toolbox/interbotix_xs_ros_control -DAMENT_CMAKE_SYMLINK_INSTALL=1 -DCMAKE_INSTALL_PREFIX=/home/amir/interbotix_ws/install/interbotix_xs_ros_control
[0.217s] -- The C compiler identification is GNU 11.4.0
[0.374s] -- The CXX compiler identification is GNU 11.4.0
[0.392s] -- Detecting C compiler ABI info
[0.573s] -- Detecting C compiler ABI info - done
[0.599s] -- Check for working C compiler: /usr/bin/cc - skipped
[0.599s] -- Detecting C compile features
[0.599s] -- Detecting C compile features - done
[0.608s] -- Detecting CXX compiler ABI info
[0.836s] -- Detecting CXX compiler ABI info - done
[0.871s] -- Check for working CXX compiler: /usr/bin/c++ - skipped
[0.872s] -- Detecting CXX compile features
[0.874s] -- Detecting CXX compile features - done
[0.883s] -- Found ament_cmake: 1.3.10 (/opt/ros/humble/share/ament_cmake/cmake)
[1.959s] -- Found Python3: /usr/bin/python3 (found version "3.10.12") found components: Interpreter 
[2.195s] -- Override CMake install command with custom implementation using symlinks instead of copying resources
[2.318s] -- Found hardware_interface: 2.43.1 (/opt/ros/humble/share/hardware_interface/cmake)
[2.457s] -- Found rosidl_generator_c: 3.1.5 (/opt/ros/humble/share/rosidl_generator_c/cmake)
[2.473s] -- Found rosidl_adapter: 3.1.5 (/opt/ros/humble/share/rosidl_adapter/cmake)
[2.499s] -- Found rosidl_generator_cpp: 3.1.5 (/opt/ros/humble/share/rosidl_generator_cpp/cmake)
[2.545s] -- Using all available rosidl_typesupport_c: rosidl_typesupport_fastrtps_c;rosidl_typesupport_introspection_c
[2.602s] -- Using all available rosidl_typesupport_cpp: rosidl_typesupport_fastrtps_cpp;rosidl_typesupport_introspection_cpp
[3.350s] -- Found rmw_implementation_cmake: 6.1.2 (/opt/ros/humble/share/rmw_implementation_cmake/cmake)
[3.365s] -- Found rmw_fastrtps_cpp: 6.2.7 (/opt/ros/humble/share/rmw_fastrtps_cpp/cmake)
[3.452s] -- Found TinyXML2 via Config file: TinyXML2_DIR-NOTFOUND
[3.609s] -- Found OpenSSL: /usr/lib/x86_64-linux-gnu/libcrypto.so (found version "3.0.2")  
[3.619s] -- Found TinyXML2 via Config file: TinyXML2_DIR-NOTFOUND
[3.664s] -- Found FastRTPS: /opt/ros/humble/include  
[3.675s] -- Found TinyXML2 via Config file: TinyXML2_DIR-NOTFOUND
[3.699s] -- Found TinyXML2 via Config file: TinyXML2_DIR-NOTFOUND
[3.738s] -- Using RMW implementation 'rmw_fastrtps_cpp' as default
[3.766s] -- Looking for pthread.h
[3.941s] -- Looking for pthread.h - found
[3.942s] -- Performing Test CMAKE_HAVE_LIBC_PTHREAD
[4.124s] -- Performing Test CMAKE_HAVE_LIBC_PTHREAD - Success
[4.127s] -- Found Threads: TRUE  
[4.291s] -- Found interbotix_xs_msgs: 0.0.0 (/home/amir/interbotix_ws/install/interbotix_xs_msgs/share/interbotix_xs_msgs/cmake)
[4.426s] -- Found ament_lint_auto: 0.12.11 (/opt/ros/humble/share/ament_lint_auto/cmake)
[4.776s] -- Found ros2_control_test_assets: 2.43.1 (/opt/ros/humble/share/ros2_control_test_assets/cmake)
[4.798s] -- Found gmock sources under '/opt/ros/humble/src/gmock_vendor': C++ tests using 'Google Mock' will be built
[4.831s] -- Found ament_cmake_gtest: 1.3.10 (/opt/ros/humble/share/ament_cmake_gtest/cmake)
[4.835s] -- Found gtest sources under '/opt/ros/humble/src/gtest_vendor': C++ tests using 'Google Test' will be built
[4.919s] -- Added test 'copyright' to check source files copyright and LICENSE
[4.925s] -- Added test 'cppcheck' to perform static code analysis on C / C++ code
[4.927s] -- Configured cppcheck include dirs: $<BUILD_INTERFACE:/home/amir/interbotix_ws/src/interbotix_ros_toolboxes/interbotix_xs_toolbox/interbotix_xs_ros_control/include>;/home/amir/interbotix_ws/src/interbotix_ros_toolboxes/interbotix_xs_toolbox/interbotix_xs_ros_control/include
[4.927s] -- Configured cppcheck exclude dirs and/or files: 
[4.934s] -- Added test 'cpplint' to check C / C++ code against the Google style
[4.934s] -- Configured cpplint exclude dirs and/or files: 
[4.936s] -- Added test 'lint_cmake' to check CMake code style
[4.942s] -- Added test 'uncrustify' to check C / C++ code style
[4.942s] -- Configured uncrustify additional arguments: 
[4.951s] -- Added test 'xmllint' to check XML markup files
[4.977s] -- Configuring done
[5.233s] -- Generating done
[5.237s] -- Build files have been written to: /home/amir/interbotix_ws/build/interbotix_xs_ros_control
[5.281s] Invoked command in '/home/amir/interbotix_ws/build/interbotix_xs_ros_control' returned '0': CMAKE_PREFIX_PATH=/home/amir/interbotix_ws/install/interbotix_xs_msgs:/home/amir/interbotix_ws/install/interbotix_ros_xsarms_examples:/home/amir/interbotix_ws/install/interbotix_xsarm_moveit_interface:/home/amir/interbotix_ws/install/interbotix_moveit_interface:/home/amir/interbotix_ws/install/moveit_visual_tools:/home/amir/interbotix_ws/install/interbotix_ros_xsarms:/home/amir/interbotix_ws/install/interbotix_xsarm_moveit:/home/amir/interbotix_ws/install/interbotix_xsarm_sim:/home/amir/interbotix_ws/install/interbotix_xsarm_ros_control:/home/amir/interbotix_ws/install/interbotix_xsarm_puppet:/home/amir/interbotix_ws/install/interbotix_xsarm_perception:/home/amir/interbotix_ws/install/interbotix_xsarm_joy:/home/amir/interbotix_ws/install/interbotix_xsarm_gravity_compensation:/home/amir/interbotix_ws/install/interbotix_xsarm_dual:/home/amir/interbotix_ws/install/interbotix_xsarm_control:/home/amir/interbotix_ws/install/interbotix_xsarm_descriptions:/home/amir/interbotix_ws/install/interbotix_xs_toolbox:/home/amir/interbotix_ws/install/interbotix_xs_rviz:/home/amir/interbotix_ws/install/interbotix_ros_xseries:/home/amir/interbotix_ws/install/interbotix_xs_sdk:/home/amir/interbotix_ws/install/interbotix_xs_ros_control:/home/amir/interbotix_ws/install/interbotix_perception_toolbox:/home/amir/interbotix_ws/install/interbotix_perception_pipelines:/home/amir/interbotix_ws/install/interbotix_common_toolbox:/home/amir/interbotix_ws/install/interbotix_gravity_compensation:/home/amir/interbotix_ws/install/interbotix_xs_driver:/home/amir/interbotix_ws/install/interbotix_tf_tools:/home/amir/interbotix_ws/install/interbotix_perception_msgs:/home/amir/interbotix_ws/install/interbotix_moveit_interface_msgs:/home/amir/interbotix_ws/install/interbotix_common_sim:/home/amir/interbotix_ws/install/dynamixel_workbench_toolbox:/home/amir/apriltag_ws/install/apriltag_ros:/home/amir/interbotix_ws/install/my_interbotix_controller:/home/amir/interbotix_ws/install/interbotix_xs_modules:/home/amir/interbotix_ws/install/interbotix_perception_modules:/home/amir/interbotix_ws/install/interbotix_common_modules:/opt/ros/humble LD_LIBRARY_PATH=/home/amir/interbotix_ws/install/interbotix_xs_msgs/lib:/home/amir/interbotix_ws/install/moveit_visual_tools/lib:/home/amir/interbotix_ws/install/interbotix_xs_rviz/lib:/home/amir/interbotix_ws/install/interbotix_xs_ros_control/lib:/home/amir/interbotix_ws/install/interbotix_xs_driver/lib:/home/amir/interbotix_ws/install/interbotix_tf_tools/lib:/home/amir/interbotix_ws/install/interbotix_perception_msgs/lib:/home/amir/interbotix_ws/install/interbotix_moveit_interface_msgs/lib:/home/amir/interbotix_ws/install/dynamixel_workbench_toolbox/lib:/home/amir/apriltag_ws/install/apriltag_ros/lib:/opt/ros/humble/opt/rviz_ogre_vendor/lib:/opt/ros/humble/lib/x86_64-linux-gnu:/opt/ros/humble/lib PS1=\[\e]0;\u@\h: \w\a\]${debian_chroot:+($debian_chroot)}\[\033[01;32m\]\u@\h\[\033[00m\]:\[\033[01;34m\]\w\[\033[00m\]\$ /usr/bin/cmake /home/amir/interbotix_ws/src/interbotix_ros_toolboxes/interbotix_xs_toolbox/interbotix_xs_ros_control -DAMENT_CMAKE_SYMLINK_INSTALL=1 -DCMAKE_INSTALL_PREFIX=/home/amir/interbotix_ws/install/interbotix_xs_ros_control
[5.282s] Invoking command in '/home/amir/interbotix_ws/build/interbotix_xs_ros_control': CMAKE_PREFIX_PATH=/home/amir/interbotix_ws/install/interbotix_xs_msgs:/home/amir/interbotix_ws/install/interbotix_ros_xsarms_examples:/home/amir/interbotix_ws/install/interbotix_xsarm_moveit_interface:/home/amir/interbotix_ws/install/interbotix_moveit_interface:/home/amir/interbotix_ws/install/moveit_visual_tools:/home/amir/interbotix_ws/install/interbotix_ros_xsarms:/home/amir/interbotix_ws/install/interbotix_xsarm_moveit:/home/amir/interbotix_ws/install/interbotix_xsarm_sim:/home/amir/interbotix_ws/install/interbotix_xsarm_ros_control:/home/amir/interbotix_ws/install/interbotix_xsarm_puppet:/home/amir/interbotix_ws/install/interbotix_xsarm_perception:/home/amir/interbotix_ws/install/interbotix_xsarm_joy:/home/amir/interbotix_ws/install/interbotix_xsarm_gravity_compensation:/home/amir/interbotix_ws/install/interbotix_xsarm_dual:/home/amir/interbotix_ws/install/interbotix_xsarm_control:/home/amir/interbotix_ws/install/interbotix_xsarm_descriptions:/home/amir/interbotix_ws/install/interbotix_xs_toolbox:/home/amir/interbotix_ws/install/interbotix_xs_rviz:/home/amir/interbotix_ws/install/interbotix_ros_xseries:/home/amir/interbotix_ws/install/interbotix_xs_sdk:/home/amir/interbotix_ws/install/interbotix_xs_ros_control:/home/amir/interbotix_ws/install/interbotix_perception_toolbox:/home/amir/interbotix_ws/install/interbotix_perception_pipelines:/home/amir/interbotix_ws/install/interbotix_common_toolbox:/home/amir/interbotix_ws/install/interbotix_gravity_compensation:/home/amir/interbotix_ws/install/interbotix_xs_driver:/home/amir/interbotix_ws/install/interbotix_tf_tools:/home/amir/interbotix_ws/install/interbotix_perception_msgs:/home/amir/interbotix_ws/install/interbotix_moveit_interface_msgs:/home/amir/interbotix_ws/install/interbotix_common_sim:/home/amir/interbotix_ws/install/dynamixel_workbench_toolbox:/home/amir/apriltag_ws/install/apriltag_ros:/home/amir/interbotix_ws/install/my_interbotix_controller:/home/amir/interbotix_ws/install/interbotix_xs_modules:/home/amir/interbotix_ws/install/interbotix_perception_modules:/home/amir/interbotix_ws/install/interbotix_common_modules:/opt/ros/humble LD_LIBRARY_PATH=/home/amir/interbotix_ws/install/interbotix_xs_msgs/lib:/home/amir/interbotix_ws/install/moveit_visual_tools/lib:/home/amir/interbotix_ws/install/interbotix_xs_rviz/lib:/home/amir/interbotix_ws/install/interbotix_xs_ros_control/lib:/home/amir/interbotix_ws/install/interbotix_xs_driver/lib:/home/amir/interbotix_ws/install/interbotix_tf_tools/lib:/home/amir/interbotix_ws/install/interbotix_perception_msgs/lib:/home/amir/interbotix_ws/install/interbotix_moveit_interface_msgs/lib:/home/amir/interbotix_ws/install/dynamixel_workbench_toolbox/lib:/home/amir/apriltag_ws/install/apriltag_ros/lib:/opt/ros/humble/opt/rviz_ogre_vendor/lib:/opt/ros/humble/lib/x86_64-linux-gnu:/opt/ros/humble/lib PS1=\[\e]0;\u@\h: \w\a\]${debian_chroot:+($debian_chroot)}\[\033[01;32m\]\u@\h\[\033[00m\]:\[\033[01;34m\]\w\[\033[00m\]\$ /usr/bin/cmake --build /home/amir/interbotix_ws/build/interbotix_xs_ros_control -- -j4 -l4
[5.504s] [ 11%] [32mBuilding CXX object CMakeFiles/interbotix_xs_ros_control.dir/src/xs_hardware_interface.cpp.o[0m
[5.518s] [ 22%] [32mBuilding CXX object gmock/CMakeFiles/gmock_main.dir/src/gmock_main.cc.o[0m
[9.138s] [ 33%] [32m[1mLinking CXX static library libgmock_main.a[0m
[9.361s] [ 33%] Built target gmock_main
[9.450s] [ 44%] [32mBuilding CXX object gmock/CMakeFiles/gmock.dir/opt/ros/humble/src/gtest_vendor/src/gtest-all.cc.o[0m
[9.457s] [ 55%] [32mBuilding CXX object gmock/CMakeFiles/gmock.dir/src/gmock-all.cc.o[0m
[19.699s] [ 66%] [32m[1mLinking CXX static library libgmock.a[0m
[20.147s] [ 66%] Built target gmock
[33.721s] [ 77%] [32m[1mLinking CXX shared library libinterbotix_xs_ros_control.so[0m
[35.758s] [ 77%] Built target interbotix_xs_ros_control
[35.826s] [ 88%] [32mBuilding CXX object CMakeFiles/test_load_xs_hardware_interface.dir/test/test_load_xs_hardware_interface.cpp.o[0m
[46.970s] [100%] [32m[1mLinking CXX executable test_load_xs_hardware_interface[0m
[47.741s] [100%] Built target test_load_xs_hardware_interface
[47.772s] Invoked command in '/home/amir/interbotix_ws/build/interbotix_xs_ros_control' returned '0': CMAKE_PREFIX_PATH=/home/amir/interbotix_ws/install/interbotix_xs_msgs:/home/amir/interbotix_ws/install/interbotix_ros_xsarms_examples:/home/amir/interbotix_ws/install/interbotix_xsarm_moveit_interface:/home/amir/interbotix_ws/install/interbotix_moveit_interface:/home/amir/interbotix_ws/install/moveit_visual_tools:/home/amir/interbotix_ws/install/interbotix_ros_xsarms:/home/amir/interbotix_ws/install/interbotix_xsarm_moveit:/home/amir/interbotix_ws/install/interbotix_xsarm_sim:/home/amir/interbotix_ws/install/interbotix_xsarm_ros_control:/home/amir/interbotix_ws/install/interbotix_xsarm_puppet:/home/amir/interbotix_ws/install/interbotix_xsarm_perception:/home/amir/interbotix_ws/install/interbotix_xsarm_joy:/home/amir/interbotix_ws/install/interbotix_xsarm_gravity_compensation:/home/amir/interbotix_ws/install/interbotix_xsarm_dual:/home/amir/interbotix_ws/install/interbotix_xsarm_control:/home/amir/interbotix_ws/install/interbotix_xsarm_descriptions:/home/amir/interbotix_ws/install/interbotix_xs_toolbox:/home/amir/interbotix_ws/install/interbotix_xs_rviz:/home/amir/interbotix_ws/install/interbotix_ros_xseries:/home/amir/interbotix_ws/install/interbotix_xs_sdk:/home/amir/interbotix_ws/install/interbotix_xs_ros_control:/home/amir/interbotix_ws/install/interbotix_perception_toolbox:/home/amir/interbotix_ws/install/interbotix_perception_pipelines:/home/amir/interbotix_ws/install/interbotix_common_toolbox:/home/amir/interbotix_ws/install/interbotix_gravity_compensation:/home/amir/interbotix_ws/install/interbotix_xs_driver:/home/amir/interbotix_ws/install/interbotix_tf_tools:/home/amir/interbotix_ws/install/interbotix_perception_msgs:/home/amir/interbotix_ws/install/interbotix_moveit_interface_msgs:/home/amir/interbotix_ws/install/interbotix_common_sim:/home/amir/interbotix_ws/install/dynamixel_workbench_toolbox:/home/amir/apriltag_ws/install/apriltag_ros:/home/amir/interbotix_ws/install/my_interbotix_controller:/home/amir/interbotix_ws/install/interbotix_xs_modules:/home/amir/interbotix_ws/install/interbotix_perception_modules:/home/amir/interbotix_ws/install/interbotix_common_modules:/opt/ros/humble LD_LIBRARY_PATH=/home/amir/interbotix_ws/install/interbotix_xs_msgs/lib:/home/amir/interbotix_ws/install/moveit_visual_tools/lib:/home/amir/interbotix_ws/install/interbotix_xs_rviz/lib:/home/amir/interbotix_ws/install/interbotix_xs_ros_control/lib:/home/amir/interbotix_ws/install/interbotix_xs_driver/lib:/home/amir/interbotix_ws/install/interbotix_tf_tools/lib:/home/amir/interbotix_ws/install/interbotix_perception_msgs/lib:/home/amir/interbotix_ws/install/interbotix_moveit_interface_msgs/lib:/home/amir/interbotix_ws/install/dynamixel_workbench_toolbox/lib:/home/amir/apriltag_ws/install/apriltag_ros/lib:/opt/ros/humble/opt/rviz_ogre_vendor/lib:/opt/ros/humble/lib/x86_64-linux-gnu:/opt/ros/humble/lib PS1=\[\e]0;\u@\h: \w\a\]${debian_chroot:+($debian_chroot)}\[\033[01;32m\]\u@\h\[\033[00m\]:\[\033[01;34m\]\w\[\033[00m\]\$ /usr/bin/cmake --build /home/amir/interbotix_ws/build/interbotix_xs_ros_control -- -j4 -l4
[47.867s] Invoking command in '/home/amir/interbotix_ws/build/interbotix_xs_ros_control': CMAKE_PREFIX_PATH=/home/amir/interbotix_ws/install/interbotix_xs_msgs:/home/amir/interbotix_ws/install/interbotix_ros_xsarms_examples:/home/amir/interbotix_ws/install/interbotix_xsarm_moveit_interface:/home/amir/interbotix_ws/install/interbotix_moveit_interface:/home/amir/interbotix_ws/install/moveit_visual_tools:/home/amir/interbotix_ws/install/interbotix_ros_xsarms:/home/amir/interbotix_ws/install/interbotix_xsarm_moveit:/home/amir/interbotix_ws/install/interbotix_xsarm_sim:/home/amir/interbotix_ws/install/interbotix_xsarm_ros_control:/home/amir/interbotix_ws/install/interbotix_xsarm_puppet:/home/amir/interbotix_ws/install/interbotix_xsarm_perception:/home/amir/interbotix_ws/install/interbotix_xsarm_joy:/home/amir/interbotix_ws/install/interbotix_xsarm_gravity_compensation:/home/amir/interbotix_ws/install/interbotix_xsarm_dual:/home/amir/interbotix_ws/install/interbotix_xsarm_control:/home/amir/interbotix_ws/install/interbotix_xsarm_descriptions:/home/amir/interbotix_ws/install/interbotix_xs_toolbox:/home/amir/interbotix_ws/install/interbotix_xs_rviz:/home/amir/interbotix_ws/install/interbotix_ros_xseries:/home/amir/interbotix_ws/install/interbotix_xs_sdk:/home/amir/interbotix_ws/install/interbotix_xs_ros_control:/home/amir/interbotix_ws/install/interbotix_perception_toolbox:/home/amir/interbotix_ws/install/interbotix_perception_pipelines:/home/amir/interbotix_ws/install/interbotix_common_toolbox:/home/amir/interbotix_ws/install/interbotix_gravity_compensation:/home/amir/interbotix_ws/install/interbotix_xs_driver:/home/amir/interbotix_ws/install/interbotix_tf_tools:/home/amir/interbotix_ws/install/interbotix_perception_msgs:/home/amir/interbotix_ws/install/interbotix_moveit_interface_msgs:/home/amir/interbotix_ws/install/interbotix_common_sim:/home/amir/interbotix_ws/install/dynamixel_workbench_toolbox:/home/amir/apriltag_ws/install/apriltag_ros:/home/amir/interbotix_ws/install/my_interbotix_controller:/home/amir/interbotix_ws/install/interbotix_xs_modules:/home/amir/interbotix_ws/install/interbotix_perception_modules:/home/amir/interbotix_ws/install/interbotix_common_modules:/opt/ros/humble LD_LIBRARY_PATH=/home/amir/interbotix_ws/install/interbotix_xs_msgs/lib:/home/amir/interbotix_ws/install/moveit_visual_tools/lib:/home/amir/interbotix_ws/install/interbotix_xs_rviz/lib:/home/amir/interbotix_ws/install/interbotix_xs_ros_control/lib:/home/amir/interbotix_ws/install/interbotix_xs_driver/lib:/home/amir/interbotix_ws/install/interbotix_tf_tools/lib:/home/amir/interbotix_ws/install/interbotix_perception_msgs/lib:/home/amir/interbotix_ws/install/interbotix_moveit_interface_msgs/lib:/home/amir/interbotix_ws/install/dynamixel_workbench_toolbox/lib:/home/amir/apriltag_ws/install/apriltag_ros/lib:/opt/ros/humble/opt/rviz_ogre_vendor/lib:/opt/ros/humble/lib/x86_64-linux-gnu:/opt/ros/humble/lib PS1=\[\e]0;\u@\h: \w\a\]${debian_chroot:+($debian_chroot)}\[\033[01;32m\]\u@\h\[\033[00m\]:\[\033[01;34m\]\w\[\033[00m\]\$ /usr/bin/cmake --install /home/amir/interbotix_ws/build/interbotix_xs_ros_control
[47.891s] -- Install configuration: ""
[47.893s] -- Execute custom install script
[47.895s] -- Symlinking: /home/amir/interbotix_ws/install/interbotix_xs_ros_control/share/interbotix_xs_ros_control//interbotix_xs_ros_control.xml
[47.923s] -- Symlinking: /home/amir/interbotix_ws/install/interbotix_xs_ros_control/include/interbotix_xs_ros_control/xs_hardware_interface.hpp
[47.951s] -- Symlinking: /home/amir/interbotix_ws/install/interbotix_xs_ros_control/share/interbotix_xs_ros_control/environment/library_path.sh
[47.976s] -- Symlinking: /home/amir/interbotix_ws/install/interbotix_xs_ros_control/share/interbotix_xs_ros_control/environment/library_path.dsv
[48.007s] -- Symlinking: /home/amir/interbotix_ws/install/interbotix_xs_ros_control/share/ament_index/resource_index/package_run_dependencies/interbotix_xs_ros_control
[48.054s] -- Symlinking: /home/amir/interbotix_ws/install/interbotix_xs_ros_control/share/ament_index/resource_index/parent_prefix_path/interbotix_xs_ros_control
[48.081s] -- Symlinking: /home/amir/interbotix_ws/install/interbotix_xs_ros_control/share/interbotix_xs_ros_control/environment/ament_prefix_path.sh
[48.100s] -- Symlinking: /home/amir/interbotix_ws/install/interbotix_xs_ros_control/share/interbotix_xs_ros_control/environment/ament_prefix_path.dsv
[48.124s] -- Symlinking: /home/amir/interbotix_ws/install/interbotix_xs_ros_control/share/interbotix_xs_ros_control/environment/path.sh
[48.144s] -- Symlinking: /home/amir/interbotix_ws/install/interbotix_xs_ros_control/share/interbotix_xs_ros_control/environment/path.dsv
[48.165s] -- Symlinking: /home/amir/interbotix_ws/install/interbotix_xs_ros_control/share/interbotix_xs_ros_control/local_setup.bash
[48.185s] -- Symlinking: /home/amir/interbotix_ws/install/interbotix_xs_ros_control/share/interbotix_xs_ros_control/local_setup.sh
[48.206s] -- Symlinking: /home/amir/interbotix_ws/install/interbotix_xs_ros_control/share/interbotix_xs_ros_control/local_setup.zsh
[48.227s] -- Symlinking: /home/amir/interbotix_ws/install/interbotix_xs_ros_control/share/interbotix_xs_ros_control/local_setup.dsv
[48.249s] -- Symlinking: /home/amir/interbotix_ws/install/interbotix_xs_ros_control/share/interbotix_xs_ros_control/package.dsv
[48.272s] -- Symlinking: /home/amir/interbotix_ws/install/interbotix_xs_ros_control/share/ament_index/resource_index/packages/interbotix_xs_ros_control
[48.294s] -- Symlinking: /home/amir/interbotix_ws/install/interbotix_xs_ros_control/share/ament_index/resource_index/hardware_interface__pluginlib__plugin/interbotix_xs_ros_control
[48.319s] -- Symlinking: /home/amir/interbotix_ws/install/interbotix_xs_ros_control/share/interbotix_xs_ros_control/cmake/ament_cmake_export_include_directories-extras.cmake
[48.341s] -- Symlinking: /home/amir/interbotix_ws/install/interbotix_xs_ros_control/share/interbotix_xs_ros_control/cmake/ament_cmake_export_libraries-extras.cmake
[48.365s] -- Symlinking: /home/amir/interbotix_ws/install/interbotix_xs_ros_control/share/interbotix_xs_ros_control/cmake/ament_cmake_export_targets-extras.cmake
[48.387s] -- Symlinking: /home/amir/interbotix_ws/install/interbotix_xs_ros_control/share/interbotix_xs_ros_control/cmake/ament_cmake_export_dependencies-extras.cmake
[48.410s] -- Symlinking: /home/amir/interbotix_ws/install/interbotix_xs_ros_control/share/interbotix_xs_ros_control/cmake/interbotix_xs_ros_controlConfig.cmake
[48.431s] -- Symlinking: /home/amir/interbotix_ws/install/interbotix_xs_ros_control/share/interbotix_xs_ros_control/cmake/interbotix_xs_ros_controlConfig-version.cmake
[48.454s] -- Symlinking: /home/amir/interbotix_ws/install/interbotix_xs_ros_control/share/interbotix_xs_ros_control/package.xml
[48.477s] -- Installing: /home/amir/interbotix_ws/install/interbotix_xs_ros_control/lib/libinterbotix_xs_ros_control.so
[48.491s] -- Set runtime path of "/home/amir/interbotix_ws/install/interbotix_xs_ros_control/lib/libinterbotix_xs_ros_control.so" to ""
[48.492s] -- Installing: /home/amir/interbotix_ws/install/interbotix_xs_ros_control/share/interbotix_xs_ros_control/cmake/export_interbotix_xs_ros_controlExport.cmake
[48.493s] -- Installing: /home/amir/interbotix_ws/install/interbotix_xs_ros_control/share/interbotix_xs_ros_control/cmake/export_interbotix_xs_ros_controlExport-noconfig.cmake
[48.499s] Invoked command in '/home/amir/interbotix_ws/build/interbotix_xs_ros_control' returned '0': CMAKE_PREFIX_PATH=/home/amir/interbotix_ws/install/interbotix_xs_msgs:/home/amir/interbotix_ws/install/interbotix_ros_xsarms_examples:/home/amir/interbotix_ws/install/interbotix_xsarm_moveit_interface:/home/amir/interbotix_ws/install/interbotix_moveit_interface:/home/amir/interbotix_ws/install/moveit_visual_tools:/home/amir/interbotix_ws/install/interbotix_ros_xsarms:/home/amir/interbotix_ws/install/interbotix_xsarm_moveit:/home/amir/interbotix_ws/install/interbotix_xsarm_sim:/home/amir/interbotix_ws/install/interbotix_xsarm_ros_control:/home/amir/interbotix_ws/install/interbotix_xsarm_puppet:/home/amir/interbotix_ws/install/interbotix_xsarm_perception:/home/amir/interbotix_ws/install/interbotix_xsarm_joy:/home/amir/interbotix_ws/install/interbotix_xsarm_gravity_compensation:/home/amir/interbotix_ws/install/interbotix_xsarm_dual:/home/amir/interbotix_ws/install/interbotix_xsarm_control:/home/amir/interbotix_ws/install/interbotix_xsarm_descriptions:/home/amir/interbotix_ws/install/interbotix_xs_toolbox:/home/amir/interbotix_ws/install/interbotix_xs_rviz:/home/amir/interbotix_ws/install/interbotix_ros_xseries:/home/amir/interbotix_ws/install/interbotix_xs_sdk:/home/amir/interbotix_ws/install/interbotix_xs_ros_control:/home/amir/interbotix_ws/install/interbotix_perception_toolbox:/home/amir/interbotix_ws/install/interbotix_perception_pipelines:/home/amir/interbotix_ws/install/interbotix_common_toolbox:/home/amir/interbotix_ws/install/interbotix_gravity_compensation:/home/amir/interbotix_ws/install/interbotix_xs_driver:/home/amir/interbotix_ws/install/interbotix_tf_tools:/home/amir/interbotix_ws/install/interbotix_perception_msgs:/home/amir/interbotix_ws/install/interbotix_moveit_interface_msgs:/home/amir/interbotix_ws/install/interbotix_common_sim:/home/amir/interbotix_ws/install/dynamixel_workbench_toolbox:/home/amir/apriltag_ws/install/apriltag_ros:/home/amir/interbotix_ws/install/my_interbotix_controller:/home/amir/interbotix_ws/install/interbotix_xs_modules:/home/amir/interbotix_ws/install/interbotix_perception_modules:/home/amir/interbotix_ws/install/interbotix_common_modules:/opt/ros/humble LD_LIBRARY_PATH=/home/amir/interbotix_ws/install/interbotix_xs_msgs/lib:/home/amir/interbotix_ws/install/moveit_visual_tools/lib:/home/amir/interbotix_ws/install/interbotix_xs_rviz/lib:/home/amir/interbotix_ws/install/interbotix_xs_ros_control/lib:/home/amir/interbotix_ws/install/interbotix_xs_driver/lib:/home/amir/interbotix_ws/install/interbotix_tf_tools/lib:/home/amir/interbotix_ws/install/interbotix_perception_msgs/lib:/home/amir/interbotix_ws/install/interbotix_moveit_interface_msgs/lib:/home/amir/interbotix_ws/install/dynamixel_workbench_toolbox/lib:/home/amir/apriltag_ws/install/apriltag_ros/lib:/opt/ros/humble/opt/rviz_ogre_vendor/lib:/opt/ros/humble/lib/x86_64-linux-gnu:/opt/ros/humble/lib PS1=\[\e]0;\u@\h: \w\a\]${debian_chroot:+($debian_chroot)}\[\033[01;32m\]\u@\h\[\033[00m\]:\[\033[01;34m\]\w\[\033[00m\]\$ /usr/bin/cmake --install /home/amir/interbotix_ws/build/interbotix_xs_ros_control
