[0.046s] Invoking command in '/home/amir/interbotix_ws/build/moveit_visual_tools': CMAKE_PREFIX_PATH=${CMAKE_PREFIX_PATH}:/home/amir/camera_intel/install/camera_intel:/home/amir/interbotix_ws/install/interbotix_xs_modules:/home/amir/interbotix_ws/install/interbotix_perception_modules:/home/amir/interbotix_ws/install/interbotix_common_modules:/opt/ros/humble /usr/bin/cmake --build /home/amir/interbotix_ws/build/moveit_visual_tools -- -j4 -l4
[0.281s] [ 66%] Built target moveit_visual_tools
[0.378s] [100%] Built target moveit_visual_tools_demo
[0.762s] Invoked command in '/home/amir/interbotix_ws/build/moveit_visual_tools' returned '0': CMAKE_PREFIX_PATH=${CMAKE_PREFIX_PATH}:/home/amir/camera_intel/install/camera_intel:/home/amir/interbotix_ws/install/interbotix_xs_modules:/home/amir/interbotix_ws/install/interbotix_perception_modules:/home/amir/interbotix_ws/install/interbotix_common_modules:/opt/ros/humble /usr/bin/cmake --build /home/amir/interbotix_ws/build/moveit_visual_tools -- -j4 -l4
[0.868s] Invoking command in '/home/amir/interbotix_ws/build/moveit_visual_tools': CMAKE_PREFIX_PATH=${CMAKE_PREFIX_PATH}:/home/amir/camera_intel/install/camera_intel:/home/amir/interbotix_ws/install/interbotix_xs_modules:/home/amir/interbotix_ws/install/interbotix_perception_modules:/home/amir/interbotix_ws/install/interbotix_common_modules:/opt/ros/humble /usr/bin/cmake --install /home/amir/interbotix_ws/build/moveit_visual_tools
[0.885s] -- Install configuration: "Release"
[0.886s] -- Execute custom install script
[0.887s] -- Up-to-date symlink: /home/amir/interbotix_ws/install/moveit_visual_tools/share/moveit_visual_tools/environment/library_path.sh
[0.887s] -- Up-to-date symlink: /home/amir/interbotix_ws/install/moveit_visual_tools/share/moveit_visual_tools/environment/library_path.dsv
[0.890s] -- Up-to-date symlink: /home/amir/interbotix_ws/install/moveit_visual_tools/lib/moveit_visual_tools/moveit_visual_tools_demo
[0.890s] -- Up-to-date symlink: /home/amir/interbotix_ws/install/moveit_visual_tools/include/moveit_visual_tools/imarker_end_effector.h
[0.891s] -- Up-to-date symlink: /home/amir/interbotix_ws/install/moveit_visual_tools/include/moveit_visual_tools/imarker_robot_state.h
[0.891s] -- Up-to-date symlink: /home/amir/interbotix_ws/install/moveit_visual_tools/include/moveit_visual_tools/moveit_visual_tools.h
[0.891s] -- Up-to-date symlink: /home/amir/interbotix_ws/install/moveit_visual_tools/share/moveit_visual_tools/launch/demo.rviz
[0.892s] -- Up-to-date symlink: /home/amir/interbotix_ws/install/moveit_visual_tools/share/moveit_visual_tools/launch/demo_rviz.launch.py
[0.893s] -- Up-to-date symlink: /home/amir/interbotix_ws/install/moveit_visual_tools/share/moveit_visual_tools/resources/demo.png
[0.894s] -- Up-to-date symlink: /home/amir/interbotix_ws/install/moveit_visual_tools/share/moveit_visual_tools/resources/demo_mesh.stl
[0.897s] -- Up-to-date symlink: /home/amir/interbotix_ws/install/moveit_visual_tools/share/moveit_visual_tools/resources/rrbot.srdf
[0.898s] -- Up-to-date symlink: /home/amir/interbotix_ws/install/moveit_visual_tools/share/moveit_visual_tools/resources/rrbot.urdf
[0.898s] -- Up-to-date symlink: /home/amir/interbotix_ws/install/moveit_visual_tools/share/moveit_visual_tools/resources/screenshot.png
[0.898s] -- Up-to-date symlink: /home/amir/interbotix_ws/install/moveit_visual_tools/share/ament_index/resource_index/package_run_dependencies/moveit_visual_tools
[0.898s] -- Up-to-date symlink: /home/amir/interbotix_ws/install/moveit_visual_tools/share/ament_index/resource_index/parent_prefix_path/moveit_visual_tools
[0.898s] -- Up-to-date symlink: /home/amir/interbotix_ws/install/moveit_visual_tools/share/moveit_visual_tools/environment/ament_prefix_path.sh
[0.899s] -- Up-to-date symlink: /home/amir/interbotix_ws/install/moveit_visual_tools/share/moveit_visual_tools/environment/ament_prefix_path.dsv
[0.899s] -- Up-to-date symlink: /home/amir/interbotix_ws/install/moveit_visual_tools/share/moveit_visual_tools/environment/path.sh
[0.900s] -- Up-to-date symlink: /home/amir/interbotix_ws/install/moveit_visual_tools/share/moveit_visual_tools/environment/path.dsv
[0.903s] -- Up-to-date symlink: /home/amir/interbotix_ws/install/moveit_visual_tools/share/moveit_visual_tools/local_setup.bash
[0.903s] -- Up-to-date symlink: /home/amir/interbotix_ws/install/moveit_visual_tools/share/moveit_visual_tools/local_setup.sh
[0.903s] -- Up-to-date symlink: /home/amir/interbotix_ws/install/moveit_visual_tools/share/moveit_visual_tools/local_setup.zsh
[0.904s] -- Up-to-date symlink: /home/amir/interbotix_ws/install/moveit_visual_tools/share/moveit_visual_tools/local_setup.dsv
[0.904s] -- Symlinking: /home/amir/interbotix_ws/install/moveit_visual_tools/share/moveit_visual_tools/package.dsv
[0.927s] -- Up-to-date symlink: /home/amir/interbotix_ws/install/moveit_visual_tools/share/ament_index/resource_index/packages/moveit_visual_tools
[0.927s] -- Up-to-date symlink: /home/amir/interbotix_ws/install/moveit_visual_tools/share/moveit_visual_tools/cmake/ament_cmake_export_targets-extras.cmake
[0.929s] -- Up-to-date symlink: /home/amir/interbotix_ws/install/moveit_visual_tools/share/moveit_visual_tools/cmake/ament_cmake_export_dependencies-extras.cmake
[0.929s] -- Up-to-date symlink: /home/amir/interbotix_ws/install/moveit_visual_tools/share/moveit_visual_tools/cmake/moveit_visual_toolsConfig.cmake
[0.930s] -- Up-to-date symlink: /home/amir/interbotix_ws/install/moveit_visual_tools/share/moveit_visual_tools/cmake/moveit_visual_toolsConfig-version.cmake
[0.931s] -- Up-to-date symlink: /home/amir/interbotix_ws/install/moveit_visual_tools/share/moveit_visual_tools/package.xml
[0.931s] -- Up-to-date: /home/amir/interbotix_ws/install/moveit_visual_tools/lib/libmoveit_visual_tools.so
[0.932s] -- Up-to-date: /home/amir/interbotix_ws/install/moveit_visual_tools/share/moveit_visual_tools/cmake/export_moveit_visual_toolsExport.cmake
[0.933s] -- Up-to-date: /home/amir/interbotix_ws/install/moveit_visual_tools/share/moveit_visual_tools/cmake/export_moveit_visual_toolsExport-release.cmake
[0.938s] Invoked command in '/home/amir/interbotix_ws/build/moveit_visual_tools' returned '0': CMAKE_PREFIX_PATH=${CMAKE_PREFIX_PATH}:/home/amir/camera_intel/install/camera_intel:/home/amir/interbotix_ws/install/interbotix_xs_modules:/home/amir/interbotix_ws/install/interbotix_perception_modules:/home/amir/interbotix_ws/install/interbotix_common_modules:/opt/ros/humble /usr/bin/cmake --install /home/amir/interbotix_ws/build/moveit_visual_tools
