/home/amir/camera_intel/install/urdf_to_dh/lib/python3.10/site-packages/urdf_to_dh/__init__.py
/home/amir/camera_intel/install/urdf_to_dh/lib/python3.10/site-packages/urdf_to_dh/kinematics_helpers.py
/home/amir/camera_intel/install/urdf_to_dh/lib/python3.10/site-packages/urdf_to_dh/urdf_helpers.py
/home/amir/camera_intel/install/urdf_to_dh/lib/python3.10/site-packages/urdf_to_dh/generate_dh.py
/home/amir/camera_intel/install/urdf_to_dh/lib/python3.10/site-packages/urdf_to_dh/generate_dh_test.py
/home/amir/camera_intel/install/urdf_to_dh/lib/python3.10/site-packages/urdf_to_dh/maker_helpers.py
/home/amir/camera_intel/install/urdf_to_dh/lib/python3.10/site-packages/urdf_to_dh/geometry_helpers.py
/home/amir/camera_intel/install/urdf_to_dh/lib/python3.10/site-packages/urdf_to_dh/__pycache__/__init__.cpython-310.pyc
/home/amir/camera_intel/install/urdf_to_dh/lib/python3.10/site-packages/urdf_to_dh/__pycache__/kinematics_helpers.cpython-310.pyc
/home/amir/camera_intel/install/urdf_to_dh/lib/python3.10/site-packages/urdf_to_dh/__pycache__/urdf_helpers.cpython-310.pyc
/home/amir/camera_intel/install/urdf_to_dh/lib/python3.10/site-packages/urdf_to_dh/__pycache__/generate_dh.cpython-310.pyc
/home/amir/camera_intel/install/urdf_to_dh/lib/python3.10/site-packages/urdf_to_dh/__pycache__/generate_dh_test.cpython-310.pyc
/home/amir/camera_intel/install/urdf_to_dh/lib/python3.10/site-packages/urdf_to_dh/__pycache__/maker_helpers.cpython-310.pyc
/home/amir/camera_intel/install/urdf_to_dh/lib/python3.10/site-packages/urdf_to_dh/__pycache__/geometry_helpers.cpython-310.pyc
/home/amir/camera_intel/install/urdf_to_dh/share/ament_index/resource_index/packages/urdf_to_dh
/home/amir/camera_intel/install/urdf_to_dh/share/urdf_to_dh/package.xml
/home/amir/camera_intel/install/urdf_to_dh/share/urdf_to_dh/launch/viz_random_urdf.launch.py
/home/amir/camera_intel/install/urdf_to_dh/share/urdf_to_dh/launch/random_urdf.rviz
/home/amir/camera_intel/install/urdf_to_dh/share/urdf_to_dh/urdf/random.urdf
/home/amir/camera_intel/install/urdf_to_dh/lib/python3.10/site-packages/urdf_to_dh-0.0.1-py3.10.egg-info/SOURCES.txt
/home/amir/camera_intel/install/urdf_to_dh/lib/python3.10/site-packages/urdf_to_dh-0.0.1-py3.10.egg-info/zip-safe
/home/amir/camera_intel/install/urdf_to_dh/lib/python3.10/site-packages/urdf_to_dh-0.0.1-py3.10.egg-info/requires.txt
/home/amir/camera_intel/install/urdf_to_dh/lib/python3.10/site-packages/urdf_to_dh-0.0.1-py3.10.egg-info/top_level.txt
/home/amir/camera_intel/install/urdf_to_dh/lib/python3.10/site-packages/urdf_to_dh-0.0.1-py3.10.egg-info/entry_points.txt
/home/amir/camera_intel/install/urdf_to_dh/lib/python3.10/site-packages/urdf_to_dh-0.0.1-py3.10.egg-info/PKG-INFO
/home/amir/camera_intel/install/urdf_to_dh/lib/python3.10/site-packages/urdf_to_dh-0.0.1-py3.10.egg-info/dependency_links.txt
/home/amir/camera_intel/install/urdf_to_dh/lib/urdf_to_dh/generate_dh
