[0.034s] Invoking command in '/home/amir/interbotix_ws/build/interbotix_perception_msgs': CMAKE_PREFIX_PATH=${CMAKE_PREFIX_PATH}:/home/amir/interbotix_ws/install/interbotix_perception_modules:/home/amir/interbotix_ws/install/interbotix_xs_modules:/home/amir/interbotix_ws/install/interbotix_common_modules:/home/amir/camera_intel/install/camera_intel:/opt/ros/humble /usr/bin/cmake --build /home/amir/interbotix_ws/build/interbotix_perception_msgs -- -j4 -l4
[0.204s] [  1%] Built target interbotix_perception_msgs__cpp
[0.220s] [ 12%] Built target interbotix_perception_msgs__rosidl_generator_c
[0.223s] [ 12%] Built target ament_cmake_python_symlink_interbotix_perception_msgs
[0.325s] [ 23%] Built target interbotix_perception_msgs__rosidl_typesupport_cpp
[0.338s] [ 34%] Built target interbotix_perception_msgs__rosidl_typesupport_fastrtps_cpp
[0.338s] [ 45%] Built target interbotix_perception_msgs__rosidl_typesupport_introspection_cpp
[0.364s] [ 56%] Built target interbotix_perception_msgs__rosidl_typesupport_fastrtps_c
[0.421s] [ 67%] Built target interbotix_perception_msgs__rosidl_typesupport_c
[0.455s] [ 78%] Built target interbotix_perception_msgs__rosidl_typesupport_introspection_c
[0.548s] [ 78%] Built target interbotix_perception_msgs
[0.640s] [ 80%] Built target interbotix_perception_msgs__py
[0.787s] [ 89%] Built target interbotix_perception_msgs__rosidl_generator_py
[0.942s] [ 92%] Built target interbotix_perception_msgs__rosidl_typesupport_c__pyext
[0.951s] [ 96%] Built target interbotix_perception_msgs__rosidl_typesupport_fastrtps_c__pyext
[0.952s] [100%] Built target interbotix_perception_msgs__rosidl_typesupport_introspection_c__pyext
[1.112s] running egg_info
[1.184s] writing interbotix_perception_msgs.egg-info/PKG-INFO
[1.184s] writing dependency_links to interbotix_perception_msgs.egg-info/dependency_links.txt
[1.185s] writing top-level names to interbotix_perception_msgs.egg-info/top_level.txt
[1.339s] reading manifest file 'interbotix_perception_msgs.egg-info/SOURCES.txt'
[1.344s] writing manifest file 'interbotix_perception_msgs.egg-info/SOURCES.txt'
[1.410s] [100%] Built target ament_cmake_python_build_interbotix_perception_msgs_egg
[1.440s] Invoked command in '/home/amir/interbotix_ws/build/interbotix_perception_msgs' returned '0': CMAKE_PREFIX_PATH=${CMAKE_PREFIX_PATH}:/home/amir/interbotix_ws/install/interbotix_perception_modules:/home/amir/interbotix_ws/install/interbotix_xs_modules:/home/amir/interbotix_ws/install/interbotix_common_modules:/home/amir/camera_intel/install/camera_intel:/opt/ros/humble /usr/bin/cmake --build /home/amir/interbotix_ws/build/interbotix_perception_msgs -- -j4 -l4
[1.851s] Invoking command in '/home/amir/interbotix_ws/build/interbotix_perception_msgs': CMAKE_PREFIX_PATH=${CMAKE_PREFIX_PATH}:/home/amir/interbotix_ws/install/interbotix_perception_modules:/home/amir/interbotix_ws/install/interbotix_xs_modules:/home/amir/interbotix_ws/install/interbotix_common_modules:/home/amir/camera_intel/install/camera_intel:/opt/ros/humble /usr/bin/cmake --install /home/amir/interbotix_ws/build/interbotix_perception_msgs
[1.873s] -- Install configuration: ""
[1.875s] -- Execute custom install script
[1.876s] -- Up-to-date symlink: /home/amir/interbotix_ws/install/interbotix_perception_msgs/share/ament_index/resource_index/rosidl_interfaces/interbotix_perception_msgs
[1.878s] -- Up-to-date symlink: /home/amir/interbotix_ws/install/interbotix_perception_msgs/include/interbotix_perception_msgs/interbotix_perception_msgs/msg/cluster_info.h
[1.879s] -- Up-to-date symlink: /home/amir/interbotix_ws/install/interbotix_perception_msgs/include/interbotix_perception_msgs/interbotix_perception_msgs/msg/detail/cluster_info__functions.h
[1.880s] -- Up-to-date symlink: /home/amir/interbotix_ws/install/interbotix_perception_msgs/include/interbotix_perception_msgs/interbotix_perception_msgs/msg/detail/cluster_info__struct.h
[1.881s] -- Up-to-date symlink: /home/amir/interbotix_ws/install/interbotix_perception_msgs/include/interbotix_perception_msgs/interbotix_perception_msgs/msg/detail/cluster_info__type_support.h
[1.881s] -- Up-to-date symlink: /home/amir/interbotix_ws/install/interbotix_perception_msgs/include/interbotix_perception_msgs/interbotix_perception_msgs/msg/rosidl_generator_c__visibility_control.h
[1.882s] -- Up-to-date symlink: /home/amir/interbotix_ws/install/interbotix_perception_msgs/include/interbotix_perception_msgs/interbotix_perception_msgs/srv/cluster_info_array.h
[1.883s] -- Up-to-date symlink: /home/amir/interbotix_ws/install/interbotix_perception_msgs/include/interbotix_perception_msgs/interbotix_perception_msgs/srv/detail/cluster_info_array__functions.h
[1.884s] -- Up-to-date symlink: /home/amir/interbotix_ws/install/interbotix_perception_msgs/include/interbotix_perception_msgs/interbotix_perception_msgs/srv/detail/cluster_info_array__struct.h
[1.884s] -- Up-to-date symlink: /home/amir/interbotix_ws/install/interbotix_perception_msgs/include/interbotix_perception_msgs/interbotix_perception_msgs/srv/detail/cluster_info_array__type_support.h
[1.885s] -- Up-to-date symlink: /home/amir/interbotix_ws/install/interbotix_perception_msgs/include/interbotix_perception_msgs/interbotix_perception_msgs/srv/detail/filter_params__functions.h
[1.887s] -- Up-to-date symlink: /home/amir/interbotix_ws/install/interbotix_perception_msgs/include/interbotix_perception_msgs/interbotix_perception_msgs/srv/detail/filter_params__struct.h
[1.887s] -- Up-to-date symlink: /home/amir/interbotix_ws/install/interbotix_perception_msgs/include/interbotix_perception_msgs/interbotix_perception_msgs/srv/detail/filter_params__type_support.h
[1.888s] -- Up-to-date symlink: /home/amir/interbotix_ws/install/interbotix_perception_msgs/include/interbotix_perception_msgs/interbotix_perception_msgs/srv/detail/snap_picture__functions.h
[1.889s] -- Up-to-date symlink: /home/amir/interbotix_ws/install/interbotix_perception_msgs/include/interbotix_perception_msgs/interbotix_perception_msgs/srv/detail/snap_picture__struct.h
[1.890s] -- Up-to-date symlink: /home/amir/interbotix_ws/install/interbotix_perception_msgs/include/interbotix_perception_msgs/interbotix_perception_msgs/srv/detail/snap_picture__type_support.h
[1.890s] -- Up-to-date symlink: /home/amir/interbotix_ws/install/interbotix_perception_msgs/include/interbotix_perception_msgs/interbotix_perception_msgs/srv/filter_params.h
[1.892s] -- Up-to-date symlink: /home/amir/interbotix_ws/install/interbotix_perception_msgs/include/interbotix_perception_msgs/interbotix_perception_msgs/srv/snap_picture.h
[1.892s] -- Up-to-date symlink: /home/amir/interbotix_ws/install/interbotix_perception_msgs/share/interbotix_perception_msgs/environment/library_path.sh
[1.895s] -- Up-to-date symlink: /home/amir/interbotix_ws/install/interbotix_perception_msgs/share/interbotix_perception_msgs/environment/library_path.dsv
[1.895s] -- Up-to-date symlink: /home/amir/interbotix_ws/install/interbotix_perception_msgs/include/interbotix_perception_msgs/interbotix_perception_msgs/msg/detail/cluster_info__rosidl_typesupport_fastrtps_c.h
[1.896s] -- Up-to-date symlink: /home/amir/interbotix_ws/install/interbotix_perception_msgs/include/interbotix_perception_msgs/interbotix_perception_msgs/msg/rosidl_typesupport_fastrtps_c__visibility_control.h
[1.897s] -- Up-to-date symlink: /home/amir/interbotix_ws/install/interbotix_perception_msgs/include/interbotix_perception_msgs/interbotix_perception_msgs/srv/detail/cluster_info_array__rosidl_typesupport_fastrtps_c.h
[1.898s] -- Up-to-date symlink: /home/amir/interbotix_ws/install/interbotix_perception_msgs/include/interbotix_perception_msgs/interbotix_perception_msgs/srv/detail/filter_params__rosidl_typesupport_fastrtps_c.h
[1.899s] -- Up-to-date symlink: /home/amir/interbotix_ws/install/interbotix_perception_msgs/include/interbotix_perception_msgs/interbotix_perception_msgs/srv/detail/snap_picture__rosidl_typesupport_fastrtps_c.h
[1.900s] -- Up-to-date symlink: /home/amir/interbotix_ws/install/interbotix_perception_msgs/include/interbotix_perception_msgs/interbotix_perception_msgs/msg/detail/cluster_info__rosidl_typesupport_introspection_c.h
[1.900s] -- Up-to-date symlink: /home/amir/interbotix_ws/install/interbotix_perception_msgs/include/interbotix_perception_msgs/interbotix_perception_msgs/msg/rosidl_typesupport_introspection_c__visibility_control.h
[1.901s] -- Up-to-date symlink: /home/amir/interbotix_ws/install/interbotix_perception_msgs/include/interbotix_perception_msgs/interbotix_perception_msgs/srv/detail/cluster_info_array__rosidl_typesupport_introspection_c.h
[1.902s] -- Up-to-date symlink: /home/amir/interbotix_ws/install/interbotix_perception_msgs/include/interbotix_perception_msgs/interbotix_perception_msgs/srv/detail/filter_params__rosidl_typesupport_introspection_c.h
[1.903s] -- Up-to-date symlink: /home/amir/interbotix_ws/install/interbotix_perception_msgs/include/interbotix_perception_msgs/interbotix_perception_msgs/srv/detail/snap_picture__rosidl_typesupport_introspection_c.h
[1.905s] -- Up-to-date symlink: /home/amir/interbotix_ws/install/interbotix_perception_msgs/include/interbotix_perception_msgs/interbotix_perception_msgs/msg/cluster_info.hpp
[1.907s] -- Up-to-date symlink: /home/amir/interbotix_ws/install/interbotix_perception_msgs/include/interbotix_perception_msgs/interbotix_perception_msgs/msg/detail/cluster_info__builder.hpp
[1.907s] -- Up-to-date symlink: /home/amir/interbotix_ws/install/interbotix_perception_msgs/include/interbotix_perception_msgs/interbotix_perception_msgs/msg/detail/cluster_info__struct.hpp
[1.908s] -- Up-to-date symlink: /home/amir/interbotix_ws/install/interbotix_perception_msgs/include/interbotix_perception_msgs/interbotix_perception_msgs/msg/detail/cluster_info__traits.hpp
[1.909s] -- Up-to-date symlink: /home/amir/interbotix_ws/install/interbotix_perception_msgs/include/interbotix_perception_msgs/interbotix_perception_msgs/srv/cluster_info_array.hpp
[1.911s] -- Up-to-date symlink: /home/amir/interbotix_ws/install/interbotix_perception_msgs/include/interbotix_perception_msgs/interbotix_perception_msgs/srv/detail/cluster_info_array__builder.hpp
[1.911s] -- Up-to-date symlink: /home/amir/interbotix_ws/install/interbotix_perception_msgs/include/interbotix_perception_msgs/interbotix_perception_msgs/srv/detail/cluster_info_array__struct.hpp
[1.912s] -- Up-to-date symlink: /home/amir/interbotix_ws/install/interbotix_perception_msgs/include/interbotix_perception_msgs/interbotix_perception_msgs/srv/detail/cluster_info_array__traits.hpp
[1.912s] -- Up-to-date symlink: /home/amir/interbotix_ws/install/interbotix_perception_msgs/include/interbotix_perception_msgs/interbotix_perception_msgs/srv/detail/filter_params__builder.hpp
[1.914s] -- Up-to-date symlink: /home/amir/interbotix_ws/install/interbotix_perception_msgs/include/interbotix_perception_msgs/interbotix_perception_msgs/srv/detail/filter_params__struct.hpp
[1.914s] -- Up-to-date symlink: /home/amir/interbotix_ws/install/interbotix_perception_msgs/include/interbotix_perception_msgs/interbotix_perception_msgs/srv/detail/filter_params__traits.hpp
[1.915s] -- Up-to-date symlink: /home/amir/interbotix_ws/install/interbotix_perception_msgs/include/interbotix_perception_msgs/interbotix_perception_msgs/srv/detail/snap_picture__builder.hpp
[1.915s] -- Up-to-date symlink: /home/amir/interbotix_ws/install/interbotix_perception_msgs/include/interbotix_perception_msgs/interbotix_perception_msgs/srv/detail/snap_picture__struct.hpp
[1.916s] -- Up-to-date symlink: /home/amir/interbotix_ws/install/interbotix_perception_msgs/include/interbotix_perception_msgs/interbotix_perception_msgs/srv/detail/snap_picture__traits.hpp
[1.917s] -- Up-to-date symlink: /home/amir/interbotix_ws/install/interbotix_perception_msgs/include/interbotix_perception_msgs/interbotix_perception_msgs/srv/filter_params.hpp
[1.917s] -- Up-to-date symlink: /home/amir/interbotix_ws/install/interbotix_perception_msgs/include/interbotix_perception_msgs/interbotix_perception_msgs/srv/snap_picture.hpp
[1.920s] -- Up-to-date symlink: /home/amir/interbotix_ws/install/interbotix_perception_msgs/include/interbotix_perception_msgs/interbotix_perception_msgs/msg/detail/cluster_info__rosidl_typesupport_fastrtps_cpp.hpp
[1.920s] -- Up-to-date symlink: /home/amir/interbotix_ws/install/interbotix_perception_msgs/include/interbotix_perception_msgs/interbotix_perception_msgs/msg/rosidl_typesupport_fastrtps_cpp__visibility_control.h
[1.920s] -- Up-to-date symlink: /home/amir/interbotix_ws/install/interbotix_perception_msgs/include/interbotix_perception_msgs/interbotix_perception_msgs/srv/detail/cluster_info_array__rosidl_typesupport_fastrtps_cpp.hpp
[1.920s] -- Up-to-date symlink: /home/amir/interbotix_ws/install/interbotix_perception_msgs/include/interbotix_perception_msgs/interbotix_perception_msgs/srv/detail/filter_params__rosidl_typesupport_fastrtps_cpp.hpp
[1.921s] -- Up-to-date symlink: /home/amir/interbotix_ws/install/interbotix_perception_msgs/include/interbotix_perception_msgs/interbotix_perception_msgs/srv/detail/snap_picture__rosidl_typesupport_fastrtps_cpp.hpp
[1.923s] -- Up-to-date symlink: /home/amir/interbotix_ws/install/interbotix_perception_msgs/include/interbotix_perception_msgs/interbotix_perception_msgs/msg/detail/cluster_info__rosidl_typesupport_introspection_cpp.hpp
[1.924s] -- Up-to-date symlink: /home/amir/interbotix_ws/install/interbotix_perception_msgs/include/interbotix_perception_msgs/interbotix_perception_msgs/srv/detail/cluster_info_array__rosidl_typesupport_introspection_cpp.hpp
[1.924s] -- Up-to-date symlink: /home/amir/interbotix_ws/install/interbotix_perception_msgs/include/interbotix_perception_msgs/interbotix_perception_msgs/srv/detail/filter_params__rosidl_typesupport_introspection_cpp.hpp
[1.924s] -- Up-to-date symlink: /home/amir/interbotix_ws/install/interbotix_perception_msgs/include/interbotix_perception_msgs/interbotix_perception_msgs/srv/detail/snap_picture__rosidl_typesupport_introspection_cpp.hpp
[1.926s] -- Up-to-date symlink: /home/amir/interbotix_ws/install/interbotix_perception_msgs/share/interbotix_perception_msgs/environment/pythonpath.sh
[1.926s] -- Up-to-date symlink: /home/amir/interbotix_ws/install/interbotix_perception_msgs/share/interbotix_perception_msgs/environment/pythonpath.dsv
[1.926s] -- Up-to-date symlink: /home/amir/interbotix_ws/install/interbotix_perception_msgs/local/lib/python3.10/dist-packages/interbotix_perception_msgs-0.0.0-py3.10.egg-info/PKG-INFO
[1.926s] -- Up-to-date symlink: /home/amir/interbotix_ws/install/interbotix_perception_msgs/local/lib/python3.10/dist-packages/interbotix_perception_msgs-0.0.0-py3.10.egg-info/SOURCES.txt
[1.927s] -- Up-to-date symlink: /home/amir/interbotix_ws/install/interbotix_perception_msgs/local/lib/python3.10/dist-packages/interbotix_perception_msgs-0.0.0-py3.10.egg-info/dependency_links.txt
[1.927s] -- Up-to-date symlink: /home/amir/interbotix_ws/install/interbotix_perception_msgs/local/lib/python3.10/dist-packages/interbotix_perception_msgs-0.0.0-py3.10.egg-info/top_level.txt
[1.930s] -- Up-to-date symlink: /home/amir/interbotix_ws/install/interbotix_perception_msgs/local/lib/python3.10/dist-packages/interbotix_perception_msgs/__init__.py
[1.930s] -- Up-to-date symlink: /home/amir/interbotix_ws/install/interbotix_perception_msgs/local/lib/python3.10/dist-packages/interbotix_perception_msgs/_interbotix_perception_msgs_s.ep.rosidl_typesupport_c.c
[1.935s] -- Up-to-date symlink: /home/amir/interbotix_ws/install/interbotix_perception_msgs/local/lib/python3.10/dist-packages/interbotix_perception_msgs/_interbotix_perception_msgs_s.ep.rosidl_typesupport_fastrtps_c.c
[1.936s] -- Up-to-date symlink: /home/amir/interbotix_ws/install/interbotix_perception_msgs/local/lib/python3.10/dist-packages/interbotix_perception_msgs/_interbotix_perception_msgs_s.ep.rosidl_typesupport_introspection_c.c
[1.936s] -- Up-to-date symlink: /home/amir/interbotix_ws/install/interbotix_perception_msgs/local/lib/python3.10/dist-packages/interbotix_perception_msgs/interbotix_perception_msgs_s__rosidl_typesupport_c.cpython-310-x86_64-linux-gnu.so
[1.936s] -- Up-to-date symlink: /home/amir/interbotix_ws/install/interbotix_perception_msgs/local/lib/python3.10/dist-packages/interbotix_perception_msgs/interbotix_perception_msgs_s__rosidl_typesupport_fastrtps_c.cpython-310-x86_64-linux-gnu.so
[1.936s] -- Up-to-date symlink: /home/amir/interbotix_ws/install/interbotix_perception_msgs/local/lib/python3.10/dist-packages/interbotix_perception_msgs/interbotix_perception_msgs_s__rosidl_typesupport_introspection_c.cpython-310-x86_64-linux-gnu.so
[1.936s] -- Up-to-date symlink: /home/amir/interbotix_ws/install/interbotix_perception_msgs/local/lib/python3.10/dist-packages/interbotix_perception_msgs/libinterbotix_perception_msgs__rosidl_generator_py.so
[1.937s] -- Up-to-date symlink: /home/amir/interbotix_ws/install/interbotix_perception_msgs/local/lib/python3.10/dist-packages/interbotix_perception_msgs/msg/__init__.py
[1.937s] -- Up-to-date symlink: /home/amir/interbotix_ws/install/interbotix_perception_msgs/local/lib/python3.10/dist-packages/interbotix_perception_msgs/msg/_cluster_info.py
[1.937s] -- Up-to-date symlink: /home/amir/interbotix_ws/install/interbotix_perception_msgs/local/lib/python3.10/dist-packages/interbotix_perception_msgs/msg/_cluster_info_s.c
[1.937s] -- Up-to-date symlink: /home/amir/interbotix_ws/install/interbotix_perception_msgs/local/lib/python3.10/dist-packages/interbotix_perception_msgs/srv/__init__.py
[1.937s] -- Up-to-date symlink: /home/amir/interbotix_ws/install/interbotix_perception_msgs/local/lib/python3.10/dist-packages/interbotix_perception_msgs/srv/_cluster_info_array.py
[1.939s] -- Up-to-date symlink: /home/amir/interbotix_ws/install/interbotix_perception_msgs/local/lib/python3.10/dist-packages/interbotix_perception_msgs/srv/_cluster_info_array_s.c
[1.939s] -- Up-to-date symlink: /home/amir/interbotix_ws/install/interbotix_perception_msgs/local/lib/python3.10/dist-packages/interbotix_perception_msgs/srv/_filter_params.py
[1.939s] -- Up-to-date symlink: /home/amir/interbotix_ws/install/interbotix_perception_msgs/local/lib/python3.10/dist-packages/interbotix_perception_msgs/srv/_filter_params_s.c
[1.940s] -- Up-to-date symlink: /home/amir/interbotix_ws/install/interbotix_perception_msgs/local/lib/python3.10/dist-packages/interbotix_perception_msgs/srv/_snap_picture.py
[1.940s] -- Up-to-date symlink: /home/amir/interbotix_ws/install/interbotix_perception_msgs/local/lib/python3.10/dist-packages/interbotix_perception_msgs/srv/_snap_picture_s.c
[1.940s] -- Up-to-date symlink: /home/amir/interbotix_ws/install/interbotix_perception_msgs/local/lib/python3.10/dist-packages/interbotix_perception_msgs/interbotix_perception_msgs_s__rosidl_typesupport_fastrtps_c.cpython-310-x86_64-linux-gnu.so
[1.941s] -- Up-to-date symlink: /home/amir/interbotix_ws/install/interbotix_perception_msgs/local/lib/python3.10/dist-packages/interbotix_perception_msgs/interbotix_perception_msgs_s__rosidl_typesupport_introspection_c.cpython-310-x86_64-linux-gnu.so
[1.942s] -- Up-to-date symlink: /home/amir/interbotix_ws/install/interbotix_perception_msgs/local/lib/python3.10/dist-packages/interbotix_perception_msgs/interbotix_perception_msgs_s__rosidl_typesupport_c.cpython-310-x86_64-linux-gnu.so
[1.943s] -- Up-to-date symlink: /home/amir/interbotix_ws/install/interbotix_perception_msgs/share/interbotix_perception_msgs/msg/ClusterInfo.idl
[1.943s] -- Up-to-date symlink: /home/amir/interbotix_ws/install/interbotix_perception_msgs/share/interbotix_perception_msgs/srv/ClusterInfoArray.idl
[1.943s] -- Up-to-date symlink: /home/amir/interbotix_ws/install/interbotix_perception_msgs/share/interbotix_perception_msgs/srv/FilterParams.idl
[1.946s] -- Up-to-date symlink: /home/amir/interbotix_ws/install/interbotix_perception_msgs/share/interbotix_perception_msgs/srv/SnapPicture.idl
[1.947s] -- Up-to-date symlink: /home/amir/interbotix_ws/install/interbotix_perception_msgs/share/interbotix_perception_msgs/msg/ClusterInfo.msg
[1.947s] -- Up-to-date symlink: /home/amir/interbotix_ws/install/interbotix_perception_msgs/share/interbotix_perception_msgs/srv/ClusterInfoArray.srv
[1.947s] -- Up-to-date symlink: /home/amir/interbotix_ws/install/interbotix_perception_msgs/share/interbotix_perception_msgs/srv/ClusterInfoArray_Request.msg
[1.947s] -- Up-to-date symlink: /home/amir/interbotix_ws/install/interbotix_perception_msgs/share/interbotix_perception_msgs/srv/ClusterInfoArray_Response.msg
[1.948s] -- Up-to-date symlink: /home/amir/interbotix_ws/install/interbotix_perception_msgs/share/interbotix_perception_msgs/srv/FilterParams.srv
[1.948s] -- Up-to-date symlink: /home/amir/interbotix_ws/install/interbotix_perception_msgs/share/interbotix_perception_msgs/srv/FilterParams_Request.msg
[1.948s] -- Up-to-date symlink: /home/amir/interbotix_ws/install/interbotix_perception_msgs/share/interbotix_perception_msgs/srv/FilterParams_Response.msg
[1.949s] -- Up-to-date symlink: /home/amir/interbotix_ws/install/interbotix_perception_msgs/share/interbotix_perception_msgs/srv/SnapPicture.srv
[1.949s] -- Up-to-date symlink: /home/amir/interbotix_ws/install/interbotix_perception_msgs/share/interbotix_perception_msgs/srv/SnapPicture_Request.msg
[1.950s] -- Up-to-date symlink: /home/amir/interbotix_ws/install/interbotix_perception_msgs/share/interbotix_perception_msgs/srv/SnapPicture_Response.msg
[1.951s] -- Up-to-date symlink: /home/amir/interbotix_ws/install/interbotix_perception_msgs/share/ament_index/resource_index/package_run_dependencies/interbotix_perception_msgs
[1.951s] -- Up-to-date symlink: /home/amir/interbotix_ws/install/interbotix_perception_msgs/share/ament_index/resource_index/parent_prefix_path/interbotix_perception_msgs
[1.952s] -- Up-to-date symlink: /home/amir/interbotix_ws/install/interbotix_perception_msgs/share/interbotix_perception_msgs/environment/ament_prefix_path.sh
[1.952s] -- Up-to-date symlink: /home/amir/interbotix_ws/install/interbotix_perception_msgs/share/interbotix_perception_msgs/environment/ament_prefix_path.dsv
[1.954s] -- Up-to-date symlink: /home/amir/interbotix_ws/install/interbotix_perception_msgs/share/interbotix_perception_msgs/environment/path.sh
[1.954s] -- Up-to-date symlink: /home/amir/interbotix_ws/install/interbotix_perception_msgs/share/interbotix_perception_msgs/environment/path.dsv
[1.954s] -- Up-to-date symlink: /home/amir/interbotix_ws/install/interbotix_perception_msgs/share/interbotix_perception_msgs/local_setup.bash
[1.955s] -- Up-to-date symlink: /home/amir/interbotix_ws/install/interbotix_perception_msgs/share/interbotix_perception_msgs/local_setup.sh
[1.955s] -- Up-to-date symlink: /home/amir/interbotix_ws/install/interbotix_perception_msgs/share/interbotix_perception_msgs/local_setup.zsh
[1.955s] -- Up-to-date symlink: /home/amir/interbotix_ws/install/interbotix_perception_msgs/share/interbotix_perception_msgs/local_setup.dsv
[1.956s] -- Symlinking: /home/amir/interbotix_ws/install/interbotix_perception_msgs/share/interbotix_perception_msgs/package.dsv
[1.977s] -- Up-to-date symlink: /home/amir/interbotix_ws/install/interbotix_perception_msgs/share/ament_index/resource_index/packages/interbotix_perception_msgs
[1.979s] -- Up-to-date symlink: /home/amir/interbotix_ws/install/interbotix_perception_msgs/share/interbotix_perception_msgs/cmake/rosidl_cmake-extras.cmake
[1.981s] -- Up-to-date symlink: /home/amir/interbotix_ws/install/interbotix_perception_msgs/share/interbotix_perception_msgs/cmake/ament_cmake_export_dependencies-extras.cmake
[1.981s] -- Up-to-date symlink: /home/amir/interbotix_ws/install/interbotix_perception_msgs/share/interbotix_perception_msgs/cmake/ament_cmake_export_include_directories-extras.cmake
[1.981s] -- Up-to-date symlink: /home/amir/interbotix_ws/install/interbotix_perception_msgs/share/interbotix_perception_msgs/cmake/ament_cmake_export_libraries-extras.cmake
[1.982s] -- Up-to-date symlink: /home/amir/interbotix_ws/install/interbotix_perception_msgs/share/interbotix_perception_msgs/cmake/ament_cmake_export_targets-extras.cmake
[1.983s] -- Up-to-date symlink: /home/amir/interbotix_ws/install/interbotix_perception_msgs/share/interbotix_perception_msgs/cmake/rosidl_cmake_export_typesupport_targets-extras.cmake
[1.983s] -- Up-to-date symlink: /home/amir/interbotix_ws/install/interbotix_perception_msgs/share/interbotix_perception_msgs/cmake/rosidl_cmake_export_typesupport_libraries-extras.cmake
[1.984s] -- Up-to-date symlink: /home/amir/interbotix_ws/install/interbotix_perception_msgs/share/interbotix_perception_msgs/cmake/interbotix_perception_msgsConfig.cmake
[1.984s] -- Up-to-date symlink: /home/amir/interbotix_ws/install/interbotix_perception_msgs/share/interbotix_perception_msgs/cmake/interbotix_perception_msgsConfig-version.cmake
[1.984s] -- Up-to-date symlink: /home/amir/interbotix_ws/install/interbotix_perception_msgs/share/interbotix_perception_msgs/package.xml
[1.985s] -- Up-to-date: /home/amir/interbotix_ws/install/interbotix_perception_msgs/lib/libinterbotix_perception_msgs__rosidl_generator_c.so
[1.987s] -- Up-to-date: /home/amir/interbotix_ws/install/interbotix_perception_msgs/lib/libinterbotix_perception_msgs__rosidl_typesupport_fastrtps_c.so
[1.990s] -- Up-to-date: /home/amir/interbotix_ws/install/interbotix_perception_msgs/lib/libinterbotix_perception_msgs__rosidl_typesupport_introspection_c.so
[2.000s] -- Up-to-date: /home/amir/interbotix_ws/install/interbotix_perception_msgs/lib/libinterbotix_perception_msgs__rosidl_typesupport_c.so
[2.001s] -- Up-to-date: /home/amir/interbotix_ws/install/interbotix_perception_msgs/lib/libinterbotix_perception_msgs__rosidl_typesupport_fastrtps_cpp.so
[2.007s] -- Up-to-date: /home/amir/interbotix_ws/install/interbotix_perception_msgs/lib/libinterbotix_perception_msgs__rosidl_typesupport_introspection_cpp.so
[2.008s] -- Up-to-date: /home/amir/interbotix_ws/install/interbotix_perception_msgs/lib/libinterbotix_perception_msgs__rosidl_typesupport_cpp.so
[2.102s] Listing '/home/amir/interbotix_ws/install/interbotix_perception_msgs/local/lib/python3.10/dist-packages/interbotix_perception_msgs'...
[2.103s] Listing '/home/amir/interbotix_ws/install/interbotix_perception_msgs/local/lib/python3.10/dist-packages/interbotix_perception_msgs/msg'...
[2.103s] Listing '/home/amir/interbotix_ws/install/interbotix_perception_msgs/local/lib/python3.10/dist-packages/interbotix_perception_msgs/srv'...
[2.116s] -- Up-to-date: /home/amir/interbotix_ws/install/interbotix_perception_msgs/lib/libinterbotix_perception_msgs__rosidl_generator_py.so
[2.118s] -- Up-to-date: /home/amir/interbotix_ws/install/interbotix_perception_msgs/share/interbotix_perception_msgs/cmake/export_interbotix_perception_msgs__rosidl_generator_cExport.cmake
[2.118s] -- Up-to-date: /home/amir/interbotix_ws/install/interbotix_perception_msgs/share/interbotix_perception_msgs/cmake/export_interbotix_perception_msgs__rosidl_generator_cExport-noconfig.cmake
[2.119s] -- Up-to-date: /home/amir/interbotix_ws/install/interbotix_perception_msgs/share/interbotix_perception_msgs/cmake/export_interbotix_perception_msgs__rosidl_typesupport_fastrtps_cExport.cmake
[2.120s] -- Up-to-date: /home/amir/interbotix_ws/install/interbotix_perception_msgs/share/interbotix_perception_msgs/cmake/export_interbotix_perception_msgs__rosidl_typesupport_fastrtps_cExport-noconfig.cmake
[2.121s] -- Up-to-date: /home/amir/interbotix_ws/install/interbotix_perception_msgs/share/interbotix_perception_msgs/cmake/interbotix_perception_msgs__rosidl_typesupport_introspection_cExport.cmake
[2.121s] -- Up-to-date: /home/amir/interbotix_ws/install/interbotix_perception_msgs/share/interbotix_perception_msgs/cmake/interbotix_perception_msgs__rosidl_typesupport_introspection_cExport-noconfig.cmake
[2.122s] -- Up-to-date: /home/amir/interbotix_ws/install/interbotix_perception_msgs/share/interbotix_perception_msgs/cmake/interbotix_perception_msgs__rosidl_typesupport_cExport.cmake
[2.123s] -- Up-to-date: /home/amir/interbotix_ws/install/interbotix_perception_msgs/share/interbotix_perception_msgs/cmake/interbotix_perception_msgs__rosidl_typesupport_cExport-noconfig.cmake
[2.126s] -- Up-to-date: /home/amir/interbotix_ws/install/interbotix_perception_msgs/share/interbotix_perception_msgs/cmake/export_interbotix_perception_msgs__rosidl_generator_cppExport.cmake
[2.127s] -- Up-to-date: /home/amir/interbotix_ws/install/interbotix_perception_msgs/share/interbotix_perception_msgs/cmake/export_interbotix_perception_msgs__rosidl_typesupport_fastrtps_cppExport.cmake
[2.127s] -- Up-to-date: /home/amir/interbotix_ws/install/interbotix_perception_msgs/share/interbotix_perception_msgs/cmake/export_interbotix_perception_msgs__rosidl_typesupport_fastrtps_cppExport-noconfig.cmake
[2.127s] -- Up-to-date: /home/amir/interbotix_ws/install/interbotix_perception_msgs/share/interbotix_perception_msgs/cmake/interbotix_perception_msgs__rosidl_typesupport_introspection_cppExport.cmake
[2.128s] -- Up-to-date: /home/amir/interbotix_ws/install/interbotix_perception_msgs/share/interbotix_perception_msgs/cmake/interbotix_perception_msgs__rosidl_typesupport_introspection_cppExport-noconfig.cmake
[2.128s] -- Up-to-date: /home/amir/interbotix_ws/install/interbotix_perception_msgs/share/interbotix_perception_msgs/cmake/interbotix_perception_msgs__rosidl_typesupport_cppExport.cmake
[2.128s] -- Up-to-date: /home/amir/interbotix_ws/install/interbotix_perception_msgs/share/interbotix_perception_msgs/cmake/interbotix_perception_msgs__rosidl_typesupport_cppExport-noconfig.cmake
[2.128s] -- Up-to-date: /home/amir/interbotix_ws/install/interbotix_perception_msgs/share/interbotix_perception_msgs/cmake/export_interbotix_perception_msgs__rosidl_generator_pyExport.cmake
[2.129s] -- Up-to-date: /home/amir/interbotix_ws/install/interbotix_perception_msgs/share/interbotix_perception_msgs/cmake/export_interbotix_perception_msgs__rosidl_generator_pyExport-noconfig.cmake
[2.138s] Invoked command in '/home/amir/interbotix_ws/build/interbotix_perception_msgs' returned '0': CMAKE_PREFIX_PATH=${CMAKE_PREFIX_PATH}:/home/amir/interbotix_ws/install/interbotix_perception_modules:/home/amir/interbotix_ws/install/interbotix_xs_modules:/home/amir/interbotix_ws/install/interbotix_common_modules:/home/amir/camera_intel/install/camera_intel:/opt/ros/humble /usr/bin/cmake --install /home/amir/interbotix_ws/build/interbotix_perception_msgs
