[2.048s] Invoking command in '/home/amir/camera_intel/src/Dh/urdf_to_dh': PYTHONPATH=/home/amir/camera_intel/build/urdf_to_dh/prefix_override:/usr/lib/python3/dist-packages/colcon_core/task/python/colcon_distutils_commands:/home/amir/camera_intel/install/urdf_to_dh/lib/python3.10/site-packages:${PYTHONPATH} /usr/bin/python3 -W ignore:setup.py install is deprecated setup.py egg_info --egg-base ../../../build/urdf_to_dh build --build-base /home/amir/camera_intel/build/urdf_to_dh/build install --record /home/amir/camera_intel/build/urdf_to_dh/install.log --install-scripts $base/lib/urdf_to_dh --single-version-externally-managed install_data
[2.289s] /home/amir/.local/lib/python3.10/site-packages/setuptools/dist.py:788: UserWarning: Usage of dash-separated 'script-dir' will not be supported in future versions. Please use the underscore name 'script_dir' instead
[2.289s]   warnings.warn(
[2.545s] running egg_info
[2.578s] writing ../../../build/urdf_to_dh/urdf_to_dh.egg-info/PKG-INFO
[2.579s] writing dependency_links to ../../../build/urdf_to_dh/urdf_to_dh.egg-info/dependency_links.txt
[2.579s] writing entry points to ../../../build/urdf_to_dh/urdf_to_dh.egg-info/entry_points.txt
[2.579s] writing requirements to ../../../build/urdf_to_dh/urdf_to_dh.egg-info/requires.txt
[2.580s] writing top-level names to ../../../build/urdf_to_dh/urdf_to_dh.egg-info/top_level.txt
[2.655s] reading manifest file '../../../build/urdf_to_dh/urdf_to_dh.egg-info/SOURCES.txt'
[2.655s] adding license file 'LICENSE'
[2.656s] writing manifest file '../../../build/urdf_to_dh/urdf_to_dh.egg-info/SOURCES.txt'
[2.656s] running build
[2.657s] running build_py
[2.658s] running install
[2.669s] running install_lib
[2.702s] running install_data
[2.703s] running install_egg_info
[2.740s] removing '/home/amir/camera_intel/install/urdf_to_dh/lib/python3.10/site-packages/urdf_to_dh-0.0.1-py3.10.egg-info' (and everything under it)
[2.741s] Copying ../../../build/urdf_to_dh/urdf_to_dh.egg-info to /home/amir/camera_intel/install/urdf_to_dh/lib/python3.10/site-packages/urdf_to_dh-0.0.1-py3.10.egg-info
[2.742s] running install_scripts
[3.100s] Installing generate_dh script to /home/amir/camera_intel/install/urdf_to_dh/lib/urdf_to_dh
[3.101s] writing list of installed files to '/home/amir/camera_intel/build/urdf_to_dh/install.log'
[3.154s] Invoked command in '/home/amir/camera_intel/src/Dh/urdf_to_dh' returned '0': PYTHONPATH=/home/amir/camera_intel/build/urdf_to_dh/prefix_override:/usr/lib/python3/dist-packages/colcon_core/task/python/colcon_distutils_commands:/home/amir/camera_intel/install/urdf_to_dh/lib/python3.10/site-packages:${PYTHONPATH} /usr/bin/python3 -W ignore:setup.py install is deprecated setup.py egg_info --egg-base ../../../build/urdf_to_dh build --build-base /home/amir/camera_intel/build/urdf_to_dh/build install --record /home/amir/camera_intel/build/urdf_to_dh/install.log --install-scripts $base/lib/urdf_to_dh --single-version-externally-managed install_data
