[2.148s] Invoking command in '/home/amir/camera_intel/src/camera_intel': PYTHONPATH=/home/amir/camera_intel/build/camera_intel/prefix_override:/usr/lib/python3/dist-packages/colcon_core/task/python/colcon_distutils_commands:/home/amir/camera_intel/install/camera_intel/lib/python3.10/site-packages:${PYTHONPATH} /usr/bin/python3 -W ignore:setup.py install is deprecated setup.py egg_info --egg-base ../../build/camera_intel build --build-base /home/amir/camera_intel/build/camera_intel/build install --record /home/amir/camera_intel/build/camera_intel/install.log --single-version-externally-managed install_data
[2.948s] running egg_info
[3.000s] writing ../../build/camera_intel/camera_intel.egg-info/PKG-INFO
[3.000s] writing dependency_links to ../../build/camera_intel/camera_intel.egg-info/dependency_links.txt
[3.001s] writing entry points to ../../build/camera_intel/camera_intel.egg-info/entry_points.txt
[3.002s] writing requirements to ../../build/camera_intel/camera_intel.egg-info/requires.txt
[3.002s] writing top-level names to ../../build/camera_intel/camera_intel.egg-info/top_level.txt
[3.076s] reading manifest file '../../build/camera_intel/camera_intel.egg-info/SOURCES.txt'
[3.079s] writing manifest file '../../build/camera_intel/camera_intel.egg-info/SOURCES.txt'
[3.080s] running build
[3.080s] running build_py
[3.081s] copying camera_intel/intel_pub.py -> /home/amir/camera_intel/build/camera_intel/build/lib/camera_intel
[3.082s] running install
[3.092s] running install_lib
[3.124s] copying /home/amir/camera_intel/build/camera_intel/build/lib/camera_intel/intel_pub.py -> /home/amir/camera_intel/install/camera_intel/lib/python3.10/site-packages/camera_intel
[3.125s] byte-compiling /home/amir/camera_intel/install/camera_intel/lib/python3.10/site-packages/camera_intel/intel_pub.py to intel_pub.cpython-310.pyc
[3.127s] running install_data
[3.127s] running install_egg_info
[3.168s] removing '/home/amir/camera_intel/install/camera_intel/lib/python3.10/site-packages/camera_intel-0.0.0-py3.10.egg-info' (and everything under it)
[3.169s] Copying ../../build/camera_intel/camera_intel.egg-info to /home/amir/camera_intel/install/camera_intel/lib/python3.10/site-packages/camera_intel-0.0.0-py3.10.egg-info
[3.171s] running install_scripts
[3.516s] Installing Depth_wcoordinate script to /home/amir/camera_intel/install/camera_intel/lib/camera_intel
[3.516s] Installing camera_publisher script to /home/amir/camera_intel/install/camera_intel/lib/camera_intel
[3.517s] Installing camera_subscriber script to /home/amir/camera_intel/install/camera_intel/lib/camera_intel
[3.517s] Installing intel_pub script to /home/amir/camera_intel/install/camera_intel/lib/camera_intel
[3.517s] Installing intel_sub script to /home/amir/camera_intel/install/camera_intel/lib/camera_intel
[3.518s] Installing real_time_test_publisher script to /home/amir/camera_intel/install/camera_intel/lib/camera_intel
[3.518s] Installing real_time_test_subscriber script to /home/amir/camera_intel/install/camera_intel/lib/camera_intel
[3.519s] writing list of installed files to '/home/amir/camera_intel/build/camera_intel/install.log'
[3.571s] Invoked command in '/home/amir/camera_intel/src/camera_intel' returned '0': PYTHONPATH=/home/amir/camera_intel/build/camera_intel/prefix_override:/usr/lib/python3/dist-packages/colcon_core/task/python/colcon_distutils_commands:/home/amir/camera_intel/install/camera_intel/lib/python3.10/site-packages:${PYTHONPATH} /usr/bin/python3 -W ignore:setup.py install is deprecated setup.py egg_info --egg-base ../../build/camera_intel build --build-base /home/amir/camera_intel/build/camera_intel/build install --record /home/amir/camera_intel/build/camera_intel/install.log --single-version-externally-managed install_data
