[1.673s] Invoking command in '/home/amir/camera_intel/build/camera_intel': PYTHONPATH=/home/amir/camera_intel/build/camera_intel/prefix_override:/usr/lib/python3/dist-packages/colcon_core/task/python/colcon_distutils_commands:/home/amir/camera_intel/install/camera_intel/lib/python3.10/site-packages:${PYTHONPATH} /usr/bin/python3 -W ignore:setup.py install is deprecated setup.py develop --editable --build-directory /home/amir/camera_intel/build/camera_intel/build --no-deps symlink_data
[2.307s] running develop
[2.308s] /home/amir/.local/lib/python3.10/site-packages/setuptools/command/easy_install.py:144: EasyInstallDeprecationWarning: easy_install command is deprecated. Use build and pip and other standards-based tools.
[2.308s]   warnings.warn(
[2.873s] running egg_info
[2.906s] writing camera_intel.egg-info/PKG-INFO
[2.907s] writing dependency_links to camera_intel.egg-info/dependency_links.txt
[2.907s] writing entry points to camera_intel.egg-info/entry_points.txt
[2.908s] writing requirements to camera_intel.egg-info/requires.txt
[2.909s] writing top-level names to camera_intel.egg-info/top_level.txt
[2.977s] reading manifest file 'camera_intel.egg-info/SOURCES.txt'
[2.979s] writing manifest file 'camera_intel.egg-info/SOURCES.txt'
[3.015s] running build_ext
[3.015s] Creating /home/amir/camera_intel/install/camera_intel/lib/python3.10/site-packages/camera-intel.egg-link (link to .)
[3.017s] Installing camera_publisher script to /home/amir/camera_intel/install/camera_intel/lib/camera_intel
[3.017s] Installing camera_subscriber script to /home/amir/camera_intel/install/camera_intel/lib/camera_intel
[3.018s] Installing intel_pub script to /home/amir/camera_intel/install/camera_intel/lib/camera_intel
[3.018s] Installing intel_sub script to /home/amir/camera_intel/install/camera_intel/lib/camera_intel
[3.019s] 
[3.019s] Installed /home/amir/camera_intel/build/camera_intel
[3.019s] running symlink_data
[3.081s] Invoked command in '/home/amir/camera_intel/build/camera_intel' returned '0': PYTHONPATH=/home/amir/camera_intel/build/camera_intel/prefix_override:/usr/lib/python3/dist-packages/colcon_core/task/python/colcon_distutils_commands:/home/amir/camera_intel/install/camera_intel/lib/python3.10/site-packages:${PYTHONPATH} /usr/bin/python3 -W ignore:setup.py install is deprecated setup.py develop --editable --build-directory /home/amir/camera_intel/build/camera_intel/build --no-deps symlink_data
