[0.627s] Invoking command in '/home/amir/interbotix_ws/build/realsense2_camera_msgs': CMAKE_PREFIX_PATH=${CMAKE_PREFIX_PATH}:/home/amir/camera_intel/install/camera_intel:/home/amir/interbotix_ws/install/interbotix_xs_modules:/home/amir/interbotix_ws/install/interbotix_perception_modules:/home/amir/interbotix_ws/install/interbotix_common_modules:/opt/ros/humble /usr/bin/cmake --build /home/amir/interbotix_ws/build/realsense2_camera_msgs -- -j4 -l4
[0.791s] [ 10%] Built target realsense2_camera_msgs__rosidl_generator_c
[0.797s] [ 12%] Built target realsense2_camera_msgs__cpp
[0.856s] [ 12%] Built target ament_cmake_python_copy_realsense2_camera_msgs
[0.883s] [ 23%] Built target realsense2_camera_msgs__rosidl_typesupport_c
[0.901s] [ 34%] Built target realsense2_camera_msgs__rosidl_typesupport_introspection_c
[0.919s] [ 45%] Built target realsense2_camera_msgs__rosidl_typesupport_fastrtps_c
[0.976s] [ 56%] Built target realsense2_camera_msgs__rosidl_typesupport_introspection_cpp
[0.988s] [ 67%] Built target realsense2_camera_msgs__rosidl_typesupport_fastrtps_cpp
[1.013s] [ 78%] Built target realsense2_camera_msgs__rosidl_typesupport_cpp
[1.086s] [ 78%] Built target realsense2_camera_msgs
[1.137s] [ 80%] Built target realsense2_camera_msgs__py
[1.203s] [ 89%] Built target realsense2_camera_msgs__rosidl_generator_py
[1.322s] [ 92%] Built target realsense2_camera_msgs__rosidl_typesupport_fastrtps_c__pyext
[1.322s] [ 96%] Built target realsense2_camera_msgs__rosidl_typesupport_c__pyext
[1.325s] [100%] Built target realsense2_camera_msgs__rosidl_typesupport_introspection_c__pyext
[1.673s] running egg_info
[1.728s] writing realsense2_camera_msgs.egg-info/PKG-INFO
[1.729s] writing dependency_links to realsense2_camera_msgs.egg-info/dependency_links.txt
[1.733s] writing top-level names to realsense2_camera_msgs.egg-info/top_level.txt
[1.894s] reading manifest file 'realsense2_camera_msgs.egg-info/SOURCES.txt'
[1.896s] writing manifest file 'realsense2_camera_msgs.egg-info/SOURCES.txt'
[1.973s] [100%] Built target ament_cmake_python_build_realsense2_camera_msgs_egg
[1.998s] Invoked command in '/home/amir/interbotix_ws/build/realsense2_camera_msgs' returned '0': CMAKE_PREFIX_PATH=${CMAKE_PREFIX_PATH}:/home/amir/camera_intel/install/camera_intel:/home/amir/interbotix_ws/install/interbotix_xs_modules:/home/amir/interbotix_ws/install/interbotix_perception_modules:/home/amir/interbotix_ws/install/interbotix_common_modules:/opt/ros/humble /usr/bin/cmake --build /home/amir/interbotix_ws/build/realsense2_camera_msgs -- -j4 -l4
[2.534s] Invoking command in '/home/amir/interbotix_ws/build/realsense2_camera_msgs': CMAKE_PREFIX_PATH=${CMAKE_PREFIX_PATH}:/home/amir/camera_intel/install/camera_intel:/home/amir/interbotix_ws/install/interbotix_xs_modules:/home/amir/interbotix_ws/install/interbotix_perception_modules:/home/amir/interbotix_ws/install/interbotix_common_modules:/opt/ros/humble /usr/bin/cmake --install /home/amir/interbotix_ws/build/realsense2_camera_msgs
[2.559s] -- Install configuration: ""
[2.560s] -- Up-to-date: /home/amir/interbotix_ws/install/realsense2_camera_msgs/share/ament_index/resource_index/rosidl_interfaces/realsense2_camera_msgs
[2.560s] -- Up-to-date: /home/amir/interbotix_ws/install/realsense2_camera_msgs/include/realsense2_camera_msgs/realsense2_camera_msgs
[2.561s] -- Up-to-date: /home/amir/interbotix_ws/install/realsense2_camera_msgs/include/realsense2_camera_msgs/realsense2_camera_msgs/srv
[2.561s] -- Up-to-date: /home/amir/interbotix_ws/install/realsense2_camera_msgs/include/realsense2_camera_msgs/realsense2_camera_msgs/srv/device_info.h
[2.561s] -- Up-to-date: /home/amir/interbotix_ws/install/realsense2_camera_msgs/include/realsense2_camera_msgs/realsense2_camera_msgs/srv/detail
[2.562s] -- Up-to-date: /home/amir/interbotix_ws/install/realsense2_camera_msgs/include/realsense2_camera_msgs/realsense2_camera_msgs/srv/detail/device_info__functions.c
[2.564s] -- Up-to-date: /home/amir/interbotix_ws/install/realsense2_camera_msgs/include/realsense2_camera_msgs/realsense2_camera_msgs/srv/detail/device_info__struct.h
[2.564s] -- Up-to-date: /home/amir/interbotix_ws/install/realsense2_camera_msgs/include/realsense2_camera_msgs/realsense2_camera_msgs/srv/detail/device_info__functions.h
[2.564s] -- Up-to-date: /home/amir/interbotix_ws/install/realsense2_camera_msgs/include/realsense2_camera_msgs/realsense2_camera_msgs/srv/detail/device_info__type_support.h
[2.565s] -- Up-to-date: /home/amir/interbotix_ws/install/realsense2_camera_msgs/include/realsense2_camera_msgs/realsense2_camera_msgs/msg
[2.565s] -- Up-to-date: /home/amir/interbotix_ws/install/realsense2_camera_msgs/include/realsense2_camera_msgs/realsense2_camera_msgs/msg/metadata.h
[2.565s] -- Up-to-date: /home/amir/interbotix_ws/install/realsense2_camera_msgs/include/realsense2_camera_msgs/realsense2_camera_msgs/msg/extrinsics.h
[2.566s] -- Up-to-date: /home/amir/interbotix_ws/install/realsense2_camera_msgs/include/realsense2_camera_msgs/realsense2_camera_msgs/msg/rosidl_generator_c__visibility_control.h
[2.566s] -- Up-to-date: /home/amir/interbotix_ws/install/realsense2_camera_msgs/include/realsense2_camera_msgs/realsense2_camera_msgs/msg/detail
[2.566s] -- Up-to-date: /home/amir/interbotix_ws/install/realsense2_camera_msgs/include/realsense2_camera_msgs/realsense2_camera_msgs/msg/detail/imu_info__struct.h
[2.566s] -- Up-to-date: /home/amir/interbotix_ws/install/realsense2_camera_msgs/include/realsense2_camera_msgs/realsense2_camera_msgs/msg/detail/extrinsics__functions.h
[2.566s] -- Up-to-date: /home/amir/interbotix_ws/install/realsense2_camera_msgs/include/realsense2_camera_msgs/realsense2_camera_msgs/msg/detail/imu_info__functions.h
[2.566s] -- Up-to-date: /home/amir/interbotix_ws/install/realsense2_camera_msgs/include/realsense2_camera_msgs/realsense2_camera_msgs/msg/detail/extrinsics__functions.c
[2.566s] -- Up-to-date: /home/amir/interbotix_ws/install/realsense2_camera_msgs/include/realsense2_camera_msgs/realsense2_camera_msgs/msg/detail/metadata__functions.h
[2.570s] -- Up-to-date: /home/amir/interbotix_ws/install/realsense2_camera_msgs/include/realsense2_camera_msgs/realsense2_camera_msgs/msg/detail/metadata__functions.c
[2.570s] -- Up-to-date: /home/amir/interbotix_ws/install/realsense2_camera_msgs/include/realsense2_camera_msgs/realsense2_camera_msgs/msg/detail/imu_info__functions.c
[2.570s] -- Up-to-date: /home/amir/interbotix_ws/install/realsense2_camera_msgs/include/realsense2_camera_msgs/realsense2_camera_msgs/msg/detail/metadata__struct.h
[2.570s] -- Up-to-date: /home/amir/interbotix_ws/install/realsense2_camera_msgs/include/realsense2_camera_msgs/realsense2_camera_msgs/msg/detail/metadata__type_support.h
[2.571s] -- Up-to-date: /home/amir/interbotix_ws/install/realsense2_camera_msgs/include/realsense2_camera_msgs/realsense2_camera_msgs/msg/detail/extrinsics__type_support.h
[2.571s] -- Up-to-date: /home/amir/interbotix_ws/install/realsense2_camera_msgs/include/realsense2_camera_msgs/realsense2_camera_msgs/msg/detail/extrinsics__struct.h
[2.571s] -- Up-to-date: /home/amir/interbotix_ws/install/realsense2_camera_msgs/include/realsense2_camera_msgs/realsense2_camera_msgs/msg/detail/imu_info__type_support.h
[2.571s] -- Up-to-date: /home/amir/interbotix_ws/install/realsense2_camera_msgs/include/realsense2_camera_msgs/realsense2_camera_msgs/msg/imu_info.h
[2.571s] -- Up-to-date: /home/amir/interbotix_ws/install/realsense2_camera_msgs/share/realsense2_camera_msgs/environment/library_path.sh
[2.571s] -- Up-to-date: /home/amir/interbotix_ws/install/realsense2_camera_msgs/share/realsense2_camera_msgs/environment/library_path.dsv
[2.572s] -- Up-to-date: /home/amir/interbotix_ws/install/realsense2_camera_msgs/lib/librealsense2_camera_msgs__rosidl_generator_c.so
[2.572s] -- Up-to-date: /home/amir/interbotix_ws/install/realsense2_camera_msgs/include/realsense2_camera_msgs/realsense2_camera_msgs
[2.572s] -- Up-to-date: /home/amir/interbotix_ws/install/realsense2_camera_msgs/include/realsense2_camera_msgs/realsense2_camera_msgs/srv
[2.572s] -- Up-to-date: /home/amir/interbotix_ws/install/realsense2_camera_msgs/include/realsense2_camera_msgs/realsense2_camera_msgs/srv/detail
[2.572s] -- Up-to-date: /home/amir/interbotix_ws/install/realsense2_camera_msgs/include/realsense2_camera_msgs/realsense2_camera_msgs/srv/detail/device_info__rosidl_typesupport_fastrtps_c.h
[2.572s] -- Up-to-date: /home/amir/interbotix_ws/install/realsense2_camera_msgs/include/realsense2_camera_msgs/realsense2_camera_msgs/msg
[2.573s] -- Up-to-date: /home/amir/interbotix_ws/install/realsense2_camera_msgs/include/realsense2_camera_msgs/realsense2_camera_msgs/msg/rosidl_typesupport_fastrtps_c__visibility_control.h
[2.575s] -- Up-to-date: /home/amir/interbotix_ws/install/realsense2_camera_msgs/include/realsense2_camera_msgs/realsense2_camera_msgs/msg/detail
[2.575s] -- Up-to-date: /home/amir/interbotix_ws/install/realsense2_camera_msgs/include/realsense2_camera_msgs/realsense2_camera_msgs/msg/detail/imu_info__rosidl_typesupport_fastrtps_c.h
[2.575s] -- Up-to-date: /home/amir/interbotix_ws/install/realsense2_camera_msgs/include/realsense2_camera_msgs/realsense2_camera_msgs/msg/detail/extrinsics__rosidl_typesupport_fastrtps_c.h
[2.575s] -- Up-to-date: /home/amir/interbotix_ws/install/realsense2_camera_msgs/include/realsense2_camera_msgs/realsense2_camera_msgs/msg/detail/metadata__rosidl_typesupport_fastrtps_c.h
[2.575s] -- Up-to-date: /home/amir/interbotix_ws/install/realsense2_camera_msgs/lib/librealsense2_camera_msgs__rosidl_typesupport_fastrtps_c.so
[2.575s] -- Up-to-date: /home/amir/interbotix_ws/install/realsense2_camera_msgs/include/realsense2_camera_msgs/realsense2_camera_msgs
[2.576s] -- Up-to-date: /home/amir/interbotix_ws/install/realsense2_camera_msgs/include/realsense2_camera_msgs/realsense2_camera_msgs/srv
[2.576s] -- Up-to-date: /home/amir/interbotix_ws/install/realsense2_camera_msgs/include/realsense2_camera_msgs/realsense2_camera_msgs/srv/detail
[2.576s] -- Up-to-date: /home/amir/interbotix_ws/install/realsense2_camera_msgs/include/realsense2_camera_msgs/realsense2_camera_msgs/srv/detail/device_info__type_support.c
[2.576s] -- Up-to-date: /home/amir/interbotix_ws/install/realsense2_camera_msgs/include/realsense2_camera_msgs/realsense2_camera_msgs/srv/detail/device_info__rosidl_typesupport_introspection_c.h
[2.579s] -- Up-to-date: /home/amir/interbotix_ws/install/realsense2_camera_msgs/include/realsense2_camera_msgs/realsense2_camera_msgs/msg
[2.581s] -- Up-to-date: /home/amir/interbotix_ws/install/realsense2_camera_msgs/include/realsense2_camera_msgs/realsense2_camera_msgs/msg/rosidl_typesupport_introspection_c__visibility_control.h
[2.581s] -- Up-to-date: /home/amir/interbotix_ws/install/realsense2_camera_msgs/include/realsense2_camera_msgs/realsense2_camera_msgs/msg/detail
[2.582s] -- Up-to-date: /home/amir/interbotix_ws/install/realsense2_camera_msgs/include/realsense2_camera_msgs/realsense2_camera_msgs/msg/detail/metadata__rosidl_typesupport_introspection_c.h
[2.582s] -- Up-to-date: /home/amir/interbotix_ws/install/realsense2_camera_msgs/include/realsense2_camera_msgs/realsense2_camera_msgs/msg/detail/extrinsics__type_support.c
[2.582s] -- Up-to-date: /home/amir/interbotix_ws/install/realsense2_camera_msgs/include/realsense2_camera_msgs/realsense2_camera_msgs/msg/detail/extrinsics__rosidl_typesupport_introspection_c.h
[2.582s] -- Up-to-date: /home/amir/interbotix_ws/install/realsense2_camera_msgs/include/realsense2_camera_msgs/realsense2_camera_msgs/msg/detail/metadata__type_support.c
[2.584s] -- Up-to-date: /home/amir/interbotix_ws/install/realsense2_camera_msgs/include/realsense2_camera_msgs/realsense2_camera_msgs/msg/detail/imu_info__type_support.c
[2.584s] -- Up-to-date: /home/amir/interbotix_ws/install/realsense2_camera_msgs/include/realsense2_camera_msgs/realsense2_camera_msgs/msg/detail/imu_info__rosidl_typesupport_introspection_c.h
[2.585s] -- Up-to-date: /home/amir/interbotix_ws/install/realsense2_camera_msgs/lib/librealsense2_camera_msgs__rosidl_typesupport_introspection_c.so
[2.586s] -- Up-to-date: /home/amir/interbotix_ws/install/realsense2_camera_msgs/lib/librealsense2_camera_msgs__rosidl_typesupport_c.so
[2.586s] -- Up-to-date: /home/amir/interbotix_ws/install/realsense2_camera_msgs/include/realsense2_camera_msgs/realsense2_camera_msgs
[2.586s] -- Up-to-date: /home/amir/interbotix_ws/install/realsense2_camera_msgs/include/realsense2_camera_msgs/realsense2_camera_msgs/srv
[2.587s] -- Up-to-date: /home/amir/interbotix_ws/install/realsense2_camera_msgs/include/realsense2_camera_msgs/realsense2_camera_msgs/srv/detail
[2.588s] -- Up-to-date: /home/amir/interbotix_ws/install/realsense2_camera_msgs/include/realsense2_camera_msgs/realsense2_camera_msgs/srv/detail/device_info__traits.hpp
[2.589s] -- Up-to-date: /home/amir/interbotix_ws/install/realsense2_camera_msgs/include/realsense2_camera_msgs/realsense2_camera_msgs/srv/detail/device_info__builder.hpp
[2.589s] -- Up-to-date: /home/amir/interbotix_ws/install/realsense2_camera_msgs/include/realsense2_camera_msgs/realsense2_camera_msgs/srv/detail/device_info__struct.hpp
[2.589s] -- Up-to-date: /home/amir/interbotix_ws/install/realsense2_camera_msgs/include/realsense2_camera_msgs/realsense2_camera_msgs/srv/device_info.hpp
[2.590s] -- Up-to-date: /home/amir/interbotix_ws/install/realsense2_camera_msgs/include/realsense2_camera_msgs/realsense2_camera_msgs/msg
[2.591s] -- Up-to-date: /home/amir/interbotix_ws/install/realsense2_camera_msgs/include/realsense2_camera_msgs/realsense2_camera_msgs/msg/metadata.hpp
[2.592s] -- Up-to-date: /home/amir/interbotix_ws/install/realsense2_camera_msgs/include/realsense2_camera_msgs/realsense2_camera_msgs/msg/detail
[2.592s] -- Up-to-date: /home/amir/interbotix_ws/install/realsense2_camera_msgs/include/realsense2_camera_msgs/realsense2_camera_msgs/msg/detail/metadata__traits.hpp
[2.593s] -- Up-to-date: /home/amir/interbotix_ws/install/realsense2_camera_msgs/include/realsense2_camera_msgs/realsense2_camera_msgs/msg/detail/imu_info__traits.hpp
[2.593s] -- Up-to-date: /home/amir/interbotix_ws/install/realsense2_camera_msgs/include/realsense2_camera_msgs/realsense2_camera_msgs/msg/detail/extrinsics__traits.hpp
[2.594s] -- Up-to-date: /home/amir/interbotix_ws/install/realsense2_camera_msgs/include/realsense2_camera_msgs/realsense2_camera_msgs/msg/detail/imu_info__struct.hpp
[2.594s] -- Up-to-date: /home/amir/interbotix_ws/install/realsense2_camera_msgs/include/realsense2_camera_msgs/realsense2_camera_msgs/msg/detail/metadata__builder.hpp
[2.595s] -- Up-to-date: /home/amir/interbotix_ws/install/realsense2_camera_msgs/include/realsense2_camera_msgs/realsense2_camera_msgs/msg/detail/imu_info__builder.hpp
[2.595s] -- Up-to-date: /home/amir/interbotix_ws/install/realsense2_camera_msgs/include/realsense2_camera_msgs/realsense2_camera_msgs/msg/detail/metadata__struct.hpp
[2.599s] -- Up-to-date: /home/amir/interbotix_ws/install/realsense2_camera_msgs/include/realsense2_camera_msgs/realsense2_camera_msgs/msg/detail/extrinsics__struct.hpp
[2.600s] -- Up-to-date: /home/amir/interbotix_ws/install/realsense2_camera_msgs/include/realsense2_camera_msgs/realsense2_camera_msgs/msg/detail/extrinsics__builder.hpp
[2.600s] -- Up-to-date: /home/amir/interbotix_ws/install/realsense2_camera_msgs/include/realsense2_camera_msgs/realsense2_camera_msgs/msg/extrinsics.hpp
[2.601s] -- Up-to-date: /home/amir/interbotix_ws/install/realsense2_camera_msgs/include/realsense2_camera_msgs/realsense2_camera_msgs/msg/imu_info.hpp
[2.601s] -- Up-to-date: /home/amir/interbotix_ws/install/realsense2_camera_msgs/include/realsense2_camera_msgs/realsense2_camera_msgs
[2.602s] -- Up-to-date: /home/amir/interbotix_ws/install/realsense2_camera_msgs/include/realsense2_camera_msgs/realsense2_camera_msgs/srv
[2.602s] -- Up-to-date: /home/amir/interbotix_ws/install/realsense2_camera_msgs/include/realsense2_camera_msgs/realsense2_camera_msgs/srv/detail
[2.603s] -- Up-to-date: /home/amir/interbotix_ws/install/realsense2_camera_msgs/include/realsense2_camera_msgs/realsense2_camera_msgs/srv/detail/device_info__rosidl_typesupport_fastrtps_cpp.hpp
[2.603s] -- Up-to-date: /home/amir/interbotix_ws/install/realsense2_camera_msgs/include/realsense2_camera_msgs/realsense2_camera_msgs/srv/detail/dds_fastrtps
[2.603s] -- Up-to-date: /home/amir/interbotix_ws/install/realsense2_camera_msgs/include/realsense2_camera_msgs/realsense2_camera_msgs/msg
[2.603s] -- Up-to-date: /home/amir/interbotix_ws/install/realsense2_camera_msgs/include/realsense2_camera_msgs/realsense2_camera_msgs/msg/detail
[2.604s] -- Up-to-date: /home/amir/interbotix_ws/install/realsense2_camera_msgs/include/realsense2_camera_msgs/realsense2_camera_msgs/msg/detail/dds_fastrtps
[2.604s] -- Up-to-date: /home/amir/interbotix_ws/install/realsense2_camera_msgs/include/realsense2_camera_msgs/realsense2_camera_msgs/msg/detail/imu_info__rosidl_typesupport_fastrtps_cpp.hpp
[2.604s] -- Up-to-date: /home/amir/interbotix_ws/install/realsense2_camera_msgs/include/realsense2_camera_msgs/realsense2_camera_msgs/msg/detail/extrinsics__rosidl_typesupport_fastrtps_cpp.hpp
[2.604s] -- Up-to-date: /home/amir/interbotix_ws/install/realsense2_camera_msgs/include/realsense2_camera_msgs/realsense2_camera_msgs/msg/detail/metadata__rosidl_typesupport_fastrtps_cpp.hpp
[2.604s] -- Up-to-date: /home/amir/interbotix_ws/install/realsense2_camera_msgs/include/realsense2_camera_msgs/realsense2_camera_msgs/msg/rosidl_typesupport_fastrtps_cpp__visibility_control.h
[2.606s] -- Up-to-date: /home/amir/interbotix_ws/install/realsense2_camera_msgs/lib/librealsense2_camera_msgs__rosidl_typesupport_fastrtps_cpp.so
[2.607s] -- Up-to-date: /home/amir/interbotix_ws/install/realsense2_camera_msgs/include/realsense2_camera_msgs/realsense2_camera_msgs
[2.609s] -- Up-to-date: /home/amir/interbotix_ws/install/realsense2_camera_msgs/include/realsense2_camera_msgs/realsense2_camera_msgs/srv
[2.609s] -- Up-to-date: /home/amir/interbotix_ws/install/realsense2_camera_msgs/include/realsense2_camera_msgs/realsense2_camera_msgs/srv/detail
[2.609s] -- Up-to-date: /home/amir/interbotix_ws/install/realsense2_camera_msgs/include/realsense2_camera_msgs/realsense2_camera_msgs/srv/detail/device_info__rosidl_typesupport_introspection_cpp.hpp
[2.610s] -- Up-to-date: /home/amir/interbotix_ws/install/realsense2_camera_msgs/include/realsense2_camera_msgs/realsense2_camera_msgs/srv/detail/device_info__type_support.cpp
[2.611s] -- Up-to-date: /home/amir/interbotix_ws/install/realsense2_camera_msgs/include/realsense2_camera_msgs/realsense2_camera_msgs/msg
[2.611s] -- Up-to-date: /home/amir/interbotix_ws/install/realsense2_camera_msgs/include/realsense2_camera_msgs/realsense2_camera_msgs/msg/detail
[2.611s] -- Up-to-date: /home/amir/interbotix_ws/install/realsense2_camera_msgs/include/realsense2_camera_msgs/realsense2_camera_msgs/msg/detail/metadata__rosidl_typesupport_introspection_cpp.hpp
[2.611s] -- Up-to-date: /home/amir/interbotix_ws/install/realsense2_camera_msgs/include/realsense2_camera_msgs/realsense2_camera_msgs/msg/detail/extrinsics__rosidl_typesupport_introspection_cpp.hpp
[2.611s] -- Up-to-date: /home/amir/interbotix_ws/install/realsense2_camera_msgs/include/realsense2_camera_msgs/realsense2_camera_msgs/msg/detail/metadata__type_support.cpp
[2.612s] -- Up-to-date: /home/amir/interbotix_ws/install/realsense2_camera_msgs/include/realsense2_camera_msgs/realsense2_camera_msgs/msg/detail/imu_info__rosidl_typesupport_introspection_cpp.hpp
[2.613s] -- Up-to-date: /home/amir/interbotix_ws/install/realsense2_camera_msgs/include/realsense2_camera_msgs/realsense2_camera_msgs/msg/detail/imu_info__type_support.cpp
[2.613s] -- Up-to-date: /home/amir/interbotix_ws/install/realsense2_camera_msgs/include/realsense2_camera_msgs/realsense2_camera_msgs/msg/detail/extrinsics__type_support.cpp
[2.615s] -- Up-to-date: /home/amir/interbotix_ws/install/realsense2_camera_msgs/lib/librealsense2_camera_msgs__rosidl_typesupport_introspection_cpp.so
[2.615s] -- Up-to-date: /home/amir/interbotix_ws/install/realsense2_camera_msgs/lib/librealsense2_camera_msgs__rosidl_typesupport_cpp.so
[2.616s] -- Up-to-date: /home/amir/interbotix_ws/install/realsense2_camera_msgs/share/realsense2_camera_msgs/environment/pythonpath.sh
[2.617s] -- Up-to-date: /home/amir/interbotix_ws/install/realsense2_camera_msgs/share/realsense2_camera_msgs/environment/pythonpath.dsv
[2.617s] -- Up-to-date: /home/amir/interbotix_ws/install/realsense2_camera_msgs/local/lib/python3.10/dist-packages/realsense2_camera_msgs-4.54.1-py3.10.egg-info
[2.617s] -- Installing: /home/amir/interbotix_ws/install/realsense2_camera_msgs/local/lib/python3.10/dist-packages/realsense2_camera_msgs-4.54.1-py3.10.egg-info/SOURCES.txt
[2.618s] -- Installing: /home/amir/interbotix_ws/install/realsense2_camera_msgs/local/lib/python3.10/dist-packages/realsense2_camera_msgs-4.54.1-py3.10.egg-info/top_level.txt
[2.618s] -- Installing: /home/amir/interbotix_ws/install/realsense2_camera_msgs/local/lib/python3.10/dist-packages/realsense2_camera_msgs-4.54.1-py3.10.egg-info/PKG-INFO
[2.619s] -- Installing: /home/amir/interbotix_ws/install/realsense2_camera_msgs/local/lib/python3.10/dist-packages/realsense2_camera_msgs-4.54.1-py3.10.egg-info/dependency_links.txt
[2.619s] -- Up-to-date: /home/amir/interbotix_ws/install/realsense2_camera_msgs/local/lib/python3.10/dist-packages/realsense2_camera_msgs
[2.619s] -- Up-to-date: /home/amir/interbotix_ws/install/realsense2_camera_msgs/local/lib/python3.10/dist-packages/realsense2_camera_msgs/librealsense2_camera_msgs__rosidl_generator_py.so
[2.619s] -- Up-to-date: /home/amir/interbotix_ws/install/realsense2_camera_msgs/local/lib/python3.10/dist-packages/realsense2_camera_msgs/srv
[2.620s] -- Up-to-date: /home/amir/interbotix_ws/install/realsense2_camera_msgs/local/lib/python3.10/dist-packages/realsense2_camera_msgs/srv/__init__.py
[2.620s] -- Up-to-date: /home/amir/interbotix_ws/install/realsense2_camera_msgs/local/lib/python3.10/dist-packages/realsense2_camera_msgs/srv/_device_info.py
[2.620s] -- Up-to-date: /home/amir/interbotix_ws/install/realsense2_camera_msgs/local/lib/python3.10/dist-packages/realsense2_camera_msgs/srv/_device_info_s.c
[2.620s] -- Up-to-date: /home/amir/interbotix_ws/install/realsense2_camera_msgs/local/lib/python3.10/dist-packages/realsense2_camera_msgs/msg
[2.622s] -- Up-to-date: /home/amir/interbotix_ws/install/realsense2_camera_msgs/local/lib/python3.10/dist-packages/realsense2_camera_msgs/msg/_imu_info.py
[2.622s] -- Up-to-date: /home/amir/interbotix_ws/install/realsense2_camera_msgs/local/lib/python3.10/dist-packages/realsense2_camera_msgs/msg/_metadata_s.c
[2.622s] -- Up-to-date: /home/amir/interbotix_ws/install/realsense2_camera_msgs/local/lib/python3.10/dist-packages/realsense2_camera_msgs/msg/_imu_info_s.c
[2.623s] -- Up-to-date: /home/amir/interbotix_ws/install/realsense2_camera_msgs/local/lib/python3.10/dist-packages/realsense2_camera_msgs/msg/__init__.py
[2.623s] -- Up-to-date: /home/amir/interbotix_ws/install/realsense2_camera_msgs/local/lib/python3.10/dist-packages/realsense2_camera_msgs/msg/_metadata.py
[2.623s] -- Up-to-date: /home/amir/interbotix_ws/install/realsense2_camera_msgs/local/lib/python3.10/dist-packages/realsense2_camera_msgs/msg/_extrinsics.py
[2.624s] -- Up-to-date: /home/amir/interbotix_ws/install/realsense2_camera_msgs/local/lib/python3.10/dist-packages/realsense2_camera_msgs/msg/_extrinsics_s.c
[2.624s] -- Up-to-date: /home/amir/interbotix_ws/install/realsense2_camera_msgs/local/lib/python3.10/dist-packages/realsense2_camera_msgs/__init__.py
[2.624s] -- Up-to-date: /home/amir/interbotix_ws/install/realsense2_camera_msgs/local/lib/python3.10/dist-packages/realsense2_camera_msgs/realsense2_camera_msgs_s__rosidl_typesupport_introspection_c.cpython-310-x86_64-linux-gnu.so
[2.624s] -- Up-to-date: /home/amir/interbotix_ws/install/realsense2_camera_msgs/local/lib/python3.10/dist-packages/realsense2_camera_msgs/_realsense2_camera_msgs_s.ep.rosidl_typesupport_c.c
[2.624s] -- Up-to-date: /home/amir/interbotix_ws/install/realsense2_camera_msgs/local/lib/python3.10/dist-packages/realsense2_camera_msgs/realsense2_camera_msgs_s__rosidl_typesupport_fastrtps_c.cpython-310-x86_64-linux-gnu.so
[2.624s] -- Up-to-date: /home/amir/interbotix_ws/install/realsense2_camera_msgs/local/lib/python3.10/dist-packages/realsense2_camera_msgs/_realsense2_camera_msgs_s.ep.rosidl_typesupport_introspection_c.c
[2.625s] -- Up-to-date: /home/amir/interbotix_ws/install/realsense2_camera_msgs/local/lib/python3.10/dist-packages/realsense2_camera_msgs/_realsense2_camera_msgs_s.ep.rosidl_typesupport_fastrtps_c.c
[2.625s] -- Up-to-date: /home/amir/interbotix_ws/install/realsense2_camera_msgs/local/lib/python3.10/dist-packages/realsense2_camera_msgs/realsense2_camera_msgs_s__rosidl_typesupport_c.cpython-310-x86_64-linux-gnu.so
[2.765s] Listing '/home/amir/interbotix_ws/install/realsense2_camera_msgs/local/lib/python3.10/dist-packages/realsense2_camera_msgs'...
[2.765s] Listing '/home/amir/interbotix_ws/install/realsense2_camera_msgs/local/lib/python3.10/dist-packages/realsense2_camera_msgs/msg'...
[2.765s] Listing '/home/amir/interbotix_ws/install/realsense2_camera_msgs/local/lib/python3.10/dist-packages/realsense2_camera_msgs/srv'...
[2.773s] -- Up-to-date: /home/amir/interbotix_ws/install/realsense2_camera_msgs/local/lib/python3.10/dist-packages/realsense2_camera_msgs/realsense2_camera_msgs_s__rosidl_typesupport_fastrtps_c.cpython-310-x86_64-linux-gnu.so
[2.774s] -- Up-to-date: /home/amir/interbotix_ws/install/realsense2_camera_msgs/local/lib/python3.10/dist-packages/realsense2_camera_msgs/realsense2_camera_msgs_s__rosidl_typesupport_introspection_c.cpython-310-x86_64-linux-gnu.so
[2.775s] -- Up-to-date: /home/amir/interbotix_ws/install/realsense2_camera_msgs/local/lib/python3.10/dist-packages/realsense2_camera_msgs/realsense2_camera_msgs_s__rosidl_typesupport_c.cpython-310-x86_64-linux-gnu.so
[2.776s] -- Up-to-date: /home/amir/interbotix_ws/install/realsense2_camera_msgs/lib/librealsense2_camera_msgs__rosidl_generator_py.so
[2.777s] -- Up-to-date: /home/amir/interbotix_ws/install/realsense2_camera_msgs/share/realsense2_camera_msgs/msg/IMUInfo.idl
[2.778s] -- Up-to-date: /home/amir/interbotix_ws/install/realsense2_camera_msgs/share/realsense2_camera_msgs/msg/Extrinsics.idl
[2.778s] -- Up-to-date: /home/amir/interbotix_ws/install/realsense2_camera_msgs/share/realsense2_camera_msgs/msg/Metadata.idl
[2.779s] -- Up-to-date: /home/amir/interbotix_ws/install/realsense2_camera_msgs/share/realsense2_camera_msgs/srv/DeviceInfo.idl
[2.781s] -- Up-to-date: /home/amir/interbotix_ws/install/realsense2_camera_msgs/share/realsense2_camera_msgs/msg/IMUInfo.msg
[2.781s] -- Up-to-date: /home/amir/interbotix_ws/install/realsense2_camera_msgs/share/realsense2_camera_msgs/msg/Extrinsics.msg
[2.782s] -- Up-to-date: /home/amir/interbotix_ws/install/realsense2_camera_msgs/share/realsense2_camera_msgs/msg/Metadata.msg
[2.782s] -- Up-to-date: /home/amir/interbotix_ws/install/realsense2_camera_msgs/share/realsense2_camera_msgs/srv/DeviceInfo.srv
[2.782s] -- Up-to-date: /home/amir/interbotix_ws/install/realsense2_camera_msgs/share/realsense2_camera_msgs/srv/DeviceInfo_Request.msg
[2.782s] -- Up-to-date: /home/amir/interbotix_ws/install/realsense2_camera_msgs/share/realsense2_camera_msgs/srv/DeviceInfo_Response.msg
[2.783s] -- Up-to-date: /home/amir/interbotix_ws/install/realsense2_camera_msgs/share/ament_index/resource_index/package_run_dependencies/realsense2_camera_msgs
[2.783s] -- Up-to-date: /home/amir/interbotix_ws/install/realsense2_camera_msgs/share/ament_index/resource_index/parent_prefix_path/realsense2_camera_msgs
[2.783s] -- Up-to-date: /home/amir/interbotix_ws/install/realsense2_camera_msgs/share/realsense2_camera_msgs/environment/ament_prefix_path.sh
[2.783s] -- Up-to-date: /home/amir/interbotix_ws/install/realsense2_camera_msgs/share/realsense2_camera_msgs/environment/ament_prefix_path.dsv
[2.783s] -- Up-to-date: /home/amir/interbotix_ws/install/realsense2_camera_msgs/share/realsense2_camera_msgs/environment/path.sh
[2.783s] -- Up-to-date: /home/amir/interbotix_ws/install/realsense2_camera_msgs/share/realsense2_camera_msgs/environment/path.dsv
[2.784s] -- Up-to-date: /home/amir/interbotix_ws/install/realsense2_camera_msgs/share/realsense2_camera_msgs/local_setup.bash
[2.785s] -- Up-to-date: /home/amir/interbotix_ws/install/realsense2_camera_msgs/share/realsense2_camera_msgs/local_setup.sh
[2.786s] -- Up-to-date: /home/amir/interbotix_ws/install/realsense2_camera_msgs/share/realsense2_camera_msgs/local_setup.zsh
[2.786s] -- Up-to-date: /home/amir/interbotix_ws/install/realsense2_camera_msgs/share/realsense2_camera_msgs/local_setup.dsv
[2.786s] -- Installing: /home/amir/interbotix_ws/install/realsense2_camera_msgs/share/realsense2_camera_msgs/package.dsv
[2.786s] -- Up-to-date: /home/amir/interbotix_ws/install/realsense2_camera_msgs/share/ament_index/resource_index/packages/realsense2_camera_msgs
[2.787s] -- Up-to-date: /home/amir/interbotix_ws/install/realsense2_camera_msgs/share/realsense2_camera_msgs/cmake/export_realsense2_camera_msgs__rosidl_generator_cExport.cmake
[2.787s] -- Up-to-date: /home/amir/interbotix_ws/install/realsense2_camera_msgs/share/realsense2_camera_msgs/cmake/export_realsense2_camera_msgs__rosidl_generator_cExport-noconfig.cmake
[2.788s] -- Up-to-date: /home/amir/interbotix_ws/install/realsense2_camera_msgs/share/realsense2_camera_msgs/cmake/export_realsense2_camera_msgs__rosidl_typesupport_fastrtps_cExport.cmake
[2.788s] -- Up-to-date: /home/amir/interbotix_ws/install/realsense2_camera_msgs/share/realsense2_camera_msgs/cmake/export_realsense2_camera_msgs__rosidl_typesupport_fastrtps_cExport-noconfig.cmake
[2.789s] -- Up-to-date: /home/amir/interbotix_ws/install/realsense2_camera_msgs/share/realsense2_camera_msgs/cmake/realsense2_camera_msgs__rosidl_typesupport_introspection_cExport.cmake
[2.789s] -- Up-to-date: /home/amir/interbotix_ws/install/realsense2_camera_msgs/share/realsense2_camera_msgs/cmake/realsense2_camera_msgs__rosidl_typesupport_introspection_cExport-noconfig.cmake
[2.790s] -- Up-to-date: /home/amir/interbotix_ws/install/realsense2_camera_msgs/share/realsense2_camera_msgs/cmake/realsense2_camera_msgs__rosidl_typesupport_cExport.cmake
[2.790s] -- Up-to-date: /home/amir/interbotix_ws/install/realsense2_camera_msgs/share/realsense2_camera_msgs/cmake/realsense2_camera_msgs__rosidl_typesupport_cExport-noconfig.cmake
[2.791s] -- Up-to-date: /home/amir/interbotix_ws/install/realsense2_camera_msgs/share/realsense2_camera_msgs/cmake/export_realsense2_camera_msgs__rosidl_generator_cppExport.cmake
[2.791s] -- Up-to-date: /home/amir/interbotix_ws/install/realsense2_camera_msgs/share/realsense2_camera_msgs/cmake/export_realsense2_camera_msgs__rosidl_typesupport_fastrtps_cppExport.cmake
[2.792s] -- Up-to-date: /home/amir/interbotix_ws/install/realsense2_camera_msgs/share/realsense2_camera_msgs/cmake/export_realsense2_camera_msgs__rosidl_typesupport_fastrtps_cppExport-noconfig.cmake
[2.796s] -- Up-to-date: /home/amir/interbotix_ws/install/realsense2_camera_msgs/share/realsense2_camera_msgs/cmake/realsense2_camera_msgs__rosidl_typesupport_introspection_cppExport.cmake
[2.796s] -- Up-to-date: /home/amir/interbotix_ws/install/realsense2_camera_msgs/share/realsense2_camera_msgs/cmake/realsense2_camera_msgs__rosidl_typesupport_introspection_cppExport-noconfig.cmake
[2.796s] -- Up-to-date: /home/amir/interbotix_ws/install/realsense2_camera_msgs/share/realsense2_camera_msgs/cmake/realsense2_camera_msgs__rosidl_typesupport_cppExport.cmake
[2.797s] -- Up-to-date: /home/amir/interbotix_ws/install/realsense2_camera_msgs/share/realsense2_camera_msgs/cmake/realsense2_camera_msgs__rosidl_typesupport_cppExport-noconfig.cmake
[2.797s] -- Up-to-date: /home/amir/interbotix_ws/install/realsense2_camera_msgs/share/realsense2_camera_msgs/cmake/export_realsense2_camera_msgs__rosidl_generator_pyExport.cmake
[2.797s] -- Up-to-date: /home/amir/interbotix_ws/install/realsense2_camera_msgs/share/realsense2_camera_msgs/cmake/export_realsense2_camera_msgs__rosidl_generator_pyExport-noconfig.cmake
[2.803s] -- Up-to-date: /home/amir/interbotix_ws/install/realsense2_camera_msgs/share/realsense2_camera_msgs/cmake/rosidl_cmake-extras.cmake
[2.804s] -- Up-to-date: /home/amir/interbotix_ws/install/realsense2_camera_msgs/share/realsense2_camera_msgs/cmake/ament_cmake_export_dependencies-extras.cmake
[2.804s] -- Up-to-date: /home/amir/interbotix_ws/install/realsense2_camera_msgs/share/realsense2_camera_msgs/cmake/ament_cmake_export_include_directories-extras.cmake
[2.804s] -- Up-to-date: /home/amir/interbotix_ws/install/realsense2_camera_msgs/share/realsense2_camera_msgs/cmake/ament_cmake_export_libraries-extras.cmake
[2.804s] -- Up-to-date: /home/amir/interbotix_ws/install/realsense2_camera_msgs/share/realsense2_camera_msgs/cmake/ament_cmake_export_targets-extras.cmake
[2.804s] -- Up-to-date: /home/amir/interbotix_ws/install/realsense2_camera_msgs/share/realsense2_camera_msgs/cmake/rosidl_cmake_export_typesupport_targets-extras.cmake
[2.809s] -- Up-to-date: /home/amir/interbotix_ws/install/realsense2_camera_msgs/share/realsense2_camera_msgs/cmake/rosidl_cmake_export_typesupport_libraries-extras.cmake
[2.809s] -- Up-to-date: /home/amir/interbotix_ws/install/realsense2_camera_msgs/share/realsense2_camera_msgs/cmake/realsense2_camera_msgsConfig.cmake
[2.809s] -- Up-to-date: /home/amir/interbotix_ws/install/realsense2_camera_msgs/share/realsense2_camera_msgs/cmake/realsense2_camera_msgsConfig-version.cmake
[2.810s] -- Up-to-date: /home/amir/interbotix_ws/install/realsense2_camera_msgs/share/realsense2_camera_msgs/package.xml
[2.817s] Invoked command in '/home/amir/interbotix_ws/build/realsense2_camera_msgs' returned '0': CMAKE_PREFIX_PATH=${CMAKE_PREFIX_PATH}:/home/amir/camera_intel/install/camera_intel:/home/amir/interbotix_ws/install/interbotix_xs_modules:/home/amir/interbotix_ws/install/interbotix_perception_modules:/home/amir/interbotix_ws/install/interbotix_common_modules:/opt/ros/humble /usr/bin/cmake --install /home/amir/interbotix_ws/build/realsense2_camera_msgs
