[2.382s] Invoking command in '/home/amir/interbotix_ws/build/interbotix_common_modules': PS1=\[\e]0;\u@\h: \w\a\]${debian_chroot:+($debian_chroot)}\[\033[01;32m\]\u@\h\[\033[00m\]:\[\033[01;34m\]\w\[\033[00m\]\$ PYTHONPATH=/home/amir/interbotix_ws/build/interbotix_common_modules/prefix_override:/usr/lib/python3/dist-packages/colcon_core/task/python/colcon_distutils_commands:/home/amir/interbotix_ws/install/interbotix_common_modules/lib/python3.10/site-packages:${PYTHONPATH} /usr/bin/python3 -W ignore:setup.py install is deprecated setup.py develop --editable --build-directory /home/amir/interbotix_ws/build/interbotix_common_modules/build --no-deps symlink_data
[3.547s] running develop
[3.548s] /home/amir/.local/lib/python3.10/site-packages/setuptools/command/easy_install.py:144: EasyInstallDeprecationWarning: easy_install command is deprecated. Use build and pip and other standards-based tools.
[3.548s]   warnings.warn(
[4.271s] running egg_info
[4.271s] creating interbotix_common_modules.egg-info
[4.316s] writing interbotix_common_modules.egg-info/PKG-INFO
[4.318s] writing dependency_links to interbotix_common_modules.egg-info/dependency_links.txt
[4.318s] writing requirements to interbotix_common_modules.egg-info/requires.txt
[4.319s] writing top-level names to interbotix_common_modules.egg-info/top_level.txt
[4.319s] writing manifest file 'interbotix_common_modules.egg-info/SOURCES.txt'
[4.459s] reading manifest file 'interbotix_common_modules.egg-info/SOURCES.txt'
[4.459s] writing manifest file 'interbotix_common_modules.egg-info/SOURCES.txt'
[4.517s] running build_ext
[4.517s] Creating /home/amir/interbotix_ws/install/interbotix_common_modules/lib/python3.10/site-packages/interbotix-common-modules.egg-link (link to .)
[4.523s] 
[4.524s] Installed /home/amir/interbotix_ws/build/interbotix_common_modules
[4.524s] running symlink_data
[4.524s] creating /home/amir/interbotix_ws/install/interbotix_common_modules/share/ament_index
[4.524s] creating /home/amir/interbotix_ws/install/interbotix_common_modules/share/ament_index/resource_index
[4.524s] creating /home/amir/interbotix_ws/install/interbotix_common_modules/share/ament_index/resource_index/packages
[4.524s] symbolically linking /home/amir/interbotix_ws/build/interbotix_common_modules/resource/interbotix_common_modules -> /home/amir/interbotix_ws/install/interbotix_common_modules/share/ament_index/resource_index/packages
[4.525s] symbolically linking /home/amir/interbotix_ws/build/interbotix_common_modules/package.xml -> /home/amir/interbotix_ws/install/interbotix_common_modules/share/interbotix_common_modules
[4.604s] Invoked command in '/home/amir/interbotix_ws/build/interbotix_common_modules' returned '0': PS1=\[\e]0;\u@\h: \w\a\]${debian_chroot:+($debian_chroot)}\[\033[01;32m\]\u@\h\[\033[00m\]:\[\033[01;34m\]\w\[\033[00m\]\$ PYTHONPATH=/home/amir/interbotix_ws/build/interbotix_common_modules/prefix_override:/usr/lib/python3/dist-packages/colcon_core/task/python/colcon_distutils_commands:/home/amir/interbotix_ws/install/interbotix_common_modules/lib/python3.10/site-packages:${PYTHONPATH} /usr/bin/python3 -W ignore:setup.py install is deprecated setup.py develop --editable --build-directory /home/amir/interbotix_ws/build/interbotix_common_modules/build --no-deps symlink_data
