[1.729s] Invoking command in '/home/amir/camera_intel/src/camera_intel': PYTHONPATH=/home/amir/camera_intel/build/camera_intel/prefix_override:/usr/lib/python3/dist-packages/colcon_core/task/python/colcon_distutils_commands:/home/amir/camera_intel/install/camera_intel/lib/python3.10/site-packages:${PYTHONPATH} /usr/bin/python3 -W ignore:setup.py install is deprecated setup.py egg_info --egg-base ../../build/camera_intel build --build-base /home/amir/camera_intel/build/camera_intel/build install --record /home/amir/camera_intel/build/camera_intel/install.log --single-version-externally-managed install_data
[2.258s] running egg_info
[2.297s] writing ../../build/camera_intel/camera_intel.egg-info/PKG-INFO
[2.298s] writing dependency_links to ../../build/camera_intel/camera_intel.egg-info/dependency_links.txt
[2.298s] writing entry points to ../../build/camera_intel/camera_intel.egg-info/entry_points.txt
[2.298s] writing requirements to ../../build/camera_intel/camera_intel.egg-info/requires.txt
[2.299s] writing top-level names to ../../build/camera_intel/camera_intel.egg-info/top_level.txt
[2.372s] reading manifest file '../../build/camera_intel/camera_intel.egg-info/SOURCES.txt'
[2.374s] writing manifest file '../../build/camera_intel/camera_intel.egg-info/SOURCES.txt'
[2.374s] running build
[2.375s] running build_py
[2.376s] running install
[2.388s] running install_lib
[2.426s] running install_data
[2.427s] running install_egg_info
[2.469s] removing '/home/amir/camera_intel/install/camera_intel/lib/python3.10/site-packages/camera_intel-0.0.0-py3.10.egg-info' (and everything under it)
[2.469s] Copying ../../build/camera_intel/camera_intel.egg-info to /home/amir/camera_intel/install/camera_intel/lib/python3.10/site-packages/camera_intel-0.0.0-py3.10.egg-info
[2.471s] running install_scripts
[2.838s] Installing Depth_wcoordinate script to /home/amir/camera_intel/install/camera_intel/lib/camera_intel
[2.839s] Installing camera_publisher script to /home/amir/camera_intel/install/camera_intel/lib/camera_intel
[2.839s] Installing camera_subscriber script to /home/amir/camera_intel/install/camera_intel/lib/camera_intel
[2.839s] Installing intel_pub script to /home/amir/camera_intel/install/camera_intel/lib/camera_intel
[2.839s] Installing intel_sub script to /home/amir/camera_intel/install/camera_intel/lib/camera_intel
[2.840s] Installing real_time_test_publisher script to /home/amir/camera_intel/install/camera_intel/lib/camera_intel
[2.840s] Installing real_time_test_subscriber script to /home/amir/camera_intel/install/camera_intel/lib/camera_intel
[2.841s] writing list of installed files to '/home/amir/camera_intel/build/camera_intel/install.log'
[2.893s] Invoked command in '/home/amir/camera_intel/src/camera_intel' returned '0': PYTHONPATH=/home/amir/camera_intel/build/camera_intel/prefix_override:/usr/lib/python3/dist-packages/colcon_core/task/python/colcon_distutils_commands:/home/amir/camera_intel/install/camera_intel/lib/python3.10/site-packages:${PYTHONPATH} /usr/bin/python3 -W ignore:setup.py install is deprecated setup.py egg_info --egg-base ../../build/camera_intel build --build-base /home/amir/camera_intel/build/camera_intel/build install --record /home/amir/camera_intel/build/camera_intel/install.log --single-version-externally-managed install_data
