[2.162s] Invoking command in '/home/amir/camera_intel/src/camera_intel': PYTHONPATH=/home/amir/camera_intel/build/camera_intel/prefix_override:/usr/lib/python3/dist-packages/colcon_core/task/python/colcon_distutils_commands:/home/amir/camera_intel/install/camera_intel/lib/python3.10/site-packages:${PYTHONPATH} /usr/bin/python3 -W ignore:setup.py install is deprecated setup.py egg_info --egg-base ../../build/camera_intel build --build-base /home/amir/camera_intel/build/camera_intel/build install --record /home/amir/camera_intel/build/camera_intel/install.log --single-version-externally-managed install_data
[2.679s] running egg_info
[2.716s] writing ../../build/camera_intel/camera_intel.egg-info/PKG-INFO
[2.717s] writing dependency_links to ../../build/camera_intel/camera_intel.egg-info/dependency_links.txt
[2.718s] writing entry points to ../../build/camera_intel/camera_intel.egg-info/entry_points.txt
[2.718s] writing requirements to ../../build/camera_intel/camera_intel.egg-info/requires.txt
[2.718s] writing top-level names to ../../build/camera_intel/camera_intel.egg-info/top_level.txt
[2.788s] reading manifest file '../../build/camera_intel/camera_intel.egg-info/SOURCES.txt'
[2.790s] writing manifest file '../../build/camera_intel/camera_intel.egg-info/SOURCES.txt'
[2.790s] running build
[2.790s] running build_py
[2.791s] copying camera_intel/intel_pub.py -> /home/amir/camera_intel/build/camera_intel/build/lib/camera_intel
[2.791s] running install
[2.802s] running install_lib
[2.837s] copying /home/amir/camera_intel/build/camera_intel/build/lib/camera_intel/intel_pub.py -> /home/amir/camera_intel/install/camera_intel/lib/python3.10/site-packages/camera_intel
[2.839s] byte-compiling /home/amir/camera_intel/install/camera_intel/lib/python3.10/site-packages/camera_intel/intel_pub.py to intel_pub.cpython-310.pyc
[2.841s] running install_data
[2.844s] running install_egg_info
[2.879s] removing '/home/amir/camera_intel/install/camera_intel/lib/python3.10/site-packages/camera_intel-0.0.0-py3.10.egg-info' (and everything under it)
[2.879s] Copying ../../build/camera_intel/camera_intel.egg-info to /home/amir/camera_intel/install/camera_intel/lib/python3.10/site-packages/camera_intel-0.0.0-py3.10.egg-info
[2.881s] running install_scripts
[3.256s] Installing Depth_wcoordinate script to /home/amir/camera_intel/install/camera_intel/lib/camera_intel
[3.256s] Installing camera_publisher script to /home/amir/camera_intel/install/camera_intel/lib/camera_intel
[3.256s] Installing camera_subscriber script to /home/amir/camera_intel/install/camera_intel/lib/camera_intel
[3.257s] Installing intel_pub script to /home/amir/camera_intel/install/camera_intel/lib/camera_intel
[3.257s] Installing intel_sub script to /home/amir/camera_intel/install/camera_intel/lib/camera_intel
[3.257s] Installing real_time_test_publisher script to /home/amir/camera_intel/install/camera_intel/lib/camera_intel
[3.258s] Installing real_time_test_subscriber script to /home/amir/camera_intel/install/camera_intel/lib/camera_intel
[3.259s] writing list of installed files to '/home/amir/camera_intel/build/camera_intel/install.log'
[3.302s] Invoked command in '/home/amir/camera_intel/src/camera_intel' returned '0': PYTHONPATH=/home/amir/camera_intel/build/camera_intel/prefix_override:/usr/lib/python3/dist-packages/colcon_core/task/python/colcon_distutils_commands:/home/amir/camera_intel/install/camera_intel/lib/python3.10/site-packages:${PYTHONPATH} /usr/bin/python3 -W ignore:setup.py install is deprecated setup.py egg_info --egg-base ../../build/camera_intel build --build-base /home/amir/camera_intel/build/camera_intel/build install --record /home/amir/camera_intel/build/camera_intel/install.log --single-version-externally-managed install_data
