[1.303s] Invoking command in '/home/amir/camera_intel/build/camera_intel': PYTHONPATH=/home/amir/camera_intel/build/camera_intel/prefix_override:/usr/lib/python3/dist-packages/colcon_core/task/python/colcon_distutils_commands:/home/amir/camera_intel/install/camera_intel/lib/python3.10/site-packages:${PYTHONPATH} /usr/bin/python3 -W ignore:setup.py install is deprecated setup.py develop --editable --build-directory /home/amir/camera_intel/build/camera_intel/build --no-deps symlink_data
[1.839s] running develop
[1.839s] /home/amir/.local/lib/python3.10/site-packages/setuptools/command/easy_install.py:144: EasyInstallDeprecationWarning: easy_install command is deprecated. Use build and pip and other standards-based tools.
[1.839s]   warnings.warn(
[2.215s] running egg_info
[2.242s] writing camera_intel.egg-info/PKG-INFO
[2.242s] writing dependency_links to camera_intel.egg-info/dependency_links.txt
[2.243s] writing entry points to camera_intel.egg-info/entry_points.txt
[2.243s] writing requirements to camera_intel.egg-info/requires.txt
[2.243s] writing top-level names to camera_intel.egg-info/top_level.txt
[2.295s] reading manifest file 'camera_intel.egg-info/SOURCES.txt'
[2.297s] writing manifest file 'camera_intel.egg-info/SOURCES.txt'
[2.324s] running build_ext
[2.324s] Creating /home/amir/camera_intel/install/camera_intel/lib/python3.10/site-packages/camera-intel.egg-link (link to .)
[2.325s] Installing camera_publisher script to /home/amir/camera_intel/install/camera_intel/lib/camera_intel
[2.325s] Installing camera_subscriber script to /home/amir/camera_intel/install/camera_intel/lib/camera_intel
[2.325s] Installing intel_pub script to /home/amir/camera_intel/install/camera_intel/lib/camera_intel
[2.326s] Installing intel_sub script to /home/amir/camera_intel/install/camera_intel/lib/camera_intel
[2.326s] 
[2.326s] Installed /home/amir/camera_intel/build/camera_intel
[2.327s] running symlink_data
[2.374s] Invoked command in '/home/amir/camera_intel/build/camera_intel' returned '0': PYTHONPATH=/home/amir/camera_intel/build/camera_intel/prefix_override:/usr/lib/python3/dist-packages/colcon_core/task/python/colcon_distutils_commands:/home/amir/camera_intel/install/camera_intel/lib/python3.10/site-packages:${PYTHONPATH} /usr/bin/python3 -W ignore:setup.py install is deprecated setup.py develop --editable --build-directory /home/amir/camera_intel/build/camera_intel/build --no-deps symlink_data
