/home/amir/camera_intel/install/camera_intel/lib/python3.10/site-packages/camera_intel/real_time_test_publisher.py
/home/amir/camera_intel/install/camera_intel/lib/python3.10/site-packages/camera_intel/__init__.py
/home/amir/camera_intel/install/camera_intel/lib/python3.10/site-packages/camera_intel/intel_sub.py
/home/amir/camera_intel/install/camera_intel/lib/python3.10/site-packages/camera_intel/intel_pub.py
/home/amir/camera_intel/install/camera_intel/lib/python3.10/site-packages/camera_intel/real_time_test_subscriber.py
/home/amir/camera_intel/install/camera_intel/lib/python3.10/site-packages/camera_intel/camera_subscriber.py
/home/amir/camera_intel/install/camera_intel/lib/python3.10/site-packages/camera_intel/Depth_wcoordinate.py
/home/amir/camera_intel/install/camera_intel/lib/python3.10/site-packages/camera_intel/cameracap.py
/home/amir/camera_intel/install/camera_intel/lib/python3.10/site-packages/camera_intel/camera_publisher.py
/home/amir/camera_intel/install/camera_intel/lib/python3.10/site-packages/camera_intel/__pycache__/real_time_test_publisher.cpython-310.pyc
/home/amir/camera_intel/install/camera_intel/lib/python3.10/site-packages/camera_intel/__pycache__/__init__.cpython-310.pyc
/home/amir/camera_intel/install/camera_intel/lib/python3.10/site-packages/camera_intel/__pycache__/intel_sub.cpython-310.pyc
/home/amir/camera_intel/install/camera_intel/lib/python3.10/site-packages/camera_intel/__pycache__/intel_pub.cpython-310.pyc
/home/amir/camera_intel/install/camera_intel/lib/python3.10/site-packages/camera_intel/__pycache__/real_time_test_subscriber.cpython-310.pyc
/home/amir/camera_intel/install/camera_intel/lib/python3.10/site-packages/camera_intel/__pycache__/camera_subscriber.cpython-310.pyc
/home/amir/camera_intel/install/camera_intel/lib/python3.10/site-packages/camera_intel/__pycache__/Depth_wcoordinate.cpython-310.pyc
/home/amir/camera_intel/install/camera_intel/lib/python3.10/site-packages/camera_intel/__pycache__/cameracap.cpython-310.pyc
/home/amir/camera_intel/install/camera_intel/lib/python3.10/site-packages/camera_intel/__pycache__/camera_publisher.cpython-310.pyc
/home/amir/camera_intel/install/camera_intel/share/ament_index/resource_index/packages/camera_intel
/home/amir/camera_intel/install/camera_intel/share/camera_intel/package.xml
/home/amir/camera_intel/install/camera_intel/lib/python3.10/site-packages/camera_intel-0.0.0-py3.10.egg-info/SOURCES.txt
/home/amir/camera_intel/install/camera_intel/lib/python3.10/site-packages/camera_intel-0.0.0-py3.10.egg-info/zip-safe
/home/amir/camera_intel/install/camera_intel/lib/python3.10/site-packages/camera_intel-0.0.0-py3.10.egg-info/requires.txt
/home/amir/camera_intel/install/camera_intel/lib/python3.10/site-packages/camera_intel-0.0.0-py3.10.egg-info/top_level.txt
/home/amir/camera_intel/install/camera_intel/lib/python3.10/site-packages/camera_intel-0.0.0-py3.10.egg-info/entry_points.txt
/home/amir/camera_intel/install/camera_intel/lib/python3.10/site-packages/camera_intel-0.0.0-py3.10.egg-info/PKG-INFO
/home/amir/camera_intel/install/camera_intel/lib/python3.10/site-packages/camera_intel-0.0.0-py3.10.egg-info/dependency_links.txt
/home/amir/camera_intel/install/camera_intel/lib/camera_intel/Depth_wcoordinate
/home/amir/camera_intel/install/camera_intel/lib/camera_intel/camera_publisher
/home/amir/camera_intel/install/camera_intel/lib/camera_intel/camera_subscriber
/home/amir/camera_intel/install/camera_intel/lib/camera_intel/intel_pub
/home/amir/camera_intel/install/camera_intel/lib/camera_intel/intel_sub
/home/amir/camera_intel/install/camera_intel/lib/camera_intel/real_time_test_publisher
/home/amir/camera_intel/install/camera_intel/lib/camera_intel/real_time_test_subscriber
