[0.232s] DEBUG:colcon:Command line arguments: ['/usr/bin/colcon', 'build']
[0.232s] DEBUG:colcon:Parsed command line arguments: Namespace(log_base=None, log_level=None, verb_name='build', build_base='build', install_base='install', merge_install=False, symlink_install=False, test_result_base=None, continue_on_error=False, executor='parallel', parallel_workers=4, event_handlers=None, ignore_user_meta=False, metas=['./colcon.meta'], base_paths=['.'], packages_ignore=None, packages_ignore_regex=None, paths=None, packages_up_to=None, packages_up_to_regex=None, packages_above=None, packages_above_and_dependencies=None, packages_above_depth=None, packages_select_by_dep=None, packages_skip_by_dep=None, packages_skip_up_to=None, packages_select_build_failed=False, packages_skip_build_finished=False, packages_select_test_failures=False, packages_skip_test_passed=False, packages_select=None, packages_skip=None, packages_select_regex=None, packages_skip_regex=None, packages_start=None, packages_end=None, allow_overriding=[], cmake_args=None, cmake_target=None, cmake_target_skip_unavailable=False, cmake_clean_cache=False, cmake_clean_first=False, cmake_force_configure=False, ament_cmake_args=None, catkin_cmake_args=None, catkin_skip_building_tests=False, mixin_files=None, mixin=None, verb_parser=<colcon_mixin.mixin.mixin_argument.MixinArgumentDecorator object at 0x73054ec64d30>, verb_extension=<colcon_core.verb.build.BuildVerb object at 0x73054ec646d0>, main=<bound method BuildVerb.main of <colcon_core.verb.build.BuildVerb object at 0x73054ec646d0>>, mixin_verb=('build',))
[0.303s] Level 1:colcon.colcon_core.package_discovery:discover_packages(colcon_meta) check parameters
[0.304s] Level 1:colcon.colcon_core.package_discovery:discover_packages(recursive) check parameters
[0.304s] Level 1:colcon.colcon_core.package_discovery:discover_packages(ignore) check parameters
[0.304s] Level 1:colcon.colcon_core.package_discovery:discover_packages(path) check parameters
[0.304s] Level 1:colcon.colcon_core.package_discovery:discover_packages(colcon_meta) discover
[0.304s] Level 1:colcon.colcon_core.package_discovery:discover_packages(recursive) discover
[0.304s] INFO:colcon.colcon_core.package_discovery:Crawling recursively for packages in '/home/amir/camera_intel'
[0.304s] Level 1:colcon.colcon_core.package_identification:_identify(.) by extensions ['ignore', 'ignore_ament_install']
[0.304s] Level 1:colcon.colcon_core.package_identification:_identify(.) by extension 'ignore'
[0.304s] Level 1:colcon.colcon_core.package_identification:_identify(.) by extension 'ignore_ament_install'
[0.304s] Level 1:colcon.colcon_core.package_identification:_identify(.) by extensions ['colcon_pkg']
[0.304s] Level 1:colcon.colcon_core.package_identification:_identify(.) by extension 'colcon_pkg'
[0.305s] Level 1:colcon.colcon_core.package_identification:_identify(.) by extensions ['colcon_meta']
[0.305s] Level 1:colcon.colcon_core.package_identification:_identify(.) by extension 'colcon_meta'
[0.305s] Level 1:colcon.colcon_core.package_identification:_identify(.) by extensions ['ros']
[0.305s] Level 1:colcon.colcon_core.package_identification:_identify(.) by extension 'ros'
[0.332s] Level 1:colcon.colcon_core.package_identification:_identify(.) by extensions ['cmake', 'python']
[0.332s] Level 1:colcon.colcon_core.package_identification:_identify(.) by extension 'cmake'
[0.332s] Level 1:colcon.colcon_core.package_identification:_identify(.) by extension 'python'
[0.333s] Level 1:colcon.colcon_core.package_identification:_identify(.) by extensions ['python_setup_py']
[0.333s] Level 1:colcon.colcon_core.package_identification:_identify(.) by extension 'python_setup_py'
[0.333s] Level 1:colcon.colcon_core.package_identification:_identify(build) by extensions ['ignore', 'ignore_ament_install']
[0.333s] Level 1:colcon.colcon_core.package_identification:_identify(build) by extension 'ignore'
[0.333s] Level 1:colcon.colcon_core.package_identification:_identify(build) ignored
[0.334s] Level 1:colcon.colcon_core.package_identification:_identify(install) by extensions ['ignore', 'ignore_ament_install']
[0.334s] Level 1:colcon.colcon_core.package_identification:_identify(install) by extension 'ignore'
[0.334s] Level 1:colcon.colcon_core.package_identification:_identify(install) ignored
[0.334s] Level 1:colcon.colcon_core.package_identification:_identify(log) by extensions ['ignore', 'ignore_ament_install']
[0.334s] Level 1:colcon.colcon_core.package_identification:_identify(log) by extension 'ignore'
[0.334s] Level 1:colcon.colcon_core.package_identification:_identify(log) ignored
[0.334s] Level 1:colcon.colcon_core.package_identification:_identify(src) by extensions ['ignore', 'ignore_ament_install']
[0.334s] Level 1:colcon.colcon_core.package_identification:_identify(src) by extension 'ignore'
[0.335s] Level 1:colcon.colcon_core.package_identification:_identify(src) by extension 'ignore_ament_install'
[0.335s] Level 1:colcon.colcon_core.package_identification:_identify(src) by extensions ['colcon_pkg']
[0.335s] Level 1:colcon.colcon_core.package_identification:_identify(src) by extension 'colcon_pkg'
[0.335s] Level 1:colcon.colcon_core.package_identification:_identify(src) by extensions ['colcon_meta']
[0.335s] Level 1:colcon.colcon_core.package_identification:_identify(src) by extension 'colcon_meta'
[0.335s] Level 1:colcon.colcon_core.package_identification:_identify(src) by extensions ['ros']
[0.335s] Level 1:colcon.colcon_core.package_identification:_identify(src) by extension 'ros'
[0.335s] Level 1:colcon.colcon_core.package_identification:_identify(src) by extensions ['cmake', 'python']
[0.335s] Level 1:colcon.colcon_core.package_identification:_identify(src) by extension 'cmake'
[0.335s] Level 1:colcon.colcon_core.package_identification:_identify(src) by extension 'python'
[0.335s] Level 1:colcon.colcon_core.package_identification:_identify(src) by extensions ['python_setup_py']
[0.335s] Level 1:colcon.colcon_core.package_identification:_identify(src) by extension 'python_setup_py'
[0.336s] Level 1:colcon.colcon_core.package_identification:_identify(src/camera_intel) by extensions ['ignore', 'ignore_ament_install']
[0.336s] Level 1:colcon.colcon_core.package_identification:_identify(src/camera_intel) by extension 'ignore'
[0.336s] Level 1:colcon.colcon_core.package_identification:_identify(src/camera_intel) by extension 'ignore_ament_install'
[0.336s] Level 1:colcon.colcon_core.package_identification:_identify(src/camera_intel) by extensions ['colcon_pkg']
[0.336s] Level 1:colcon.colcon_core.package_identification:_identify(src/camera_intel) by extension 'colcon_pkg'
[0.336s] Level 1:colcon.colcon_core.package_identification:_identify(src/camera_intel) by extensions ['colcon_meta']
[0.336s] Level 1:colcon.colcon_core.package_identification:_identify(src/camera_intel) by extension 'colcon_meta'
[0.336s] Level 1:colcon.colcon_core.package_identification:_identify(src/camera_intel) by extensions ['ros']
[0.337s] Level 1:colcon.colcon_core.package_identification:_identify(src/camera_intel) by extension 'ros'
[0.341s] DEBUG:colcon.colcon_core.package_identification:Package 'src/camera_intel' with type 'ros.ament_python' and name 'camera_intel'
[0.341s] Level 1:colcon.colcon_core.package_discovery:discover_packages(recursive) using defaults
[0.341s] Level 1:colcon.colcon_core.package_discovery:discover_packages(ignore) discover
[0.341s] Level 1:colcon.colcon_core.package_discovery:discover_packages(ignore) using defaults
[0.341s] Level 1:colcon.colcon_core.package_discovery:discover_packages(path) discover
[0.341s] Level 1:colcon.colcon_core.package_discovery:discover_packages(path) using defaults
[0.380s] Level 1:colcon.colcon_core.package_discovery:discover_packages(prefix_path) check parameters
[0.380s] Level 1:colcon.colcon_core.package_discovery:discover_packages(prefix_path) discover
[0.385s] DEBUG:colcon.colcon_installed_package_information.package_discovery:Found 1 installed packages in /home/amir/camera_intel/install
[0.387s] DEBUG:colcon.colcon_installed_package_information.package_discovery:Found 37 installed packages in /home/amir/interbotix_ws/install
[0.388s] DEBUG:colcon.colcon_installed_package_information.package_discovery:Found 1 installed packages in /home/amir/apriltag_ws/install
[0.391s] DEBUG:colcon.colcon_installed_package_information.package_discovery:Found 358 installed packages in /opt/ros/humble
[0.395s] Level 1:colcon.colcon_core.package_discovery:discover_packages(prefix_path) using defaults
[0.489s] Level 5:colcon.colcon_core.verb:set package 'camera_intel' build argument 'cmake_args' from command line to 'None'
[0.489s] Level 5:colcon.colcon_core.verb:set package 'camera_intel' build argument 'cmake_target' from command line to 'None'
[0.489s] Level 5:colcon.colcon_core.verb:set package 'camera_intel' build argument 'cmake_target_skip_unavailable' from command line to 'False'
[0.489s] Level 5:colcon.colcon_core.verb:set package 'camera_intel' build argument 'cmake_clean_cache' from command line to 'False'
[0.489s] Level 5:colcon.colcon_core.verb:set package 'camera_intel' build argument 'cmake_clean_first' from command line to 'False'
[0.489s] Level 5:colcon.colcon_core.verb:set package 'camera_intel' build argument 'cmake_force_configure' from command line to 'False'
[0.489s] Level 5:colcon.colcon_core.verb:set package 'camera_intel' build argument 'ament_cmake_args' from command line to 'None'
[0.489s] Level 5:colcon.colcon_core.verb:set package 'camera_intel' build argument 'catkin_cmake_args' from command line to 'None'
[0.489s] Level 5:colcon.colcon_core.verb:set package 'camera_intel' build argument 'catkin_skip_building_tests' from command line to 'False'
[0.490s] DEBUG:colcon.colcon_core.verb:Building package 'camera_intel' with the following arguments: {'ament_cmake_args': None, 'build_base': '/home/amir/camera_intel/build/camera_intel', 'catkin_cmake_args': None, 'catkin_skip_building_tests': False, 'cmake_args': None, 'cmake_clean_cache': False, 'cmake_clean_first': False, 'cmake_force_configure': False, 'cmake_target': None, 'cmake_target_skip_unavailable': False, 'install_base': '/home/amir/camera_intel/install/camera_intel', 'merge_install': False, 'path': '/home/amir/camera_intel/src/camera_intel', 'symlink_install': False, 'test_result_base': None}
[0.490s] INFO:colcon.colcon_core.executor:Executing jobs using 'parallel' executor
[0.492s] DEBUG:colcon.colcon_parallel_executor.executor.parallel:run_until_complete
[0.493s] INFO:colcon.colcon_ros.task.ament_python.build:Building ROS package in '/home/amir/camera_intel/src/camera_intel' with build type 'ament_python'
[0.493s] Level 1:colcon.colcon_core.shell:create_environment_hook('camera_intel', 'ament_prefix_path')
[0.497s] INFO:colcon.colcon_core.plugin_system:Skipping extension 'colcon_core.shell.bat': Not used on non-Windows systems
[0.498s] INFO:colcon.colcon_core.shell:Creating environment hook '/home/amir/camera_intel/install/camera_intel/share/camera_intel/hook/ament_prefix_path.ps1'
[0.499s] INFO:colcon.colcon_core.shell:Creating environment descriptor '/home/amir/camera_intel/install/camera_intel/share/camera_intel/hook/ament_prefix_path.dsv'
[0.500s] INFO:colcon.colcon_core.shell:Creating environment hook '/home/amir/camera_intel/install/camera_intel/share/camera_intel/hook/ament_prefix_path.sh'
[0.501s] INFO:colcon.colcon_core.shell:Skip shell extension 'powershell' for command environment: Not usable outside of PowerShell
[0.501s] DEBUG:colcon.colcon_core.shell:Skip shell extension 'dsv' for command environment
[0.950s] INFO:colcon.colcon_core.task.python.build:Building Python package in '/home/amir/camera_intel/src/camera_intel'
[0.951s] INFO:colcon.colcon_core.shell:Skip shell extension 'powershell' for command environment: Not usable outside of PowerShell
[0.951s] DEBUG:colcon.colcon_core.shell:Skip shell extension 'dsv' for command environment
[2.229s] DEBUG:colcon.colcon_core.event_handler.log_command:Invoking command in '/home/amir/camera_intel/src/camera_intel': PYTHONPATH=/home/amir/camera_intel/build/camera_intel/prefix_override:/usr/lib/python3/dist-packages/colcon_core/task/python/colcon_distutils_commands:/home/amir/camera_intel/install/camera_intel/lib/python3.10/site-packages:${PYTHONPATH} /usr/bin/python3 -W ignore:setup.py install is deprecated setup.py egg_info --egg-base ../../build/camera_intel build --build-base /home/amir/camera_intel/build/camera_intel/build install --record /home/amir/camera_intel/build/camera_intel/install.log --single-version-externally-managed install_data
[3.389s] DEBUG:colcon.colcon_core.event_handler.log_command:Invoked command in '/home/amir/camera_intel/src/camera_intel' returned '0': PYTHONPATH=/home/amir/camera_intel/build/camera_intel/prefix_override:/usr/lib/python3/dist-packages/colcon_core/task/python/colcon_distutils_commands:/home/amir/camera_intel/install/camera_intel/lib/python3.10/site-packages:${PYTHONPATH} /usr/bin/python3 -W ignore:setup.py install is deprecated setup.py egg_info --egg-base ../../build/camera_intel build --build-base /home/amir/camera_intel/build/camera_intel/build install --record /home/amir/camera_intel/build/camera_intel/install.log --single-version-externally-managed install_data
[3.393s] Level 1:colcon.colcon_core.environment:checking '/home/amir/camera_intel/install/camera_intel' for CMake module files
[3.393s] Level 1:colcon.colcon_core.environment:checking '/home/amir/camera_intel/install/camera_intel' for CMake config files
[3.394s] Level 1:colcon.colcon_core.environment:checking '/home/amir/camera_intel/install/camera_intel/lib'
[3.395s] Level 1:colcon.colcon_core.environment:checking '/home/amir/camera_intel/install/camera_intel/bin'
[3.395s] Level 1:colcon.colcon_core.environment:checking '/home/amir/camera_intel/install/camera_intel/lib/pkgconfig/camera_intel.pc'
[3.395s] Level 1:colcon.colcon_core.environment:checking '/home/amir/camera_intel/install/camera_intel/lib/python3.10/site-packages'
[3.395s] Level 1:colcon.colcon_core.shell:create_environment_hook('camera_intel', 'pythonpath')
[3.395s] INFO:colcon.colcon_core.shell:Creating environment hook '/home/amir/camera_intel/install/camera_intel/share/camera_intel/hook/pythonpath.ps1'
[3.396s] INFO:colcon.colcon_core.shell:Creating environment descriptor '/home/amir/camera_intel/install/camera_intel/share/camera_intel/hook/pythonpath.dsv'
[3.397s] INFO:colcon.colcon_core.shell:Creating environment hook '/home/amir/camera_intel/install/camera_intel/share/camera_intel/hook/pythonpath.sh'
[3.398s] Level 1:colcon.colcon_core.environment:checking '/home/amir/camera_intel/install/camera_intel/bin'
[3.399s] Level 1:colcon.colcon_core.environment:create_environment_scripts_only(camera_intel)
[3.400s] INFO:colcon.colcon_core.shell:Creating package script '/home/amir/camera_intel/install/camera_intel/share/camera_intel/package.ps1'
[3.402s] INFO:colcon.colcon_core.shell:Creating package descriptor '/home/amir/camera_intel/install/camera_intel/share/camera_intel/package.dsv'
[3.403s] INFO:colcon.colcon_core.shell:Creating package script '/home/amir/camera_intel/install/camera_intel/share/camera_intel/package.sh'
[3.406s] INFO:colcon.colcon_core.shell:Creating package script '/home/amir/camera_intel/install/camera_intel/share/camera_intel/package.bash'
[3.407s] INFO:colcon.colcon_core.shell:Creating package script '/home/amir/camera_intel/install/camera_intel/share/camera_intel/package.zsh'
[3.408s] Level 1:colcon.colcon_core.environment:create_file_with_runtime_dependencies(/home/amir/camera_intel/install/camera_intel/share/colcon-core/packages/camera_intel)
[3.409s] DEBUG:colcon.colcon_parallel_executor.executor.parallel:closing loop
[3.409s] DEBUG:colcon.colcon_parallel_executor.executor.parallel:loop closed
[3.410s] DEBUG:colcon.colcon_parallel_executor.executor.parallel:run_until_complete finished with '0'
[3.410s] DEBUG:colcon.colcon_core.event_reactor:joining thread
[3.420s] INFO:colcon.colcon_core.plugin_system:Skipping extension 'colcon_notification.desktop_notification.terminal_notifier': Not used on non-Darwin systems
[3.420s] INFO:colcon.colcon_core.plugin_system:Skipping extension 'colcon_notification.desktop_notification.win32': Not used on non-Windows systems
[3.420s] INFO:colcon.colcon_notification.desktop_notification:Sending desktop notification using 'notify2'
[3.443s] DEBUG:colcon.colcon_core.event_reactor:joined thread
[3.444s] INFO:colcon.colcon_core.shell:Creating prefix script '/home/amir/camera_intel/install/local_setup.ps1'
[3.446s] INFO:colcon.colcon_core.shell:Creating prefix util module '/home/amir/camera_intel/install/_local_setup_util_ps1.py'
[3.450s] INFO:colcon.colcon_core.shell:Creating prefix chain script '/home/amir/camera_intel/install/setup.ps1'
[3.455s] INFO:colcon.colcon_core.shell:Creating prefix script '/home/amir/camera_intel/install/local_setup.sh'
[3.456s] INFO:colcon.colcon_core.shell:Creating prefix util module '/home/amir/camera_intel/install/_local_setup_util_sh.py'
[3.457s] INFO:colcon.colcon_core.shell:Creating prefix chain script '/home/amir/camera_intel/install/setup.sh'
[3.462s] INFO:colcon.colcon_core.shell:Creating prefix script '/home/amir/camera_intel/install/local_setup.bash'
[3.463s] INFO:colcon.colcon_core.shell:Creating prefix chain script '/home/amir/camera_intel/install/setup.bash'
[3.470s] INFO:colcon.colcon_core.shell:Creating prefix script '/home/amir/camera_intel/install/local_setup.zsh'
[3.472s] INFO:colcon.colcon_core.shell:Creating prefix chain script '/home/amir/camera_intel/install/setup.zsh'
