[0.035s] Invoking command in '/home/amir/interbotix_ws/build/moveit_visual_tools': CMAKE_PREFIX_PATH=${CMAKE_PREFIX_PATH}:/home/amir/interbotix_ws/install/interbotix_perception_modules:/home/amir/interbotix_ws/install/interbotix_xs_modules:/home/amir/interbotix_ws/install/interbotix_common_modules:/home/amir/camera_intel/install/camera_intel:/opt/ros/humble /usr/bin/cmake --build /home/amir/interbotix_ws/build/moveit_visual_tools -- -j4 -l4
[0.571s] [ 66%] Built target moveit_visual_tools
[0.740s] [100%] Built target moveit_visual_tools_demo
[1.220s] Invoked command in '/home/amir/interbotix_ws/build/moveit_visual_tools' returned '0': CMAKE_PREFIX_PATH=${CMAKE_PREFIX_PATH}:/home/amir/interbotix_ws/install/interbotix_perception_modules:/home/amir/interbotix_ws/install/interbotix_xs_modules:/home/amir/interbotix_ws/install/interbotix_common_modules:/home/amir/camera_intel/install/camera_intel:/opt/ros/humble /usr/bin/cmake --build /home/amir/interbotix_ws/build/moveit_visual_tools -- -j4 -l4
[1.334s] Invoking command in '/home/amir/interbotix_ws/build/moveit_visual_tools': CMAKE_PREFIX_PATH=${CMAKE_PREFIX_PATH}:/home/amir/interbotix_ws/install/interbotix_perception_modules:/home/amir/interbotix_ws/install/interbotix_xs_modules:/home/amir/interbotix_ws/install/interbotix_common_modules:/home/amir/camera_intel/install/camera_intel:/opt/ros/humble /usr/bin/cmake --install /home/amir/interbotix_ws/build/moveit_visual_tools
[1.360s] -- Install configuration: "Release"
[1.364s] -- Execute custom install script
[1.364s] -- Up-to-date symlink: /home/amir/interbotix_ws/install/moveit_visual_tools/share/moveit_visual_tools/environment/library_path.sh
[1.366s] -- Up-to-date symlink: /home/amir/interbotix_ws/install/moveit_visual_tools/share/moveit_visual_tools/environment/library_path.dsv
[1.367s] -- Up-to-date symlink: /home/amir/interbotix_ws/install/moveit_visual_tools/lib/moveit_visual_tools/moveit_visual_tools_demo
[1.369s] -- Up-to-date symlink: /home/amir/interbotix_ws/install/moveit_visual_tools/include/moveit_visual_tools/imarker_end_effector.h
[1.371s] -- Up-to-date symlink: /home/amir/interbotix_ws/install/moveit_visual_tools/include/moveit_visual_tools/imarker_robot_state.h
[1.372s] -- Up-to-date symlink: /home/amir/interbotix_ws/install/moveit_visual_tools/include/moveit_visual_tools/moveit_visual_tools.h
[1.374s] -- Up-to-date symlink: /home/amir/interbotix_ws/install/moveit_visual_tools/share/moveit_visual_tools/launch/demo.rviz
[1.375s] -- Up-to-date symlink: /home/amir/interbotix_ws/install/moveit_visual_tools/share/moveit_visual_tools/launch/demo_rviz.launch.py
[1.377s] -- Up-to-date symlink: /home/amir/interbotix_ws/install/moveit_visual_tools/share/moveit_visual_tools/resources/demo.png
[1.378s] -- Up-to-date symlink: /home/amir/interbotix_ws/install/moveit_visual_tools/share/moveit_visual_tools/resources/demo_mesh.stl
[1.379s] -- Up-to-date symlink: /home/amir/interbotix_ws/install/moveit_visual_tools/share/moveit_visual_tools/resources/rrbot.srdf
[1.380s] -- Up-to-date symlink: /home/amir/interbotix_ws/install/moveit_visual_tools/share/moveit_visual_tools/resources/rrbot.urdf
[1.382s] -- Up-to-date symlink: /home/amir/interbotix_ws/install/moveit_visual_tools/share/moveit_visual_tools/resources/screenshot.png
[1.383s] -- Up-to-date symlink: /home/amir/interbotix_ws/install/moveit_visual_tools/share/ament_index/resource_index/package_run_dependencies/moveit_visual_tools
[1.384s] -- Up-to-date symlink: /home/amir/interbotix_ws/install/moveit_visual_tools/share/ament_index/resource_index/parent_prefix_path/moveit_visual_tools
[1.387s] -- Up-to-date symlink: /home/amir/interbotix_ws/install/moveit_visual_tools/share/moveit_visual_tools/environment/ament_prefix_path.sh
[1.388s] -- Up-to-date symlink: /home/amir/interbotix_ws/install/moveit_visual_tools/share/moveit_visual_tools/environment/ament_prefix_path.dsv
[1.390s] -- Up-to-date symlink: /home/amir/interbotix_ws/install/moveit_visual_tools/share/moveit_visual_tools/environment/path.sh
[1.392s] -- Up-to-date symlink: /home/amir/interbotix_ws/install/moveit_visual_tools/share/moveit_visual_tools/environment/path.dsv
[1.392s] -- Up-to-date symlink: /home/amir/interbotix_ws/install/moveit_visual_tools/share/moveit_visual_tools/local_setup.bash
[1.393s] -- Up-to-date symlink: /home/amir/interbotix_ws/install/moveit_visual_tools/share/moveit_visual_tools/local_setup.sh
[1.394s] -- Up-to-date symlink: /home/amir/interbotix_ws/install/moveit_visual_tools/share/moveit_visual_tools/local_setup.zsh
[1.396s] -- Up-to-date symlink: /home/amir/interbotix_ws/install/moveit_visual_tools/share/moveit_visual_tools/local_setup.dsv
[1.397s] -- Symlinking: /home/amir/interbotix_ws/install/moveit_visual_tools/share/moveit_visual_tools/package.dsv
[1.425s] -- Up-to-date symlink: /home/amir/interbotix_ws/install/moveit_visual_tools/share/ament_index/resource_index/packages/moveit_visual_tools
[1.425s] -- Up-to-date symlink: /home/amir/interbotix_ws/install/moveit_visual_tools/share/moveit_visual_tools/cmake/ament_cmake_export_targets-extras.cmake
[1.426s] -- Up-to-date symlink: /home/amir/interbotix_ws/install/moveit_visual_tools/share/moveit_visual_tools/cmake/ament_cmake_export_dependencies-extras.cmake
[1.426s] -- Up-to-date symlink: /home/amir/interbotix_ws/install/moveit_visual_tools/share/moveit_visual_tools/cmake/moveit_visual_toolsConfig.cmake
[1.426s] -- Up-to-date symlink: /home/amir/interbotix_ws/install/moveit_visual_tools/share/moveit_visual_tools/cmake/moveit_visual_toolsConfig-version.cmake
[1.426s] -- Up-to-date symlink: /home/amir/interbotix_ws/install/moveit_visual_tools/share/moveit_visual_tools/package.xml
[1.430s] -- Up-to-date: /home/amir/interbotix_ws/install/moveit_visual_tools/lib/libmoveit_visual_tools.so
[1.430s] -- Up-to-date: /home/amir/interbotix_ws/install/moveit_visual_tools/share/moveit_visual_tools/cmake/export_moveit_visual_toolsExport.cmake
[1.430s] -- Up-to-date: /home/amir/interbotix_ws/install/moveit_visual_tools/share/moveit_visual_tools/cmake/export_moveit_visual_toolsExport-release.cmake
[1.449s] Invoked command in '/home/amir/interbotix_ws/build/moveit_visual_tools' returned '0': CMAKE_PREFIX_PATH=${CMAKE_PREFIX_PATH}:/home/amir/interbotix_ws/install/interbotix_perception_modules:/home/amir/interbotix_ws/install/interbotix_xs_modules:/home/amir/interbotix_ws/install/interbotix_common_modules:/home/amir/camera_intel/install/camera_intel:/opt/ros/humble /usr/bin/cmake --install /home/amir/interbotix_ws/build/moveit_visual_tools
