[1.331s] Invoking command in '/home/amir/camera_intel/src/camera_intel': PYTHONPATH=/home/amir/camera_intel/build/camera_intel/prefix_override:/usr/lib/python3/dist-packages/colcon_core/task/python/colcon_distutils_commands:/home/amir/camera_intel/install/camera_intel/lib/python3.10/site-packages:${PYTHONPATH} /usr/bin/python3 -W ignore:setup.py install is deprecated setup.py egg_info --egg-base ../../build/camera_intel build --build-base /home/amir/camera_intel/build/camera_intel/build install --record /home/amir/camera_intel/build/camera_intel/install.log --single-version-externally-managed install_data
[1.729s] running egg_info
[1.757s] writing ../../build/camera_intel/camera_intel.egg-info/PKG-INFO
[1.757s] writing dependency_links to ../../build/camera_intel/camera_intel.egg-info/dependency_links.txt
[1.758s] writing entry points to ../../build/camera_intel/camera_intel.egg-info/entry_points.txt
[1.758s] writing requirements to ../../build/camera_intel/camera_intel.egg-info/requires.txt
[1.759s] writing top-level names to ../../build/camera_intel/camera_intel.egg-info/top_level.txt
[1.813s] reading manifest file '../../build/camera_intel/camera_intel.egg-info/SOURCES.txt'
[1.815s] writing manifest file '../../build/camera_intel/camera_intel.egg-info/SOURCES.txt'
[1.815s] running build
[1.815s] running build_py
[1.816s] running install
[1.828s] running install_lib
[1.858s] running install_data
[1.858s] running install_egg_info
[1.887s] removing '/home/amir/camera_intel/install/camera_intel/lib/python3.10/site-packages/camera_intel-0.0.0-py3.10.egg-info' (and everything under it)
[1.887s] Copying ../../build/camera_intel/camera_intel.egg-info to /home/amir/camera_intel/install/camera_intel/lib/python3.10/site-packages/camera_intel-0.0.0-py3.10.egg-info
[1.889s] running install_scripts
[2.169s] Installing camera_publisher script to /home/amir/camera_intel/install/camera_intel/lib/camera_intel
[2.169s] Installing camera_subscriber script to /home/amir/camera_intel/install/camera_intel/lib/camera_intel
[2.169s] Installing intel_pub script to /home/amir/camera_intel/install/camera_intel/lib/camera_intel
[2.170s] Installing intel_sub script to /home/amir/camera_intel/install/camera_intel/lib/camera_intel
[2.170s] Installing real_time_test_publisher script to /home/amir/camera_intel/install/camera_intel/lib/camera_intel
[2.170s] Installing real_time_test_subscriber script to /home/amir/camera_intel/install/camera_intel/lib/camera_intel
[2.171s] writing list of installed files to '/home/amir/camera_intel/build/camera_intel/install.log'
[2.208s] Invoked command in '/home/amir/camera_intel/src/camera_intel' returned '0': PYTHONPATH=/home/amir/camera_intel/build/camera_intel/prefix_override:/usr/lib/python3/dist-packages/colcon_core/task/python/colcon_distutils_commands:/home/amir/camera_intel/install/camera_intel/lib/python3.10/site-packages:${PYTHONPATH} /usr/bin/python3 -W ignore:setup.py install is deprecated setup.py egg_info --egg-base ../../build/camera_intel build --build-base /home/amir/camera_intel/build/camera_intel/build install --record /home/amir/camera_intel/build/camera_intel/install.log --single-version-externally-managed install_data
