[2.215s] Invoking command in '/home/amir/camera_intel/src/camera_intel': PYTHONPATH=/home/amir/camera_intel/build/camera_intel/prefix_override:/usr/lib/python3/dist-packages/colcon_core/task/python/colcon_distutils_commands:/home/amir/camera_intel/install/camera_intel/lib/python3.10/site-packages:${PYTHONPATH} /usr/bin/python3 -W ignore:setup.py install is deprecated setup.py egg_info --egg-base ../../build/camera_intel build --build-base /home/amir/camera_intel/build/camera_intel/build install --record /home/amir/camera_intel/build/camera_intel/install.log --single-version-externally-managed install_data
[2.761s] running egg_info
[2.801s] writing ../../build/camera_intel/camera_intel.egg-info/PKG-INFO
[2.802s] writing dependency_links to ../../build/camera_intel/camera_intel.egg-info/dependency_links.txt
[2.803s] writing entry points to ../../build/camera_intel/camera_intel.egg-info/entry_points.txt
[2.803s] writing requirements to ../../build/camera_intel/camera_intel.egg-info/requires.txt
[2.803s] writing top-level names to ../../build/camera_intel/camera_intel.egg-info/top_level.txt
[2.874s] reading manifest file '../../build/camera_intel/camera_intel.egg-info/SOURCES.txt'
[2.877s] writing manifest file '../../build/camera_intel/camera_intel.egg-info/SOURCES.txt'
[2.877s] running build
[2.877s] running build_py
[2.878s] copying camera_intel/intel_pub.py -> /home/amir/camera_intel/build/camera_intel/build/lib/camera_intel
[2.880s] running install
[2.892s] running install_lib
[2.930s] copying /home/amir/camera_intel/build/camera_intel/build/lib/camera_intel/intel_pub.py -> /home/amir/camera_intel/install/camera_intel/lib/python3.10/site-packages/camera_intel
[2.932s] byte-compiling /home/amir/camera_intel/install/camera_intel/lib/python3.10/site-packages/camera_intel/intel_pub.py to intel_pub.cpython-310.pyc
[2.932s] Sorry: IndentationError: expected an indented block after function definition on line 19 (intel_pub.py, line 20)
[2.933s] running install_data
[2.933s] running install_egg_info
[2.973s] removing '/home/amir/camera_intel/install/camera_intel/lib/python3.10/site-packages/camera_intel-0.0.0-py3.10.egg-info' (and everything under it)
[2.974s] Copying ../../build/camera_intel/camera_intel.egg-info to /home/amir/camera_intel/install/camera_intel/lib/python3.10/site-packages/camera_intel-0.0.0-py3.10.egg-info
[2.976s] running install_scripts
[3.365s] Installing Depth_wcoordinate script to /home/amir/camera_intel/install/camera_intel/lib/camera_intel
[3.366s] Installing camera_publisher script to /home/amir/camera_intel/install/camera_intel/lib/camera_intel
[3.366s] Installing camera_subscriber script to /home/amir/camera_intel/install/camera_intel/lib/camera_intel
[3.366s] Installing intel_pub script to /home/amir/camera_intel/install/camera_intel/lib/camera_intel
[3.367s] Installing intel_sub script to /home/amir/camera_intel/install/camera_intel/lib/camera_intel
[3.367s] Installing real_time_test_publisher script to /home/amir/camera_intel/install/camera_intel/lib/camera_intel
[3.367s] Installing real_time_test_subscriber script to /home/amir/camera_intel/install/camera_intel/lib/camera_intel
[3.368s] writing list of installed files to '/home/amir/camera_intel/build/camera_intel/install.log'
[3.421s] Invoked command in '/home/amir/camera_intel/src/camera_intel' returned '0': PYTHONPATH=/home/amir/camera_intel/build/camera_intel/prefix_override:/usr/lib/python3/dist-packages/colcon_core/task/python/colcon_distutils_commands:/home/amir/camera_intel/install/camera_intel/lib/python3.10/site-packages:${PYTHONPATH} /usr/bin/python3 -W ignore:setup.py install is deprecated setup.py egg_info --egg-base ../../build/camera_intel build --build-base /home/amir/camera_intel/build/camera_intel/build install --record /home/amir/camera_intel/build/camera_intel/install.log --single-version-externally-managed install_data
