running develop
/home/amir/.local/lib/python3.10/site-packages/setuptools/command/easy_install.py:144: EasyInstallDeprecationWarning: easy_install command is deprecated. Use build and pip and other standards-based tools.
  warnings.warn(
running egg_info
creating camera_intel.egg-info
writing camera_intel.egg-info/PKG-INFO
writing dependency_links to camera_intel.egg-info/dependency_links.txt
writing entry points to camera_intel.egg-info/entry_points.txt
writing requirements to camera_intel.egg-info/requires.txt
writing top-level names to camera_intel.egg-info/top_level.txt
writing manifest file 'camera_intel.egg-info/SOURCES.txt'
reading manifest file 'camera_intel.egg-info/SOURCES.txt'
writing manifest file 'camera_intel.egg-info/SOURCES.txt'
running build_ext
Creating /home/amir/camera_intel/install/camera_intel/lib/python3.10/site-packages/camera-intel.egg-link (link to .)
Installing intel_pub script to /home/amir/camera_intel/install/camera_intel/lib/camera_intel

Installed /home/amir/camera_intel/build/camera_intel
running symlink_data
creating /home/amir/camera_intel/install/camera_intel/share/ament_index
creating /home/amir/camera_intel/install/camera_intel/share/ament_index/resource_index
creating /home/amir/camera_intel/install/camera_intel/share/ament_index/resource_index/packages
symbolically linking /home/amir/camera_intel/build/camera_intel/resource/camera_intel -> /home/amir/camera_intel/install/camera_intel/share/ament_index/resource_index/packages
symbolically linking /home/amir/camera_intel/build/camera_intel/package.xml -> /home/amir/camera_intel/install/camera_intel/share/camera_intel
