[0.031s] Invoking command in '/home/amir/interbotix_ws/build/moveit_visual_tools': CMAKE_PREFIX_PATH=${CMAKE_PREFIX_PATH}:/home/amir/camera_intel/install/camera_intel:/home/amir/interbotix_ws/install/interbotix_xs_modules:/home/amir/interbotix_ws/install/interbotix_perception_modules:/home/amir/interbotix_ws/install/interbotix_common_modules:/opt/ros/humble /usr/bin/cmake --build /home/amir/interbotix_ws/build/moveit_visual_tools -- -j4 -l4
[0.251s] [ 66%] Built target moveit_visual_tools
[0.347s] [100%] Built target moveit_visual_tools_demo
[0.681s] Invoked command in '/home/amir/interbotix_ws/build/moveit_visual_tools' returned '0': CMAKE_PREFIX_PATH=${CMAKE_PREFIX_PATH}:/home/amir/camera_intel/install/camera_intel:/home/amir/interbotix_ws/install/interbotix_xs_modules:/home/amir/interbotix_ws/install/interbotix_perception_modules:/home/amir/interbotix_ws/install/interbotix_common_modules:/opt/ros/humble /usr/bin/cmake --build /home/amir/interbotix_ws/build/moveit_visual_tools -- -j4 -l4
[0.792s] Invoking command in '/home/amir/interbotix_ws/build/moveit_visual_tools': CMAKE_PREFIX_PATH=${CMAKE_PREFIX_PATH}:/home/amir/camera_intel/install/camera_intel:/home/amir/interbotix_ws/install/interbotix_xs_modules:/home/amir/interbotix_ws/install/interbotix_perception_modules:/home/amir/interbotix_ws/install/interbotix_common_modules:/opt/ros/humble /usr/bin/cmake --install /home/amir/interbotix_ws/build/moveit_visual_tools
[0.811s] -- Install configuration: "Release"
[0.811s] -- Execute custom install script
[0.812s] -- Up-to-date symlink: /home/amir/interbotix_ws/install/moveit_visual_tools/share/moveit_visual_tools/environment/library_path.sh
[0.813s] -- Up-to-date symlink: /home/amir/interbotix_ws/install/moveit_visual_tools/share/moveit_visual_tools/environment/library_path.dsv
[0.813s] -- Up-to-date symlink: /home/amir/interbotix_ws/install/moveit_visual_tools/lib/moveit_visual_tools/moveit_visual_tools_demo
[0.815s] -- Up-to-date symlink: /home/amir/interbotix_ws/install/moveit_visual_tools/include/moveit_visual_tools/imarker_end_effector.h
[0.815s] -- Up-to-date symlink: /home/amir/interbotix_ws/install/moveit_visual_tools/include/moveit_visual_tools/imarker_robot_state.h
[0.816s] -- Up-to-date symlink: /home/amir/interbotix_ws/install/moveit_visual_tools/include/moveit_visual_tools/moveit_visual_tools.h
[0.816s] -- Up-to-date symlink: /home/amir/interbotix_ws/install/moveit_visual_tools/share/moveit_visual_tools/launch/demo.rviz
[0.819s] -- Up-to-date symlink: /home/amir/interbotix_ws/install/moveit_visual_tools/share/moveit_visual_tools/launch/demo_rviz.launch.py
[0.819s] -- Up-to-date symlink: /home/amir/interbotix_ws/install/moveit_visual_tools/share/moveit_visual_tools/resources/demo.png
[0.819s] -- Up-to-date symlink: /home/amir/interbotix_ws/install/moveit_visual_tools/share/moveit_visual_tools/resources/demo_mesh.stl
[0.820s] -- Up-to-date symlink: /home/amir/interbotix_ws/install/moveit_visual_tools/share/moveit_visual_tools/resources/rrbot.srdf
[0.820s] -- Up-to-date symlink: /home/amir/interbotix_ws/install/moveit_visual_tools/share/moveit_visual_tools/resources/rrbot.urdf
[0.820s] -- Up-to-date symlink: /home/amir/interbotix_ws/install/moveit_visual_tools/share/moveit_visual_tools/resources/screenshot.png
[0.820s] -- Up-to-date symlink: /home/amir/interbotix_ws/install/moveit_visual_tools/share/ament_index/resource_index/package_run_dependencies/moveit_visual_tools
[0.821s] -- Up-to-date symlink: /home/amir/interbotix_ws/install/moveit_visual_tools/share/ament_index/resource_index/parent_prefix_path/moveit_visual_tools
[0.821s] -- Up-to-date symlink: /home/amir/interbotix_ws/install/moveit_visual_tools/share/moveit_visual_tools/environment/ament_prefix_path.sh
[0.821s] -- Up-to-date symlink: /home/amir/interbotix_ws/install/moveit_visual_tools/share/moveit_visual_tools/environment/ament_prefix_path.dsv
[0.821s] -- Up-to-date symlink: /home/amir/interbotix_ws/install/moveit_visual_tools/share/moveit_visual_tools/environment/path.sh
[0.823s] -- Up-to-date symlink: /home/amir/interbotix_ws/install/moveit_visual_tools/share/moveit_visual_tools/environment/path.dsv
[0.823s] -- Up-to-date symlink: /home/amir/interbotix_ws/install/moveit_visual_tools/share/moveit_visual_tools/local_setup.bash
[0.824s] -- Up-to-date symlink: /home/amir/interbotix_ws/install/moveit_visual_tools/share/moveit_visual_tools/local_setup.sh
[0.824s] -- Up-to-date symlink: /home/amir/interbotix_ws/install/moveit_visual_tools/share/moveit_visual_tools/local_setup.zsh
[0.824s] -- Up-to-date symlink: /home/amir/interbotix_ws/install/moveit_visual_tools/share/moveit_visual_tools/local_setup.dsv
[0.824s] -- Symlinking: /home/amir/interbotix_ws/install/moveit_visual_tools/share/moveit_visual_tools/package.dsv
[0.845s] -- Up-to-date symlink: /home/amir/interbotix_ws/install/moveit_visual_tools/share/ament_index/resource_index/packages/moveit_visual_tools
[0.847s] -- Up-to-date symlink: /home/amir/interbotix_ws/install/moveit_visual_tools/share/moveit_visual_tools/cmake/ament_cmake_export_targets-extras.cmake
[0.847s] -- Up-to-date symlink: /home/amir/interbotix_ws/install/moveit_visual_tools/share/moveit_visual_tools/cmake/ament_cmake_export_dependencies-extras.cmake
[0.848s] -- Up-to-date symlink: /home/amir/interbotix_ws/install/moveit_visual_tools/share/moveit_visual_tools/cmake/moveit_visual_toolsConfig.cmake
[0.848s] -- Up-to-date symlink: /home/amir/interbotix_ws/install/moveit_visual_tools/share/moveit_visual_tools/cmake/moveit_visual_toolsConfig-version.cmake
[0.848s] -- Up-to-date symlink: /home/amir/interbotix_ws/install/moveit_visual_tools/share/moveit_visual_tools/package.xml
[0.851s] -- Up-to-date: /home/amir/interbotix_ws/install/moveit_visual_tools/lib/libmoveit_visual_tools.so
[0.851s] -- Up-to-date: /home/amir/interbotix_ws/install/moveit_visual_tools/share/moveit_visual_tools/cmake/export_moveit_visual_toolsExport.cmake
[0.852s] -- Up-to-date: /home/amir/interbotix_ws/install/moveit_visual_tools/share/moveit_visual_tools/cmake/export_moveit_visual_toolsExport-release.cmake
[0.854s] Invoked command in '/home/amir/interbotix_ws/build/moveit_visual_tools' returned '0': CMAKE_PREFIX_PATH=${CMAKE_PREFIX_PATH}:/home/amir/camera_intel/install/camera_intel:/home/amir/interbotix_ws/install/interbotix_xs_modules:/home/amir/interbotix_ws/install/interbotix_perception_modules:/home/amir/interbotix_ws/install/interbotix_common_modules:/opt/ros/humble /usr/bin/cmake --install /home/amir/interbotix_ws/build/moveit_visual_tools
