[0.037s] Invoking command in '/home/amir/interbotix_ws/build/interbotix_perception_msgs': CMAKE_PREFIX_PATH=${CMAKE_PREFIX_PATH}:/home/amir/camera_intel/install/camera_intel:/home/amir/interbotix_ws/install/interbotix_xs_modules:/home/amir/interbotix_ws/install/interbotix_perception_modules:/home/amir/interbotix_ws/install/interbotix_common_modules:/opt/ros/humble /usr/bin/cmake --build /home/amir/interbotix_ws/build/interbotix_perception_msgs -- -j4 -l4
[0.201s] [  1%] Built target interbotix_perception_msgs__cpp
[0.233s] [ 12%] Built target interbotix_perception_msgs__rosidl_generator_c
[0.233s] [ 12%] Built target ament_cmake_python_symlink_interbotix_perception_msgs
[0.318s] [ 23%] Built target interbotix_perception_msgs__rosidl_typesupport_cpp
[0.333s] [ 34%] Built target interbotix_perception_msgs__rosidl_typesupport_fastrtps_cpp
[0.340s] [ 45%] Built target interbotix_perception_msgs__rosidl_typesupport_introspection_cpp
[0.357s] [ 56%] Built target interbotix_perception_msgs__rosidl_typesupport_fastrtps_c
[0.422s] [ 67%] Built target interbotix_perception_msgs__rosidl_typesupport_introspection_c
[0.439s] [ 78%] Built target interbotix_perception_msgs__rosidl_typesupport_c
[0.498s] [ 78%] Built target interbotix_perception_msgs
[0.602s] [ 80%] Built target interbotix_perception_msgs__py
[0.725s] [ 89%] Built target interbotix_perception_msgs__rosidl_generator_py
[0.843s] [ 92%] Built target interbotix_perception_msgs__rosidl_typesupport_fastrtps_c__pyext
[0.848s] [ 96%] Built target interbotix_perception_msgs__rosidl_typesupport_introspection_c__pyext
[0.848s] [100%] Built target interbotix_perception_msgs__rosidl_typesupport_c__pyext
[1.197s] running egg_info
[1.257s] writing interbotix_perception_msgs.egg-info/PKG-INFO
[1.258s] writing dependency_links to interbotix_perception_msgs.egg-info/dependency_links.txt
[1.258s] writing top-level names to interbotix_perception_msgs.egg-info/top_level.txt
[1.424s] reading manifest file 'interbotix_perception_msgs.egg-info/SOURCES.txt'
[1.424s] writing manifest file 'interbotix_perception_msgs.egg-info/SOURCES.txt'
[1.489s] [100%] Built target ament_cmake_python_build_interbotix_perception_msgs_egg
[1.519s] Invoked command in '/home/amir/interbotix_ws/build/interbotix_perception_msgs' returned '0': CMAKE_PREFIX_PATH=${CMAKE_PREFIX_PATH}:/home/amir/camera_intel/install/camera_intel:/home/amir/interbotix_ws/install/interbotix_xs_modules:/home/amir/interbotix_ws/install/interbotix_perception_modules:/home/amir/interbotix_ws/install/interbotix_common_modules:/opt/ros/humble /usr/bin/cmake --build /home/amir/interbotix_ws/build/interbotix_perception_msgs -- -j4 -l4
[1.898s] Invoking command in '/home/amir/interbotix_ws/build/interbotix_perception_msgs': CMAKE_PREFIX_PATH=${CMAKE_PREFIX_PATH}:/home/amir/camera_intel/install/camera_intel:/home/amir/interbotix_ws/install/interbotix_xs_modules:/home/amir/interbotix_ws/install/interbotix_perception_modules:/home/amir/interbotix_ws/install/interbotix_common_modules:/opt/ros/humble /usr/bin/cmake --install /home/amir/interbotix_ws/build/interbotix_perception_msgs
[1.921s] -- Install configuration: ""
[1.925s] -- Execute custom install script
[1.929s] -- Up-to-date symlink: /home/amir/interbotix_ws/install/interbotix_perception_msgs/share/ament_index/resource_index/rosidl_interfaces/interbotix_perception_msgs
[1.929s] -- Up-to-date symlink: /home/amir/interbotix_ws/install/interbotix_perception_msgs/include/interbotix_perception_msgs/interbotix_perception_msgs/msg/cluster_info.h
[1.929s] -- Up-to-date symlink: /home/amir/interbotix_ws/install/interbotix_perception_msgs/include/interbotix_perception_msgs/interbotix_perception_msgs/msg/detail/cluster_info__functions.h
[1.930s] -- Up-to-date symlink: /home/amir/interbotix_ws/install/interbotix_perception_msgs/include/interbotix_perception_msgs/interbotix_perception_msgs/msg/detail/cluster_info__struct.h
[1.930s] -- Up-to-date symlink: /home/amir/interbotix_ws/install/interbotix_perception_msgs/include/interbotix_perception_msgs/interbotix_perception_msgs/msg/detail/cluster_info__type_support.h
[1.930s] -- Up-to-date symlink: /home/amir/interbotix_ws/install/interbotix_perception_msgs/include/interbotix_perception_msgs/interbotix_perception_msgs/msg/rosidl_generator_c__visibility_control.h
[1.930s] -- Up-to-date symlink: /home/amir/interbotix_ws/install/interbotix_perception_msgs/include/interbotix_perception_msgs/interbotix_perception_msgs/srv/cluster_info_array.h
[1.931s] -- Up-to-date symlink: /home/amir/interbotix_ws/install/interbotix_perception_msgs/include/interbotix_perception_msgs/interbotix_perception_msgs/srv/detail/cluster_info_array__functions.h
[1.931s] -- Up-to-date symlink: /home/amir/interbotix_ws/install/interbotix_perception_msgs/include/interbotix_perception_msgs/interbotix_perception_msgs/srv/detail/cluster_info_array__struct.h
[1.931s] -- Up-to-date symlink: /home/amir/interbotix_ws/install/interbotix_perception_msgs/include/interbotix_perception_msgs/interbotix_perception_msgs/srv/detail/cluster_info_array__type_support.h
[1.931s] -- Up-to-date symlink: /home/amir/interbotix_ws/install/interbotix_perception_msgs/include/interbotix_perception_msgs/interbotix_perception_msgs/srv/detail/filter_params__functions.h
[1.931s] -- Up-to-date symlink: /home/amir/interbotix_ws/install/interbotix_perception_msgs/include/interbotix_perception_msgs/interbotix_perception_msgs/srv/detail/filter_params__struct.h
[1.932s] -- Up-to-date symlink: /home/amir/interbotix_ws/install/interbotix_perception_msgs/include/interbotix_perception_msgs/interbotix_perception_msgs/srv/detail/filter_params__type_support.h
[1.932s] -- Up-to-date symlink: /home/amir/interbotix_ws/install/interbotix_perception_msgs/include/interbotix_perception_msgs/interbotix_perception_msgs/srv/detail/snap_picture__functions.h
[1.932s] -- Up-to-date symlink: /home/amir/interbotix_ws/install/interbotix_perception_msgs/include/interbotix_perception_msgs/interbotix_perception_msgs/srv/detail/snap_picture__struct.h
[1.933s] -- Up-to-date symlink: /home/amir/interbotix_ws/install/interbotix_perception_msgs/include/interbotix_perception_msgs/interbotix_perception_msgs/srv/detail/snap_picture__type_support.h
[1.933s] -- Up-to-date symlink: /home/amir/interbotix_ws/install/interbotix_perception_msgs/include/interbotix_perception_msgs/interbotix_perception_msgs/srv/filter_params.h
[1.933s] -- Up-to-date symlink: /home/amir/interbotix_ws/install/interbotix_perception_msgs/include/interbotix_perception_msgs/interbotix_perception_msgs/srv/snap_picture.h
[1.933s] -- Up-to-date symlink: /home/amir/interbotix_ws/install/interbotix_perception_msgs/share/interbotix_perception_msgs/environment/library_path.sh
[1.933s] -- Up-to-date symlink: /home/amir/interbotix_ws/install/interbotix_perception_msgs/share/interbotix_perception_msgs/environment/library_path.dsv
[1.934s] -- Up-to-date symlink: /home/amir/interbotix_ws/install/interbotix_perception_msgs/include/interbotix_perception_msgs/interbotix_perception_msgs/msg/detail/cluster_info__rosidl_typesupport_fastrtps_c.h
[1.935s] -- Up-to-date symlink: /home/amir/interbotix_ws/install/interbotix_perception_msgs/include/interbotix_perception_msgs/interbotix_perception_msgs/msg/rosidl_typesupport_fastrtps_c__visibility_control.h
[1.935s] -- Up-to-date symlink: /home/amir/interbotix_ws/install/interbotix_perception_msgs/include/interbotix_perception_msgs/interbotix_perception_msgs/srv/detail/cluster_info_array__rosidl_typesupport_fastrtps_c.h
[1.935s] -- Up-to-date symlink: /home/amir/interbotix_ws/install/interbotix_perception_msgs/include/interbotix_perception_msgs/interbotix_perception_msgs/srv/detail/filter_params__rosidl_typesupport_fastrtps_c.h
[1.936s] -- Up-to-date symlink: /home/amir/interbotix_ws/install/interbotix_perception_msgs/include/interbotix_perception_msgs/interbotix_perception_msgs/srv/detail/snap_picture__rosidl_typesupport_fastrtps_c.h
[1.936s] -- Up-to-date symlink: /home/amir/interbotix_ws/install/interbotix_perception_msgs/include/interbotix_perception_msgs/interbotix_perception_msgs/msg/detail/cluster_info__rosidl_typesupport_introspection_c.h
[1.936s] -- Up-to-date symlink: /home/amir/interbotix_ws/install/interbotix_perception_msgs/include/interbotix_perception_msgs/interbotix_perception_msgs/msg/rosidl_typesupport_introspection_c__visibility_control.h
[1.936s] -- Up-to-date symlink: /home/amir/interbotix_ws/install/interbotix_perception_msgs/include/interbotix_perception_msgs/interbotix_perception_msgs/srv/detail/cluster_info_array__rosidl_typesupport_introspection_c.h
[1.937s] -- Up-to-date symlink: /home/amir/interbotix_ws/install/interbotix_perception_msgs/include/interbotix_perception_msgs/interbotix_perception_msgs/srv/detail/filter_params__rosidl_typesupport_introspection_c.h
[1.937s] -- Up-to-date symlink: /home/amir/interbotix_ws/install/interbotix_perception_msgs/include/interbotix_perception_msgs/interbotix_perception_msgs/srv/detail/snap_picture__rosidl_typesupport_introspection_c.h
[1.937s] -- Up-to-date symlink: /home/amir/interbotix_ws/install/interbotix_perception_msgs/include/interbotix_perception_msgs/interbotix_perception_msgs/msg/cluster_info.hpp
[1.938s] -- Up-to-date symlink: /home/amir/interbotix_ws/install/interbotix_perception_msgs/include/interbotix_perception_msgs/interbotix_perception_msgs/msg/detail/cluster_info__builder.hpp
[1.938s] -- Up-to-date symlink: /home/amir/interbotix_ws/install/interbotix_perception_msgs/include/interbotix_perception_msgs/interbotix_perception_msgs/msg/detail/cluster_info__struct.hpp
[1.939s] -- Up-to-date symlink: /home/amir/interbotix_ws/install/interbotix_perception_msgs/include/interbotix_perception_msgs/interbotix_perception_msgs/msg/detail/cluster_info__traits.hpp
[1.940s] -- Up-to-date symlink: /home/amir/interbotix_ws/install/interbotix_perception_msgs/include/interbotix_perception_msgs/interbotix_perception_msgs/srv/cluster_info_array.hpp
[1.943s] -- Up-to-date symlink: /home/amir/interbotix_ws/install/interbotix_perception_msgs/include/interbotix_perception_msgs/interbotix_perception_msgs/srv/detail/cluster_info_array__builder.hpp
[1.946s] -- Up-to-date symlink: /home/amir/interbotix_ws/install/interbotix_perception_msgs/include/interbotix_perception_msgs/interbotix_perception_msgs/srv/detail/cluster_info_array__struct.hpp
[1.947s] -- Up-to-date symlink: /home/amir/interbotix_ws/install/interbotix_perception_msgs/include/interbotix_perception_msgs/interbotix_perception_msgs/srv/detail/cluster_info_array__traits.hpp
[1.948s] -- Up-to-date symlink: /home/amir/interbotix_ws/install/interbotix_perception_msgs/include/interbotix_perception_msgs/interbotix_perception_msgs/srv/detail/filter_params__builder.hpp
[1.948s] -- Up-to-date symlink: /home/amir/interbotix_ws/install/interbotix_perception_msgs/include/interbotix_perception_msgs/interbotix_perception_msgs/srv/detail/filter_params__struct.hpp
[1.949s] -- Up-to-date symlink: /home/amir/interbotix_ws/install/interbotix_perception_msgs/include/interbotix_perception_msgs/interbotix_perception_msgs/srv/detail/filter_params__traits.hpp
[1.950s] -- Up-to-date symlink: /home/amir/interbotix_ws/install/interbotix_perception_msgs/include/interbotix_perception_msgs/interbotix_perception_msgs/srv/detail/snap_picture__builder.hpp
[1.950s] -- Up-to-date symlink: /home/amir/interbotix_ws/install/interbotix_perception_msgs/include/interbotix_perception_msgs/interbotix_perception_msgs/srv/detail/snap_picture__struct.hpp
[1.951s] -- Up-to-date symlink: /home/amir/interbotix_ws/install/interbotix_perception_msgs/include/interbotix_perception_msgs/interbotix_perception_msgs/srv/detail/snap_picture__traits.hpp
[1.951s] -- Up-to-date symlink: /home/amir/interbotix_ws/install/interbotix_perception_msgs/include/interbotix_perception_msgs/interbotix_perception_msgs/srv/filter_params.hpp
[1.952s] -- Up-to-date symlink: /home/amir/interbotix_ws/install/interbotix_perception_msgs/include/interbotix_perception_msgs/interbotix_perception_msgs/srv/snap_picture.hpp
[1.952s] -- Up-to-date symlink: /home/amir/interbotix_ws/install/interbotix_perception_msgs/include/interbotix_perception_msgs/interbotix_perception_msgs/msg/detail/cluster_info__rosidl_typesupport_fastrtps_cpp.hpp
[1.953s] -- Up-to-date symlink: /home/amir/interbotix_ws/install/interbotix_perception_msgs/include/interbotix_perception_msgs/interbotix_perception_msgs/msg/rosidl_typesupport_fastrtps_cpp__visibility_control.h
[1.953s] -- Up-to-date symlink: /home/amir/interbotix_ws/install/interbotix_perception_msgs/include/interbotix_perception_msgs/interbotix_perception_msgs/srv/detail/cluster_info_array__rosidl_typesupport_fastrtps_cpp.hpp
[1.954s] -- Up-to-date symlink: /home/amir/interbotix_ws/install/interbotix_perception_msgs/include/interbotix_perception_msgs/interbotix_perception_msgs/srv/detail/filter_params__rosidl_typesupport_fastrtps_cpp.hpp
[1.954s] -- Up-to-date symlink: /home/amir/interbotix_ws/install/interbotix_perception_msgs/include/interbotix_perception_msgs/interbotix_perception_msgs/srv/detail/snap_picture__rosidl_typesupport_fastrtps_cpp.hpp
[1.955s] -- Up-to-date symlink: /home/amir/interbotix_ws/install/interbotix_perception_msgs/include/interbotix_perception_msgs/interbotix_perception_msgs/msg/detail/cluster_info__rosidl_typesupport_introspection_cpp.hpp
[1.955s] -- Up-to-date symlink: /home/amir/interbotix_ws/install/interbotix_perception_msgs/include/interbotix_perception_msgs/interbotix_perception_msgs/srv/detail/cluster_info_array__rosidl_typesupport_introspection_cpp.hpp
[1.955s] -- Up-to-date symlink: /home/amir/interbotix_ws/install/interbotix_perception_msgs/include/interbotix_perception_msgs/interbotix_perception_msgs/srv/detail/filter_params__rosidl_typesupport_introspection_cpp.hpp
[1.955s] -- Up-to-date symlink: /home/amir/interbotix_ws/install/interbotix_perception_msgs/include/interbotix_perception_msgs/interbotix_perception_msgs/srv/detail/snap_picture__rosidl_typesupport_introspection_cpp.hpp
[1.956s] -- Up-to-date symlink: /home/amir/interbotix_ws/install/interbotix_perception_msgs/share/interbotix_perception_msgs/environment/pythonpath.sh
[1.956s] -- Up-to-date symlink: /home/amir/interbotix_ws/install/interbotix_perception_msgs/share/interbotix_perception_msgs/environment/pythonpath.dsv
[1.958s] -- Up-to-date symlink: /home/amir/interbotix_ws/install/interbotix_perception_msgs/local/lib/python3.10/dist-packages/interbotix_perception_msgs-0.0.0-py3.10.egg-info/PKG-INFO
[1.958s] -- Up-to-date symlink: /home/amir/interbotix_ws/install/interbotix_perception_msgs/local/lib/python3.10/dist-packages/interbotix_perception_msgs-0.0.0-py3.10.egg-info/SOURCES.txt
[1.959s] -- Up-to-date symlink: /home/amir/interbotix_ws/install/interbotix_perception_msgs/local/lib/python3.10/dist-packages/interbotix_perception_msgs-0.0.0-py3.10.egg-info/dependency_links.txt
[1.960s] -- Up-to-date symlink: /home/amir/interbotix_ws/install/interbotix_perception_msgs/local/lib/python3.10/dist-packages/interbotix_perception_msgs-0.0.0-py3.10.egg-info/top_level.txt
[1.960s] -- Up-to-date symlink: /home/amir/interbotix_ws/install/interbotix_perception_msgs/local/lib/python3.10/dist-packages/interbotix_perception_msgs/__init__.py
[1.961s] -- Up-to-date symlink: /home/amir/interbotix_ws/install/interbotix_perception_msgs/local/lib/python3.10/dist-packages/interbotix_perception_msgs/_interbotix_perception_msgs_s.ep.rosidl_typesupport_c.c
[1.961s] -- Up-to-date symlink: /home/amir/interbotix_ws/install/interbotix_perception_msgs/local/lib/python3.10/dist-packages/interbotix_perception_msgs/_interbotix_perception_msgs_s.ep.rosidl_typesupport_fastrtps_c.c
[1.961s] -- Up-to-date symlink: /home/amir/interbotix_ws/install/interbotix_perception_msgs/local/lib/python3.10/dist-packages/interbotix_perception_msgs/_interbotix_perception_msgs_s.ep.rosidl_typesupport_introspection_c.c
[1.962s] -- Up-to-date symlink: /home/amir/interbotix_ws/install/interbotix_perception_msgs/local/lib/python3.10/dist-packages/interbotix_perception_msgs/interbotix_perception_msgs_s__rosidl_typesupport_c.cpython-310-x86_64-linux-gnu.so
[1.964s] -- Up-to-date symlink: /home/amir/interbotix_ws/install/interbotix_perception_msgs/local/lib/python3.10/dist-packages/interbotix_perception_msgs/interbotix_perception_msgs_s__rosidl_typesupport_fastrtps_c.cpython-310-x86_64-linux-gnu.so
[1.967s] -- Up-to-date symlink: /home/amir/interbotix_ws/install/interbotix_perception_msgs/local/lib/python3.10/dist-packages/interbotix_perception_msgs/interbotix_perception_msgs_s__rosidl_typesupport_introspection_c.cpython-310-x86_64-linux-gnu.so
[1.967s] -- Up-to-date symlink: /home/amir/interbotix_ws/install/interbotix_perception_msgs/local/lib/python3.10/dist-packages/interbotix_perception_msgs/libinterbotix_perception_msgs__rosidl_generator_py.so
[1.968s] -- Up-to-date symlink: /home/amir/interbotix_ws/install/interbotix_perception_msgs/local/lib/python3.10/dist-packages/interbotix_perception_msgs/msg/__init__.py
[1.968s] -- Up-to-date symlink: /home/amir/interbotix_ws/install/interbotix_perception_msgs/local/lib/python3.10/dist-packages/interbotix_perception_msgs/msg/_cluster_info.py
[1.974s] -- Up-to-date symlink: /home/amir/interbotix_ws/install/interbotix_perception_msgs/local/lib/python3.10/dist-packages/interbotix_perception_msgs/msg/_cluster_info_s.c
[1.975s] -- Up-to-date symlink: /home/amir/interbotix_ws/install/interbotix_perception_msgs/local/lib/python3.10/dist-packages/interbotix_perception_msgs/srv/__init__.py
[1.975s] -- Up-to-date symlink: /home/amir/interbotix_ws/install/interbotix_perception_msgs/local/lib/python3.10/dist-packages/interbotix_perception_msgs/srv/_cluster_info_array.py
[1.975s] -- Up-to-date symlink: /home/amir/interbotix_ws/install/interbotix_perception_msgs/local/lib/python3.10/dist-packages/interbotix_perception_msgs/srv/_cluster_info_array_s.c
[1.976s] -- Up-to-date symlink: /home/amir/interbotix_ws/install/interbotix_perception_msgs/local/lib/python3.10/dist-packages/interbotix_perception_msgs/srv/_filter_params.py
[1.976s] -- Up-to-date symlink: /home/amir/interbotix_ws/install/interbotix_perception_msgs/local/lib/python3.10/dist-packages/interbotix_perception_msgs/srv/_filter_params_s.c
[1.976s] -- Up-to-date symlink: /home/amir/interbotix_ws/install/interbotix_perception_msgs/local/lib/python3.10/dist-packages/interbotix_perception_msgs/srv/_snap_picture.py
[1.977s] -- Up-to-date symlink: /home/amir/interbotix_ws/install/interbotix_perception_msgs/local/lib/python3.10/dist-packages/interbotix_perception_msgs/srv/_snap_picture_s.c
[1.977s] -- Up-to-date symlink: /home/amir/interbotix_ws/install/interbotix_perception_msgs/local/lib/python3.10/dist-packages/interbotix_perception_msgs/interbotix_perception_msgs_s__rosidl_typesupport_fastrtps_c.cpython-310-x86_64-linux-gnu.so
[1.977s] -- Up-to-date symlink: /home/amir/interbotix_ws/install/interbotix_perception_msgs/local/lib/python3.10/dist-packages/interbotix_perception_msgs/interbotix_perception_msgs_s__rosidl_typesupport_introspection_c.cpython-310-x86_64-linux-gnu.so
[1.978s] -- Up-to-date symlink: /home/amir/interbotix_ws/install/interbotix_perception_msgs/local/lib/python3.10/dist-packages/interbotix_perception_msgs/interbotix_perception_msgs_s__rosidl_typesupport_c.cpython-310-x86_64-linux-gnu.so
[1.978s] -- Up-to-date symlink: /home/amir/interbotix_ws/install/interbotix_perception_msgs/share/interbotix_perception_msgs/msg/ClusterInfo.idl
[1.978s] -- Up-to-date symlink: /home/amir/interbotix_ws/install/interbotix_perception_msgs/share/interbotix_perception_msgs/srv/ClusterInfoArray.idl
[1.980s] -- Up-to-date symlink: /home/amir/interbotix_ws/install/interbotix_perception_msgs/share/interbotix_perception_msgs/srv/FilterParams.idl
[1.981s] -- Up-to-date symlink: /home/amir/interbotix_ws/install/interbotix_perception_msgs/share/interbotix_perception_msgs/srv/SnapPicture.idl
[1.981s] -- Up-to-date symlink: /home/amir/interbotix_ws/install/interbotix_perception_msgs/share/interbotix_perception_msgs/msg/ClusterInfo.msg
[1.981s] -- Up-to-date symlink: /home/amir/interbotix_ws/install/interbotix_perception_msgs/share/interbotix_perception_msgs/srv/ClusterInfoArray.srv
[1.981s] -- Up-to-date symlink: /home/amir/interbotix_ws/install/interbotix_perception_msgs/share/interbotix_perception_msgs/srv/ClusterInfoArray_Request.msg
[1.982s] -- Up-to-date symlink: /home/amir/interbotix_ws/install/interbotix_perception_msgs/share/interbotix_perception_msgs/srv/ClusterInfoArray_Response.msg
[1.982s] -- Up-to-date symlink: /home/amir/interbotix_ws/install/interbotix_perception_msgs/share/interbotix_perception_msgs/srv/FilterParams.srv
[1.982s] -- Up-to-date symlink: /home/amir/interbotix_ws/install/interbotix_perception_msgs/share/interbotix_perception_msgs/srv/FilterParams_Request.msg
[1.983s] -- Up-to-date symlink: /home/amir/interbotix_ws/install/interbotix_perception_msgs/share/interbotix_perception_msgs/srv/FilterParams_Response.msg
[1.983s] -- Up-to-date symlink: /home/amir/interbotix_ws/install/interbotix_perception_msgs/share/interbotix_perception_msgs/srv/SnapPicture.srv
[1.983s] -- Up-to-date symlink: /home/amir/interbotix_ws/install/interbotix_perception_msgs/share/interbotix_perception_msgs/srv/SnapPicture_Request.msg
[1.984s] -- Up-to-date symlink: /home/amir/interbotix_ws/install/interbotix_perception_msgs/share/interbotix_perception_msgs/srv/SnapPicture_Response.msg
[1.984s] -- Up-to-date symlink: /home/amir/interbotix_ws/install/interbotix_perception_msgs/share/ament_index/resource_index/package_run_dependencies/interbotix_perception_msgs
[1.984s] -- Up-to-date symlink: /home/amir/interbotix_ws/install/interbotix_perception_msgs/share/ament_index/resource_index/parent_prefix_path/interbotix_perception_msgs
[1.984s] -- Up-to-date symlink: /home/amir/interbotix_ws/install/interbotix_perception_msgs/share/interbotix_perception_msgs/environment/ament_prefix_path.sh
[1.985s] -- Up-to-date symlink: /home/amir/interbotix_ws/install/interbotix_perception_msgs/share/interbotix_perception_msgs/environment/ament_prefix_path.dsv
[1.985s] -- Up-to-date symlink: /home/amir/interbotix_ws/install/interbotix_perception_msgs/share/interbotix_perception_msgs/environment/path.sh
[1.985s] -- Up-to-date symlink: /home/amir/interbotix_ws/install/interbotix_perception_msgs/share/interbotix_perception_msgs/environment/path.dsv
[1.985s] -- Up-to-date symlink: /home/amir/interbotix_ws/install/interbotix_perception_msgs/share/interbotix_perception_msgs/local_setup.bash
[1.985s] -- Up-to-date symlink: /home/amir/interbotix_ws/install/interbotix_perception_msgs/share/interbotix_perception_msgs/local_setup.sh
[1.985s] -- Up-to-date symlink: /home/amir/interbotix_ws/install/interbotix_perception_msgs/share/interbotix_perception_msgs/local_setup.zsh
[1.986s] -- Up-to-date symlink: /home/amir/interbotix_ws/install/interbotix_perception_msgs/share/interbotix_perception_msgs/local_setup.dsv
[1.986s] -- Symlinking: /home/amir/interbotix_ws/install/interbotix_perception_msgs/share/interbotix_perception_msgs/package.dsv
[1.997s] -- Up-to-date symlink: /home/amir/interbotix_ws/install/interbotix_perception_msgs/share/ament_index/resource_index/packages/interbotix_perception_msgs
[1.997s] -- Up-to-date symlink: /home/amir/interbotix_ws/install/interbotix_perception_msgs/share/interbotix_perception_msgs/cmake/rosidl_cmake-extras.cmake
[1.997s] -- Up-to-date symlink: /home/amir/interbotix_ws/install/interbotix_perception_msgs/share/interbotix_perception_msgs/cmake/ament_cmake_export_dependencies-extras.cmake
[1.997s] -- Up-to-date symlink: /home/amir/interbotix_ws/install/interbotix_perception_msgs/share/interbotix_perception_msgs/cmake/ament_cmake_export_include_directories-extras.cmake
[1.998s] -- Up-to-date symlink: /home/amir/interbotix_ws/install/interbotix_perception_msgs/share/interbotix_perception_msgs/cmake/ament_cmake_export_libraries-extras.cmake
[1.998s] -- Up-to-date symlink: /home/amir/interbotix_ws/install/interbotix_perception_msgs/share/interbotix_perception_msgs/cmake/ament_cmake_export_targets-extras.cmake
[1.998s] -- Up-to-date symlink: /home/amir/interbotix_ws/install/interbotix_perception_msgs/share/interbotix_perception_msgs/cmake/rosidl_cmake_export_typesupport_targets-extras.cmake
[1.998s] -- Up-to-date symlink: /home/amir/interbotix_ws/install/interbotix_perception_msgs/share/interbotix_perception_msgs/cmake/rosidl_cmake_export_typesupport_libraries-extras.cmake
[1.999s] -- Up-to-date symlink: /home/amir/interbotix_ws/install/interbotix_perception_msgs/share/interbotix_perception_msgs/cmake/interbotix_perception_msgsConfig.cmake
[1.999s] -- Up-to-date symlink: /home/amir/interbotix_ws/install/interbotix_perception_msgs/share/interbotix_perception_msgs/cmake/interbotix_perception_msgsConfig-version.cmake
[1.999s] -- Up-to-date symlink: /home/amir/interbotix_ws/install/interbotix_perception_msgs/share/interbotix_perception_msgs/package.xml
[1.999s] -- Up-to-date: /home/amir/interbotix_ws/install/interbotix_perception_msgs/lib/libinterbotix_perception_msgs__rosidl_generator_c.so
[1.999s] -- Up-to-date: /home/amir/interbotix_ws/install/interbotix_perception_msgs/lib/libinterbotix_perception_msgs__rosidl_typesupport_fastrtps_c.so
[2.000s] -- Up-to-date: /home/amir/interbotix_ws/install/interbotix_perception_msgs/lib/libinterbotix_perception_msgs__rosidl_typesupport_introspection_c.so
[2.000s] -- Up-to-date: /home/amir/interbotix_ws/install/interbotix_perception_msgs/lib/libinterbotix_perception_msgs__rosidl_typesupport_c.so
[2.000s] -- Up-to-date: /home/amir/interbotix_ws/install/interbotix_perception_msgs/lib/libinterbotix_perception_msgs__rosidl_typesupport_fastrtps_cpp.so
[2.001s] -- Up-to-date: /home/amir/interbotix_ws/install/interbotix_perception_msgs/lib/libinterbotix_perception_msgs__rosidl_typesupport_introspection_cpp.so
[2.002s] -- Up-to-date: /home/amir/interbotix_ws/install/interbotix_perception_msgs/lib/libinterbotix_perception_msgs__rosidl_typesupport_cpp.so
[2.108s] Listing '/home/amir/interbotix_ws/install/interbotix_perception_msgs/local/lib/python3.10/dist-packages/interbotix_perception_msgs'...
[2.108s] Listing '/home/amir/interbotix_ws/install/interbotix_perception_msgs/local/lib/python3.10/dist-packages/interbotix_perception_msgs/msg'...
[2.109s] Listing '/home/amir/interbotix_ws/install/interbotix_perception_msgs/local/lib/python3.10/dist-packages/interbotix_perception_msgs/srv'...
[2.116s] -- Up-to-date: /home/amir/interbotix_ws/install/interbotix_perception_msgs/lib/libinterbotix_perception_msgs__rosidl_generator_py.so
[2.117s] -- Up-to-date: /home/amir/interbotix_ws/install/interbotix_perception_msgs/share/interbotix_perception_msgs/cmake/export_interbotix_perception_msgs__rosidl_generator_cExport.cmake
[2.117s] -- Up-to-date: /home/amir/interbotix_ws/install/interbotix_perception_msgs/share/interbotix_perception_msgs/cmake/export_interbotix_perception_msgs__rosidl_generator_cExport-noconfig.cmake
[2.118s] -- Up-to-date: /home/amir/interbotix_ws/install/interbotix_perception_msgs/share/interbotix_perception_msgs/cmake/export_interbotix_perception_msgs__rosidl_typesupport_fastrtps_cExport.cmake
[2.118s] -- Up-to-date: /home/amir/interbotix_ws/install/interbotix_perception_msgs/share/interbotix_perception_msgs/cmake/export_interbotix_perception_msgs__rosidl_typesupport_fastrtps_cExport-noconfig.cmake
[2.119s] -- Up-to-date: /home/amir/interbotix_ws/install/interbotix_perception_msgs/share/interbotix_perception_msgs/cmake/interbotix_perception_msgs__rosidl_typesupport_introspection_cExport.cmake
[2.119s] -- Up-to-date: /home/amir/interbotix_ws/install/interbotix_perception_msgs/share/interbotix_perception_msgs/cmake/interbotix_perception_msgs__rosidl_typesupport_introspection_cExport-noconfig.cmake
[2.120s] -- Up-to-date: /home/amir/interbotix_ws/install/interbotix_perception_msgs/share/interbotix_perception_msgs/cmake/interbotix_perception_msgs__rosidl_typesupport_cExport.cmake
[2.120s] -- Up-to-date: /home/amir/interbotix_ws/install/interbotix_perception_msgs/share/interbotix_perception_msgs/cmake/interbotix_perception_msgs__rosidl_typesupport_cExport-noconfig.cmake
[2.121s] -- Up-to-date: /home/amir/interbotix_ws/install/interbotix_perception_msgs/share/interbotix_perception_msgs/cmake/export_interbotix_perception_msgs__rosidl_generator_cppExport.cmake
[2.121s] -- Up-to-date: /home/amir/interbotix_ws/install/interbotix_perception_msgs/share/interbotix_perception_msgs/cmake/export_interbotix_perception_msgs__rosidl_typesupport_fastrtps_cppExport.cmake
[2.122s] -- Up-to-date: /home/amir/interbotix_ws/install/interbotix_perception_msgs/share/interbotix_perception_msgs/cmake/export_interbotix_perception_msgs__rosidl_typesupport_fastrtps_cppExport-noconfig.cmake
[2.122s] -- Up-to-date: /home/amir/interbotix_ws/install/interbotix_perception_msgs/share/interbotix_perception_msgs/cmake/interbotix_perception_msgs__rosidl_typesupport_introspection_cppExport.cmake
[2.123s] -- Up-to-date: /home/amir/interbotix_ws/install/interbotix_perception_msgs/share/interbotix_perception_msgs/cmake/interbotix_perception_msgs__rosidl_typesupport_introspection_cppExport-noconfig.cmake
[2.123s] -- Up-to-date: /home/amir/interbotix_ws/install/interbotix_perception_msgs/share/interbotix_perception_msgs/cmake/interbotix_perception_msgs__rosidl_typesupport_cppExport.cmake
[2.124s] -- Up-to-date: /home/amir/interbotix_ws/install/interbotix_perception_msgs/share/interbotix_perception_msgs/cmake/interbotix_perception_msgs__rosidl_typesupport_cppExport-noconfig.cmake
[2.124s] -- Up-to-date: /home/amir/interbotix_ws/install/interbotix_perception_msgs/share/interbotix_perception_msgs/cmake/export_interbotix_perception_msgs__rosidl_generator_pyExport.cmake
[2.127s] -- Up-to-date: /home/amir/interbotix_ws/install/interbotix_perception_msgs/share/interbotix_perception_msgs/cmake/export_interbotix_perception_msgs__rosidl_generator_pyExport-noconfig.cmake
[2.130s] Invoked command in '/home/amir/interbotix_ws/build/interbotix_perception_msgs' returned '0': CMAKE_PREFIX_PATH=${CMAKE_PREFIX_PATH}:/home/amir/camera_intel/install/camera_intel:/home/amir/interbotix_ws/install/interbotix_xs_modules:/home/amir/interbotix_ws/install/interbotix_perception_modules:/home/amir/interbotix_ws/install/interbotix_common_modules:/opt/ros/humble /usr/bin/cmake --install /home/amir/interbotix_ws/build/interbotix_perception_msgs
