[3.255s] Invoking command in '/home/amir/camera_intel/src/camera_intel': PYTHONPATH=/home/amir/camera_intel/build/camera_intel/prefix_override:/usr/lib/python3/dist-packages/colcon_core/task/python/colcon_distutils_commands:/home/amir/camera_intel/install/camera_intel/lib/python3.10/site-packages:${PYTHONPATH} /usr/bin/python3 -W ignore:setup.py install is deprecated setup.py egg_info --egg-base ../../build/camera_intel build --build-base /home/amir/camera_intel/build/camera_intel/build install --record /home/amir/camera_intel/build/camera_intel/install.log --single-version-externally-managed install_data
[3.996s] running egg_info
[4.052s] writing ../../build/camera_intel/camera_intel.egg-info/PKG-INFO
[4.053s] writing dependency_links to ../../build/camera_intel/camera_intel.egg-info/dependency_links.txt
[4.054s] writing entry points to ../../build/camera_intel/camera_intel.egg-info/entry_points.txt
[4.054s] writing requirements to ../../build/camera_intel/camera_intel.egg-info/requires.txt
[4.054s] writing top-level names to ../../build/camera_intel/camera_intel.egg-info/top_level.txt
[4.167s] reading manifest file '../../build/camera_intel/camera_intel.egg-info/SOURCES.txt'
[4.170s] writing manifest file '../../build/camera_intel/camera_intel.egg-info/SOURCES.txt'
[4.171s] running build
[4.173s] running build_py
[4.173s] copying camera_intel/intel_pub.py -> /home/amir/camera_intel/build/camera_intel/build/lib/camera_intel
[4.175s] running install
[4.196s] running install_lib
[4.254s] copying /home/amir/camera_intel/build/camera_intel/build/lib/camera_intel/intel_pub.py -> /home/amir/camera_intel/install/camera_intel/lib/python3.10/site-packages/camera_intel
[4.256s] byte-compiling /home/amir/camera_intel/install/camera_intel/lib/python3.10/site-packages/camera_intel/intel_pub.py to intel_pub.cpython-310.pyc
[4.258s] running install_data
[4.258s] running install_egg_info
[4.316s] removing '/home/amir/camera_intel/install/camera_intel/lib/python3.10/site-packages/camera_intel-0.0.0-py3.10.egg-info' (and everything under it)
[4.317s] Copying ../../build/camera_intel/camera_intel.egg-info to /home/amir/camera_intel/install/camera_intel/lib/python3.10/site-packages/camera_intel-0.0.0-py3.10.egg-info
[4.319s] running install_scripts
[4.875s] Installing Depth_wcoordinate script to /home/amir/camera_intel/install/camera_intel/lib/camera_intel
[4.876s] Installing camera_publisher script to /home/amir/camera_intel/install/camera_intel/lib/camera_intel
[4.876s] Installing camera_subscriber script to /home/amir/camera_intel/install/camera_intel/lib/camera_intel
[4.877s] Installing intel_pub script to /home/amir/camera_intel/install/camera_intel/lib/camera_intel
[4.877s] Installing intel_sub script to /home/amir/camera_intel/install/camera_intel/lib/camera_intel
[4.877s] Installing real_time_test_publisher script to /home/amir/camera_intel/install/camera_intel/lib/camera_intel
[4.878s] Installing real_time_test_subscriber script to /home/amir/camera_intel/install/camera_intel/lib/camera_intel
[4.879s] writing list of installed files to '/home/amir/camera_intel/build/camera_intel/install.log'
[4.936s] Invoked command in '/home/amir/camera_intel/src/camera_intel' returned '0': PYTHONPATH=/home/amir/camera_intel/build/camera_intel/prefix_override:/usr/lib/python3/dist-packages/colcon_core/task/python/colcon_distutils_commands:/home/amir/camera_intel/install/camera_intel/lib/python3.10/site-packages:${PYTHONPATH} /usr/bin/python3 -W ignore:setup.py install is deprecated setup.py egg_info --egg-base ../../build/camera_intel build --build-base /home/amir/camera_intel/build/camera_intel/build install --record /home/amir/camera_intel/build/camera_intel/install.log --single-version-externally-managed install_data
