running develop
Removing /home/amir/camera_intel/install/camera_intel/lib/python3.10/site-packages/camera-intel.egg-link (link to .)
running egg_info
writing ../../build/camera_intel/camera_intel.egg-info/PKG-INFO
writing dependency_links to ../../build/camera_intel/camera_intel.egg-info/dependency_links.txt
writing entry points to ../../build/camera_intel/camera_intel.egg-info/entry_points.txt
writing requirements to ../../build/camera_intel/camera_intel.egg-info/requires.txt
writing top-level names to ../../build/camera_intel/camera_intel.egg-info/top_level.txt
reading manifest file '../../build/camera_intel/camera_intel.egg-info/SOURCES.txt'
writing manifest file '../../build/camera_intel/camera_intel.egg-info/SOURCES.txt'
running build
running build_py
copying camera_intel/real_time_test_publisher.py -> /home/amir/camera_intel/build/camera_intel/build/lib/camera_intel
copying camera_intel/real_time_test_subscriber.py -> /home/amir/camera_intel/build/camera_intel/build/lib/camera_intel
copying camera_intel/camera_subscriber.py -> /home/amir/camera_intel/build/camera_intel/build/lib/camera_intel
copying camera_intel/cameracap.py -> /home/amir/camera_intel/build/camera_intel/build/lib/camera_intel
copying camera_intel/camera_publisher.py -> /home/amir/camera_intel/build/camera_intel/build/lib/camera_intel
running install
running install_lib
creating /home/amir/camera_intel/install/camera_intel/lib/python3.10/site-packages/camera_intel
copying /home/amir/camera_intel/build/camera_intel/build/lib/camera_intel/real_time_test_publisher.py -> /home/amir/camera_intel/install/camera_intel/lib/python3.10/site-packages/camera_intel
copying /home/amir/camera_intel/build/camera_intel/build/lib/camera_intel/__init__.py -> /home/amir/camera_intel/install/camera_intel/lib/python3.10/site-packages/camera_intel
copying /home/amir/camera_intel/build/camera_intel/build/lib/camera_intel/intel_sub.py -> /home/amir/camera_intel/install/camera_intel/lib/python3.10/site-packages/camera_intel
copying /home/amir/camera_intel/build/camera_intel/build/lib/camera_intel/intel_pub.py -> /home/amir/camera_intel/install/camera_intel/lib/python3.10/site-packages/camera_intel
copying /home/amir/camera_intel/build/camera_intel/build/lib/camera_intel/camer_publisher.py -> /home/amir/camera_intel/install/camera_intel/lib/python3.10/site-packages/camera_intel
copying /home/amir/camera_intel/build/camera_intel/build/lib/camera_intel/camer_subscriber.py -> /home/amir/camera_intel/install/camera_intel/lib/python3.10/site-packages/camera_intel
copying /home/amir/camera_intel/build/camera_intel/build/lib/camera_intel/real_time_test_subscriber.py -> /home/amir/camera_intel/install/camera_intel/lib/python3.10/site-packages/camera_intel
copying /home/amir/camera_intel/build/camera_intel/build/lib/camera_intel/camera_subscriber.py -> /home/amir/camera_intel/install/camera_intel/lib/python3.10/site-packages/camera_intel
copying /home/amir/camera_intel/build/camera_intel/build/lib/camera_intel/cameracap.py -> /home/amir/camera_intel/install/camera_intel/lib/python3.10/site-packages/camera_intel
copying /home/amir/camera_intel/build/camera_intel/build/lib/camera_intel/camera_publisher.py -> /home/amir/camera_intel/install/camera_intel/lib/python3.10/site-packages/camera_intel
byte-compiling /home/amir/camera_intel/install/camera_intel/lib/python3.10/site-packages/camera_intel/real_time_test_publisher.py to real_time_test_publisher.cpython-310.pyc
byte-compiling /home/amir/camera_intel/install/camera_intel/lib/python3.10/site-packages/camera_intel/__init__.py to __init__.cpython-310.pyc
byte-compiling /home/amir/camera_intel/install/camera_intel/lib/python3.10/site-packages/camera_intel/intel_sub.py to intel_sub.cpython-310.pyc
byte-compiling /home/amir/camera_intel/install/camera_intel/lib/python3.10/site-packages/camera_intel/intel_pub.py to intel_pub.cpython-310.pyc
byte-compiling /home/amir/camera_intel/install/camera_intel/lib/python3.10/site-packages/camera_intel/camer_publisher.py to camer_publisher.cpython-310.pyc
byte-compiling /home/amir/camera_intel/install/camera_intel/lib/python3.10/site-packages/camera_intel/camer_subscriber.py to camer_subscriber.cpython-310.pyc
byte-compiling /home/amir/camera_intel/install/camera_intel/lib/python3.10/site-packages/camera_intel/real_time_test_subscriber.py to real_time_test_subscriber.cpython-310.pyc
byte-compiling /home/amir/camera_intel/install/camera_intel/lib/python3.10/site-packages/camera_intel/camera_subscriber.py to camera_subscriber.cpython-310.pyc
byte-compiling /home/amir/camera_intel/install/camera_intel/lib/python3.10/site-packages/camera_intel/cameracap.py to cameracap.cpython-310.pyc
byte-compiling /home/amir/camera_intel/install/camera_intel/lib/python3.10/site-packages/camera_intel/camera_publisher.py to camera_publisher.cpython-310.pyc
running install_data
copying resource/camera_intel -> /home/amir/camera_intel/install/camera_intel/share/ament_index/resource_index/packages
copying package.xml -> /home/amir/camera_intel/install/camera_intel/share/camera_intel
running install_egg_info
Copying ../../build/camera_intel/camera_intel.egg-info to /home/amir/camera_intel/install/camera_intel/lib/python3.10/site-packages/camera_intel-0.0.0-py3.10.egg-info
running install_scripts
Installing camera_publisher script to /home/amir/camera_intel/install/camera_intel/lib/camera_intel
Installing camera_subscriber script to /home/amir/camera_intel/install/camera_intel/lib/camera_intel
Installing intel_pub script to /home/amir/camera_intel/install/camera_intel/lib/camera_intel
Installing intel_sub script to /home/amir/camera_intel/install/camera_intel/lib/camera_intel
Installing real_time_test_publisher script to /home/amir/camera_intel/install/camera_intel/lib/camera_intel
Installing real_time_test_subscriber script to /home/amir/camera_intel/install/camera_intel/lib/camera_intel
writing list of installed files to '/home/amir/camera_intel/build/camera_intel/install.log'
