[1.659s] Invoking command in '/home/amir/camera_intel/build/camera_intel': PYTHONPATH=/home/amir/camera_intel/build/camera_intel/prefix_override:/usr/lib/python3/dist-packages/colcon_core/task/python/colcon_distutils_commands:/home/amir/camera_intel/install/camera_intel/lib/python3.10/site-packages:${PYTHONPATH} /usr/bin/python3 -W ignore:setup.py install is deprecated setup.py develop --uninstall --editable --build-directory /home/amir/camera_intel/build/camera_intel/build
[2.184s] running develop
[2.187s] /home/amir/.local/lib/python3.10/site-packages/setuptools/command/easy_install.py:144: EasyInstallDeprecationWarning: easy_install command is deprecated. Use build and pip and other standards-based tools.
[2.187s]   warnings.warn(
[2.572s] Removing /home/amir/camera_intel/install/camera_intel/lib/python3.10/site-packages/camera-intel.egg-link (link to .)
[2.616s] Invoked command in '/home/amir/camera_intel/build/camera_intel' returned '0': PYTHONPATH=/home/amir/camera_intel/build/camera_intel/prefix_override:/usr/lib/python3/dist-packages/colcon_core/task/python/colcon_distutils_commands:/home/amir/camera_intel/install/camera_intel/lib/python3.10/site-packages:${PYTHONPATH} /usr/bin/python3 -W ignore:setup.py install is deprecated setup.py develop --uninstall --editable --build-directory /home/amir/camera_intel/build/camera_intel/build
[2.618s] Invoking command in '/home/amir/camera_intel/src/camera_intel': PYTHONPATH=/home/amir/camera_intel/build/camera_intel/prefix_override:/usr/lib/python3/dist-packages/colcon_core/task/python/colcon_distutils_commands:/home/amir/camera_intel/install/camera_intel/lib/python3.10/site-packages:${PYTHONPATH} /usr/bin/python3 -W ignore:setup.py install is deprecated setup.py egg_info --egg-base ../../build/camera_intel build --build-base /home/amir/camera_intel/build/camera_intel/build install --record /home/amir/camera_intel/build/camera_intel/install.log --single-version-externally-managed install_data --force
[3.012s] running egg_info
[3.039s] writing ../../build/camera_intel/camera_intel.egg-info/PKG-INFO
[3.040s] writing dependency_links to ../../build/camera_intel/camera_intel.egg-info/dependency_links.txt
[3.040s] writing entry points to ../../build/camera_intel/camera_intel.egg-info/entry_points.txt
[3.041s] writing requirements to ../../build/camera_intel/camera_intel.egg-info/requires.txt
[3.041s] writing top-level names to ../../build/camera_intel/camera_intel.egg-info/top_level.txt
[3.096s] reading manifest file '../../build/camera_intel/camera_intel.egg-info/SOURCES.txt'
[3.098s] writing manifest file '../../build/camera_intel/camera_intel.egg-info/SOURCES.txt'
[3.098s] running build
[3.098s] running build_py
[3.099s] copying camera_intel/real_time_test_publisher.py -> /home/amir/camera_intel/build/camera_intel/build/lib/camera_intel
[3.100s] copying camera_intel/real_time_test_subscriber.py -> /home/amir/camera_intel/build/camera_intel/build/lib/camera_intel
[3.100s] copying camera_intel/camera_subscriber.py -> /home/amir/camera_intel/build/camera_intel/build/lib/camera_intel
[3.100s] copying camera_intel/cameracap.py -> /home/amir/camera_intel/build/camera_intel/build/lib/camera_intel
[3.101s] copying camera_intel/camera_publisher.py -> /home/amir/camera_intel/build/camera_intel/build/lib/camera_intel
[3.101s] running install
[3.109s] running install_lib
[3.138s] creating /home/amir/camera_intel/install/camera_intel/lib/python3.10/site-packages/camera_intel
[3.139s] copying /home/amir/camera_intel/build/camera_intel/build/lib/camera_intel/real_time_test_publisher.py -> /home/amir/camera_intel/install/camera_intel/lib/python3.10/site-packages/camera_intel
[3.139s] copying /home/amir/camera_intel/build/camera_intel/build/lib/camera_intel/__init__.py -> /home/amir/camera_intel/install/camera_intel/lib/python3.10/site-packages/camera_intel
[3.139s] copying /home/amir/camera_intel/build/camera_intel/build/lib/camera_intel/intel_sub.py -> /home/amir/camera_intel/install/camera_intel/lib/python3.10/site-packages/camera_intel
[3.139s] copying /home/amir/camera_intel/build/camera_intel/build/lib/camera_intel/intel_pub.py -> /home/amir/camera_intel/install/camera_intel/lib/python3.10/site-packages/camera_intel
[3.140s] copying /home/amir/camera_intel/build/camera_intel/build/lib/camera_intel/camer_publisher.py -> /home/amir/camera_intel/install/camera_intel/lib/python3.10/site-packages/camera_intel
[3.140s] copying /home/amir/camera_intel/build/camera_intel/build/lib/camera_intel/camer_subscriber.py -> /home/amir/camera_intel/install/camera_intel/lib/python3.10/site-packages/camera_intel
[3.140s] copying /home/amir/camera_intel/build/camera_intel/build/lib/camera_intel/real_time_test_subscriber.py -> /home/amir/camera_intel/install/camera_intel/lib/python3.10/site-packages/camera_intel
[3.140s] copying /home/amir/camera_intel/build/camera_intel/build/lib/camera_intel/camera_subscriber.py -> /home/amir/camera_intel/install/camera_intel/lib/python3.10/site-packages/camera_intel
[3.141s] copying /home/amir/camera_intel/build/camera_intel/build/lib/camera_intel/cameracap.py -> /home/amir/camera_intel/install/camera_intel/lib/python3.10/site-packages/camera_intel
[3.141s] copying /home/amir/camera_intel/build/camera_intel/build/lib/camera_intel/camera_publisher.py -> /home/amir/camera_intel/install/camera_intel/lib/python3.10/site-packages/camera_intel
[3.142s] byte-compiling /home/amir/camera_intel/install/camera_intel/lib/python3.10/site-packages/camera_intel/real_time_test_publisher.py to real_time_test_publisher.cpython-310.pyc
[3.143s] byte-compiling /home/amir/camera_intel/install/camera_intel/lib/python3.10/site-packages/camera_intel/__init__.py to __init__.cpython-310.pyc
[3.144s] byte-compiling /home/amir/camera_intel/install/camera_intel/lib/python3.10/site-packages/camera_intel/intel_sub.py to intel_sub.cpython-310.pyc
[3.144s] byte-compiling /home/amir/camera_intel/install/camera_intel/lib/python3.10/site-packages/camera_intel/intel_pub.py to intel_pub.cpython-310.pyc
[3.145s] byte-compiling /home/amir/camera_intel/install/camera_intel/lib/python3.10/site-packages/camera_intel/camer_publisher.py to camer_publisher.cpython-310.pyc
[3.146s] byte-compiling /home/amir/camera_intel/install/camera_intel/lib/python3.10/site-packages/camera_intel/camer_subscriber.py to camer_subscriber.cpython-310.pyc
[3.146s] byte-compiling /home/amir/camera_intel/install/camera_intel/lib/python3.10/site-packages/camera_intel/real_time_test_subscriber.py to real_time_test_subscriber.cpython-310.pyc
[3.147s] byte-compiling /home/amir/camera_intel/install/camera_intel/lib/python3.10/site-packages/camera_intel/camera_subscriber.py to camera_subscriber.cpython-310.pyc
[3.147s] byte-compiling /home/amir/camera_intel/install/camera_intel/lib/python3.10/site-packages/camera_intel/cameracap.py to cameracap.cpython-310.pyc
[3.148s] byte-compiling /home/amir/camera_intel/install/camera_intel/lib/python3.10/site-packages/camera_intel/camera_publisher.py to camera_publisher.cpython-310.pyc
[3.149s] running install_data
[3.149s] copying resource/camera_intel -> /home/amir/camera_intel/install/camera_intel/share/ament_index/resource_index/packages
[3.150s] copying package.xml -> /home/amir/camera_intel/install/camera_intel/share/camera_intel
[3.151s] running install_egg_info
[3.182s] Copying ../../build/camera_intel/camera_intel.egg-info to /home/amir/camera_intel/install/camera_intel/lib/python3.10/site-packages/camera_intel-0.0.0-py3.10.egg-info
[3.184s] running install_scripts
[3.462s] Installing camera_publisher script to /home/amir/camera_intel/install/camera_intel/lib/camera_intel
[3.463s] Installing camera_subscriber script to /home/amir/camera_intel/install/camera_intel/lib/camera_intel
[3.463s] Installing intel_pub script to /home/amir/camera_intel/install/camera_intel/lib/camera_intel
[3.463s] Installing intel_sub script to /home/amir/camera_intel/install/camera_intel/lib/camera_intel
[3.463s] Installing real_time_test_publisher script to /home/amir/camera_intel/install/camera_intel/lib/camera_intel
[3.464s] Installing real_time_test_subscriber script to /home/amir/camera_intel/install/camera_intel/lib/camera_intel
[3.464s] writing list of installed files to '/home/amir/camera_intel/build/camera_intel/install.log'
[3.501s] Invoked command in '/home/amir/camera_intel/src/camera_intel' returned '0': PYTHONPATH=/home/amir/camera_intel/build/camera_intel/prefix_override:/usr/lib/python3/dist-packages/colcon_core/task/python/colcon_distutils_commands:/home/amir/camera_intel/install/camera_intel/lib/python3.10/site-packages:${PYTHONPATH} /usr/bin/python3 -W ignore:setup.py install is deprecated setup.py egg_info --egg-base ../../build/camera_intel build --build-base /home/amir/camera_intel/build/camera_intel/build install --record /home/amir/camera_intel/build/camera_intel/install.log --single-version-externally-managed install_data --force
